{"total": {"lines":{"total":28847,"covered":5196,"skipped":0,"pct":18.01},"statements":{"total":28847,"covered":5196,"skipped":0,"pct":18.01},"functions":{"total":1323,"covered":164,"skipped":0,"pct":12.39},"branches":{"total":584,"covered":420,"skipped":0,"pct":71.91},"branchesTrue":{"total":0,"covered":0,"skipped":0,"pct":100}}
,"/home/atmandk/LowCal-dev/packages/core/src/index.ts": {"lines":{"total":80,"covered":80,"skipped":0,"pct":100},"functions":{"total":0,"covered":0,"skipped":0,"pct":100},"statements":{"total":80,"covered":80,"skipped":0,"pct":100},"branches":{"total":0,"covered":0,"skipped":0,"pct":100}}
,"/home/atmandk/LowCal-dev/packages/core/src/__mocks__/fs/promises.ts": {"lines":{"total":36,"covered":0,"skipped":0,"pct":0},"functions":{"total":1,"covered":0,"skipped":0,"pct":0},"statements":{"total":36,"covered":0,"skipped":0,"pct":0},"branches":{"total":1,"covered":0,"skipped":0,"pct":0}}
,"/home/atmandk/LowCal-dev/packages/core/src/code_assist/codeAssist.ts": {"lines":{"total":27,"covered":5,"skipped":0,"pct":18.51},"functions":{"total":1,"covered":0,"skipped":0,"pct":0},"statements":{"total":27,"covered":5,"skipped":0,"pct":18.51},"branches":{"total":0,"covered":0,"skipped":0,"pct":100}}
,"/home/atmandk/LowCal-dev/packages/core/src/code_assist/converter.ts": {"lines":{"total":158,"covered":7,"skipped":0,"pct":4.43},"functions":{"total":11,"covered":0,"skipped":0,"pct":0},"statements":{"total":158,"covered":7,"skipped":0,"pct":4.43},"branches":{"total":0,"covered":0,"skipped":0,"pct":100}}
,"/home/atmandk/LowCal-dev/packages/core/src/code_assist/oauth2.ts": {"lines":{"total":344,"covered":32,"skipped":0,"pct":9.3},"functions":{"total":11,"covered":0,"skipped":0,"pct":0},"statements":{"total":344,"covered":32,"skipped":0,"pct":9.3},"branches":{"total":0,"covered":0,"skipped":0,"pct":100}}
,"/home/atmandk/LowCal-dev/packages/core/src/code_assist/server.ts": {"lines":{"total":167,"covered":20,"skipped":0,"pct":11.97},"functions":{"total":13,"covered":0,"skipped":0,"pct":0},"statements":{"total":167,"covered":20,"skipped":0,"pct":11.97},"branches":{"total":0,"covered":0,"skipped":0,"pct":100}}
,"/home/atmandk/LowCal-dev/packages/core/src/code_assist/setup.ts": {"lines":{"total":90,"covered":6,"skipped":0,"pct":6.66},"functions":{"total":3,"covered":0,"skipped":0,"pct":0},"statements":{"total":90,"covered":6,"skipped":0,"pct":6.66},"branches":{"total":0,"covered":0,"skipped":0,"pct":100}}
,"/home/atmandk/LowCal-dev/packages/core/src/code_assist/types.ts": {"lines":{"total":19,"covered":19,"skipped":0,"pct":100},"functions":{"total":0,"covered":0,"skipped":0,"pct":100},"statements":{"total":19,"covered":19,"skipped":0,"pct":100},"branches":{"total":3,"covered":3,"skipped":0,"pct":100}}
,"/home/atmandk/LowCal-dev/packages/core/src/config/config.ts": {"lines":{"total":695,"covered":161,"skipped":0,"pct":23.16},"functions":{"total":104,"covered":0,"skipped":0,"pct":0},"statements":{"total":695,"covered":161,"skipped":0,"pct":23.16},"branches":{"total":2,"covered":2,"skipped":0,"pct":100}}
,"/home/atmandk/LowCal-dev/packages/core/src/config/models.ts": {"lines":{"total":7,"covered":7,"skipped":0,"pct":100},"functions":{"total":0,"covered":0,"skipped":0,"pct":100},"statements":{"total":7,"covered":7,"skipped":0,"pct":100},"branches":{"total":0,"covered":0,"skipped":0,"pct":100}}
,"/home/atmandk/LowCal-dev/packages/core/src/config/storage.ts": {"lines":{"total":85,"covered":41,"skipped":0,"pct":48.23},"functions":{"total":23,"covered":3,"skipped":0,"pct":13.04},"statements":{"total":85,"covered":41,"skipped":0,"pct":48.23},"branches":{"total":4,"covered":3,"skipped":0,"pct":75}}
,"/home/atmandk/LowCal-dev/packages/core/src/core/client.ts": {"lines":{"total":1064,"covered":787,"skipped":0,"pct":73.96},"functions":{"total":33,"covered":25,"skipped":0,"pct":75.75},"statements":{"total":1064,"covered":787,"skipped":0,"pct":73.96},"branches":{"total":196,"covered":151,"skipped":0,"pct":77.04}}
,"/home/atmandk/LowCal-dev/packages/core/src/core/contentGenerator.ts": {"lines":{"total":145,"covered":48,"skipped":0,"pct":33.1},"functions":{"total":2,"covered":1,"skipped":0,"pct":50},"statements":{"total":145,"covered":48,"skipped":0,"pct":33.1},"branches":{"total":6,"covered":2,"skipped":0,"pct":33.33}}
,"/home/atmandk/LowCal-dev/packages/core/src/core/coreToolScheduler.ts": {"lines":{"total":783,"covered":28,"skipped":0,"pct":3.57},"functions":{"total":20,"covered":0,"skipped":0,"pct":0},"statements":{"total":783,"covered":28,"skipped":0,"pct":3.57},"branches":{"total":0,"covered":0,"skipped":0,"pct":100}}
,"/home/atmandk/LowCal-dev/packages/core/src/core/geminiChat.ts": {"lines":{"total":550,"covered":56,"skipped":0,"pct":10.18},"functions":{"total":23,"covered":5,"skipped":0,"pct":21.73},"statements":{"total":550,"covered":56,"skipped":0,"pct":10.18},"branches":{"total":10,"covered":8,"skipped":0,"pct":80}}
,"/home/atmandk/LowCal-dev/packages/core/src/core/geminiRequest.ts": {"lines":{"total":6,"covered":4,"skipped":0,"pct":66.66},"functions":{"total":1,"covered":0,"skipped":0,"pct":0},"statements":{"total":6,"covered":4,"skipped":0,"pct":66.66},"branches":{"total":0,"covered":0,"skipped":0,"pct":100}}
,"/home/atmandk/LowCal-dev/packages/core/src/core/logger.ts": {"lines":{"total":350,"covered":32,"skipped":0,"pct":9.14},"functions":{"total":17,"covered":0,"skipped":0,"pct":0},"statements":{"total":350,"covered":32,"skipped":0,"pct":9.14},"branches":{"total":1,"covered":1,"skipped":0,"pct":100}}
,"/home/atmandk/LowCal-dev/packages/core/src/core/loggingContentGenerator.ts": {"lines":{"total":149,"covered":26,"skipped":0,"pct":17.44},"functions":{"total":10,"covered":3,"skipped":0,"pct":30},"statements":{"total":149,"covered":26,"skipped":0,"pct":17.44},"branches":{"total":3,"covered":3,"skipped":0,"pct":100}}
,"/home/atmandk/LowCal-dev/packages/core/src/core/nonInteractiveToolExecutor.ts": {"lines":{"total":20,"covered":2,"skipped":0,"pct":10},"functions":{"total":1,"covered":0,"skipped":0,"pct":0},"statements":{"total":20,"covered":2,"skipped":0,"pct":10},"branches":{"total":0,"covered":0,"skipped":0,"pct":100}}
,"/home/atmandk/LowCal-dev/packages/core/src/core/prompts.ts": {"lines":{"total":253,"covered":53,"skipped":0,"pct":20.94},"functions":{"total":9,"covered":0,"skipped":0,"pct":0},"statements":{"total":253,"covered":53,"skipped":0,"pct":20.94},"branches":{"total":0,"covered":0,"skipped":0,"pct":100}}
,"/home/atmandk/LowCal-dev/packages/core/src/core/tokenBudgetManager.ts": {"lines":{"total":44,"covered":41,"skipped":0,"pct":93.18},"functions":{"total":4,"covered":3,"skipped":0,"pct":75},"statements":{"total":44,"covered":41,"skipped":0,"pct":93.18},"branches":{"total":4,"covered":3,"skipped":0,"pct":75}}
,"/home/atmandk/LowCal-dev/packages/core/src/core/tokenLimits.ts": {"lines":{"total":97,"covered":70,"skipped":0,"pct":72.16},"functions":{"total":2,"covered":0,"skipped":0,"pct":0},"statements":{"total":97,"covered":70,"skipped":0,"pct":72.16},"branches":{"total":0,"covered":0,"skipped":0,"pct":100}}
,"/home/atmandk/LowCal-dev/packages/core/src/core/turn.ts": {"lines":{"total":155,"covered":34,"skipped":0,"pct":21.93},"functions":{"total":4,"covered":0,"skipped":0,"pct":0},"statements":{"total":155,"covered":34,"skipped":0,"pct":21.93},"branches":{"total":2,"covered":2,"skipped":0,"pct":100}}
,"/home/atmandk/LowCal-dev/packages/core/src/core/openaiContentGenerator/constants.ts": {"lines":{"total":2,"covered":2,"skipped":0,"pct":100},"functions":{"total":0,"covered":0,"skipped":0,"pct":100},"statements":{"total":2,"covered":2,"skipped":0,"pct":100},"branches":{"total":0,"covered":0,"skipped":0,"pct":100}}
,"/home/atmandk/LowCal-dev/packages/core/src/core/openaiContentGenerator/converter.ts": {"lines":{"total":733,"covered":28,"skipped":0,"pct":3.81},"functions":{"total":22,"covered":0,"skipped":0,"pct":0},"statements":{"total":733,"covered":28,"skipped":0,"pct":3.81},"branches":{"total":0,"covered":0,"skipped":0,"pct":100}}
,"/home/atmandk/LowCal-dev/packages/core/src/core/openaiContentGenerator/errorHandler.ts": {"lines":{"total":86,"covered":9,"skipped":0,"pct":10.46},"functions":{"total":6,"covered":0,"skipped":0,"pct":0},"statements":{"total":86,"covered":9,"skipped":0,"pct":10.46},"branches":{"total":0,"covered":0,"skipped":0,"pct":100}}
,"/home/atmandk/LowCal-dev/packages/core/src/core/openaiContentGenerator/index.ts": {"lines":{"total":46,"covered":0,"skipped":0,"pct":0},"functions":{"total":1,"covered":0,"skipped":0,"pct":0},"statements":{"total":46,"covered":0,"skipped":0,"pct":0},"branches":{"total":1,"covered":0,"skipped":0,"pct":0}}
,"/home/atmandk/LowCal-dev/packages/core/src/core/openaiContentGenerator/openaiContentGenerator.ts": {"lines":{"total":126,"covered":15,"skipped":0,"pct":11.9},"functions":{"total":8,"covered":0,"skipped":0,"pct":0},"statements":{"total":126,"covered":15,"skipped":0,"pct":11.9},"branches":{"total":0,"covered":0,"skipped":0,"pct":100}}
,"/home/atmandk/LowCal-dev/packages/core/src/core/openaiContentGenerator/pipeline.ts": {"lines":{"total":278,"covered":18,"skipped":0,"pct":6.47},"functions":{"total":10,"covered":0,"skipped":0,"pct":0},"statements":{"total":278,"covered":18,"skipped":0,"pct":6.47},"branches":{"total":0,"covered":0,"skipped":0,"pct":100}}
,"/home/atmandk/LowCal-dev/packages/core/src/core/openaiContentGenerator/streamingToolCallParser.ts": {"lines":{"total":213,"covered":14,"skipped":0,"pct":6.57},"functions":{"total":10,"covered":0,"skipped":0,"pct":0},"statements":{"total":213,"covered":14,"skipped":0,"pct":6.57},"branches":{"total":0,"covered":0,"skipped":0,"pct":100}}
,"/home/atmandk/LowCal-dev/packages/core/src/core/openaiContentGenerator/telemetryService.ts": {"lines":{"total":160,"covered":11,"skipped":0,"pct":6.87},"functions":{"total":5,"covered":0,"skipped":0,"pct":0},"statements":{"total":160,"covered":11,"skipped":0,"pct":6.87},"branches":{"total":0,"covered":0,"skipped":0,"pct":100}}
,"/home/atmandk/LowCal-dev/packages/core/src/core/openaiContentGenerator/provider/dashscope.ts": {"lines":{"total":207,"covered":22,"skipped":0,"pct":10.62},"functions":{"total":15,"covered":0,"skipped":0,"pct":0},"statements":{"total":207,"covered":22,"skipped":0,"pct":10.62},"branches":{"total":0,"covered":0,"skipped":0,"pct":100}}
,"/home/atmandk/LowCal-dev/packages/core/src/core/openaiContentGenerator/provider/default.ts": {"lines":{"total":45,"covered":10,"skipped":0,"pct":22.22},"functions":{"total":5,"covered":0,"skipped":0,"pct":0},"statements":{"total":45,"covered":10,"skipped":0,"pct":22.22},"branches":{"total":0,"covered":0,"skipped":0,"pct":100}}
,"/home/atmandk/LowCal-dev/packages/core/src/core/openaiContentGenerator/provider/index.ts": {"lines":{"total":4,"covered":4,"skipped":0,"pct":100},"functions":{"total":0,"covered":0,"skipped":0,"pct":100},"statements":{"total":4,"covered":4,"skipped":0,"pct":100},"branches":{"total":0,"covered":0,"skipped":0,"pct":100}}
,"/home/atmandk/LowCal-dev/packages/core/src/core/openaiContentGenerator/provider/lmstudio.ts": {"lines":{"total":33,"covered":7,"skipped":0,"pct":21.21},"functions":{"total":4,"covered":0,"skipped":0,"pct":0},"statements":{"total":33,"covered":7,"skipped":0,"pct":21.21},"branches":{"total":0,"covered":0,"skipped":0,"pct":100}}
,"/home/atmandk/LowCal-dev/packages/core/src/core/openaiContentGenerator/provider/openrouter.ts": {"lines":{"total":23,"covered":6,"skipped":0,"pct":26.08},"functions":{"total":3,"covered":0,"skipped":0,"pct":0},"statements":{"total":23,"covered":6,"skipped":0,"pct":26.08},"branches":{"total":0,"covered":0,"skipped":0,"pct":100}}
,"/home/atmandk/LowCal-dev/packages/core/src/core/openaiContentGenerator/provider/types.ts": {"lines":{"total":0,"covered":0,"skipped":0,"pct":0},"functions":{"total":1,"covered":1,"skipped":0,"pct":0},"statements":{"total":0,"covered":0,"skipped":0,"pct":0},"branches":{"total":1,"covered":1,"skipped":0,"pct":0}}
,"/home/atmandk/LowCal-dev/packages/core/src/generated/git-commit.ts": {"lines":{"total":3,"covered":0,"skipped":0,"pct":0},"functions":{"total":1,"covered":0,"skipped":0,"pct":0},"statements":{"total":3,"covered":0,"skipped":0,"pct":0},"branches":{"total":1,"covered":0,"skipped":0,"pct":0}}
,"/home/atmandk/LowCal-dev/packages/core/src/ide/constants.ts": {"lines":{"total":2,"covered":2,"skipped":0,"pct":100},"functions":{"total":0,"covered":0,"skipped":0,"pct":100},"statements":{"total":2,"covered":2,"skipped":0,"pct":100},"branches":{"total":0,"covered":0,"skipped":0,"pct":100}}
,"/home/atmandk/LowCal-dev/packages/core/src/ide/detect-ide.ts": {"lines":{"total":99,"covered":14,"skipped":0,"pct":14.14},"functions":{"total":4,"covered":0,"skipped":0,"pct":0},"statements":{"total":99,"covered":14,"skipped":0,"pct":14.14},"branches":{"total":1,"covered":1,"skipped":0,"pct":100}}
,"/home/atmandk/LowCal-dev/packages/core/src/ide/ide-client.ts": {"lines":{"total":440,"covered":273,"skipped":0,"pct":62.04},"functions":{"total":29,"covered":19,"skipped":0,"pct":65.51},"statements":{"total":440,"covered":273,"skipped":0,"pct":62.04},"branches":{"total":56,"covered":43,"skipped":0,"pct":76.78}}
,"/home/atmandk/LowCal-dev/packages/core/src/ide/ide-installer.ts": {"lines":{"total":117,"covered":15,"skipped":0,"pct":12.82},"functions":{"total":5,"covered":0,"skipped":0,"pct":0},"statements":{"total":117,"covered":15,"skipped":0,"pct":12.82},"branches":{"total":0,"covered":0,"skipped":0,"pct":100}}
,"/home/atmandk/LowCal-dev/packages/core/src/ide/ideContext.ts": {"lines":{"total":104,"covered":75,"skipped":0,"pct":72.11},"functions":{"total":6,"covered":3,"skipped":0,"pct":50},"statements":{"total":104,"covered":75,"skipped":0,"pct":72.11},"branches":{"total":4,"covered":3,"skipped":0,"pct":75}}
,"/home/atmandk/LowCal-dev/packages/core/src/ide/process-utils.ts": {"lines":{"total":117,"covered":7,"skipped":0,"pct":5.98},"functions":{"total":4,"covered":0,"skipped":0,"pct":0},"statements":{"total":117,"covered":7,"skipped":0,"pct":5.98},"branches":{"total":0,"covered":0,"skipped":0,"pct":100}}
,"/home/atmandk/LowCal-dev/packages/core/src/mcp/google-auth-provider.ts": {"lines":{"total":66,"covered":37,"skipped":0,"pct":56.06},"functions":{"total":8,"covered":1,"skipped":0,"pct":12.5},"statements":{"total":66,"covered":37,"skipped":0,"pct":56.06},"branches":{"total":10,"covered":8,"skipped":0,"pct":80}}
,"/home/atmandk/LowCal-dev/packages/core/src/mcp/oauth-provider.ts": {"lines":{"total":589,"covered":22,"skipped":0,"pct":3.73},"functions":{"total":10,"covered":1,"skipped":0,"pct":10},"statements":{"total":589,"covered":22,"skipped":0,"pct":3.73},"branches":{"total":1,"covered":1,"skipped":0,"pct":100}}
,"/home/atmandk/LowCal-dev/packages/core/src/mcp/oauth-token-storage.ts": {"lines":{"total":108,"covered":15,"skipped":0,"pct":13.88},"functions":{"total":8,"covered":0,"skipped":0,"pct":0},"statements":{"total":108,"covered":15,"skipped":0,"pct":13.88},"branches":{"total":0,"covered":0,"skipped":0,"pct":100}}
,"/home/atmandk/LowCal-dev/packages/core/src/mcp/oauth-utils.ts": {"lines":{"total":208,"covered":15,"skipped":0,"pct":7.21},"functions":{"total":11,"covered":0,"skipped":0,"pct":0},"statements":{"total":208,"covered":15,"skipped":0,"pct":7.21},"branches":{"total":0,"covered":0,"skipped":0,"pct":100}}
,"/home/atmandk/LowCal-dev/packages/core/src/mcp/token-storage/base-token-storage.ts": {"lines":{"total":31,"covered":0,"skipped":0,"pct":0},"functions":{"total":1,"covered":0,"skipped":0,"pct":0},"statements":{"total":31,"covered":0,"skipped":0,"pct":0},"branches":{"total":1,"covered":0,"skipped":0,"pct":0}}
,"/home/atmandk/LowCal-dev/packages/core/src/mcp/token-storage/types.ts": {"lines":{"total":1,"covered":0,"skipped":0,"pct":0},"functions":{"total":1,"covered":0,"skipped":0,"pct":0},"statements":{"total":1,"covered":0,"skipped":0,"pct":0},"branches":{"total":1,"covered":0,"skipped":0,"pct":0}}
,"/home/atmandk/LowCal-dev/packages/core/src/mocks/msw.ts": {"lines":{"total":3,"covered":0,"skipped":0,"pct":0},"functions":{"total":1,"covered":0,"skipped":0,"pct":0},"statements":{"total":3,"covered":0,"skipped":0,"pct":0},"branches":{"total":1,"covered":0,"skipped":0,"pct":0}}
,"/home/atmandk/LowCal-dev/packages/core/src/prompts/mcp-prompts.ts": {"lines":{"total":11,"covered":2,"skipped":0,"pct":18.18},"functions":{"total":1,"covered":0,"skipped":0,"pct":0},"statements":{"total":11,"covered":2,"skipped":0,"pct":18.18},"branches":{"total":0,"covered":0,"skipped":0,"pct":100}}
,"/home/atmandk/LowCal-dev/packages/core/src/prompts/prompt-registry.ts": {"lines":{"total":42,"covered":10,"skipped":0,"pct":23.8},"functions":{"total":7,"covered":0,"skipped":0,"pct":0},"statements":{"total":42,"covered":10,"skipped":0,"pct":23.8},"branches":{"total":0,"covered":0,"skipped":0,"pct":100}}
,"/home/atmandk/LowCal-dev/packages/core/src/qwen/qwenContentGenerator.ts": {"lines":{"total":146,"covered":0,"skipped":0,"pct":0},"functions":{"total":1,"covered":0,"skipped":0,"pct":0},"statements":{"total":146,"covered":0,"skipped":0,"pct":0},"branches":{"total":1,"covered":0,"skipped":0,"pct":0}}
,"/home/atmandk/LowCal-dev/packages/core/src/qwen/qwenOAuth2.ts": {"lines":{"total":523,"covered":42,"skipped":0,"pct":8.03},"functions":{"total":23,"covered":0,"skipped":0,"pct":0},"statements":{"total":523,"covered":42,"skipped":0,"pct":8.03},"branches":{"total":1,"covered":1,"skipped":0,"pct":100}}
,"/home/atmandk/LowCal-dev/packages/core/src/qwen/sharedTokenManager.ts": {"lines":{"total":533,"covered":53,"skipped":0,"pct":9.94},"functions":{"total":27,"covered":1,"skipped":0,"pct":3.7},"statements":{"total":533,"covered":53,"skipped":0,"pct":9.94},"branches":{"total":2,"covered":2,"skipped":0,"pct":100}}
,"/home/atmandk/LowCal-dev/packages/core/src/services/chatRecordingService.ts": {"lines":{"total":248,"covered":23,"skipped":0,"pct":9.27},"functions":{"total":13,"covered":0,"skipped":0,"pct":0},"statements":{"total":248,"covered":23,"skipped":0,"pct":9.27},"branches":{"total":0,"covered":0,"skipped":0,"pct":100}}
,"/home/atmandk/LowCal-dev/packages/core/src/services/fileDiscoveryService.ts": {"lines":{"total":75,"covered":24,"skipped":0,"pct":32},"functions":{"total":7,"covered":2,"skipped":0,"pct":28.57},"statements":{"total":75,"covered":24,"skipped":0,"pct":32},"branches":{"total":4,"covered":2,"skipped":0,"pct":50}}
,"/home/atmandk/LowCal-dev/packages/core/src/services/fileSystemService.ts": {"lines":{"total":10,"covered":6,"skipped":0,"pct":60},"functions":{"total":2,"covered":0,"skipped":0,"pct":0},"statements":{"total":10,"covered":6,"skipped":0,"pct":60},"branches":{"total":0,"covered":0,"skipped":0,"pct":100}}
,"/home/atmandk/LowCal-dev/packages/core/src/services/gitService.ts": {"lines":{"total":100,"covered":18,"skipped":0,"pct":18},"functions":{"total":10,"covered":0,"skipped":0,"pct":0},"statements":{"total":100,"covered":18,"skipped":0,"pct":18},"branches":{"total":0,"covered":0,"skipped":0,"pct":100}}
,"/home/atmandk/LowCal-dev/packages/core/src/services/loopDetectionService.ts": {"lines":{"total":284,"covered":164,"skipped":0,"pct":57.74},"functions":{"total":18,"covered":14,"skipped":0,"pct":77.77},"statements":{"total":284,"covered":164,"skipped":0,"pct":57.74},"branches":{"total":32,"covered":19,"skipped":0,"pct":59.37}}
,"/home/atmandk/LowCal-dev/packages/core/src/services/shellExecutionService.ts": {"lines":{"total":347,"covered":17,"skipped":0,"pct":4.89},"functions":{"total":4,"covered":0,"skipped":0,"pct":0},"statements":{"total":347,"covered":17,"skipped":0,"pct":4.89},"branches":{"total":0,"covered":0,"skipped":0,"pct":100}}
,"/home/atmandk/LowCal-dev/packages/core/src/subagents/builtin-agents.ts": {"lines":{"total":38,"covered":16,"skipped":0,"pct":42.1},"functions":{"total":5,"covered":1,"skipped":0,"pct":20},"statements":{"total":38,"covered":16,"skipped":0,"pct":42.1},"branches":{"total":1,"covered":1,"skipped":0,"pct":100}}
,"/home/atmandk/LowCal-dev/packages/core/src/subagents/index.ts": {"lines":{"total":7,"covered":7,"skipped":0,"pct":100},"functions":{"total":0,"covered":0,"skipped":0,"pct":100},"statements":{"total":7,"covered":7,"skipped":0,"pct":100},"branches":{"total":0,"covered":0,"skipped":0,"pct":100}}
,"/home/atmandk/LowCal-dev/packages/core/src/subagents/subagent-events.ts": {"lines":{"total":24,"covered":18,"skipped":0,"pct":75},"functions":{"total":4,"covered":0,"skipped":0,"pct":0},"statements":{"total":24,"covered":18,"skipped":0,"pct":75},"branches":{"total":1,"covered":1,"skipped":0,"pct":100}}
,"/home/atmandk/LowCal-dev/packages/core/src/subagents/subagent-hooks.ts": {"lines":{"total":1,"covered":0,"skipped":0,"pct":0},"functions":{"total":1,"covered":0,"skipped":0,"pct":0},"statements":{"total":1,"covered":0,"skipped":0,"pct":0},"branches":{"total":1,"covered":0,"skipped":0,"pct":0}}
,"/home/atmandk/LowCal-dev/packages/core/src/subagents/subagent-manager.ts": {"lines":{"total":466,"covered":35,"skipped":0,"pct":7.51},"functions":{"total":20,"covered":0,"skipped":0,"pct":0},"statements":{"total":466,"covered":35,"skipped":0,"pct":7.51},"branches":{"total":0,"covered":0,"skipped":0,"pct":100}}
,"/home/atmandk/LowCal-dev/packages/core/src/subagents/subagent-statistics.ts": {"lines":{"total":198,"covered":13,"skipped":0,"pct":6.56},"functions":{"total":10,"covered":0,"skipped":0,"pct":0},"statements":{"total":198,"covered":13,"skipped":0,"pct":6.56},"branches":{"total":0,"covered":0,"skipped":0,"pct":100}}
,"/home/atmandk/LowCal-dev/packages/core/src/subagents/subagent.ts": {"lines":{"total":626,"covered":53,"skipped":0,"pct":8.46},"functions":{"total":17,"covered":0,"skipped":0,"pct":0},"statements":{"total":626,"covered":53,"skipped":0,"pct":8.46},"branches":{"total":0,"covered":0,"skipped":0,"pct":100}}
,"/home/atmandk/LowCal-dev/packages/core/src/subagents/types.ts": {"lines":{"total":26,"covered":19,"skipped":0,"pct":73.07},"functions":{"total":1,"covered":0,"skipped":0,"pct":0},"statements":{"total":26,"covered":19,"skipped":0,"pct":73.07},"branches":{"total":1,"covered":1,"skipped":0,"pct":100}}
,"/home/atmandk/LowCal-dev/packages/core/src/subagents/validation.ts": {"lines":{"total":237,"covered":11,"skipped":0,"pct":4.64},"functions":{"total":7,"covered":0,"skipped":0,"pct":0},"statements":{"total":237,"covered":11,"skipped":0,"pct":4.64},"branches":{"total":0,"covered":0,"skipped":0,"pct":100}}
,"/home/atmandk/LowCal-dev/packages/core/src/telemetry/constants.ts": {"lines":{"total":34,"covered":34,"skipped":0,"pct":100},"functions":{"total":0,"covered":0,"skipped":0,"pct":100},"statements":{"total":34,"covered":34,"skipped":0,"pct":100},"branches":{"total":0,"covered":0,"skipped":0,"pct":100}}
,"/home/atmandk/LowCal-dev/packages/core/src/telemetry/file-exporters.ts": {"lines":{"total":68,"covered":23,"skipped":0,"pct":33.82},"functions":{"total":9,"covered":0,"skipped":0,"pct":0},"statements":{"total":68,"covered":23,"skipped":0,"pct":33.82},"branches":{"total":0,"covered":0,"skipped":0,"pct":100}}
,"/home/atmandk/LowCal-dev/packages/core/src/telemetry/index.ts": {"lines":{"total":13,"covered":13,"skipped":0,"pct":100},"functions":{"total":0,"covered":0,"skipped":0,"pct":100},"statements":{"total":13,"covered":13,"skipped":0,"pct":100},"branches":{"total":1,"covered":1,"skipped":0,"pct":100}}
,"/home/atmandk/LowCal-dev/packages/core/src/telemetry/integration.test.circular.ts": {"lines":{"total":75,"covered":0,"skipped":0,"pct":0},"functions":{"total":1,"covered":0,"skipped":0,"pct":0},"statements":{"total":75,"covered":0,"skipped":0,"pct":0},"branches":{"total":1,"covered":0,"skipped":0,"pct":0}}
,"/home/atmandk/LowCal-dev/packages/core/src/telemetry/loggers.test.circular.ts": {"lines":{"total":93,"covered":0,"skipped":0,"pct":0},"functions":{"total":1,"covered":0,"skipped":0,"pct":0},"statements":{"total":93,"covered":0,"skipped":0,"pct":0},"branches":{"total":1,"covered":0,"skipped":0,"pct":0}}
,"/home/atmandk/LowCal-dev/packages/core/src/telemetry/loggers.ts": {"lines":{"total":476,"covered":63,"skipped":0,"pct":13.23},"functions":{"total":21,"covered":3,"skipped":0,"pct":14.28},"statements":{"total":476,"covered":63,"skipped":0,"pct":13.23},"branches":{"total":5,"covered":3,"skipped":0,"pct":60}}
,"/home/atmandk/LowCal-dev/packages/core/src/telemetry/metrics.ts": {"lines":{"total":248,"covered":36,"skipped":0,"pct":14.51},"functions":{"total":13,"covered":1,"skipped":0,"pct":7.69},"statements":{"total":248,"covered":36,"skipped":0,"pct":14.51},"branches":{"total":4,"covered":2,"skipped":0,"pct":50}}
,"/home/atmandk/LowCal-dev/packages/core/src/telemetry/sdk.ts": {"lines":{"total":146,"covered":26,"skipped":0,"pct":17.8},"functions":{"total":4,"covered":1,"skipped":0,"pct":25},"statements":{"total":146,"covered":26,"skipped":0,"pct":17.8},"branches":{"total":1,"covered":1,"skipped":0,"pct":100}}
,"/home/atmandk/LowCal-dev/packages/core/src/telemetry/telemetry-utils.ts": {"lines":{"total":11,"covered":3,"skipped":0,"pct":27.27},"functions":{"total":1,"covered":0,"skipped":0,"pct":0},"statements":{"total":11,"covered":3,"skipped":0,"pct":27.27},"branches":{"total":0,"covered":0,"skipped":0,"pct":100}}
,"/home/atmandk/LowCal-dev/packages/core/src/telemetry/tool-call-decision.ts": {"lines":{"total":24,"covered":8,"skipped":0,"pct":33.33},"functions":{"total":1,"covered":0,"skipped":0,"pct":0},"statements":{"total":24,"covered":8,"skipped":0,"pct":33.33},"branches":{"total":1,"covered":1,"skipped":0,"pct":100}}
,"/home/atmandk/LowCal-dev/packages/core/src/telemetry/types.ts": {"lines":{"total":442,"covered":112,"skipped":0,"pct":25.33},"functions":{"total":40,"covered":3,"skipped":0,"pct":7.5},"statements":{"total":442,"covered":112,"skipped":0,"pct":25.33},"branches":{"total":6,"covered":6,"skipped":0,"pct":100}}
,"/home/atmandk/LowCal-dev/packages/core/src/telemetry/uiTelemetry.ts": {"lines":{"total":144,"covered":38,"skipped":0,"pct":26.38},"functions":{"total":11,"covered":2,"skipped":0,"pct":18.18},"statements":{"total":144,"covered":38,"skipped":0,"pct":26.38},"branches":{"total":2,"covered":2,"skipped":0,"pct":100}}
,"/home/atmandk/LowCal-dev/packages/core/src/telemetry/clearcut-logger/clearcut-logger.ts": {"lines":{"total":751,"covered":0,"skipped":0,"pct":0},"functions":{"total":1,"covered":0,"skipped":0,"pct":0},"statements":{"total":751,"covered":0,"skipped":0,"pct":0},"branches":{"total":1,"covered":0,"skipped":0,"pct":0}}
,"/home/atmandk/LowCal-dev/packages/core/src/telemetry/clearcut-logger/event-metadata-key.ts": {"lines":{"total":85,"covered":0,"skipped":0,"pct":0},"functions":{"total":1,"covered":0,"skipped":0,"pct":0},"statements":{"total":85,"covered":0,"skipped":0,"pct":0},"branches":{"total":1,"covered":0,"skipped":0,"pct":0}}
,"/home/atmandk/LowCal-dev/packages/core/src/telemetry/qwen-logger/event-types.ts": {"lines":{"total":0,"covered":0,"skipped":0,"pct":0},"functions":{"total":1,"covered":1,"skipped":0,"pct":0},"statements":{"total":0,"covered":0,"skipped":0,"pct":0},"branches":{"total":1,"covered":1,"skipped":0,"pct":0}}
,"/home/atmandk/LowCal-dev/packages/core/src/telemetry/qwen-logger/qwen-logger.ts": {"lines":{"total":597,"covered":142,"skipped":0,"pct":23.78},"functions":{"total":38,"covered":11,"skipped":0,"pct":28.94},"statements":{"total":597,"covered":142,"skipped":0,"pct":23.78},"branches":{"total":21,"covered":12,"skipped":0,"pct":57.14}}
,"/home/atmandk/LowCal-dev/packages/core/src/test-utils/config.ts": {"lines":{"total":21,"covered":0,"skipped":0,"pct":0},"functions":{"total":1,"covered":0,"skipped":0,"pct":0},"statements":{"total":21,"covered":0,"skipped":0,"pct":0},"branches":{"total":1,"covered":0,"skipped":0,"pct":0}}
,"/home/atmandk/LowCal-dev/packages/core/src/test-utils/mockWorkspaceContext.ts": {"lines":{"total":18,"covered":0,"skipped":0,"pct":0},"functions":{"total":1,"covered":0,"skipped":0,"pct":0},"statements":{"total":18,"covered":0,"skipped":0,"pct":0},"branches":{"total":1,"covered":0,"skipped":0,"pct":0}}
,"/home/atmandk/LowCal-dev/packages/core/src/test-utils/tools.ts": {"lines":{"total":121,"covered":0,"skipped":0,"pct":0},"functions":{"total":1,"covered":0,"skipped":0,"pct":0},"statements":{"total":121,"covered":0,"skipped":0,"pct":0},"branches":{"total":1,"covered":0,"skipped":0,"pct":0}}
,"/home/atmandk/LowCal-dev/packages/core/src/tools/diffOptions.ts": {"lines":{"total":54,"covered":7,"skipped":0,"pct":12.96},"functions":{"total":1,"covered":0,"skipped":0,"pct":0},"statements":{"total":54,"covered":7,"skipped":0,"pct":12.96},"branches":{"total":0,"covered":0,"skipped":0,"pct":100}}
,"/home/atmandk/LowCal-dev/packages/core/src/tools/edit.ts": {"lines":{"total":437,"covered":38,"skipped":0,"pct":8.69},"functions":{"total":14,"covered":1,"skipped":0,"pct":7.14},"statements":{"total":437,"covered":38,"skipped":0,"pct":8.69},"branches":{"total":1,"covered":1,"skipped":0,"pct":100}}
,"/home/atmandk/LowCal-dev/packages/core/src/tools/exitPlanMode.ts": {"lines":{"total":142,"covered":37,"skipped":0,"pct":26.05},"functions":{"total":10,"covered":1,"skipped":0,"pct":10},"statements":{"total":142,"covered":37,"skipped":0,"pct":26.05},"branches":{"total":1,"covered":1,"skipped":0,"pct":100}}
,"/home/atmandk/LowCal-dev/packages/core/src/tools/glob.ts": {"lines":{"total":251,"covered":21,"skipped":0,"pct":8.36},"functions":{"total":8,"covered":1,"skipped":0,"pct":12.5},"statements":{"total":251,"covered":21,"skipped":0,"pct":8.36},"branches":{"total":1,"covered":1,"skipped":0,"pct":100}}
,"/home/atmandk/LowCal-dev/packages/core/src/tools/grep.ts": {"lines":{"total":530,"covered":31,"skipped":0,"pct":5.84},"functions":{"total":13,"covered":1,"skipped":0,"pct":7.69},"statements":{"total":530,"covered":31,"skipped":0,"pct":5.84},"branches":{"total":1,"covered":1,"skipped":0,"pct":100}}
,"/home/atmandk/LowCal-dev/packages/core/src/tools/ls.ts": {"lines":{"total":229,"covered":20,"skipped":0,"pct":8.73},"functions":{"total":9,"covered":1,"skipped":0,"pct":11.11},"statements":{"total":229,"covered":20,"skipped":0,"pct":8.73},"branches":{"total":1,"covered":1,"skipped":0,"pct":100}}
,"/home/atmandk/LowCal-dev/packages/core/src/tools/mcp-client-manager.ts": {"lines":{"total":79,"covered":10,"skipped":0,"pct":12.65},"functions":{"total":5,"covered":0,"skipped":0,"pct":0},"statements":{"total":79,"covered":10,"skipped":0,"pct":12.65},"branches":{"total":0,"covered":0,"skipped":0,"pct":100}}
,"/home/atmandk/LowCal-dev/packages/core/src/tools/mcp-client.ts": {"lines":{"total":1008,"covered":313,"skipped":0,"pct":31.05},"functions":{"total":31,"covered":15,"skipped":0,"pct":48.38},"statements":{"total":1008,"covered":313,"skipped":0,"pct":31.05},"branches":{"total":90,"covered":70,"skipped":0,"pct":77.77}}
,"/home/atmandk/LowCal-dev/packages/core/src/tools/mcp-tool.ts": {"lines":{"total":255,"covered":43,"skipped":0,"pct":16.86},"functions":{"total":16,"covered":3,"skipped":0,"pct":18.75},"statements":{"total":255,"covered":43,"skipped":0,"pct":16.86},"branches":{"total":4,"covered":3,"skipped":0,"pct":75}}
,"/home/atmandk/LowCal-dev/packages/core/src/tools/memoryTool.ts": {"lines":{"total":427,"covered":56,"skipped":0,"pct":13.11},"functions":{"total":19,"covered":2,"skipped":0,"pct":10.52},"statements":{"total":427,"covered":56,"skipped":0,"pct":13.11},"branches":{"total":2,"covered":2,"skipped":0,"pct":100}}
,"/home/atmandk/LowCal-dev/packages/core/src/tools/modifiable-tool.ts": {"lines":{"total":113,"covered":9,"skipped":0,"pct":7.96},"functions":{"total":5,"covered":0,"skipped":0,"pct":0},"statements":{"total":113,"covered":9,"skipped":0,"pct":7.96},"branches":{"total":0,"covered":0,"skipped":0,"pct":100}}
,"/home/atmandk/LowCal-dev/packages/core/src/tools/read-file.ts": {"lines":{"total":151,"covered":24,"skipped":0,"pct":15.89},"functions":{"total":8,"covered":1,"skipped":0,"pct":12.5},"statements":{"total":151,"covered":24,"skipped":0,"pct":15.89},"branches":{"total":1,"covered":1,"skipped":0,"pct":100}}
,"/home/atmandk/LowCal-dev/packages/core/src/tools/read-many-files.ts": {"lines":{"total":454,"covered":28,"skipped":0,"pct":6.16},"functions":{"total":7,"covered":1,"skipped":0,"pct":14.28},"statements":{"total":454,"covered":28,"skipped":0,"pct":6.16},"branches":{"total":1,"covered":1,"skipped":0,"pct":100}}
,"/home/atmandk/LowCal-dev/packages/core/src/tools/ripGrep.ts": {"lines":{"total":360,"covered":27,"skipped":0,"pct":7.5},"functions":{"total":12,"covered":1,"skipped":0,"pct":8.33},"statements":{"total":360,"covered":27,"skipped":0,"pct":7.5},"branches":{"total":1,"covered":1,"skipped":0,"pct":100}}
,"/home/atmandk/LowCal-dev/packages/core/src/tools/shell.ts": {"lines":{"total":369,"covered":30,"skipped":0,"pct":8.13},"functions":{"total":12,"covered":1,"skipped":0,"pct":8.33},"statements":{"total":369,"covered":30,"skipped":0,"pct":8.13},"branches":{"total":1,"covered":1,"skipped":0,"pct":100}}
,"/home/atmandk/LowCal-dev/packages/core/src/tools/task.ts": {"lines":{"total":370,"covered":29,"skipped":0,"pct":7.83},"functions":{"total":15,"covered":1,"skipped":0,"pct":6.66},"statements":{"total":370,"covered":29,"skipped":0,"pct":7.83},"branches":{"total":1,"covered":1,"skipped":0,"pct":100}}
,"/home/atmandk/LowCal-dev/packages/core/src/tools/todoWrite.ts": {"lines":{"total":202,"covered":58,"skipped":0,"pct":28.71},"functions":{"total":14,"covered":1,"skipped":0,"pct":7.14},"statements":{"total":202,"covered":58,"skipped":0,"pct":28.71},"branches":{"total":1,"covered":1,"skipped":0,"pct":100}}
,"/home/atmandk/LowCal-dev/packages/core/src/tools/tool-error.ts": {"lines":{"total":35,"covered":35,"skipped":0,"pct":100},"functions":{"total":0,"covered":0,"skipped":0,"pct":100},"statements":{"total":35,"covered":35,"skipped":0,"pct":100},"branches":{"total":1,"covered":1,"skipped":0,"pct":100}}
,"/home/atmandk/LowCal-dev/packages/core/src/tools/tool-names.ts": {"lines":{"total":14,"covered":14,"skipped":0,"pct":100},"functions":{"total":0,"covered":0,"skipped":0,"pct":100},"statements":{"total":14,"covered":14,"skipped":0,"pct":100},"branches":{"total":0,"covered":0,"skipped":0,"pct":100}}
,"/home/atmandk/LowCal-dev/packages/core/src/tools/tool-registry.ts": {"lines":{"total":340,"covered":39,"skipped":0,"pct":11.47},"functions":{"total":21,"covered":0,"skipped":0,"pct":0},"statements":{"total":340,"covered":39,"skipped":0,"pct":11.47},"branches":{"total":0,"covered":0,"skipped":0,"pct":100}}
,"/home/atmandk/LowCal-dev/packages/core/src/tools/tools.ts": {"lines":{"total":206,"covered":52,"skipped":0,"pct":25.24},"functions":{"total":14,"covered":1,"skipped":0,"pct":7.14},"statements":{"total":206,"covered":52,"skipped":0,"pct":25.24},"branches":{"total":3,"covered":3,"skipped":0,"pct":100}}
,"/home/atmandk/LowCal-dev/packages/core/src/tools/web-fetch.ts": {"lines":{"total":173,"covered":25,"skipped":0,"pct":14.45},"functions":{"total":9,"covered":1,"skipped":0,"pct":11.11},"statements":{"total":173,"covered":25,"skipped":0,"pct":14.45},"branches":{"total":1,"covered":1,"skipped":0,"pct":100}}
,"/home/atmandk/LowCal-dev/packages/core/src/tools/web-search.ts": {"lines":{"total":141,"covered":18,"skipped":0,"pct":12.76},"functions":{"total":8,"covered":1,"skipped":0,"pct":12.5},"statements":{"total":141,"covered":18,"skipped":0,"pct":12.76},"branches":{"total":1,"covered":1,"skipped":0,"pct":100}}
,"/home/atmandk/LowCal-dev/packages/core/src/tools/write-file.ts": {"lines":{"total":365,"covered":34,"skipped":0,"pct":9.31},"functions":{"total":11,"covered":1,"skipped":0,"pct":9.09},"statements":{"total":365,"covered":34,"skipped":0,"pct":9.31},"branches":{"total":1,"covered":1,"skipped":0,"pct":100}}
,"/home/atmandk/LowCal-dev/packages/core/src/utils/LruCache.ts": {"lines":{"total":31,"covered":0,"skipped":0,"pct":0},"functions":{"total":1,"covered":0,"skipped":0,"pct":0},"statements":{"total":31,"covered":0,"skipped":0,"pct":0},"branches":{"total":1,"covered":0,"skipped":0,"pct":0}}
,"/home/atmandk/LowCal-dev/packages/core/src/utils/bfsFileSearch.ts": {"lines":{"total":82,"covered":6,"skipped":0,"pct":7.31},"functions":{"total":2,"covered":0,"skipped":0,"pct":0},"statements":{"total":82,"covered":6,"skipped":0,"pct":7.31},"branches":{"total":0,"covered":0,"skipped":0,"pct":100}}
,"/home/atmandk/LowCal-dev/packages/core/src/utils/browser.ts": {"lines":{"total":26,"covered":2,"skipped":0,"pct":7.69},"functions":{"total":1,"covered":0,"skipped":0,"pct":0},"statements":{"total":26,"covered":2,"skipped":0,"pct":7.69},"branches":{"total":0,"covered":0,"skipped":0,"pct":100}}
,"/home/atmandk/LowCal-dev/packages/core/src/utils/editor.ts": {"lines":{"total":169,"covered":17,"skipped":0,"pct":10.05},"functions":{"total":7,"covered":0,"skipped":0,"pct":0},"statements":{"total":169,"covered":17,"skipped":0,"pct":10.05},"branches":{"total":0,"covered":0,"skipped":0,"pct":100}}
,"/home/atmandk/LowCal-dev/packages/core/src/utils/environmentContext.ts": {"lines":{"total":73,"covered":41,"skipped":0,"pct":56.16},"functions":{"total":2,"covered":2,"skipped":0,"pct":100},"statements":{"total":73,"covered":41,"skipped":0,"pct":56.16},"branches":{"total":5,"covered":3,"skipped":0,"pct":60}}
,"/home/atmandk/LowCal-dev/packages/core/src/utils/errorParsing.ts": {"lines":{"total":127,"covered":17,"skipped":0,"pct":13.38},"functions":{"total":9,"covered":0,"skipped":0,"pct":0},"statements":{"total":127,"covered":17,"skipped":0,"pct":13.38},"branches":{"total":0,"covered":0,"skipped":0,"pct":100}}
,"/home/atmandk/LowCal-dev/packages/core/src/utils/errorReporting.ts": {"lines":{"total":117,"covered":6,"skipped":0,"pct":5.12},"functions":{"total":2,"covered":0,"skipped":0,"pct":0},"statements":{"total":117,"covered":6,"skipped":0,"pct":5.12},"branches":{"total":0,"covered":0,"skipped":0,"pct":100}}
,"/home/atmandk/LowCal-dev/packages/core/src/utils/errors.ts": {"lines":{"total":74,"covered":29,"skipped":0,"pct":39.18},"functions":{"total":10,"covered":1,"skipped":0,"pct":10},"statements":{"total":74,"covered":29,"skipped":0,"pct":39.18},"branches":{"total":2,"covered":1,"skipped":0,"pct":50}}
,"/home/atmandk/LowCal-dev/packages/core/src/utils/fetch.ts": {"lines":{"total":47,"covered":16,"skipped":0,"pct":34.04},"functions":{"total":3,"covered":0,"skipped":0,"pct":0},"statements":{"total":47,"covered":16,"skipped":0,"pct":34.04},"branches":{"total":0,"covered":0,"skipped":0,"pct":100}}
,"/home/atmandk/LowCal-dev/packages/core/src/utils/fileUtils.ts": {"lines":{"total":243,"covered":11,"skipped":0,"pct":4.52},"functions":{"total":5,"covered":0,"skipped":0,"pct":0},"statements":{"total":243,"covered":11,"skipped":0,"pct":4.52},"branches":{"total":0,"covered":0,"skipped":0,"pct":100}}
,"/home/atmandk/LowCal-dev/packages/core/src/utils/formatters.ts": {"lines":{"total":11,"covered":2,"skipped":0,"pct":18.18},"functions":{"total":1,"covered":0,"skipped":0,"pct":0},"statements":{"total":11,"covered":2,"skipped":0,"pct":18.18},"branches":{"total":0,"covered":0,"skipped":0,"pct":100}}
,"/home/atmandk/LowCal-dev/packages/core/src/utils/generateContentResponseUtilities.ts": {"lines":{"total":87,"covered":9,"skipped":0,"pct":10.34},"functions":{"total":7,"covered":0,"skipped":0,"pct":0},"statements":{"total":87,"covered":9,"skipped":0,"pct":10.34},"branches":{"total":0,"covered":0,"skipped":0,"pct":100}}
,"/home/atmandk/LowCal-dev/packages/core/src/utils/getFolderStructure.ts": {"lines":{"total":257,"covered":8,"skipped":0,"pct":3.11},"functions":{"total":4,"covered":0,"skipped":0,"pct":0},"statements":{"total":257,"covered":8,"skipped":0,"pct":3.11},"branches":{"total":0,"covered":0,"skipped":0,"pct":100}}
,"/home/atmandk/LowCal-dev/packages/core/src/utils/getPty.ts": {"lines":{"total":16,"covered":2,"skipped":0,"pct":12.5},"functions":{"total":1,"covered":0,"skipped":0,"pct":0},"statements":{"total":16,"covered":2,"skipped":0,"pct":12.5},"branches":{"total":0,"covered":0,"skipped":0,"pct":100}}
,"/home/atmandk/LowCal-dev/packages/core/src/utils/gitIgnoreParser.ts": {"lines":{"total":51,"covered":30,"skipped":0,"pct":58.82},"functions":{"total":7,"covered":3,"skipped":0,"pct":42.85},"statements":{"total":51,"covered":30,"skipped":0,"pct":58.82},"branches":{"total":4,"covered":3,"skipped":0,"pct":75}}
,"/home/atmandk/LowCal-dev/packages/core/src/utils/gitUtils.ts": {"lines":{"total":41,"covered":19,"skipped":0,"pct":46.34},"functions":{"total":2,"covered":1,"skipped":0,"pct":50},"statements":{"total":41,"covered":19,"skipped":0,"pct":46.34},"branches":{"total":6,"covered":4,"skipped":0,"pct":66.66}}
,"/home/atmandk/LowCal-dev/packages/core/src/utils/ignorePatterns.ts": {"lines":{"total":148,"covered":105,"skipped":0,"pct":70.94},"functions":{"total":7,"covered":1,"skipped":0,"pct":14.28},"statements":{"total":148,"covered":105,"skipped":0,"pct":70.94},"branches":{"total":8,"covered":3,"skipped":0,"pct":37.5}}
,"/home/atmandk/LowCal-dev/packages/core/src/utils/installationManager.ts": {"lines":{"total":42,"covered":27,"skipped":0,"pct":64.28},"functions":{"total":4,"covered":3,"skipped":0,"pct":75},"statements":{"total":42,"covered":27,"skipped":0,"pct":64.28},"branches":{"total":7,"covered":3,"skipped":0,"pct":42.85}}
,"/home/atmandk/LowCal-dev/packages/core/src/utils/language-detection.ts": {"lines":{"total":96,"covered":89,"skipped":0,"pct":92.7},"functions":{"total":1,"covered":0,"skipped":0,"pct":0},"statements":{"total":96,"covered":89,"skipped":0,"pct":92.7},"branches":{"total":0,"covered":0,"skipped":0,"pct":100}}
,"/home/atmandk/LowCal-dev/packages/core/src/utils/memoryDiscovery.ts": {"lines":{"total":324,"covered":14,"skipped":0,"pct":4.32},"functions":{"total":9,"covered":0,"skipped":0,"pct":0},"statements":{"total":324,"covered":14,"skipped":0,"pct":4.32},"branches":{"total":0,"covered":0,"skipped":0,"pct":100}}
,"/home/atmandk/LowCal-dev/packages/core/src/utils/memoryImportProcessor.ts": {"lines":{"total":283,"covered":11,"skipped":0,"pct":3.88},"functions":{"total":11,"covered":0,"skipped":0,"pct":0},"statements":{"total":283,"covered":11,"skipped":0,"pct":3.88},"branches":{"total":0,"covered":0,"skipped":0,"pct":100}}
,"/home/atmandk/LowCal-dev/packages/core/src/utils/messageInspectors.ts": {"lines":{"total":13,"covered":8,"skipped":0,"pct":61.53},"functions":{"total":2,"covered":1,"skipped":0,"pct":50},"statements":{"total":13,"covered":8,"skipped":0,"pct":61.53},"branches":{"total":2,"covered":2,"skipped":0,"pct":100}}
,"/home/atmandk/LowCal-dev/packages/core/src/utils/nextSpeakerChecker.ts": {"lines":{"total":90,"covered":21,"skipped":0,"pct":23.33},"functions":{"total":1,"covered":0,"skipped":0,"pct":0},"statements":{"total":90,"covered":21,"skipped":0,"pct":23.33},"branches":{"total":0,"covered":0,"skipped":0,"pct":100}}
,"/home/atmandk/LowCal-dev/packages/core/src/utils/openaiLogger.ts": {"lines":{"total":89,"covered":17,"skipped":0,"pct":19.1},"functions":{"total":6,"covered":2,"skipped":0,"pct":33.33},"statements":{"total":89,"covered":17,"skipped":0,"pct":19.1},"branches":{"total":2,"covered":2,"skipped":0,"pct":100}}
,"/home/atmandk/LowCal-dev/packages/core/src/utils/partUtils.ts": {"lines":{"total":112,"covered":28,"skipped":0,"pct":25},"functions":{"total":4,"covered":1,"skipped":0,"pct":25},"statements":{"total":112,"covered":28,"skipped":0,"pct":25},"branches":{"total":8,"covered":6,"skipped":0,"pct":75}}
,"/home/atmandk/LowCal-dev/packages/core/src/utils/pathReader.ts": {"lines":{"total":86,"covered":0,"skipped":0,"pct":0},"functions":{"total":1,"covered":0,"skipped":0,"pct":0},"statements":{"total":86,"covered":0,"skipped":0,"pct":0},"branches":{"total":1,"covered":0,"skipped":0,"pct":0}}
,"/home/atmandk/LowCal-dev/packages/core/src/utils/paths.ts": {"lines":{"total":101,"covered":22,"skipped":0,"pct":21.78},"functions":{"total":7,"covered":1,"skipped":0,"pct":14.28},"statements":{"total":101,"covered":22,"skipped":0,"pct":21.78},"branches":{"total":2,"covered":1,"skipped":0,"pct":50}}
,"/home/atmandk/LowCal-dev/packages/core/src/utils/projectSummary.ts": {"lines":{"total":80,"covered":3,"skipped":0,"pct":3.75},"functions":{"total":1,"covered":0,"skipped":0,"pct":0},"statements":{"total":80,"covered":3,"skipped":0,"pct":3.75},"branches":{"total":0,"covered":0,"skipped":0,"pct":100}}
,"/home/atmandk/LowCal-dev/packages/core/src/utils/quotaErrorDetection.ts": {"lines":{"total":108,"covered":7,"skipped":0,"pct":6.48},"functions":{"total":6,"covered":0,"skipped":0,"pct":0},"statements":{"total":108,"covered":7,"skipped":0,"pct":6.48},"branches":{"total":0,"covered":0,"skipped":0,"pct":100}}
,"/home/atmandk/LowCal-dev/packages/core/src/utils/retry.ts": {"lines":{"total":236,"covered":34,"skipped":0,"pct":14.4},"functions":{"total":7,"covered":1,"skipped":0,"pct":14.28},"statements":{"total":236,"covered":34,"skipped":0,"pct":14.4},"branches":{"total":3,"covered":1,"skipped":0,"pct":33.33}}
,"/home/atmandk/LowCal-dev/packages/core/src/utils/safeJsonParse.ts": {"lines":{"total":25,"covered":3,"skipped":0,"pct":12},"functions":{"total":1,"covered":0,"skipped":0,"pct":0},"statements":{"total":25,"covered":3,"skipped":0,"pct":12},"branches":{"total":0,"covered":0,"skipped":0,"pct":100}}
,"/home/atmandk/LowCal-dev/packages/core/src/utils/safeJsonStringify.ts": {"lines":{"total":20,"covered":2,"skipped":0,"pct":10},"functions":{"total":1,"covered":0,"skipped":0,"pct":0},"statements":{"total":20,"covered":2,"skipped":0,"pct":10},"branches":{"total":0,"covered":0,"skipped":0,"pct":100}}
,"/home/atmandk/LowCal-dev/packages/core/src/utils/schemaValidator.ts": {"lines":{"total":37,"covered":10,"skipped":0,"pct":27.02},"functions":{"total":2,"covered":0,"skipped":0,"pct":0},"statements":{"total":37,"covered":10,"skipped":0,"pct":27.02},"branches":{"total":2,"covered":0,"skipped":0,"pct":0}}
,"/home/atmandk/LowCal-dev/packages/core/src/utils/secure-browser-launcher.ts": {"lines":{"total":115,"covered":7,"skipped":0,"pct":6.08},"functions":{"total":3,"covered":0,"skipped":0,"pct":0},"statements":{"total":115,"covered":7,"skipped":0,"pct":6.08},"branches":{"total":0,"covered":0,"skipped":0,"pct":100}}
,"/home/atmandk/LowCal-dev/packages/core/src/utils/session.ts": {"lines":{"total":3,"covered":3,"skipped":0,"pct":100},"functions":{"total":0,"covered":0,"skipped":0,"pct":100},"statements":{"total":3,"covered":3,"skipped":0,"pct":100},"branches":{"total":0,"covered":0,"skipped":0,"pct":100}}
,"/home/atmandk/LowCal-dev/packages/core/src/utils/shell-utils.ts": {"lines":{"total":293,"covered":17,"skipped":0,"pct":5.8},"functions":{"total":11,"covered":0,"skipped":0,"pct":0},"statements":{"total":293,"covered":17,"skipped":0,"pct":5.8},"branches":{"total":0,"covered":0,"skipped":0,"pct":100}}
,"/home/atmandk/LowCal-dev/packages/core/src/utils/shellReadOnlyChecker.ts": {"lines":{"total":245,"covered":79,"skipped":0,"pct":32.24},"functions":{"total":10,"covered":0,"skipped":0,"pct":0},"statements":{"total":245,"covered":79,"skipped":0,"pct":32.24},"branches":{"total":0,"covered":0,"skipped":0,"pct":100}}
,"/home/atmandk/LowCal-dev/packages/core/src/utils/subagentGenerator.ts": {"lines":{"total":55,"covered":25,"skipped":0,"pct":45.45},"functions":{"total":2,"covered":0,"skipped":0,"pct":0},"statements":{"total":55,"covered":25,"skipped":0,"pct":45.45},"branches":{"total":0,"covered":0,"skipped":0,"pct":100}}
,"/home/atmandk/LowCal-dev/packages/core/src/utils/summarizer.ts": {"lines":{"total":45,"covered":6,"skipped":0,"pct":13.33},"functions":{"total":3,"covered":0,"skipped":0,"pct":0},"statements":{"total":45,"covered":6,"skipped":0,"pct":13.33},"branches":{"total":0,"covered":0,"skipped":0,"pct":100}}
,"/home/atmandk/LowCal-dev/packages/core/src/utils/systemEncoding.ts": {"lines":{"total":100,"covered":10,"skipped":0,"pct":10},"functions":{"total":5,"covered":0,"skipped":0,"pct":0},"statements":{"total":100,"covered":10,"skipped":0,"pct":10},"branches":{"total":0,"covered":0,"skipped":0,"pct":100}}
,"/home/atmandk/LowCal-dev/packages/core/src/utils/testUtils.ts": {"lines":{"total":45,"covered":24,"skipped":0,"pct":53.33},"functions":{"total":6,"covered":2,"skipped":0,"pct":33.33},"statements":{"total":45,"covered":24,"skipped":0,"pct":53.33},"branches":{"total":2,"covered":2,"skipped":0,"pct":100}}
,"/home/atmandk/LowCal-dev/packages/core/src/utils/textUtils.ts": {"lines":{"total":16,"covered":2,"skipped":0,"pct":12.5},"functions":{"total":1,"covered":0,"skipped":0,"pct":0},"statements":{"total":16,"covered":2,"skipped":0,"pct":12.5},"branches":{"total":0,"covered":0,"skipped":0,"pct":100}}
,"/home/atmandk/LowCal-dev/packages/core/src/utils/tool-utils.ts": {"lines":{"total":47,"covered":4,"skipped":0,"pct":8.51},"functions":{"total":1,"covered":0,"skipped":0,"pct":0},"statements":{"total":47,"covered":4,"skipped":0,"pct":8.51},"branches":{"total":0,"covered":0,"skipped":0,"pct":100}}
,"/home/atmandk/LowCal-dev/packages/core/src/utils/userAccountManager.ts": {"lines":{"total":105,"covered":41,"skipped":0,"pct":39.04},"functions":{"total":8,"covered":4,"skipped":0,"pct":50},"statements":{"total":105,"covered":41,"skipped":0,"pct":39.04},"branches":{"total":10,"covered":4,"skipped":0,"pct":40}}
,"/home/atmandk/LowCal-dev/packages/core/src/utils/workspaceContext.ts": {"lines":{"total":126,"covered":20,"skipped":0,"pct":15.87},"functions":{"total":13,"covered":0,"skipped":0,"pct":0},"statements":{"total":126,"covered":20,"skipped":0,"pct":15.87},"branches":{"total":0,"covered":0,"skipped":0,"pct":100}}
,"/home/atmandk/LowCal-dev/packages/core/src/utils/yaml-parser.ts": {"lines":{"total":125,"covered":3,"skipped":0,"pct":2.4},"functions":{"total":4,"covered":0,"skipped":0,"pct":0},"statements":{"total":125,"covered":3,"skipped":0,"pct":2.4},"branches":{"total":0,"covered":0,"skipped":0,"pct":100}}
,"/home/atmandk/LowCal-dev/packages/core/src/utils/filesearch/crawlCache.ts": {"lines":{"total":36,"covered":8,"skipped":0,"pct":22.22},"functions":{"total":4,"covered":0,"skipped":0,"pct":0},"statements":{"total":36,"covered":8,"skipped":0,"pct":22.22},"branches":{"total":0,"covered":0,"skipped":0,"pct":100}}
,"/home/atmandk/LowCal-dev/packages/core/src/utils/filesearch/crawler.ts": {"lines":{"total":53,"covered":4,"skipped":0,"pct":7.54},"functions":{"total":2,"covered":0,"skipped":0,"pct":0},"statements":{"total":53,"covered":4,"skipped":0,"pct":7.54},"branches":{"total":0,"covered":0,"skipped":0,"pct":100}}
,"/home/atmandk/LowCal-dev/packages/core/src/utils/filesearch/fileSearch.ts": {"lines":{"total":177,"covered":30,"skipped":0,"pct":16.94},"functions":{"total":11,"covered":0,"skipped":0,"pct":0},"statements":{"total":177,"covered":30,"skipped":0,"pct":16.94},"branches":{"total":0,"covered":0,"skipped":0,"pct":100}}
,"/home/atmandk/LowCal-dev/packages/core/src/utils/filesearch/ignore.ts": {"lines":{"total":68,"covered":14,"skipped":0,"pct":20.58},"functions":{"total":6,"covered":0,"skipped":0,"pct":0},"statements":{"total":68,"covered":14,"skipped":0,"pct":20.58},"branches":{"total":0,"covered":0,"skipped":0,"pct":100}}
,"/home/atmandk/LowCal-dev/packages/core/src/utils/filesearch/result-cache.ts": {"lines":{"total":32,"covered":9,"skipped":0,"pct":28.12},"functions":{"total":3,"covered":0,"skipped":0,"pct":0},"statements":{"total":32,"covered":9,"skipped":0,"pct":28.12},"branches":{"total":0,"covered":0,"skipped":0,"pct":100}}
,"/home/atmandk/LowCal-dev/packages/core/src/utils/request-tokenizer/imageTokenizer.ts": {"lines":{"total":299,"covered":20,"skipped":0,"pct":6.68},"functions":{"total":13,"covered":1,"skipped":0,"pct":7.69},"statements":{"total":299,"covered":20,"skipped":0,"pct":6.68},"branches":{"total":1,"covered":1,"skipped":0,"pct":100}}
,"/home/atmandk/LowCal-dev/packages/core/src/utils/request-tokenizer/index.ts": {"lines":{"total":18,"covered":7,"skipped":0,"pct":38.88},"functions":{"total":2,"covered":0,"skipped":0,"pct":0},"statements":{"total":18,"covered":7,"skipped":0,"pct":38.88},"branches":{"total":0,"covered":0,"skipped":0,"pct":100}}
,"/home/atmandk/LowCal-dev/packages/core/src/utils/request-tokenizer/requestTokenizer.ts": {"lines":{"total":236,"covered":17,"skipped":0,"pct":7.2},"functions":{"total":12,"covered":0,"skipped":0,"pct":0},"statements":{"total":236,"covered":17,"skipped":0,"pct":7.2},"branches":{"total":0,"covered":0,"skipped":0,"pct":100}}
,"/home/atmandk/LowCal-dev/packages/core/src/utils/request-tokenizer/supportedImageFormats.ts": {"lines":{"total":25,"covered":13,"skipped":0,"pct":52},"functions":{"total":3,"covered":0,"skipped":0,"pct":0},"statements":{"total":25,"covered":13,"skipped":0,"pct":52},"branches":{"total":0,"covered":0,"skipped":0,"pct":100}}
,"/home/atmandk/LowCal-dev/packages/core/src/utils/request-tokenizer/textTokenizer.ts": {"lines":{"total":58,"covered":10,"skipped":0,"pct":17.24},"functions":{"total":6,"covered":0,"skipped":0,"pct":0},"statements":{"total":58,"covered":10,"skipped":0,"pct":17.24},"branches":{"total":0,"covered":0,"skipped":0,"pct":100}}
,"/home/atmandk/LowCal-dev/packages/core/src/utils/request-tokenizer/types.ts": {"lines":{"total":1,"covered":0,"skipped":0,"pct":0},"functions":{"total":1,"covered":0,"skipped":0,"pct":0},"statements":{"total":1,"covered":0,"skipped":0,"pct":0},"branches":{"total":1,"covered":0,"skipped":0,"pct":0}}
}
