{"total": {"lines":{"total":35809,"covered":24522,"skipped":0,"pct":68.47},"statements":{"total":35809,"covered":24522,"skipped":0,"pct":68.47},"functions":{"total":818,"covered":560,"skipped":0,"pct":68.45},"branches":{"total":5055,"covered":4027,"skipped":0,"pct":79.66},"branchesTrue":{"total":0,"covered":0,"skipped":0,"pct":100}}
,"/home/atmandk/LowCal-dev/packages/cli/src/gemini.tsx": {"lines":{"total":319,"covered":133,"skipped":0,"pct":41.69},"functions":{"total":8,"covered":5,"skipped":0,"pct":62.5},"statements":{"total":319,"covered":133,"skipped":0,"pct":41.69},"branches":{"total":28,"covered":14,"skipped":0,"pct":50}}
,"/home/atmandk/LowCal-dev/packages/cli/src/nonInteractiveCli.ts": {"lines":{"total":104,"covered":94,"skipped":0,"pct":90.38},"functions":{"total":3,"covered":1,"skipped":0,"pct":33.33},"statements":{"total":104,"covered":94,"skipped":0,"pct":90.38},"branches":{"total":19,"covered":14,"skipped":0,"pct":73.68}}
,"/home/atmandk/LowCal-dev/packages/cli/src/validateNonInterActiveAuth.ts": {"lines":{"total":41,"covered":41,"skipped":0,"pct":100},"functions":{"total":2,"covered":2,"skipped":0,"pct":100},"statements":{"total":41,"covered":41,"skipped":0,"pct":100},"branches":{"total":13,"covered":13,"skipped":0,"pct":100}}
,"/home/atmandk/LowCal-dev/packages/cli/src/commands/extensions.tsx": {"lines":{"total":23,"covered":13,"skipped":0,"pct":56.52},"functions":{"total":2,"covered":0,"skipped":0,"pct":0},"statements":{"total":23,"covered":13,"skipped":0,"pct":56.52},"branches":{"total":0,"covered":0,"skipped":0,"pct":100}}
,"/home/atmandk/LowCal-dev/packages/cli/src/commands/mcp.ts": {"lines":{"total":17,"covered":16,"skipped":0,"pct":94.11},"functions":{"total":2,"covered":1,"skipped":0,"pct":50},"statements":{"total":17,"covered":16,"skipped":0,"pct":94.11},"branches":{"total":1,"covered":1,"skipped":0,"pct":100}}
,"/home/atmandk/LowCal-dev/packages/cli/src/commands/extensions/disable.ts": {"lines":{"total":39,"covered":11,"skipped":0,"pct":28.2},"functions":{"total":3,"covered":0,"skipped":0,"pct":0},"statements":{"total":39,"covered":11,"skipped":0,"pct":28.2},"branches":{"total":0,"covered":0,"skipped":0,"pct":100}}
,"/home/atmandk/LowCal-dev/packages/cli/src/commands/extensions/enable.ts": {"lines":{"total":47,"covered":11,"skipped":0,"pct":23.4},"functions":{"total":3,"covered":0,"skipped":0,"pct":0},"statements":{"total":47,"covered":11,"skipped":0,"pct":23.4},"branches":{"total":0,"covered":0,"skipped":0,"pct":100}}
,"/home/atmandk/LowCal-dev/packages/cli/src/commands/extensions/install.ts": {"lines":{"total":47,"covered":26,"skipped":0,"pct":55.31},"functions":{"total":3,"covered":1,"skipped":0,"pct":33.33},"statements":{"total":47,"covered":26,"skipped":0,"pct":55.31},"branches":{"total":3,"covered":2,"skipped":0,"pct":66.66}}
,"/home/atmandk/LowCal-dev/packages/cli/src/commands/extensions/list.ts": {"lines":{"total":28,"covered":9,"skipped":0,"pct":32.14},"functions":{"total":3,"covered":0,"skipped":0,"pct":0},"statements":{"total":28,"covered":9,"skipped":0,"pct":32.14},"branches":{"total":0,"covered":0,"skipped":0,"pct":100}}
,"/home/atmandk/LowCal-dev/packages/cli/src/commands/extensions/uninstall.ts": {"lines":{"total":35,"covered":16,"skipped":0,"pct":45.71},"functions":{"total":3,"covered":1,"skipped":0,"pct":33.33},"statements":{"total":35,"covered":16,"skipped":0,"pct":45.71},"branches":{"total":1,"covered":1,"skipped":0,"pct":100}}
,"/home/atmandk/LowCal-dev/packages/cli/src/commands/extensions/update.ts": {"lines":{"total":34,"covered":9,"skipped":0,"pct":26.47},"functions":{"total":3,"covered":0,"skipped":0,"pct":0},"statements":{"total":34,"covered":9,"skipped":0,"pct":26.47},"branches":{"total":0,"covered":0,"skipped":0,"pct":100}}
,"/home/atmandk/LowCal-dev/packages/cli/src/commands/mcp/add.ts": {"lines":{"total":193,"covered":188,"skipped":0,"pct":97.4},"functions":{"total":3,"covered":3,"skipped":0,"pct":100},"statements":{"total":193,"covered":188,"skipped":0,"pct":97.4},"branches":{"total":18,"covered":15,"skipped":0,"pct":83.33}}
,"/home/atmandk/LowCal-dev/packages/cli/src/commands/mcp/list.ts": {"lines":{"total":106,"covered":96,"skipped":0,"pct":90.56},"functions":{"total":5,"covered":4,"skipped":0,"pct":80},"statements":{"total":106,"covered":96,"skipped":0,"pct":90.56},"branches":{"total":26,"covered":21,"skipped":0,"pct":80.76}}
,"/home/atmandk/LowCal-dev/packages/cli/src/commands/mcp/remove.ts": {"lines":{"total":44,"covered":44,"skipped":0,"pct":100},"functions":{"total":3,"covered":3,"skipped":0,"pct":100},"statements":{"total":44,"covered":44,"skipped":0,"pct":100},"branches":{"total":6,"covered":4,"skipped":0,"pct":66.66}}
,"/home/atmandk/LowCal-dev/packages/cli/src/config/auth.ts": {"lines":{"total":92,"covered":69,"skipped":0,"pct":75},"functions":{"total":6,"covered":4,"skipped":0,"pct":66.66},"statements":{"total":92,"covered":69,"skipped":0,"pct":75},"branches":{"total":26,"covered":22,"skipped":0,"pct":84.61}}
,"/home/atmandk/LowCal-dev/packages/cli/src/config/config.ts": {"lines":{"total":626,"covered":581,"skipped":0,"pct":92.81},"functions":{"total":12,"covered":10,"skipped":0,"pct":83.33},"statements":{"total":626,"covered":581,"skipped":0,"pct":92.81},"branches":{"total":183,"covered":156,"skipped":0,"pct":85.24}}
,"/home/atmandk/LowCal-dev/packages/cli/src/config/extension.ts": {"lines":{"total":424,"covered":353,"skipped":0,"pct":83.25},"functions":{"total":24,"covered":22,"skipped":0,"pct":91.66},"statements":{"total":424,"covered":353,"skipped":0,"pct":83.25},"branches":{"total":93,"covered":77,"skipped":0,"pct":82.79}}
,"/home/atmandk/LowCal-dev/packages/cli/src/config/keyBindings.ts": {"lines":{"total":79,"covered":79,"skipped":0,"pct":100},"functions":{"total":0,"covered":0,"skipped":0,"pct":100},"statements":{"total":79,"covered":79,"skipped":0,"pct":100},"branches":{"total":1,"covered":1,"skipped":0,"pct":100}}
,"/home/atmandk/LowCal-dev/packages/cli/src/config/sandboxConfig.ts": {"lines":{"total":72,"covered":39,"skipped":0,"pct":54.16},"functions":{"total":3,"covered":2,"skipped":0,"pct":66.66},"statements":{"total":72,"covered":39,"skipped":0,"pct":54.16},"branches":{"total":13,"covered":3,"skipped":0,"pct":23.07}}
,"/home/atmandk/LowCal-dev/packages/cli/src/config/settings.ts": {"lines":{"total":787,"covered":708,"skipped":0,"pct":89.96},"functions":{"total":25,"covered":24,"skipped":0,"pct":96},"statements":{"total":787,"covered":708,"skipped":0,"pct":89.96},"branches":{"total":228,"covered":184,"skipped":0,"pct":80.7}}
,"/home/atmandk/LowCal-dev/packages/cli/src/config/settingsSchema.ts": {"lines":{"total":958,"covered":958,"skipped":0,"pct":100},"functions":{"total":0,"covered":0,"skipped":0,"pct":100},"statements":{"total":958,"covered":958,"skipped":0,"pct":100},"branches":{"total":0,"covered":0,"skipped":0,"pct":100}}
,"/home/atmandk/LowCal-dev/packages/cli/src/config/trustedFolders.ts": {"lines":{"total":119,"covered":110,"skipped":0,"pct":92.43},"functions":{"total":6,"covered":6,"skipped":0,"pct":100},"statements":{"total":119,"covered":110,"skipped":0,"pct":92.43},"branches":{"total":30,"covered":27,"skipped":0,"pct":90}}
,"/home/atmandk/LowCal-dev/packages/cli/src/config/extensions/variableSchema.ts": {"lines":{"total":13,"covered":13,"skipped":0,"pct":100},"functions":{"total":0,"covered":0,"skipped":0,"pct":100},"statements":{"total":13,"covered":13,"skipped":0,"pct":100},"branches":{"total":0,"covered":0,"skipped":0,"pct":100}}
,"/home/atmandk/LowCal-dev/packages/cli/src/config/extensions/variables.ts": {"lines":{"total":43,"covered":36,"skipped":0,"pct":83.72},"functions":{"total":3,"covered":3,"skipped":0,"pct":100},"statements":{"total":43,"covered":36,"skipped":0,"pct":83.72},"branches":{"total":15,"covered":10,"skipped":0,"pct":66.66}}
,"/home/atmandk/LowCal-dev/packages/cli/src/generated/git-commit.ts": {"lines":{"total":3,"covered":3,"skipped":0,"pct":100},"functions":{"total":0,"covered":0,"skipped":0,"pct":100},"statements":{"total":3,"covered":3,"skipped":0,"pct":100},"branches":{"total":0,"covered":0,"skipped":0,"pct":100}}
,"/home/atmandk/LowCal-dev/packages/cli/src/patches/is-in-ci.ts": {"lines":{"total":3,"covered":0,"skipped":0,"pct":0},"functions":{"total":1,"covered":0,"skipped":0,"pct":0},"statements":{"total":3,"covered":0,"skipped":0,"pct":0},"branches":{"total":1,"covered":0,"skipped":0,"pct":0}}
,"/home/atmandk/LowCal-dev/packages/cli/src/services/BuiltinCommandLoader.ts": {"lines":{"total":76,"covered":76,"skipped":0,"pct":100},"functions":{"total":2,"covered":2,"skipped":0,"pct":100},"statements":{"total":76,"covered":76,"skipped":0,"pct":100},"branches":{"total":3,"covered":3,"skipped":0,"pct":100}}
,"/home/atmandk/LowCal-dev/packages/cli/src/services/CommandService.ts": {"lines":{"total":42,"covered":42,"skipped":0,"pct":100},"functions":{"total":3,"covered":3,"skipped":0,"pct":100},"statements":{"total":42,"covered":42,"skipped":0,"pct":100},"branches":{"total":11,"covered":11,"skipped":0,"pct":100}}
,"/home/atmandk/LowCal-dev/packages/cli/src/services/FileCommandLoader.ts": {"lines":{"total":192,"covered":178,"skipped":0,"pct":92.7},"functions":{"total":6,"covered":6,"skipped":0,"pct":100},"statements":{"total":192,"covered":178,"skipped":0,"pct":92.7},"branches":{"total":40,"covered":37,"skipped":0,"pct":92.5}}
,"/home/atmandk/LowCal-dev/packages/cli/src/services/McpPromptLoader.ts": {"lines":{"total":192,"covered":66,"skipped":0,"pct":34.37},"functions":{"total":6,"covered":3,"skipped":0,"pct":50},"statements":{"total":192,"covered":66,"skipped":0,"pct":34.37},"branches":{"total":22,"covered":16,"skipped":0,"pct":72.72}}
,"/home/atmandk/LowCal-dev/packages/cli/src/services/SessionMarkdownLogger.ts": {"lines":{"total":286,"covered":32,"skipped":0,"pct":11.18},"functions":{"total":17,"covered":3,"skipped":0,"pct":17.64},"statements":{"total":286,"covered":32,"skipped":0,"pct":11.18},"branches":{"total":3,"covered":3,"skipped":0,"pct":100}}
,"/home/atmandk/LowCal-dev/packages/cli/src/services/types.ts": {"lines":{"total":1,"covered":1,"skipped":0,"pct":100},"functions":{"total":0,"covered":0,"skipped":0,"pct":100},"statements":{"total":1,"covered":1,"skipped":0,"pct":100},"branches":{"total":0,"covered":0,"skipped":0,"pct":100}}
,"/home/atmandk/LowCal-dev/packages/cli/src/services/prompt-processors/argumentProcessor.ts": {"lines":{"total":13,"covered":13,"skipped":0,"pct":100},"functions":{"total":1,"covered":1,"skipped":0,"pct":100},"statements":{"total":13,"covered":13,"skipped":0,"pct":100},"branches":{"total":4,"covered":4,"skipped":0,"pct":100}}
,"/home/atmandk/LowCal-dev/packages/cli/src/services/prompt-processors/atFileProcessor.ts": {"lines":{"total":72,"covered":68,"skipped":0,"pct":94.44},"functions":{"total":2,"covered":2,"skipped":0,"pct":100},"statements":{"total":72,"covered":68,"skipped":0,"pct":94.44},"branches":{"total":19,"covered":16,"skipped":0,"pct":84.21}}
,"/home/atmandk/LowCal-dev/packages/cli/src/services/prompt-processors/injectionParser.ts": {"lines":{"total":49,"covered":49,"skipped":0,"pct":100},"functions":{"total":1,"covered":1,"skipped":0,"pct":100},"statements":{"total":49,"covered":49,"skipped":0,"pct":100},"branches":{"total":15,"covered":15,"skipped":0,"pct":100}}
,"/home/atmandk/LowCal-dev/packages/cli/src/services/prompt-processors/shellProcessor.ts": {"lines":{"total":132,"covered":128,"skipped":0,"pct":96.96},"functions":{"total":4,"covered":4,"skipped":0,"pct":100},"statements":{"total":132,"covered":128,"skipped":0,"pct":96.96},"branches":{"total":39,"covered":37,"skipped":0,"pct":94.87}}
,"/home/atmandk/LowCal-dev/packages/cli/src/services/prompt-processors/types.ts": {"lines":{"total":4,"covered":4,"skipped":0,"pct":100},"functions":{"total":0,"covered":0,"skipped":0,"pct":100},"statements":{"total":4,"covered":4,"skipped":0,"pct":100},"branches":{"total":0,"covered":0,"skipped":0,"pct":100}}
,"/home/atmandk/LowCal-dev/packages/cli/src/test-utils/customMatchers.ts": {"lines":{"total":33,"covered":23,"skipped":0,"pct":69.69},"functions":{"total":2,"covered":1,"skipped":0,"pct":50},"statements":{"total":33,"covered":23,"skipped":0,"pct":69.69},"branches":{"total":4,"covered":2,"skipped":0,"pct":50}}
,"/home/atmandk/LowCal-dev/packages/cli/src/test-utils/mockCommandContext.ts": {"lines":{"total":77,"covered":77,"skipped":0,"pct":100},"functions":{"total":2,"covered":2,"skipped":0,"pct":100},"statements":{"total":77,"covered":77,"skipped":0,"pct":100},"branches":{"total":7,"covered":7,"skipped":0,"pct":100}}
,"/home/atmandk/LowCal-dev/packages/cli/src/test-utils/mockLoggingController.ts": {"lines":{"total":11,"covered":11,"skipped":0,"pct":100},"functions":{"total":1,"covered":1,"skipped":0,"pct":100},"statements":{"total":11,"covered":11,"skipped":0,"pct":100},"branches":{"total":1,"covered":1,"skipped":0,"pct":100}}
,"/home/atmandk/LowCal-dev/packages/cli/src/test-utils/render.tsx": {"lines":{"total":10,"covered":10,"skipped":0,"pct":100},"functions":{"total":1,"covered":1,"skipped":0,"pct":100},"statements":{"total":10,"covered":10,"skipped":0,"pct":100},"branches":{"total":1,"covered":1,"skipped":0,"pct":100}}
,"/home/atmandk/LowCal-dev/packages/cli/src/ui/App.tsx": {"lines":{"total":1519,"covered":856,"skipped":0,"pct":56.35},"functions":{"total":19,"covered":6,"skipped":0,"pct":31.57},"statements":{"total":1519,"covered":856,"skipped":0,"pct":56.35},"branches":{"total":173,"covered":98,"skipped":0,"pct":56.64}}
,"/home/atmandk/LowCal-dev/packages/cli/src/ui/IdeIntegrationNudge.tsx": {"lines":{"total":72,"covered":6,"skipped":0,"pct":8.33},"functions":{"total":1,"covered":0,"skipped":0,"pct":0},"statements":{"total":72,"covered":6,"skipped":0,"pct":8.33},"branches":{"total":0,"covered":0,"skipped":0,"pct":100}}
,"/home/atmandk/LowCal-dev/packages/cli/src/ui/colors.ts": {"lines":{"total":49,"covered":39,"skipped":0,"pct":79.59},"functions":{"total":15,"covered":10,"skipped":0,"pct":66.66},"statements":{"total":49,"covered":39,"skipped":0,"pct":79.59},"branches":{"total":10,"covered":10,"skipped":0,"pct":100}}
,"/home/atmandk/LowCal-dev/packages/cli/src/ui/constants.ts": {"lines":{"total":16,"covered":16,"skipped":0,"pct":100},"functions":{"total":0,"covered":0,"skipped":0,"pct":100},"statements":{"total":16,"covered":16,"skipped":0,"pct":100},"branches":{"total":0,"covered":0,"skipped":0,"pct":100}}
,"/home/atmandk/LowCal-dev/packages/cli/src/ui/keyMatchers.ts": {"lines":{"total":46,"covered":44,"skipped":0,"pct":95.65},"functions":{"total":4,"covered":4,"skipped":0,"pct":100},"statements":{"total":46,"covered":44,"skipped":0,"pct":95.65},"branches":{"total":24,"covered":23,"skipped":0,"pct":95.83}}
,"/home/atmandk/LowCal-dev/packages/cli/src/ui/semantic-colors.ts": {"lines":{"total":19,"covered":19,"skipped":0,"pct":100},"functions":{"total":5,"covered":5,"skipped":0,"pct":100},"statements":{"total":19,"covered":19,"skipped":0,"pct":100},"branches":{"total":5,"covered":5,"skipped":0,"pct":100}}
,"/home/atmandk/LowCal-dev/packages/cli/src/ui/textConstants.ts": {"lines":{"total":5,"covered":5,"skipped":0,"pct":100},"functions":{"total":0,"covered":0,"skipped":0,"pct":100},"statements":{"total":5,"covered":5,"skipped":0,"pct":100},"branches":{"total":0,"covered":0,"skipped":0,"pct":100}}
,"/home/atmandk/LowCal-dev/packages/cli/src/ui/types.ts": {"lines":{"total":29,"covered":29,"skipped":0,"pct":100},"functions":{"total":0,"covered":0,"skipped":0,"pct":100},"statements":{"total":29,"covered":29,"skipped":0,"pct":100},"branches":{"total":4,"covered":4,"skipped":0,"pct":100}}
,"/home/atmandk/LowCal-dev/packages/cli/src/ui/commands/aboutCommand.ts": {"lines":{"total":41,"covered":41,"skipped":0,"pct":100},"functions":{"total":1,"covered":1,"skipped":0,"pct":100},"statements":{"total":41,"covered":41,"skipped":0,"pct":100},"branches":{"total":10,"covered":6,"skipped":0,"pct":60}}
,"/home/atmandk/LowCal-dev/packages/cli/src/ui/commands/agentsCommand.ts": {"lines":{"total":27,"covered":21,"skipped":0,"pct":77.77},"functions":{"total":2,"covered":0,"skipped":0,"pct":0},"statements":{"total":27,"covered":21,"skipped":0,"pct":77.77},"branches":{"total":0,"covered":0,"skipped":0,"pct":100}}
,"/home/atmandk/LowCal-dev/packages/cli/src/ui/commands/approvalModeCommand.ts": {"lines":{"total":366,"covered":290,"skipped":0,"pct":79.23},"functions":{"total":13,"covered":13,"skipped":0,"pct":100},"statements":{"total":366,"covered":290,"skipped":0,"pct":79.23},"branches":{"total":94,"covered":71,"skipped":0,"pct":75.53}}
,"/home/atmandk/LowCal-dev/packages/cli/src/ui/commands/authCommand.ts": {"lines":{"total":11,"covered":11,"skipped":0,"pct":100},"functions":{"total":1,"covered":1,"skipped":0,"pct":100},"statements":{"total":11,"covered":11,"skipped":0,"pct":100},"branches":{"total":1,"covered":1,"skipped":0,"pct":100}}
,"/home/atmandk/LowCal-dev/packages/cli/src/ui/commands/bugCommand.ts": {"lines":{"total":74,"covered":59,"skipped":0,"pct":79.72},"functions":{"total":1,"covered":1,"skipped":0,"pct":100},"statements":{"total":74,"covered":59,"skipped":0,"pct":79.72},"branches":{"total":8,"covered":3,"skipped":0,"pct":37.5}}
,"/home/atmandk/LowCal-dev/packages/cli/src/ui/commands/chatCommand.ts": {"lines":{"total":243,"covered":229,"skipped":0,"pct":94.23},"functions":{"total":7,"covered":7,"skipped":0,"pct":100},"statements":{"total":243,"covered":229,"skipped":0,"pct":94.23},"branches":{"total":48,"covered":40,"skipped":0,"pct":83.33}}
,"/home/atmandk/LowCal-dev/packages/cli/src/ui/commands/clearCommand.ts": {"lines":{"total":19,"covered":19,"skipped":0,"pct":100},"functions":{"total":1,"covered":1,"skipped":0,"pct":100},"statements":{"total":19,"covered":19,"skipped":0,"pct":100},"branches":{"total":3,"covered":3,"skipped":0,"pct":100}}
,"/home/atmandk/LowCal-dev/packages/cli/src/ui/commands/compressCommand.ts": {"lines":{"total":72,"covered":72,"skipped":0,"pct":100},"functions":{"total":1,"covered":1,"skipped":0,"pct":100},"statements":{"total":72,"covered":72,"skipped":0,"pct":100},"branches":{"total":9,"covered":8,"skipped":0,"pct":88.88}}
,"/home/atmandk/LowCal-dev/packages/cli/src/ui/commands/copyCommand.ts": {"lines":{"total":50,"covered":50,"skipped":0,"pct":100},"functions":{"total":1,"covered":1,"skipped":0,"pct":100},"statements":{"total":50,"covered":50,"skipped":0,"pct":100},"branches":{"total":17,"covered":17,"skipped":0,"pct":100}}
,"/home/atmandk/LowCal-dev/packages/cli/src/ui/commands/corgiCommand.ts": {"lines":{"total":10,"covered":10,"skipped":0,"pct":100},"functions":{"total":1,"covered":1,"skipped":0,"pct":100},"statements":{"total":10,"covered":10,"skipped":0,"pct":100},"branches":{"total":1,"covered":1,"skipped":0,"pct":100}}
,"/home/atmandk/LowCal-dev/packages/cli/src/ui/commands/directoryCommand.tsx": {"lines":{"total":165,"covered":115,"skipped":0,"pct":69.69},"functions":{"total":3,"covered":3,"skipped":0,"pct":100},"statements":{"total":165,"covered":115,"skipped":0,"pct":69.69},"branches":{"total":26,"covered":19,"skipped":0,"pct":73.07}}
,"/home/atmandk/LowCal-dev/packages/cli/src/ui/commands/docsCommand.ts": {"lines":{"total":31,"covered":31,"skipped":0,"pct":100},"functions":{"total":1,"covered":1,"skipped":0,"pct":100},"statements":{"total":31,"covered":31,"skipped":0,"pct":100},"branches":{"total":4,"covered":4,"skipped":0,"pct":100}}
,"/home/atmandk/LowCal-dev/packages/cli/src/ui/commands/editorCommand.ts": {"lines":{"total":11,"covered":11,"skipped":0,"pct":100},"functions":{"total":1,"covered":1,"skipped":0,"pct":100},"statements":{"total":11,"covered":11,"skipped":0,"pct":100},"branches":{"total":1,"covered":1,"skipped":0,"pct":100}}
,"/home/atmandk/LowCal-dev/packages/cli/src/ui/commands/exportCommand.ts": {"lines":{"total":88,"covered":62,"skipped":0,"pct":70.45},"functions":{"total":1,"covered":1,"skipped":0,"pct":100},"statements":{"total":88,"covered":62,"skipped":0,"pct":70.45},"branches":{"total":15,"covered":8,"skipped":0,"pct":53.33}}
,"/home/atmandk/LowCal-dev/packages/cli/src/ui/commands/extensionsCommand.ts": {"lines":{"total":34,"covered":34,"skipped":0,"pct":100},"functions":{"total":1,"covered":1,"skipped":0,"pct":100},"statements":{"total":34,"covered":34,"skipped":0,"pct":100},"branches":{"total":4,"covered":4,"skipped":0,"pct":100}}
,"/home/atmandk/LowCal-dev/packages/cli/src/ui/commands/helpCommand.ts": {"lines":{"total":16,"covered":16,"skipped":0,"pct":100},"functions":{"total":1,"covered":1,"skipped":0,"pct":100},"statements":{"total":16,"covered":16,"skipped":0,"pct":100},"branches":{"total":1,"covered":1,"skipped":0,"pct":100}}
,"/home/atmandk/LowCal-dev/packages/cli/src/ui/commands/ideCommand.ts": {"lines":{"total":246,"covered":153,"skipped":0,"pct":62.19},"functions":{"total":10,"covered":6,"skipped":0,"pct":60},"statements":{"total":246,"covered":153,"skipped":0,"pct":62.19},"branches":{"total":30,"covered":20,"skipped":0,"pct":66.66}}
,"/home/atmandk/LowCal-dev/packages/cli/src/ui/commands/initCommand.ts": {"lines":{"total":79,"covered":66,"skipped":0,"pct":83.54},"functions":{"total":1,"covered":1,"skipped":0,"pct":100},"statements":{"total":79,"covered":66,"skipped":0,"pct":83.54},"branches":{"total":10,"covered":7,"skipped":0,"pct":70}}
,"/home/atmandk/LowCal-dev/packages/cli/src/ui/commands/loggingCommand.ts": {"lines":{"total":93,"covered":71,"skipped":0,"pct":76.34},"functions":{"total":2,"covered":2,"skipped":0,"pct":100},"statements":{"total":93,"covered":71,"skipped":0,"pct":76.34},"branches":{"total":15,"covered":10,"skipped":0,"pct":66.66}}
,"/home/atmandk/LowCal-dev/packages/cli/src/ui/commands/mcpCommand.ts": {"lines":{"total":419,"covered":345,"skipped":0,"pct":82.33},"functions":{"total":6,"covered":5,"skipped":0,"pct":83.33},"statements":{"total":419,"covered":345,"skipped":0,"pct":82.33},"branches":{"total":88,"covered":73,"skipped":0,"pct":82.95}}
,"/home/atmandk/LowCal-dev/packages/cli/src/ui/commands/memoryCommand.ts": {"lines":{"total":271,"covered":165,"skipped":0,"pct":60.88},"functions":{"total":7,"covered":3,"skipped":0,"pct":42.85},"statements":{"total":271,"covered":165,"skipped":0,"pct":60.88},"branches":{"total":29,"covered":25,"skipped":0,"pct":86.2}}
,"/home/atmandk/LowCal-dev/packages/cli/src/ui/commands/modelCommand.ts": {"lines":{"total":70,"covered":67,"skipped":0,"pct":95.71},"functions":{"total":2,"covered":2,"skipped":0,"pct":100},"statements":{"total":70,"covered":67,"skipped":0,"pct":95.71},"branches":{"total":16,"covered":14,"skipped":0,"pct":87.5}}
,"/home/atmandk/LowCal-dev/packages/cli/src/ui/commands/privacyCommand.ts": {"lines":{"total":11,"covered":11,"skipped":0,"pct":100},"functions":{"total":1,"covered":1,"skipped":0,"pct":100},"statements":{"total":11,"covered":11,"skipped":0,"pct":100},"branches":{"total":1,"covered":1,"skipped":0,"pct":100}}
,"/home/atmandk/LowCal-dev/packages/cli/src/ui/commands/quitCommand.ts": {"lines":{"total":54,"covered":35,"skipped":0,"pct":64.81},"functions":{"total":2,"covered":1,"skipped":0,"pct":50},"statements":{"total":54,"covered":35,"skipped":0,"pct":64.81},"branches":{"total":1,"covered":1,"skipped":0,"pct":100}}
,"/home/atmandk/LowCal-dev/packages/cli/src/ui/commands/restoreCommand.ts": {"lines":{"total":125,"covered":115,"skipped":0,"pct":92},"functions":{"total":3,"covered":3,"skipped":0,"pct":100},"statements":{"total":125,"covered":115,"skipped":0,"pct":92},"branches":{"total":31,"covered":27,"skipped":0,"pct":87.09}}
,"/home/atmandk/LowCal-dev/packages/cli/src/ui/commands/settingsCommand.ts": {"lines":{"total":11,"covered":11,"skipped":0,"pct":100},"functions":{"total":1,"covered":1,"skipped":0,"pct":100},"statements":{"total":11,"covered":11,"skipped":0,"pct":100},"branches":{"total":1,"covered":1,"skipped":0,"pct":100}}
,"/home/atmandk/LowCal-dev/packages/cli/src/ui/commands/setupGithubCommand.ts": {"lines":{"total":153,"covered":128,"skipped":0,"pct":83.66},"functions":{"total":3,"covered":3,"skipped":0,"pct":100},"statements":{"total":153,"covered":128,"skipped":0,"pct":83.66},"branches":{"total":21,"covered":14,"skipped":0,"pct":66.66}}
,"/home/atmandk/LowCal-dev/packages/cli/src/ui/commands/statsCommand.ts": {"lines":{"total":58,"covered":49,"skipped":0,"pct":84.48},"functions":{"total":3,"covered":3,"skipped":0,"pct":100},"statements":{"total":58,"covered":49,"skipped":0,"pct":84.48},"branches":{"total":4,"covered":3,"skipped":0,"pct":75}}
,"/home/atmandk/LowCal-dev/packages/cli/src/ui/commands/summaryCommand.ts": {"lines":{"total":144,"covered":12,"skipped":0,"pct":8.33},"functions":{"total":1,"covered":0,"skipped":0,"pct":0},"statements":{"total":144,"covered":12,"skipped":0,"pct":8.33},"branches":{"total":0,"covered":0,"skipped":0,"pct":100}}
,"/home/atmandk/LowCal-dev/packages/cli/src/ui/commands/terminalSetupCommand.ts": {"lines":{"total":30,"covered":30,"skipped":0,"pct":100},"functions":{"total":1,"covered":1,"skipped":0,"pct":100},"statements":{"total":30,"covered":30,"skipped":0,"pct":100},"branches":{"total":7,"covered":7,"skipped":0,"pct":100}}
,"/home/atmandk/LowCal-dev/packages/cli/src/ui/commands/themeCommand.ts": {"lines":{"total":11,"covered":11,"skipped":0,"pct":100},"functions":{"total":1,"covered":1,"skipped":0,"pct":100},"statements":{"total":11,"covered":11,"skipped":0,"pct":100},"branches":{"total":1,"covered":1,"skipped":0,"pct":100}}
,"/home/atmandk/LowCal-dev/packages/cli/src/ui/commands/toolsCommand.ts": {"lines":{"total":49,"covered":49,"skipped":0,"pct":100},"functions":{"total":1,"covered":1,"skipped":0,"pct":100},"statements":{"total":49,"covered":49,"skipped":0,"pct":100},"branches":{"total":12,"covered":12,"skipped":0,"pct":100}}
,"/home/atmandk/LowCal-dev/packages/cli/src/ui/commands/types.ts": {"lines":{"total":6,"covered":6,"skipped":0,"pct":100},"functions":{"total":0,"covered":0,"skipped":0,"pct":100},"statements":{"total":6,"covered":6,"skipped":0,"pct":100},"branches":{"total":1,"covered":1,"skipped":0,"pct":100}}
,"/home/atmandk/LowCal-dev/packages/cli/src/ui/commands/vimCommand.ts": {"lines":{"total":18,"covered":8,"skipped":0,"pct":44.44},"functions":{"total":1,"covered":0,"skipped":0,"pct":0},"statements":{"total":18,"covered":8,"skipped":0,"pct":44.44},"branches":{"total":0,"covered":0,"skipped":0,"pct":100}}
,"/home/atmandk/LowCal-dev/packages/cli/src/ui/components/AboutBox.tsx": {"lines":{"total":102,"covered":102,"skipped":0,"pct":100},"functions":{"total":1,"covered":1,"skipped":0,"pct":100},"statements":{"total":102,"covered":102,"skipped":0,"pct":100},"branches":{"total":2,"covered":1,"skipped":0,"pct":50}}
,"/home/atmandk/LowCal-dev/packages/cli/src/ui/components/AsciiArt.ts": {"lines":{"total":4,"covered":4,"skipped":0,"pct":100},"functions":{"total":0,"covered":0,"skipped":0,"pct":100},"statements":{"total":4,"covered":4,"skipped":0,"pct":100},"branches":{"total":0,"covered":0,"skipped":0,"pct":100}}
,"/home/atmandk/LowCal-dev/packages/cli/src/ui/components/AuthDialog.tsx": {"lines":{"total":421,"covered":146,"skipped":0,"pct":34.67},"functions":{"total":12,"covered":3,"skipped":0,"pct":25},"statements":{"total":421,"covered":146,"skipped":0,"pct":34.67},"branches":{"total":28,"covered":20,"skipped":0,"pct":71.42}}
,"/home/atmandk/LowCal-dev/packages/cli/src/ui/components/AuthInProgress.tsx": {"lines":{"total":42,"covered":7,"skipped":0,"pct":16.66},"functions":{"total":1,"covered":0,"skipped":0,"pct":0},"statements":{"total":42,"covered":7,"skipped":0,"pct":16.66},"branches":{"total":0,"covered":0,"skipped":0,"pct":100}}
,"/home/atmandk/LowCal-dev/packages/cli/src/ui/components/AutoAcceptIndicator.tsx": {"lines":{"total":38,"covered":5,"skipped":0,"pct":13.15},"functions":{"total":1,"covered":0,"skipped":0,"pct":0},"statements":{"total":38,"covered":5,"skipped":0,"pct":13.15},"branches":{"total":0,"covered":0,"skipped":0,"pct":100}}
,"/home/atmandk/LowCal-dev/packages/cli/src/ui/components/ConsoleSummaryDisplay.tsx": {"lines":{"total":19,"covered":17,"skipped":0,"pct":89.47},"functions":{"total":1,"covered":1,"skipped":0,"pct":100},"statements":{"total":19,"covered":17,"skipped":0,"pct":89.47},"branches":{"total":3,"covered":1,"skipped":0,"pct":33.33}}
,"/home/atmandk/LowCal-dev/packages/cli/src/ui/components/ContextSummaryDisplay.tsx": {"lines":{"total":89,"covered":82,"skipped":0,"pct":92.13},"functions":{"total":1,"covered":1,"skipped":0,"pct":100},"statements":{"total":89,"covered":82,"skipped":0,"pct":92.13},"branches":{"total":36,"covered":34,"skipped":0,"pct":94.44}}
,"/home/atmandk/LowCal-dev/packages/cli/src/ui/components/ContextUsageDisplay.tsx": {"lines":{"total":15,"covered":15,"skipped":0,"pct":100},"functions":{"total":1,"covered":1,"skipped":0,"pct":100},"statements":{"total":15,"covered":15,"skipped":0,"pct":100},"branches":{"total":1,"covered":1,"skipped":0,"pct":100}}
,"/home/atmandk/LowCal-dev/packages/cli/src/ui/components/DebugProfiler.tsx": {"lines":{"total":25,"covered":6,"skipped":0,"pct":24},"functions":{"total":1,"covered":0,"skipped":0,"pct":0},"statements":{"total":25,"covered":6,"skipped":0,"pct":24},"branches":{"total":0,"covered":0,"skipped":0,"pct":100}}
,"/home/atmandk/LowCal-dev/packages/cli/src/ui/components/DetailedMessagesDisplay.tsx": {"lines":{"total":57,"covered":6,"skipped":0,"pct":10.52},"functions":{"total":1,"covered":0,"skipped":0,"pct":0},"statements":{"total":57,"covered":6,"skipped":0,"pct":10.52},"branches":{"total":0,"covered":0,"skipped":0,"pct":100}}
,"/home/atmandk/LowCal-dev/packages/cli/src/ui/components/EditorSettingsDialog.tsx": {"lines":{"total":143,"covered":10,"skipped":0,"pct":6.99},"functions":{"total":1,"covered":0,"skipped":0,"pct":0},"statements":{"total":143,"covered":10,"skipped":0,"pct":6.99},"branches":{"total":0,"covered":0,"skipped":0,"pct":100}}
,"/home/atmandk/LowCal-dev/packages/cli/src/ui/components/FolderTrustDialog.tsx": {"lines":{"total":71,"covered":71,"skipped":0,"pct":100},"functions":{"total":3,"covered":3,"skipped":0,"pct":100},"statements":{"total":71,"covered":71,"skipped":0,"pct":100},"branches":{"total":7,"covered":7,"skipped":0,"pct":100}}
,"/home/atmandk/LowCal-dev/packages/cli/src/ui/components/Footer.tsx": {"lines":{"total":112,"covered":95,"skipped":0,"pct":84.82},"functions":{"total":1,"covered":1,"skipped":0,"pct":100},"statements":{"total":112,"covered":95,"skipped":0,"pct":84.82},"branches":{"total":34,"covered":28,"skipped":0,"pct":82.35}}
,"/home/atmandk/LowCal-dev/packages/cli/src/ui/components/GeminiRespondingSpinner.tsx": {"lines":{"total":21,"covered":16,"skipped":0,"pct":76.19},"functions":{"total":1,"covered":1,"skipped":0,"pct":100},"statements":{"total":21,"covered":16,"skipped":0,"pct":76.19},"branches":{"total":5,"covered":3,"skipped":0,"pct":60}}
,"/home/atmandk/LowCal-dev/packages/cli/src/ui/components/Header.tsx": {"lines":{"total":47,"covered":41,"skipped":0,"pct":87.23},"functions":{"total":1,"covered":1,"skipped":0,"pct":100},"statements":{"total":47,"covered":41,"skipped":0,"pct":87.23},"branches":{"total":7,"covered":4,"skipped":0,"pct":57.14}}
,"/home/atmandk/LowCal-dev/packages/cli/src/ui/components/Help.tsx": {"lines":{"total":118,"covered":4,"skipped":0,"pct":3.38},"functions":{"total":1,"covered":0,"skipped":0,"pct":0},"statements":{"total":118,"covered":4,"skipped":0,"pct":3.38},"branches":{"total":0,"covered":0,"skipped":0,"pct":100}}
,"/home/atmandk/LowCal-dev/packages/cli/src/ui/components/HistoryItemDisplay.tsx": {"lines":{"total":78,"covered":64,"skipped":0,"pct":82.05},"functions":{"total":1,"covered":1,"skipped":0,"pct":100},"statements":{"total":78,"covered":64,"skipped":0,"pct":82.05},"branches":{"total":18,"covered":10,"skipped":0,"pct":55.55}}
,"/home/atmandk/LowCal-dev/packages/cli/src/ui/components/InputPrompt.tsx": {"lines":{"total":681,"covered":530,"skipped":0,"pct":77.82},"functions":{"total":1,"covered":1,"skipped":0,"pct":100},"statements":{"total":681,"covered":530,"skipped":0,"pct":77.82},"branches":{"total":167,"covered":125,"skipped":0,"pct":74.85}}
,"/home/atmandk/LowCal-dev/packages/cli/src/ui/components/LoadingIndicator.tsx": {"lines":{"total":56,"covered":56,"skipped":0,"pct":100},"functions":{"total":1,"covered":1,"skipped":0,"pct":100},"statements":{"total":56,"covered":56,"skipped":0,"pct":100},"branches":{"total":25,"covered":25,"skipped":0,"pct":100}}
,"/home/atmandk/LowCal-dev/packages/cli/src/ui/components/MemoryUsageDisplay.tsx": {"lines":{"total":27,"covered":7,"skipped":0,"pct":25.92},"functions":{"total":1,"covered":0,"skipped":0,"pct":0},"statements":{"total":27,"covered":7,"skipped":0,"pct":25.92},"branches":{"total":0,"covered":0,"skipped":0,"pct":100}}
,"/home/atmandk/LowCal-dev/packages/cli/src/ui/components/ModelSelectionDialog.tsx": {"lines":{"total":76,"covered":75,"skipped":0,"pct":98.68},"functions":{"total":3,"covered":3,"skipped":0,"pct":100},"statements":{"total":76,"covered":75,"skipped":0,"pct":98.68},"branches":{"total":12,"covered":11,"skipped":0,"pct":91.66}}
,"/home/atmandk/LowCal-dev/packages/cli/src/ui/components/ModelStatsDisplay.tsx": {"lines":{"total":150,"covered":150,"skipped":0,"pct":100},"functions":{"total":3,"covered":3,"skipped":0,"pct":100},"statements":{"total":150,"covered":150,"skipped":0,"pct":100},"branches":{"total":32,"covered":32,"skipped":0,"pct":100}}
,"/home/atmandk/LowCal-dev/packages/cli/src/ui/components/ModelSwitchDialog.tsx": {"lines":{"total":64,"covered":64,"skipped":0,"pct":100},"functions":{"total":3,"covered":3,"skipped":0,"pct":100},"statements":{"total":64,"covered":64,"skipped":0,"pct":100},"branches":{"total":5,"covered":5,"skipped":0,"pct":100}}
,"/home/atmandk/LowCal-dev/packages/cli/src/ui/components/OpenAIKeyPrompt.tsx": {"lines":{"total":154,"covered":96,"skipped":0,"pct":62.33},"functions":{"total":1,"covered":1,"skipped":0,"pct":100},"statements":{"total":154,"covered":96,"skipped":0,"pct":62.33},"branches":{"total":16,"covered":5,"skipped":0,"pct":31.25}}
,"/home/atmandk/LowCal-dev/packages/cli/src/ui/components/PlanSummaryDisplay.tsx": {"lines":{"total":25,"covered":5,"skipped":0,"pct":20},"functions":{"total":1,"covered":0,"skipped":0,"pct":0},"statements":{"total":25,"covered":5,"skipped":0,"pct":20},"branches":{"total":0,"covered":0,"skipped":0,"pct":100}}
,"/home/atmandk/LowCal-dev/packages/cli/src/ui/components/PrepareLabel.tsx": {"lines":{"total":30,"covered":18,"skipped":0,"pct":60},"functions":{"total":1,"covered":1,"skipped":0,"pct":100},"statements":{"total":30,"covered":18,"skipped":0,"pct":60},"branches":{"total":5,"covered":4,"skipped":0,"pct":80}}
,"/home/atmandk/LowCal-dev/packages/cli/src/ui/components/ProviderKeyPrompt.tsx": {"lines":{"total":111,"covered":6,"skipped":0,"pct":5.4},"functions":{"total":1,"covered":0,"skipped":0,"pct":0},"statements":{"total":111,"covered":6,"skipped":0,"pct":5.4},"branches":{"total":0,"covered":0,"skipped":0,"pct":100}}
,"/home/atmandk/LowCal-dev/packages/cli/src/ui/components/QuitConfirmationDialog.tsx": {"lines":{"total":53,"covered":11,"skipped":0,"pct":20.75},"functions":{"total":1,"covered":0,"skipped":0,"pct":0},"statements":{"total":53,"covered":11,"skipped":0,"pct":20.75},"branches":{"total":1,"covered":1,"skipped":0,"pct":100}}
,"/home/atmandk/LowCal-dev/packages/cli/src/ui/components/QwenOAuthProgress.tsx": {"lines":{"total":187,"covered":187,"skipped":0,"pct":100},"functions":{"total":5,"covered":5,"skipped":0,"pct":100},"statements":{"total":187,"covered":187,"skipped":0,"pct":100},"branches":{"total":40,"covered":40,"skipped":0,"pct":100}}
,"/home/atmandk/LowCal-dev/packages/cli/src/ui/components/SessionSummaryDisplay.tsx": {"lines":{"total":6,"covered":6,"skipped":0,"pct":100},"functions":{"total":1,"covered":1,"skipped":0,"pct":100},"statements":{"total":6,"covered":6,"skipped":0,"pct":100},"branches":{"total":1,"covered":1,"skipped":0,"pct":100}}
,"/home/atmandk/LowCal-dev/packages/cli/src/ui/components/SettingsDialog.tsx": {"lines":{"total":624,"covered":365,"skipped":0,"pct":58.49},"functions":{"total":8,"covered":6,"skipped":0,"pct":75},"statements":{"total":624,"covered":365,"skipped":0,"pct":58.49},"branches":{"total":104,"covered":73,"skipped":0,"pct":70.19}}
,"/home/atmandk/LowCal-dev/packages/cli/src/ui/components/ShellConfirmationDialog.tsx": {"lines":{"total":69,"covered":59,"skipped":0,"pct":85.5},"functions":{"total":3,"covered":1,"skipped":0,"pct":33.33},"statements":{"total":69,"covered":59,"skipped":0,"pct":85.5},"branches":{"total":2,"covered":2,"skipped":0,"pct":100}}
,"/home/atmandk/LowCal-dev/packages/cli/src/ui/components/ShellModeIndicator.tsx": {"lines":{"total":9,"covered":4,"skipped":0,"pct":44.44},"functions":{"total":1,"covered":0,"skipped":0,"pct":0},"statements":{"total":9,"covered":4,"skipped":0,"pct":44.44},"branches":{"total":0,"covered":0,"skipped":0,"pct":100}}
,"/home/atmandk/LowCal-dev/packages/cli/src/ui/components/ShowMoreLines.tsx": {"lines":{"total":25,"covered":15,"skipped":0,"pct":60},"functions":{"total":1,"covered":1,"skipped":0,"pct":100},"statements":{"total":25,"covered":15,"skipped":0,"pct":60},"branches":{"total":4,"covered":1,"skipped":0,"pct":25}}
,"/home/atmandk/LowCal-dev/packages/cli/src/ui/components/StatsDisplay.tsx": {"lines":{"total":201,"covered":198,"skipped":0,"pct":98.5},"functions":{"total":6,"covered":6,"skipped":0,"pct":100},"statements":{"total":201,"covered":198,"skipped":0,"pct":98.5},"branches":{"total":15,"covered":14,"skipped":0,"pct":93.33}}
,"/home/atmandk/LowCal-dev/packages/cli/src/ui/components/SuggestionsDisplay.tsx": {"lines":{"total":91,"covered":77,"skipped":0,"pct":84.61},"functions":{"total":1,"covered":1,"skipped":0,"pct":100},"statements":{"total":91,"covered":77,"skipped":0,"pct":84.61},"branches":{"total":19,"covered":13,"skipped":0,"pct":68.42}}
,"/home/atmandk/LowCal-dev/packages/cli/src/ui/components/ThemeDialog.tsx": {"lines":{"total":225,"covered":12,"skipped":0,"pct":5.33},"functions":{"total":1,"covered":0,"skipped":0,"pct":0},"statements":{"total":225,"covered":12,"skipped":0,"pct":5.33},"branches":{"total":0,"covered":0,"skipped":0,"pct":100}}
,"/home/atmandk/LowCal-dev/packages/cli/src/ui/components/Tips.tsx": {"lines":{"total":26,"covered":5,"skipped":0,"pct":19.23},"functions":{"total":1,"covered":0,"skipped":0,"pct":0},"statements":{"total":26,"covered":5,"skipped":0,"pct":19.23},"branches":{"total":0,"covered":0,"skipped":0,"pct":100}}
,"/home/atmandk/LowCal-dev/packages/cli/src/ui/components/TodoDisplay.tsx": {"lines":{"total":40,"covered":40,"skipped":0,"pct":100},"functions":{"total":2,"covered":2,"skipped":0,"pct":100},"statements":{"total":40,"covered":40,"skipped":0,"pct":100},"branches":{"total":10,"covered":10,"skipped":0,"pct":100}}
,"/home/atmandk/LowCal-dev/packages/cli/src/ui/components/ToolStatsDisplay.tsx": {"lines":{"total":162,"covered":162,"skipped":0,"pct":100},"functions":{"total":3,"covered":3,"skipped":0,"pct":100},"statements":{"total":162,"covered":162,"skipped":0,"pct":100},"branches":{"total":16,"covered":14,"skipped":0,"pct":87.5}}
,"/home/atmandk/LowCal-dev/packages/cli/src/ui/components/UpdateNotification.tsx": {"lines":{"total":11,"covered":4,"skipped":0,"pct":36.36},"functions":{"total":1,"covered":0,"skipped":0,"pct":0},"statements":{"total":11,"covered":4,"skipped":0,"pct":36.36},"branches":{"total":0,"covered":0,"skipped":0,"pct":100}}
,"/home/atmandk/LowCal-dev/packages/cli/src/ui/components/WelcomeBackDialog.tsx": {"lines":{"total":88,"covered":7,"skipped":0,"pct":7.95},"functions":{"total":1,"covered":0,"skipped":0,"pct":0},"statements":{"total":88,"covered":7,"skipped":0,"pct":7.95},"branches":{"total":0,"covered":0,"skipped":0,"pct":100}}
,"/home/atmandk/LowCal-dev/packages/cli/src/ui/components/WorkspaceMigrationDialog.tsx": {"lines":{"total":80,"covered":7,"skipped":0,"pct":8.75},"functions":{"total":1,"covered":0,"skipped":0,"pct":0},"statements":{"total":80,"covered":7,"skipped":0,"pct":8.75},"branches":{"total":0,"covered":0,"skipped":0,"pct":100}}
,"/home/atmandk/LowCal-dev/packages/cli/src/ui/components/messages/CompressionMessage.tsx": {"lines":{"total":29,"covered":6,"skipped":0,"pct":20.68},"functions":{"total":1,"covered":0,"skipped":0,"pct":0},"statements":{"total":29,"covered":6,"skipped":0,"pct":20.68},"branches":{"total":0,"covered":0,"skipped":0,"pct":100}}
,"/home/atmandk/LowCal-dev/packages/cli/src/ui/components/messages/DiffRenderer.tsx": {"lines":{"total":290,"covered":271,"skipped":0,"pct":93.44},"functions":{"total":4,"covered":4,"skipped":0,"pct":100},"statements":{"total":290,"covered":271,"skipped":0,"pct":93.44},"branches":{"total":93,"covered":77,"skipped":0,"pct":82.79}}
,"/home/atmandk/LowCal-dev/packages/cli/src/ui/components/messages/ErrorMessage.tsx": {"lines":{"total":18,"covered":18,"skipped":0,"pct":100},"functions":{"total":1,"covered":1,"skipped":0,"pct":100},"statements":{"total":18,"covered":18,"skipped":0,"pct":100},"branches":{"total":1,"covered":1,"skipped":0,"pct":100}}
,"/home/atmandk/LowCal-dev/packages/cli/src/ui/components/messages/GeminiMessage.tsx": {"lines":{"total":32,"covered":6,"skipped":0,"pct":18.75},"functions":{"total":1,"covered":0,"skipped":0,"pct":0},"statements":{"total":32,"covered":6,"skipped":0,"pct":18.75},"branches":{"total":0,"covered":0,"skipped":0,"pct":100}}
,"/home/atmandk/LowCal-dev/packages/cli/src/ui/components/messages/GeminiMessageContent.tsx": {"lines":{"total":21,"covered":4,"skipped":0,"pct":19.04},"functions":{"total":1,"covered":0,"skipped":0,"pct":0},"statements":{"total":21,"covered":4,"skipped":0,"pct":19.04},"branches":{"total":0,"covered":0,"skipped":0,"pct":100}}
,"/home/atmandk/LowCal-dev/packages/cli/src/ui/components/messages/InfoMessage.tsx": {"lines":{"total":22,"covered":20,"skipped":0,"pct":90.9},"functions":{"total":1,"covered":1,"skipped":0,"pct":100},"statements":{"total":22,"covered":20,"skipped":0,"pct":90.9},"branches":{"total":2,"covered":1,"skipped":0,"pct":50}}
,"/home/atmandk/LowCal-dev/packages/cli/src/ui/components/messages/SummaryMessage.tsx": {"lines":{"total":39,"covered":5,"skipped":0,"pct":12.82},"functions":{"total":1,"covered":0,"skipped":0,"pct":0},"statements":{"total":39,"covered":5,"skipped":0,"pct":12.82},"branches":{"total":0,"covered":0,"skipped":0,"pct":100}}
,"/home/atmandk/LowCal-dev/packages/cli/src/ui/components/messages/ToolConfirmationMessage.tsx": {"lines":{"total":285,"covered":218,"skipped":0,"pct":76.49},"functions":{"total":5,"covered":2,"skipped":0,"pct":40},"statements":{"total":285,"covered":218,"skipped":0,"pct":76.49},"branches":{"total":23,"covered":18,"skipped":0,"pct":78.26}}
,"/home/atmandk/LowCal-dev/packages/cli/src/ui/components/messages/ToolGroupMessage.tsx": {"lines":{"total":91,"covered":91,"skipped":0,"pct":100},"functions":{"total":1,"covered":1,"skipped":0,"pct":100},"statements":{"total":91,"covered":91,"skipped":0,"pct":100},"branches":{"total":21,"covered":21,"skipped":0,"pct":100}}
,"/home/atmandk/LowCal-dev/packages/cli/src/ui/components/messages/ToolMessage.tsx": {"lines":{"total":256,"covered":226,"skipped":0,"pct":88.28},"functions":{"total":10,"covered":8,"skipped":0,"pct":80},"statements":{"total":256,"covered":226,"skipped":0,"pct":88.28},"branches":{"total":50,"covered":43,"skipped":0,"pct":86}}
,"/home/atmandk/LowCal-dev/packages/cli/src/ui/components/messages/UserMessage.tsx": {"lines":{"total":32,"covered":32,"skipped":0,"pct":100},"functions":{"total":1,"covered":1,"skipped":0,"pct":100},"statements":{"total":32,"covered":32,"skipped":0,"pct":100},"branches":{"total":5,"covered":5,"skipped":0,"pct":100}}
,"/home/atmandk/LowCal-dev/packages/cli/src/ui/components/messages/UserShellMessage.tsx": {"lines":{"total":11,"covered":4,"skipped":0,"pct":36.36},"functions":{"total":1,"covered":0,"skipped":0,"pct":0},"statements":{"total":11,"covered":4,"skipped":0,"pct":36.36},"branches":{"total":0,"covered":0,"skipped":0,"pct":100}}
,"/home/atmandk/LowCal-dev/packages/cli/src/ui/components/shared/MaxSizedBox.tsx": {"lines":{"total":419,"covered":342,"skipped":0,"pct":81.62},"functions":{"total":9,"covered":8,"skipped":0,"pct":88.88},"statements":{"total":419,"covered":342,"skipped":0,"pct":81.62},"branches":{"total":120,"covered":99,"skipped":0,"pct":82.5}}
,"/home/atmandk/LowCal-dev/packages/cli/src/ui/components/shared/RadioButtonSelect.tsx": {"lines":{"total":160,"covered":139,"skipped":0,"pct":86.87},"functions":{"total":2,"covered":2,"skipped":0,"pct":100},"statements":{"total":160,"covered":139,"skipped":0,"pct":86.87},"branches":{"total":44,"covered":30,"skipped":0,"pct":68.18}}
,"/home/atmandk/LowCal-dev/packages/cli/src/ui/components/shared/TextInput.tsx": {"lines":{"total":151,"covered":60,"skipped":0,"pct":39.73},"functions":{"total":4,"covered":1,"skipped":0,"pct":25},"statements":{"total":151,"covered":60,"skipped":0,"pct":39.73},"branches":{"total":6,"covered":3,"skipped":0,"pct":50}}
,"/home/atmandk/LowCal-dev/packages/cli/src/ui/components/shared/text-buffer.ts": {"lines":{"total":1486,"covered":1157,"skipped":0,"pct":77.86},"functions":{"total":30,"covered":29,"skipped":0,"pct":96.66},"statements":{"total":1486,"covered":1157,"skipped":0,"pct":77.86},"branches":{"total":387,"covered":302,"skipped":0,"pct":78.03}}
,"/home/atmandk/LowCal-dev/packages/cli/src/ui/components/shared/vim-buffer-actions.ts": {"lines":{"total":640,"covered":555,"skipped":0,"pct":86.71},"functions":{"total":2,"covered":2,"skipped":0,"pct":100},"statements":{"total":640,"covered":555,"skipped":0,"pct":86.71},"branches":{"total":118,"covered":80,"skipped":0,"pct":67.79}}
,"/home/atmandk/LowCal-dev/packages/cli/src/ui/components/subagents/constants.ts": {"lines":{"total":55,"covered":55,"skipped":0,"pct":100},"functions":{"total":0,"covered":0,"skipped":0,"pct":100},"statements":{"total":55,"covered":55,"skipped":0,"pct":100},"branches":{"total":0,"covered":0,"skipped":0,"pct":100}}
,"/home/atmandk/LowCal-dev/packages/cli/src/ui/components/subagents/index.ts": {"lines":{"total":4,"covered":4,"skipped":0,"pct":100},"functions":{"total":0,"covered":0,"skipped":0,"pct":100},"statements":{"total":4,"covered":4,"skipped":0,"pct":100},"branches":{"total":0,"covered":0,"skipped":0,"pct":100}}
,"/home/atmandk/LowCal-dev/packages/cli/src/ui/components/subagents/reducers.tsx": {"lines":{"total":157,"covered":19,"skipped":0,"pct":12.1},"functions":{"total":2,"covered":0,"skipped":0,"pct":0},"statements":{"total":157,"covered":19,"skipped":0,"pct":12.1},"branches":{"total":0,"covered":0,"skipped":0,"pct":100}}
,"/home/atmandk/LowCal-dev/packages/cli/src/ui/components/subagents/types.ts": {"lines":{"total":10,"covered":10,"skipped":0,"pct":100},"functions":{"total":0,"covered":0,"skipped":0,"pct":100},"statements":{"total":10,"covered":10,"skipped":0,"pct":100},"branches":{"total":0,"covered":0,"skipped":0,"pct":100}}
,"/home/atmandk/LowCal-dev/packages/cli/src/ui/components/subagents/utils.ts": {"lines":{"total":73,"covered":8,"skipped":0,"pct":10.95},"functions":{"total":6,"covered":0,"skipped":0,"pct":0},"statements":{"total":73,"covered":8,"skipped":0,"pct":10.95},"branches":{"total":0,"covered":0,"skipped":0,"pct":100}}
,"/home/atmandk/LowCal-dev/packages/cli/src/ui/components/subagents/create/AgentCreationWizard.tsx": {"lines":{"total":262,"covered":18,"skipped":0,"pct":6.87},"functions":{"total":1,"covered":0,"skipped":0,"pct":0},"statements":{"total":262,"covered":18,"skipped":0,"pct":6.87},"branches":{"total":0,"covered":0,"skipped":0,"pct":100}}
,"/home/atmandk/LowCal-dev/packages/cli/src/ui/components/subagents/create/ColorSelector.tsx": {"lines":{"total":60,"covered":9,"skipped":0,"pct":15},"functions":{"total":1,"covered":0,"skipped":0,"pct":0},"statements":{"total":60,"covered":9,"skipped":0,"pct":15},"branches":{"total":0,"covered":0,"skipped":0,"pct":100}}
,"/home/atmandk/LowCal-dev/packages/cli/src/ui/components/subagents/create/CreationSummary.tsx": {"lines":{"total":231,"covered":7,"skipped":0,"pct":3.03},"functions":{"total":1,"covered":0,"skipped":0,"pct":0},"statements":{"total":231,"covered":7,"skipped":0,"pct":3.03},"branches":{"total":0,"covered":0,"skipped":0,"pct":100}}
,"/home/atmandk/LowCal-dev/packages/cli/src/ui/components/subagents/create/DescriptionInput.tsx": {"lines":{"total":132,"covered":12,"skipped":0,"pct":9.09},"functions":{"total":1,"covered":0,"skipped":0,"pct":0},"statements":{"total":132,"covered":12,"skipped":0,"pct":9.09},"branches":{"total":0,"covered":0,"skipped":0,"pct":100}}
,"/home/atmandk/LowCal-dev/packages/cli/src/ui/components/subagents/create/GenerationMethodSelector.tsx": {"lines":{"total":39,"covered":14,"skipped":0,"pct":35.89},"functions":{"total":1,"covered":0,"skipped":0,"pct":0},"statements":{"total":39,"covered":14,"skipped":0,"pct":35.89},"branches":{"total":0,"covered":0,"skipped":0,"pct":100}}
,"/home/atmandk/LowCal-dev/packages/cli/src/ui/components/subagents/create/LocationSelector.tsx": {"lines":{"total":34,"covered":14,"skipped":0,"pct":41.17},"functions":{"total":1,"covered":0,"skipped":0,"pct":0},"statements":{"total":34,"covered":14,"skipped":0,"pct":41.17},"branches":{"total":0,"covered":0,"skipped":0,"pct":100}}
,"/home/atmandk/LowCal-dev/packages/cli/src/ui/components/subagents/create/TextEntryStep.tsx": {"lines":{"total":47,"covered":6,"skipped":0,"pct":12.76},"functions":{"total":1,"covered":0,"skipped":0,"pct":0},"statements":{"total":47,"covered":6,"skipped":0,"pct":12.76},"branches":{"total":0,"covered":0,"skipped":0,"pct":100}}
,"/home/atmandk/LowCal-dev/packages/cli/src/ui/components/subagents/create/ToolSelector.tsx": {"lines":{"total":187,"covered":7,"skipped":0,"pct":3.74},"functions":{"total":1,"covered":0,"skipped":0,"pct":0},"statements":{"total":187,"covered":7,"skipped":0,"pct":3.74},"branches":{"total":0,"covered":0,"skipped":0,"pct":100}}
,"/home/atmandk/LowCal-dev/packages/cli/src/ui/components/subagents/manage/ActionSelectionStep.tsx": {"lines":{"total":51,"covered":7,"skipped":0,"pct":13.72},"functions":{"total":1,"covered":0,"skipped":0,"pct":0},"statements":{"total":51,"covered":7,"skipped":0,"pct":13.72},"branches":{"total":0,"covered":0,"skipped":0,"pct":100}}
,"/home/atmandk/LowCal-dev/packages/cli/src/ui/components/subagents/manage/AgentDeleteStep.tsx": {"lines":{"total":38,"covered":6,"skipped":0,"pct":15.78},"functions":{"total":1,"covered":0,"skipped":0,"pct":0},"statements":{"total":38,"covered":6,"skipped":0,"pct":15.78},"branches":{"total":0,"covered":0,"skipped":0,"pct":100}}
,"/home/atmandk/LowCal-dev/packages/cli/src/ui/components/subagents/manage/AgentEditStep.tsx": {"lines":{"total":80,"covered":23,"skipped":0,"pct":28.75},"functions":{"total":1,"covered":0,"skipped":0,"pct":0},"statements":{"total":80,"covered":23,"skipped":0,"pct":28.75},"branches":{"total":0,"covered":0,"skipped":0,"pct":100}}
,"/home/atmandk/LowCal-dev/packages/cli/src/ui/components/subagents/manage/AgentSelectionStep.tsx": {"lines":{"total":247,"covered":8,"skipped":0,"pct":3.23},"functions":{"total":1,"covered":0,"skipped":0,"pct":0},"statements":{"total":247,"covered":8,"skipped":0,"pct":3.23},"branches":{"total":0,"covered":0,"skipped":0,"pct":100}}
,"/home/atmandk/LowCal-dev/packages/cli/src/ui/components/subagents/manage/AgentViewerStep.tsx": {"lines":{"total":45,"covered":6,"skipped":0,"pct":13.33},"functions":{"total":1,"covered":0,"skipped":0,"pct":0},"statements":{"total":45,"covered":6,"skipped":0,"pct":13.33},"branches":{"total":0,"covered":0,"skipped":0,"pct":100}}
,"/home/atmandk/LowCal-dev/packages/cli/src/ui/components/subagents/manage/AgentsManagerDialog.tsx": {"lines":{"total":259,"covered":16,"skipped":0,"pct":6.17},"functions":{"total":1,"covered":0,"skipped":0,"pct":0},"statements":{"total":259,"covered":16,"skipped":0,"pct":6.17},"branches":{"total":0,"covered":0,"skipped":0,"pct":100}}
,"/home/atmandk/LowCal-dev/packages/cli/src/ui/components/subagents/runtime/AgentExecutionDisplay.tsx": {"lines":{"total":371,"covered":30,"skipped":0,"pct":8.08},"functions":{"total":11,"covered":0,"skipped":0,"pct":0},"statements":{"total":371,"covered":30,"skipped":0,"pct":8.08},"branches":{"total":0,"covered":0,"skipped":0,"pct":100}}
,"/home/atmandk/LowCal-dev/packages/cli/src/ui/contexts/KeypressContext.tsx": {"lines":{"total":401,"covered":328,"skipped":0,"pct":81.79},"functions":{"total":9,"covered":9,"skipped":0,"pct":100},"statements":{"total":401,"covered":328,"skipped":0,"pct":81.79},"branches":{"total":109,"covered":93,"skipped":0,"pct":85.32}}
,"/home/atmandk/LowCal-dev/packages/cli/src/ui/contexts/OverflowContext.tsx": {"lines":{"total":56,"covered":51,"skipped":0,"pct":91.07},"functions":{"total":3,"covered":3,"skipped":0,"pct":100},"statements":{"total":56,"covered":51,"skipped":0,"pct":91.07},"branches":{"total":11,"covered":9,"skipped":0,"pct":81.81}}
,"/home/atmandk/LowCal-dev/packages/cli/src/ui/contexts/SessionContext.tsx": {"lines":{"total":69,"covered":65,"skipped":0,"pct":94.2},"functions":{"total":3,"covered":3,"skipped":0,"pct":100},"statements":{"total":69,"covered":65,"skipped":0,"pct":94.2},"branches":{"total":9,"covered":9,"skipped":0,"pct":100}}
,"/home/atmandk/LowCal-dev/packages/cli/src/ui/contexts/SettingsContext.tsx": {"lines":{"total":12,"covered":10,"skipped":0,"pct":83.33},"functions":{"total":1,"covered":1,"skipped":0,"pct":100},"statements":{"total":12,"covered":10,"skipped":0,"pct":83.33},"branches":{"total":2,"covered":1,"skipped":0,"pct":50}}
,"/home/atmandk/LowCal-dev/packages/cli/src/ui/contexts/StreamingContext.tsx": {"lines":{"total":14,"covered":10,"skipped":0,"pct":71.42},"functions":{"total":1,"covered":1,"skipped":0,"pct":100},"statements":{"total":14,"covered":10,"skipped":0,"pct":71.42},"branches":{"total":2,"covered":1,"skipped":0,"pct":50}}
,"/home/atmandk/LowCal-dev/packages/cli/src/ui/contexts/VimModeContext.tsx": {"lines":{"total":46,"covered":35,"skipped":0,"pct":76.08},"functions":{"total":2,"covered":2,"skipped":0,"pct":100},"statements":{"total":46,"covered":35,"skipped":0,"pct":76.08},"branches":{"total":6,"covered":3,"skipped":0,"pct":50}}
,"/home/atmandk/LowCal-dev/packages/cli/src/ui/editors/editorSettingsManager.ts": {"lines":{"total":44,"covered":41,"skipped":0,"pct":93.18},"functions":{"total":3,"covered":2,"skipped":0,"pct":66.66},"statements":{"total":44,"covered":41,"skipped":0,"pct":93.18},"branches":{"total":7,"covered":6,"skipped":0,"pct":85.71}}
,"/home/atmandk/LowCal-dev/packages/cli/src/ui/hooks/atCommandProcessor.ts": {"lines":{"total":372,"covered":293,"skipped":0,"pct":78.76},"functions":{"total":2,"covered":2,"skipped":0,"pct":100},"statements":{"total":372,"covered":293,"skipped":0,"pct":78.76},"branches":{"total":101,"covered":81,"skipped":0,"pct":80.19}}
,"/home/atmandk/LowCal-dev/packages/cli/src/ui/hooks/shellCommandProcessor.ts": {"lines":{"total":246,"covered":237,"skipped":0,"pct":96.34},"functions":{"total":4,"covered":4,"skipped":0,"pct":100},"statements":{"total":246,"covered":237,"skipped":0,"pct":96.34},"branches":{"total":38,"covered":29,"skipped":0,"pct":76.31}}
,"/home/atmandk/LowCal-dev/packages/cli/src/ui/hooks/slashCommandProcessor.ts": {"lines":{"total":625,"covered":463,"skipped":0,"pct":74.08},"functions":{"total":9,"covered":5,"skipped":0,"pct":55.55},"statements":{"total":625,"covered":463,"skipped":0,"pct":74.08},"branches":{"total":101,"covered":71,"skipped":0,"pct":70.29}}
,"/home/atmandk/LowCal-dev/packages/cli/src/ui/hooks/useAgentsManagerDialog.ts": {"lines":{"total":17,"covered":15,"skipped":0,"pct":88.23},"functions":{"total":1,"covered":1,"skipped":0,"pct":100},"statements":{"total":17,"covered":15,"skipped":0,"pct":88.23},"branches":{"total":1,"covered":1,"skipped":0,"pct":100}}
,"/home/atmandk/LowCal-dev/packages/cli/src/ui/hooks/useAtCompletion.ts": {"lines":{"total":180,"covered":167,"skipped":0,"pct":92.77},"functions":{"total":4,"covered":4,"skipped":0,"pct":100},"statements":{"total":180,"covered":167,"skipped":0,"pct":92.77},"branches":{"total":57,"covered":51,"skipped":0,"pct":89.47}}
,"/home/atmandk/LowCal-dev/packages/cli/src/ui/hooks/useAuthCommand.ts": {"lines":{"total":80,"covered":6,"skipped":0,"pct":7.5},"functions":{"total":1,"covered":0,"skipped":0,"pct":0},"statements":{"total":80,"covered":6,"skipped":0,"pct":7.5},"branches":{"total":0,"covered":0,"skipped":0,"pct":100}}
,"/home/atmandk/LowCal-dev/packages/cli/src/ui/hooks/useAutoAcceptIndicator.ts": {"lines":{"total":42,"covered":42,"skipped":0,"pct":100},"functions":{"total":2,"covered":2,"skipped":0,"pct":100},"statements":{"total":42,"covered":42,"skipped":0,"pct":100},"branches":{"total":9,"covered":8,"skipped":0,"pct":88.88}}
,"/home/atmandk/LowCal-dev/packages/cli/src/ui/hooks/useBracketedPaste.ts": {"lines":{"total":21,"covered":21,"skipped":0,"pct":100},"functions":{"total":2,"covered":2,"skipped":0,"pct":100},"statements":{"total":21,"covered":21,"skipped":0,"pct":100},"branches":{"total":4,"covered":4,"skipped":0,"pct":100}}
,"/home/atmandk/LowCal-dev/packages/cli/src/ui/hooks/useCommandCompletion.tsx": {"lines":{"total":213,"covered":203,"skipped":0,"pct":95.3},"functions":{"total":1,"covered":1,"skipped":0,"pct":100},"statements":{"total":213,"covered":203,"skipped":0,"pct":95.3},"branches":{"total":41,"covered":33,"skipped":0,"pct":80.48}}
,"/home/atmandk/LowCal-dev/packages/cli/src/ui/hooks/useCompletion.ts": {"lines":{"total":79,"covered":73,"skipped":0,"pct":92.4},"functions":{"total":1,"covered":1,"skipped":0,"pct":100},"statements":{"total":79,"covered":73,"skipped":0,"pct":92.4},"branches":{"total":24,"covered":21,"skipped":0,"pct":87.5}}
,"/home/atmandk/LowCal-dev/packages/cli/src/ui/hooks/useConsoleMessages.ts": {"lines":{"total":76,"covered":75,"skipped":0,"pct":98.68},"functions":{"total":2,"covered":2,"skipped":0,"pct":100},"statements":{"total":76,"covered":75,"skipped":0,"pct":98.68},"branches":{"total":20,"covered":19,"skipped":0,"pct":95}}
,"/home/atmandk/LowCal-dev/packages/cli/src/ui/hooks/useDialogClose.ts": {"lines":{"total":38,"covered":16,"skipped":0,"pct":42.1},"functions":{"total":1,"covered":1,"skipped":0,"pct":100},"statements":{"total":38,"covered":16,"skipped":0,"pct":42.1},"branches":{"total":9,"covered":2,"skipped":0,"pct":22.22}}
,"/home/atmandk/LowCal-dev/packages/cli/src/ui/hooks/useEditorSettings.ts": {"lines":{"total":49,"covered":49,"skipped":0,"pct":100},"functions":{"total":1,"covered":1,"skipped":0,"pct":100},"statements":{"total":49,"covered":49,"skipped":0,"pct":100},"branches":{"total":11,"covered":11,"skipped":0,"pct":100}}
,"/home/atmandk/LowCal-dev/packages/cli/src/ui/hooks/useFocus.ts": {"lines":{"total":31,"covered":31,"skipped":0,"pct":100},"functions":{"total":2,"covered":2,"skipped":0,"pct":100},"statements":{"total":31,"covered":31,"skipped":0,"pct":100},"branches":{"total":7,"covered":7,"skipped":0,"pct":100}}
,"/home/atmandk/LowCal-dev/packages/cli/src/ui/hooks/useFolderTrust.ts": {"lines":{"total":66,"covered":66,"skipped":0,"pct":100},"functions":{"total":1,"covered":1,"skipped":0,"pct":100},"statements":{"total":66,"covered":66,"skipped":0,"pct":100},"branches":{"total":14,"covered":12,"skipped":0,"pct":85.71}}
,"/home/atmandk/LowCal-dev/packages/cli/src/ui/hooks/useGeminiStream.ts": {"lines":{"total":912,"covered":659,"skipped":0,"pct":72.25},"functions":{"total":3,"covered":3,"skipped":0,"pct":100},"statements":{"total":912,"covered":659,"skipped":0,"pct":72.25},"branches":{"total":160,"covered":116,"skipped":0,"pct":72.5}}
,"/home/atmandk/LowCal-dev/packages/cli/src/ui/hooks/useGitBranchName.ts": {"lines":{"total":60,"covered":55,"skipped":0,"pct":91.66},"functions":{"total":2,"covered":2,"skipped":0,"pct":100},"statements":{"total":60,"covered":55,"skipped":0,"pct":91.66},"branches":{"total":13,"covered":11,"skipped":0,"pct":84.61}}
,"/home/atmandk/LowCal-dev/packages/cli/src/ui/hooks/useHistoryManager.ts": {"lines":{"total":63,"covered":62,"skipped":0,"pct":98.41},"functions":{"total":1,"covered":1,"skipped":0,"pct":100},"statements":{"total":63,"covered":62,"skipped":0,"pct":98.41},"branches":{"total":15,"covered":14,"skipped":0,"pct":93.33}}
,"/home/atmandk/LowCal-dev/packages/cli/src/ui/hooks/useInputHistory.ts": {"lines":{"total":80,"covered":74,"skipped":0,"pct":92.5},"functions":{"total":1,"covered":1,"skipped":0,"pct":100},"statements":{"total":80,"covered":74,"skipped":0,"pct":92.5},"branches":{"total":21,"covered":18,"skipped":0,"pct":85.71}}
,"/home/atmandk/LowCal-dev/packages/cli/src/ui/hooks/useKeypress.ts": {"lines":{"total":18,"covered":18,"skipped":0,"pct":100},"functions":{"total":1,"covered":1,"skipped":0,"pct":100},"statements":{"total":18,"covered":18,"skipped":0,"pct":100},"branches":{"total":6,"covered":6,"skipped":0,"pct":100}}
,"/home/atmandk/LowCal-dev/packages/cli/src/ui/hooks/useKittyKeyboardProtocol.ts": {"lines":{"total":11,"covered":11,"skipped":0,"pct":100},"functions":{"total":1,"covered":1,"skipped":0,"pct":100},"statements":{"total":11,"covered":11,"skipped":0,"pct":100},"branches":{"total":1,"covered":1,"skipped":0,"pct":100}}
,"/home/atmandk/LowCal-dev/packages/cli/src/ui/hooks/useLaunchEditor.ts": {"lines":{"total":52,"covered":6,"skipped":0,"pct":11.53},"functions":{"total":2,"covered":0,"skipped":0,"pct":0},"statements":{"total":52,"covered":6,"skipped":0,"pct":11.53},"branches":{"total":0,"covered":0,"skipped":0,"pct":100}}
,"/home/atmandk/LowCal-dev/packages/cli/src/ui/hooks/useLoadingIndicator.ts": {"lines":{"total":43,"covered":43,"skipped":0,"pct":100},"functions":{"total":1,"covered":1,"skipped":0,"pct":100},"statements":{"total":43,"covered":43,"skipped":0,"pct":100},"branches":{"total":13,"covered":13,"skipped":0,"pct":100}}
,"/home/atmandk/LowCal-dev/packages/cli/src/ui/hooks/useLogger.ts": {"lines":{"total":16,"covered":4,"skipped":0,"pct":25},"functions":{"total":1,"covered":0,"skipped":0,"pct":0},"statements":{"total":16,"covered":4,"skipped":0,"pct":25},"branches":{"total":0,"covered":0,"skipped":0,"pct":100}}
,"/home/atmandk/LowCal-dev/packages/cli/src/ui/hooks/useMessageQueue.ts": {"lines":{"total":35,"covered":35,"skipped":0,"pct":100},"functions":{"total":1,"covered":1,"skipped":0,"pct":100},"statements":{"total":35,"covered":35,"skipped":0,"pct":100},"branches":{"total":10,"covered":10,"skipped":0,"pct":100}}
,"/home/atmandk/LowCal-dev/packages/cli/src/ui/hooks/usePhraseCycler.ts": {"lines":{"total":176,"covered":168,"skipped":0,"pct":95.45},"functions":{"total":1,"covered":1,"skipped":0,"pct":100},"statements":{"total":176,"covered":168,"skipped":0,"pct":95.45},"branches":{"total":12,"covered":9,"skipped":0,"pct":75}}
,"/home/atmandk/LowCal-dev/packages/cli/src/ui/hooks/usePrivacySettings.ts": {"lines":{"total":114,"covered":97,"skipped":0,"pct":85.08},"functions":{"total":6,"covered":6,"skipped":0,"pct":100},"statements":{"total":114,"covered":97,"skipped":0,"pct":85.08},"branches":{"total":20,"covered":15,"skipped":0,"pct":75}}
,"/home/atmandk/LowCal-dev/packages/cli/src/ui/hooks/usePromptCompletion.ts": {"lines":{"total":187,"covered":76,"skipped":0,"pct":40.64},"functions":{"total":1,"covered":1,"skipped":0,"pct":100},"statements":{"total":187,"covered":76,"skipped":0,"pct":40.64},"branches":{"total":24,"covered":14,"skipped":0,"pct":58.33}}
,"/home/atmandk/LowCal-dev/packages/cli/src/ui/hooks/useQuitConfirmation.ts": {"lines":{"total":27,"covered":15,"skipped":0,"pct":55.55},"functions":{"total":1,"covered":1,"skipped":0,"pct":100},"statements":{"total":27,"covered":15,"skipped":0,"pct":55.55},"branches":{"total":1,"covered":1,"skipped":0,"pct":100}}
,"/home/atmandk/LowCal-dev/packages/cli/src/ui/hooks/useQwenAuth.ts": {"lines":{"total":74,"covered":74,"skipped":0,"pct":100},"functions":{"total":3,"covered":3,"skipped":0,"pct":100},"statements":{"total":74,"covered":74,"skipped":0,"pct":100},"branches":{"total":14,"covered":14,"skipped":0,"pct":100}}
,"/home/atmandk/LowCal-dev/packages/cli/src/ui/hooks/useReactToolScheduler.ts": {"lines":{"total":222,"covered":175,"skipped":0,"pct":78.82},"functions":{"total":3,"covered":3,"skipped":0,"pct":100},"statements":{"total":222,"covered":175,"skipped":0,"pct":78.82},"branches":{"total":36,"covered":34,"skipped":0,"pct":94.44}}
,"/home/atmandk/LowCal-dev/packages/cli/src/ui/hooks/useRefreshMemoryCommand.ts": {"lines":{"total":2,"covered":0,"skipped":0,"pct":0},"functions":{"total":1,"covered":0,"skipped":0,"pct":0},"statements":{"total":2,"covered":0,"skipped":0,"pct":0},"branches":{"total":1,"covered":0,"skipped":0,"pct":0}}
,"/home/atmandk/LowCal-dev/packages/cli/src/ui/hooks/useReverseSearchCompletion.tsx": {"lines":{"total":69,"covered":69,"skipped":0,"pct":100},"functions":{"total":1,"covered":1,"skipped":0,"pct":100},"statements":{"total":69,"covered":69,"skipped":0,"pct":100},"branches":{"total":13,"covered":12,"skipped":0,"pct":92.3}}
,"/home/atmandk/LowCal-dev/packages/cli/src/ui/hooks/useSessionLoggingController.ts": {"lines":{"total":101,"covered":53,"skipped":0,"pct":52.47},"functions":{"total":7,"covered":1,"skipped":0,"pct":14.28},"statements":{"total":101,"covered":53,"skipped":0,"pct":52.47},"branches":{"total":9,"covered":8,"skipped":0,"pct":88.88}}
,"/home/atmandk/LowCal-dev/packages/cli/src/ui/hooks/useSettingsCommand.ts": {"lines":{"total":16,"covered":14,"skipped":0,"pct":87.5},"functions":{"total":1,"covered":1,"skipped":0,"pct":100},"statements":{"total":16,"covered":14,"skipped":0,"pct":87.5},"branches":{"total":1,"covered":1,"skipped":0,"pct":100}}
,"/home/atmandk/LowCal-dev/packages/cli/src/ui/hooks/useShellHistory.ts": {"lines":{"total":108,"covered":99,"skipped":0,"pct":91.66},"functions":{"total":5,"covered":5,"skipped":0,"pct":100},"statements":{"total":108,"covered":99,"skipped":0,"pct":91.66},"branches":{"total":35,"covered":28,"skipped":0,"pct":80}}
,"/home/atmandk/LowCal-dev/packages/cli/src/ui/hooks/useShowMemoryCommand.ts": {"lines":{"total":61,"covered":0,"skipped":0,"pct":0},"functions":{"total":1,"covered":0,"skipped":0,"pct":0},"statements":{"total":61,"covered":0,"skipped":0,"pct":0},"branches":{"total":1,"covered":0,"skipped":0,"pct":0}}
,"/home/atmandk/LowCal-dev/packages/cli/src/ui/hooks/useSlashCompletion.ts": {"lines":{"total":150,"covered":141,"skipped":0,"pct":94},"functions":{"total":2,"covered":2,"skipped":0,"pct":100},"statements":{"total":150,"covered":141,"skipped":0,"pct":94},"branches":{"total":67,"covered":62,"skipped":0,"pct":92.53}}
,"/home/atmandk/LowCal-dev/packages/cli/src/ui/hooks/useStateAndRef.ts": {"lines":{"total":22,"covered":3,"skipped":0,"pct":13.63},"functions":{"total":1,"covered":0,"skipped":0,"pct":0},"statements":{"total":22,"covered":3,"skipped":0,"pct":13.63},"branches":{"total":0,"covered":0,"skipped":0,"pct":100}}
,"/home/atmandk/LowCal-dev/packages/cli/src/ui/hooks/useSubagentCreateDialog.ts": {"lines":{"total":17,"covered":15,"skipped":0,"pct":88.23},"functions":{"total":1,"covered":1,"skipped":0,"pct":100},"statements":{"total":17,"covered":15,"skipped":0,"pct":88.23},"branches":{"total":1,"covered":1,"skipped":0,"pct":100}}
,"/home/atmandk/LowCal-dev/packages/cli/src/ui/hooks/useTerminalSize.ts": {"lines":{"total":22,"covered":4,"skipped":0,"pct":18.18},"functions":{"total":1,"covered":0,"skipped":0,"pct":0},"statements":{"total":22,"covered":4,"skipped":0,"pct":18.18},"branches":{"total":0,"covered":0,"skipped":0,"pct":100}}
,"/home/atmandk/LowCal-dev/packages/cli/src/ui/hooks/useThemeCommand.ts": {"lines":{"total":83,"covered":39,"skipped":0,"pct":46.98},"functions":{"total":1,"covered":1,"skipped":0,"pct":100},"statements":{"total":83,"covered":39,"skipped":0,"pct":46.98},"branches":{"total":4,"covered":3,"skipped":0,"pct":75}}
,"/home/atmandk/LowCal-dev/packages/cli/src/ui/hooks/useTimer.ts": {"lines":{"total":42,"covered":37,"skipped":0,"pct":88.09},"functions":{"total":1,"covered":1,"skipped":0,"pct":100},"statements":{"total":42,"covered":37,"skipped":0,"pct":88.09},"branches":{"total":14,"covered":12,"skipped":0,"pct":85.71}}
,"/home/atmandk/LowCal-dev/packages/cli/src/ui/hooks/useVisionAutoSwitch.ts": {"lines":{"total":233,"covered":214,"skipped":0,"pct":91.84},"functions":{"total":7,"covered":7,"skipped":0,"pct":100},"statements":{"total":233,"covered":214,"skipped":0,"pct":91.84},"branches":{"total":70,"covered":62,"skipped":0,"pct":88.57}}
,"/home/atmandk/LowCal-dev/packages/cli/src/ui/hooks/useWelcomeBack.ts": {"lines":{"total":72,"covered":50,"skipped":0,"pct":69.44},"functions":{"total":1,"covered":1,"skipped":0,"pct":100},"statements":{"total":72,"covered":50,"skipped":0,"pct":69.44},"branches":{"total":9,"covered":4,"skipped":0,"pct":44.44}}
,"/home/atmandk/LowCal-dev/packages/cli/src/ui/hooks/useWorkspaceMigration.ts": {"lines":{"total":54,"covered":29,"skipped":0,"pct":53.7},"functions":{"total":3,"covered":1,"skipped":0,"pct":33.33},"statements":{"total":54,"covered":29,"skipped":0,"pct":53.7},"branches":{"total":4,"covered":2,"skipped":0,"pct":50}}
,"/home/atmandk/LowCal-dev/packages/cli/src/ui/hooks/vim.ts": {"lines":{"total":554,"covered":463,"skipped":0,"pct":83.57},"functions":{"total":3,"covered":3,"skipped":0,"pct":100},"statements":{"total":554,"covered":463,"skipped":0,"pct":83.57},"branches":{"total":123,"covered":98,"skipped":0,"pct":79.67}}
,"/home/atmandk/LowCal-dev/packages/cli/src/ui/models/availableModels.ts": {"lines":{"total":70,"covered":17,"skipped":0,"pct":24.28},"functions":{"total":6,"covered":2,"skipped":0,"pct":33.33},"statements":{"total":70,"covered":17,"skipped":0,"pct":24.28},"branches":{"total":4,"covered":4,"skipped":0,"pct":100}}
,"/home/atmandk/LowCal-dev/packages/cli/src/ui/models/modelSourceKey.ts": {"lines":{"total":17,"covered":17,"skipped":0,"pct":100},"functions":{"total":2,"covered":2,"skipped":0,"pct":100},"statements":{"total":17,"covered":17,"skipped":0,"pct":100},"branches":{"total":7,"covered":5,"skipped":0,"pct":71.42}}
,"/home/atmandk/LowCal-dev/packages/cli/src/ui/privacy/CloudFreePrivacyNotice.tsx": {"lines":{"total":77,"covered":8,"skipped":0,"pct":10.38},"functions":{"total":1,"covered":0,"skipped":0,"pct":0},"statements":{"total":77,"covered":8,"skipped":0,"pct":10.38},"branches":{"total":0,"covered":0,"skipped":0,"pct":100}}
,"/home/atmandk/LowCal-dev/packages/cli/src/ui/privacy/CloudPaidPrivacyNotice.tsx": {"lines":{"total":35,"covered":5,"skipped":0,"pct":14.28},"functions":{"total":1,"covered":0,"skipped":0,"pct":0},"statements":{"total":35,"covered":5,"skipped":0,"pct":14.28},"branches":{"total":0,"covered":0,"skipped":0,"pct":100}}
,"/home/atmandk/LowCal-dev/packages/cli/src/ui/privacy/GeminiPrivacyNotice.tsx": {"lines":{"total":41,"covered":5,"skipped":0,"pct":12.19},"functions":{"total":1,"covered":0,"skipped":0,"pct":0},"statements":{"total":41,"covered":5,"skipped":0,"pct":12.19},"branches":{"total":0,"covered":0,"skipped":0,"pct":100}}
,"/home/atmandk/LowCal-dev/packages/cli/src/ui/privacy/PrivacyNotice.tsx": {"lines":{"total":26,"covered":8,"skipped":0,"pct":30.76},"functions":{"total":2,"covered":0,"skipped":0,"pct":0},"statements":{"total":26,"covered":8,"skipped":0,"pct":30.76},"branches":{"total":0,"covered":0,"skipped":0,"pct":100}}
,"/home/atmandk/LowCal-dev/packages/cli/src/ui/themes/ansi-light.ts": {"lines":{"total":143,"covered":143,"skipped":0,"pct":100},"functions":{"total":0,"covered":0,"skipped":0,"pct":100},"statements":{"total":143,"covered":143,"skipped":0,"pct":100},"branches":{"total":0,"covered":0,"skipped":0,"pct":100}}
,"/home/atmandk/LowCal-dev/packages/cli/src/ui/themes/ansi.ts": {"lines":{"total":147,"covered":147,"skipped":0,"pct":100},"functions":{"total":0,"covered":0,"skipped":0,"pct":100},"statements":{"total":147,"covered":147,"skipped":0,"pct":100},"branches":{"total":0,"covered":0,"skipped":0,"pct":100}}
,"/home/atmandk/LowCal-dev/packages/cli/src/ui/themes/atom-one-dark.ts": {"lines":{"total":138,"covered":138,"skipped":0,"pct":100},"functions":{"total":0,"covered":0,"skipped":0,"pct":100},"statements":{"total":138,"covered":138,"skipped":0,"pct":100},"branches":{"total":0,"covered":0,"skipped":0,"pct":100}}
,"/home/atmandk/LowCal-dev/packages/cli/src/ui/themes/ayu-light.ts": {"lines":{"total":130,"covered":130,"skipped":0,"pct":100},"functions":{"total":0,"covered":0,"skipped":0,"pct":100},"statements":{"total":130,"covered":130,"skipped":0,"pct":100},"branches":{"total":0,"covered":0,"skipped":0,"pct":100}}
,"/home/atmandk/LowCal-dev/packages/cli/src/ui/themes/ayu.ts": {"lines":{"total":104,"covered":104,"skipped":0,"pct":100},"functions":{"total":0,"covered":0,"skipped":0,"pct":100},"statements":{"total":104,"covered":104,"skipped":0,"pct":100},"branches":{"total":0,"covered":0,"skipped":0,"pct":100}}
,"/home/atmandk/LowCal-dev/packages/cli/src/ui/themes/color-utils.ts": {"lines":{"total":194,"covered":194,"skipped":0,"pct":100},"functions":{"total":2,"covered":2,"skipped":0,"pct":100},"statements":{"total":194,"covered":194,"skipped":0,"pct":100},"branches":{"total":17,"covered":17,"skipped":0,"pct":100}}
,"/home/atmandk/LowCal-dev/packages/cli/src/ui/themes/default-light.ts": {"lines":{"total":100,"covered":100,"skipped":0,"pct":100},"functions":{"total":0,"covered":0,"skipped":0,"pct":100},"statements":{"total":100,"covered":100,"skipped":0,"pct":100},"branches":{"total":0,"covered":0,"skipped":0,"pct":100}}
,"/home/atmandk/LowCal-dev/packages/cli/src/ui/themes/default.ts": {"lines":{"total":143,"covered":143,"skipped":0,"pct":100},"functions":{"total":0,"covered":0,"skipped":0,"pct":100},"statements":{"total":143,"covered":143,"skipped":0,"pct":100},"branches":{"total":0,"covered":0,"skipped":0,"pct":100}}
,"/home/atmandk/LowCal-dev/packages/cli/src/ui/themes/dracula.ts": {"lines":{"total":115,"covered":115,"skipped":0,"pct":100},"functions":{"total":0,"covered":0,"skipped":0,"pct":100},"statements":{"total":115,"covered":115,"skipped":0,"pct":100},"branches":{"total":0,"covered":0,"skipped":0,"pct":100}}
,"/home/atmandk/LowCal-dev/packages/cli/src/ui/themes/github-dark.ts": {"lines":{"total":138,"covered":138,"skipped":0,"pct":100},"functions":{"total":0,"covered":0,"skipped":0,"pct":100},"statements":{"total":138,"covered":138,"skipped":0,"pct":100},"branches":{"total":0,"covered":0,"skipped":0,"pct":100}}
,"/home/atmandk/LowCal-dev/packages/cli/src/ui/themes/github-light.ts": {"lines":{"total":140,"covered":140,"skipped":0,"pct":100},"functions":{"total":0,"covered":0,"skipped":0,"pct":100},"statements":{"total":140,"covered":140,"skipped":0,"pct":100},"branches":{"total":0,"covered":0,"skipped":0,"pct":100}}
,"/home/atmandk/LowCal-dev/packages/cli/src/ui/themes/googlecode.ts": {"lines":{"total":137,"covered":137,"skipped":0,"pct":100},"functions":{"total":0,"covered":0,"skipped":0,"pct":100},"statements":{"total":137,"covered":137,"skipped":0,"pct":100},"branches":{"total":0,"covered":0,"skipped":0,"pct":100}}
,"/home/atmandk/LowCal-dev/packages/cli/src/ui/themes/no-color.ts": {"lines":{"total":116,"covered":116,"skipped":0,"pct":100},"functions":{"total":0,"covered":0,"skipped":0,"pct":100},"statements":{"total":116,"covered":116,"skipped":0,"pct":100},"branches":{"total":0,"covered":0,"skipped":0,"pct":100}}
,"/home/atmandk/LowCal-dev/packages/cli/src/ui/themes/qwen-dark.ts": {"lines":{"total":106,"covered":106,"skipped":0,"pct":100},"functions":{"total":0,"covered":0,"skipped":0,"pct":100},"statements":{"total":106,"covered":106,"skipped":0,"pct":100},"branches":{"total":0,"covered":0,"skipped":0,"pct":100}}
,"/home/atmandk/LowCal-dev/packages/cli/src/ui/themes/qwen-light.ts": {"lines":{"total":132,"covered":132,"skipped":0,"pct":100},"functions":{"total":0,"covered":0,"skipped":0,"pct":100},"statements":{"total":132,"covered":132,"skipped":0,"pct":100},"branches":{"total":0,"covered":0,"skipped":0,"pct":100}}
,"/home/atmandk/LowCal-dev/packages/cli/src/ui/themes/semantic-tokens.ts": {"lines":{"total":89,"covered":89,"skipped":0,"pct":100},"functions":{"total":0,"covered":0,"skipped":0,"pct":100},"statements":{"total":89,"covered":89,"skipped":0,"pct":100},"branches":{"total":0,"covered":0,"skipped":0,"pct":100}}
,"/home/atmandk/LowCal-dev/packages/cli/src/ui/themes/shades-of-purple.ts": {"lines":{"total":258,"covered":258,"skipped":0,"pct":100},"functions":{"total":0,"covered":0,"skipped":0,"pct":100},"statements":{"total":258,"covered":258,"skipped":0,"pct":100},"branches":{"total":0,"covered":0,"skipped":0,"pct":100}}
,"/home/atmandk/LowCal-dev/packages/cli/src/ui/themes/theme-manager.ts": {"lines":{"total":235,"covered":205,"skipped":0,"pct":87.23},"functions":{"total":14,"covered":14,"skipped":0,"pct":100},"statements":{"total":235,"covered":205,"skipped":0,"pct":87.23},"branches":{"total":63,"covered":49,"skipped":0,"pct":77.77}}
,"/home/atmandk/LowCal-dev/packages/cli/src/ui/themes/theme.ts": {"lines":{"total":331,"covered":331,"skipped":0,"pct":100},"functions":{"total":7,"covered":7,"skipped":0,"pct":100},"statements":{"total":331,"covered":331,"skipped":0,"pct":100},"branches":{"total":46,"covered":19,"skipped":0,"pct":41.3}}
,"/home/atmandk/LowCal-dev/packages/cli/src/ui/themes/xcode.ts": {"lines":{"total":145,"covered":145,"skipped":0,"pct":100},"functions":{"total":0,"covered":0,"skipped":0,"pct":100},"statements":{"total":145,"covered":145,"skipped":0,"pct":100},"branches":{"total":0,"covered":0,"skipped":0,"pct":100}}
,"/home/atmandk/LowCal-dev/packages/cli/src/ui/utils/CodeColorizer.tsx": {"lines":{"total":145,"covered":115,"skipped":0,"pct":79.31},"functions":{"total":5,"covered":5,"skipped":0,"pct":100},"statements":{"total":145,"covered":115,"skipped":0,"pct":79.31},"branches":{"total":32,"covered":27,"skipped":0,"pct":84.37}}
,"/home/atmandk/LowCal-dev/packages/cli/src/ui/utils/ConsolePatcher.ts": {"lines":{"total":50,"covered":48,"skipped":0,"pct":96},"functions":{"total":6,"covered":6,"skipped":0,"pct":100},"statements":{"total":50,"covered":48,"skipped":0,"pct":96},"branches":{"total":12,"covered":9,"skipped":0,"pct":75}}
,"/home/atmandk/LowCal-dev/packages/cli/src/ui/utils/InlineMarkdownRenderer.tsx": {"lines":{"total":140,"covered":74,"skipped":0,"pct":52.85},"functions":{"total":2,"covered":2,"skipped":0,"pct":100},"statements":{"total":140,"covered":74,"skipped":0,"pct":52.85},"branches":{"total":33,"covered":9,"skipped":0,"pct":27.27}}
,"/home/atmandk/LowCal-dev/packages/cli/src/ui/utils/MarkdownDisplay.tsx": {"lines":{"total":332,"covered":285,"skipped":0,"pct":85.84},"functions":{"total":5,"covered":5,"skipped":0,"pct":100},"statements":{"total":332,"covered":285,"skipped":0,"pct":85.84},"branches":{"total":65,"covered":57,"skipped":0,"pct":87.69}}
,"/home/atmandk/LowCal-dev/packages/cli/src/ui/utils/TableRenderer.tsx": {"lines":{"total":105,"covered":82,"skipped":0,"pct":78.09},"functions":{"total":4,"covered":4,"skipped":0,"pct":100},"statements":{"total":105,"covered":82,"skipped":0,"pct":78.09},"branches":{"total":21,"covered":16,"skipped":0,"pct":76.19}}
,"/home/atmandk/LowCal-dev/packages/cli/src/ui/utils/clipboardUtils.ts": {"lines":{"total":93,"covered":30,"skipped":0,"pct":32.25},"functions":{"total":3,"covered":3,"skipped":0,"pct":100},"statements":{"total":93,"covered":30,"skipped":0,"pct":32.25},"branches":{"total":8,"covered":3,"skipped":0,"pct":37.5}}
,"/home/atmandk/LowCal-dev/packages/cli/src/ui/utils/commandUtils.ts": {"lines":{"total":111,"covered":103,"skipped":0,"pct":92.79},"functions":{"total":5,"covered":5,"skipped":0,"pct":100},"statements":{"total":111,"covered":103,"skipped":0,"pct":92.79},"branches":{"total":44,"covered":39,"skipped":0,"pct":88.63}}
,"/home/atmandk/LowCal-dev/packages/cli/src/ui/utils/computeStats.ts": {"lines":{"total":69,"covered":69,"skipped":0,"pct":100},"functions":{"total":4,"covered":4,"skipped":0,"pct":100},"statements":{"total":69,"covered":69,"skipped":0,"pct":100},"branches":{"total":23,"covered":23,"skipped":0,"pct":100}}
,"/home/atmandk/LowCal-dev/packages/cli/src/ui/utils/displayUtils.ts": {"lines":{"total":21,"covered":21,"skipped":0,"pct":100},"functions":{"total":1,"covered":1,"skipped":0,"pct":100},"statements":{"total":21,"covered":21,"skipped":0,"pct":100},"branches":{"total":7,"covered":7,"skipped":0,"pct":100}}
,"/home/atmandk/LowCal-dev/packages/cli/src/ui/utils/formatters.ts": {"lines":{"total":42,"covered":38,"skipped":0,"pct":90.47},"functions":{"total":2,"covered":2,"skipped":0,"pct":100},"statements":{"total":42,"covered":38,"skipped":0,"pct":90.47},"branches":{"total":24,"covered":23,"skipped":0,"pct":95.83}}
,"/home/atmandk/LowCal-dev/packages/cli/src/ui/utils/isNarrowWidth.ts": {"lines":{"total":4,"covered":4,"skipped":0,"pct":100},"functions":{"total":1,"covered":1,"skipped":0,"pct":100},"statements":{"total":4,"covered":4,"skipped":0,"pct":100},"branches":{"total":1,"covered":1,"skipped":0,"pct":100}}
,"/home/atmandk/LowCal-dev/packages/cli/src/ui/utils/kittyProtocolDetector.ts": {"lines":{"total":72,"covered":10,"skipped":0,"pct":13.88},"functions":{"total":4,"covered":2,"skipped":0,"pct":50},"statements":{"total":72,"covered":10,"skipped":0,"pct":13.88},"branches":{"total":2,"covered":2,"skipped":0,"pct":100}}
,"/home/atmandk/LowCal-dev/packages/cli/src/ui/utils/markdownUtilities.ts": {"lines":{"total":63,"covered":44,"skipped":0,"pct":69.84},"functions":{"total":3,"covered":3,"skipped":0,"pct":100},"statements":{"total":63,"covered":44,"skipped":0,"pct":69.84},"branches":{"total":14,"covered":12,"skipped":0,"pct":85.71}}
,"/home/atmandk/LowCal-dev/packages/cli/src/ui/utils/platformConstants.ts": {"lines":{"total":14,"covered":14,"skipped":0,"pct":100},"functions":{"total":0,"covered":0,"skipped":0,"pct":100},"statements":{"total":14,"covered":14,"skipped":0,"pct":100},"branches":{"total":0,"covered":0,"skipped":0,"pct":100}}
,"/home/atmandk/LowCal-dev/packages/cli/src/ui/utils/terminalSetup.ts": {"lines":{"total":225,"covered":9,"skipped":0,"pct":4},"functions":{"total":9,"covered":0,"skipped":0,"pct":0},"statements":{"total":225,"covered":9,"skipped":0,"pct":4},"branches":{"total":0,"covered":0,"skipped":0,"pct":100}}
,"/home/atmandk/LowCal-dev/packages/cli/src/ui/utils/textUtils.ts": {"lines":{"total":34,"covered":32,"skipped":0,"pct":94.11},"functions":{"total":5,"covered":5,"skipped":0,"pct":100},"statements":{"total":34,"covered":32,"skipped":0,"pct":94.11},"branches":{"total":17,"covered":14,"skipped":0,"pct":82.35}}
,"/home/atmandk/LowCal-dev/packages/cli/src/ui/utils/updateCheck.ts": {"lines":{"total":73,"covered":73,"skipped":0,"pct":100},"functions":{"total":3,"covered":3,"skipped":0,"pct":100},"statements":{"total":73,"covered":73,"skipped":0,"pct":100},"branches":{"total":21,"covered":17,"skipped":0,"pct":80.95}}
,"/home/atmandk/LowCal-dev/packages/cli/src/utils/checks.ts": {"lines":{"total":9,"covered":3,"skipped":0,"pct":33.33},"functions":{"total":2,"covered":0,"skipped":0,"pct":0},"statements":{"total":9,"covered":3,"skipped":0,"pct":33.33},"branches":{"total":0,"covered":0,"skipped":0,"pct":100}}
,"/home/atmandk/LowCal-dev/packages/cli/src/utils/cleanup.ts": {"lines":{"total":26,"covered":17,"skipped":0,"pct":65.38},"functions":{"total":3,"covered":2,"skipped":0,"pct":66.66},"statements":{"total":26,"covered":17,"skipped":0,"pct":65.38},"branches":{"total":5,"covered":5,"skipped":0,"pct":100}}
,"/home/atmandk/LowCal-dev/packages/cli/src/utils/dialogScopeUtils.ts": {"lines":{"total":43,"covered":34,"skipped":0,"pct":79.06},"functions":{"total":2,"covered":2,"skipped":0,"pct":100},"statements":{"total":43,"covered":34,"skipped":0,"pct":79.06},"branches":{"total":6,"covered":4,"skipped":0,"pct":66.66}}
,"/home/atmandk/LowCal-dev/packages/cli/src/utils/errors.ts": {"lines":{"total":7,"covered":2,"skipped":0,"pct":28.57},"functions":{"total":1,"covered":0,"skipped":0,"pct":0},"statements":{"total":7,"covered":2,"skipped":0,"pct":28.57},"branches":{"total":0,"covered":0,"skipped":0,"pct":100}}
,"/home/atmandk/LowCal-dev/packages/cli/src/utils/events.ts": {"lines":{"total":7,"covered":7,"skipped":0,"pct":100},"functions":{"total":0,"covered":0,"skipped":0,"pct":100},"statements":{"total":7,"covered":7,"skipped":0,"pct":100},"branches":{"total":1,"covered":1,"skipped":0,"pct":100}}
,"/home/atmandk/LowCal-dev/packages/cli/src/utils/gitUtils.ts": {"lines":{"total":75,"covered":71,"skipped":0,"pct":94.66},"functions":{"total":4,"covered":4,"skipped":0,"pct":100},"statements":{"total":75,"covered":71,"skipped":0,"pct":94.66},"branches":{"total":17,"covered":14,"skipped":0,"pct":82.35}}
,"/home/atmandk/LowCal-dev/packages/cli/src/utils/handleAutoUpdate.ts": {"lines":{"total":125,"covered":102,"skipped":0,"pct":81.6},"functions":{"total":6,"covered":4,"skipped":0,"pct":66.66},"statements":{"total":125,"covered":102,"skipped":0,"pct":81.6},"branches":{"total":24,"covered":23,"skipped":0,"pct":95.83}}
,"/home/atmandk/LowCal-dev/packages/cli/src/utils/installationInfo.ts": {"lines":{"total":141,"covered":141,"skipped":0,"pct":100},"functions":{"total":1,"covered":1,"skipped":0,"pct":100},"statements":{"total":141,"covered":141,"skipped":0,"pct":100},"branches":{"total":41,"covered":41,"skipped":0,"pct":100}}
,"/home/atmandk/LowCal-dev/packages/cli/src/utils/package.ts": {"lines":{"total":18,"covered":16,"skipped":0,"pct":88.88},"functions":{"total":1,"covered":1,"skipped":0,"pct":100},"statements":{"total":18,"covered":16,"skipped":0,"pct":88.88},"branches":{"total":5,"covered":4,"skipped":0,"pct":80}}
,"/home/atmandk/LowCal-dev/packages/cli/src/utils/readStdin.ts": {"lines":{"total":53,"covered":42,"skipped":0,"pct":79.24},"functions":{"total":5,"covered":4,"skipped":0,"pct":80},"statements":{"total":53,"covered":42,"skipped":0,"pct":79.24},"branches":{"total":10,"covered":9,"skipped":0,"pct":90}}
,"/home/atmandk/LowCal-dev/packages/cli/src/utils/resolvePath.ts": {"lines":{"total":15,"covered":10,"skipped":0,"pct":66.66},"functions":{"total":1,"covered":1,"skipped":0,"pct":100},"statements":{"total":15,"covered":10,"skipped":0,"pct":66.66},"branches":{"total":4,"covered":1,"skipped":0,"pct":25}}
,"/home/atmandk/LowCal-dev/packages/cli/src/utils/sandbox.ts": {"lines":{"total":734,"covered":0,"skipped":0,"pct":0},"functions":{"total":1,"covered":0,"skipped":0,"pct":0},"statements":{"total":734,"covered":0,"skipped":0,"pct":0},"branches":{"total":1,"covered":0,"skipped":0,"pct":0}}
,"/home/atmandk/LowCal-dev/packages/cli/src/utils/settingsUtils.ts": {"lines":{"total":291,"covered":257,"skipped":0,"pct":88.31},"functions":{"total":30,"covered":29,"skipped":0,"pct":96.66},"statements":{"total":291,"covered":257,"skipped":0,"pct":88.31},"branches":{"total":95,"covered":90,"skipped":0,"pct":94.73}}
,"/home/atmandk/LowCal-dev/packages/cli/src/utils/spawnWrapper.ts": {"lines":{"total":3,"covered":3,"skipped":0,"pct":100},"functions":{"total":0,"covered":0,"skipped":0,"pct":100},"statements":{"total":3,"covered":3,"skipped":0,"pct":100},"branches":{"total":0,"covered":0,"skipped":0,"pct":100}}
,"/home/atmandk/LowCal-dev/packages/cli/src/utils/startupWarnings.ts": {"lines":{"total":26,"covered":6,"skipped":0,"pct":23.07},"functions":{"total":1,"covered":0,"skipped":0,"pct":0},"statements":{"total":26,"covered":6,"skipped":0,"pct":23.07},"branches":{"total":0,"covered":0,"skipped":0,"pct":100}}
,"/home/atmandk/LowCal-dev/packages/cli/src/utils/updateEventEmitter.ts": {"lines":{"total":3,"covered":3,"skipped":0,"pct":100},"functions":{"total":0,"covered":0,"skipped":0,"pct":100},"statements":{"total":3,"covered":3,"skipped":0,"pct":100},"branches":{"total":0,"covered":0,"skipped":0,"pct":100}}
,"/home/atmandk/LowCal-dev/packages/cli/src/utils/userStartupWarnings.ts": {"lines":{"total":49,"covered":49,"skipped":0,"pct":100},"functions":{"total":3,"covered":3,"skipped":0,"pct":100},"statements":{"total":49,"covered":49,"skipped":0,"pct":100},"branches":{"total":13,"covered":13,"skipped":0,"pct":100}}
,"/home/atmandk/LowCal-dev/packages/cli/src/utils/version.ts": {"lines":{"total":6,"covered":6,"skipped":0,"pct":100},"functions":{"total":1,"covered":1,"skipped":0,"pct":100},"statements":{"total":6,"covered":6,"skipped":0,"pct":100},"branches":{"total":2,"covered":1,"skipped":0,"pct":50}}
,"/home/atmandk/LowCal-dev/packages/cli/src/zed-integration/acp.ts": {"lines":{"total":243,"covered":35,"skipped":0,"pct":14.4},"functions":{"total":24,"covered":0,"skipped":0,"pct":0},"statements":{"total":243,"covered":35,"skipped":0,"pct":14.4},"branches":{"total":3,"covered":0,"skipped":0,"pct":0}}
,"/home/atmandk/LowCal-dev/packages/cli/src/zed-integration/fileSystemService.ts": {"lines":{"total":31,"covered":6,"skipped":0,"pct":19.35},"functions":{"total":3,"covered":0,"skipped":0,"pct":0},"statements":{"total":31,"covered":6,"skipped":0,"pct":19.35},"branches":{"total":0,"covered":0,"skipped":0,"pct":100}}
,"/home/atmandk/LowCal-dev/packages/cli/src/zed-integration/schema.ts": {"lines":{"total":306,"covered":306,"skipped":0,"pct":100},"functions":{"total":0,"covered":0,"skipped":0,"pct":100},"statements":{"total":306,"covered":306,"skipped":0,"pct":100},"branches":{"total":0,"covered":0,"skipped":0,"pct":100}}
,"/home/atmandk/LowCal-dev/packages/cli/src/zed-integration/zedIntegration.ts": {"lines":{"total":841,"covered":44,"skipped":0,"pct":5.23},"functions":{"total":18,"covered":0,"skipped":0,"pct":0},"statements":{"total":841,"covered":44,"skipped":0,"pct":5.23},"branches":{"total":1,"covered":0,"skipped":0,"pct":0}}
}
