<?xml version="1.0" encoding="UTF-8" ?>
<testsuites name="vitest tests" tests="61" failures="0" errors="0" time="0.111650072">
    <testsuite name="src/core/turn.test.ts" timestamp="2026-02-17T16:05:51.496Z" hostname="uby" tests="23" failures="0" errors="0" skipped="0" time="0.010599534">
        <testcase classname="src/core/turn.test.ts" name="Turn &gt; constructor &gt; should initialize pendingToolCalls and debugResponses" time="0.001436066">
        </testcase>
        <testcase classname="src/core/turn.test.ts" name="Turn &gt; run &gt; should yield content events for text parts" time="0.002239833">
        </testcase>
        <testcase classname="src/core/turn.test.ts" name="Turn &gt; run &gt; should only emit incremental content when chunks contain accumulated text" time="0.000228192">
        </testcase>
        <testcase classname="src/core/turn.test.ts" name="Turn &gt; run &gt; should ignore duplicate content chunks with no new text" time="0.000164854">
        </testcase>
        <testcase classname="src/core/turn.test.ts" name="Turn &gt; run &gt; should ignore chunks that are already contained within previous output" time="0.000137514">
        </testcase>
        <testcase classname="src/core/turn.test.ts" name="Turn &gt; run &gt; should suppress repeated large text segments when the provider replays them" time="0.000199399">
        </testcase>
        <testcase classname="src/core/turn.test.ts" name="Turn &gt; run &gt; should drop repeated thinking lines that are appended over multiple chunks" time="0.000316455">
        </testcase>
        <testcase classname="src/core/turn.test.ts" name="Turn &gt; run &gt; should drop duplicate thinking lines that arrive within a single chunk" time="0.000447017">
        </testcase>
        <testcase classname="src/core/turn.test.ts" name="Turn &gt; run &gt; should yield tool_call_request events for function calls" time="0.000655583">
        </testcase>
        <testcase classname="src/core/turn.test.ts" name="Turn &gt; run &gt; should yield UserCancelled event if signal is aborted" time="0.000395451">
        </testcase>
        <testcase classname="src/core/turn.test.ts" name="Turn &gt; run &gt; should yield Error event and report if sendMessageStream throws" time="0.000508711">
        </testcase>
        <testcase classname="src/core/turn.test.ts" name="Turn &gt; run &gt; should handle function calls with undefined name or args" time="0.000553514">
        </testcase>
        <testcase classname="src/core/turn.test.ts" name="Turn &gt; run &gt; should yield finished event when response has finish reason" time="0.000197325">
        </testcase>
        <testcase classname="src/core/turn.test.ts" name="Turn &gt; run &gt; should yield finished event for MAX_TOKENS finish reason" time="0.000241967">
        </testcase>
        <testcase classname="src/core/turn.test.ts" name="Turn &gt; run &gt; should yield finished event for SAFETY finish reason" time="0.000180163">
        </testcase>
        <testcase classname="src/core/turn.test.ts" name="Turn &gt; run &gt; should not yield finished event when there is no finish reason" time="0.000123017">
        </testcase>
        <testcase classname="src/core/turn.test.ts" name="Turn &gt; run &gt; should handle multiple responses with different finish reasons" time="0.00014028">
        </testcase>
        <testcase classname="src/core/turn.test.ts" name="Turn &gt; run &gt; should not crash when cancelled request has malformed error" time="0.000230517">
        </testcase>
        <testcase classname="src/core/turn.test.ts" name="Turn &gt; run &gt; should yield a Retry event when it receives one from the chat stream" time="0.000139538">
        </testcase>
        <testcase classname="src/core/turn.test.ts" name="Turn &gt; run &gt; should suppress duplicate thought events" time="0.000484276">
        </testcase>
        <testcase classname="src/core/turn.test.ts" name="Turn &gt; run &gt; should emit both thought and visible text from the same chunk" time="0.000188117">
        </testcase>
        <testcase classname="src/core/turn.test.ts" name="Turn &gt; run &gt; should emit tool calls from content parts even when thought is present" time="0.000275009">
        </testcase>
        <testcase classname="src/core/turn.test.ts" name="Turn &gt; getDebugResponses &gt; should return collected debug responses" time="0.000167851">
        </testcase>
    </testsuite>
    <testsuite name="src/services/loopDetectionService.test.ts" timestamp="2026-02-17T16:05:51.497Z" hostname="uby" tests="38" failures="0" errors="0" skipped="0" time="0.101050538">
        <testcase classname="src/services/loopDetectionService.test.ts" name="LoopDetectionService &gt; Tool Call Loop Detection &gt; should not detect a loop for fewer than TOOL_CALL_LOOP_THRESHOLD identical calls" time="0.001732174">
        </testcase>
        <testcase classname="src/services/loopDetectionService.test.ts" name="LoopDetectionService &gt; Tool Call Loop Detection &gt; should detect a loop on the TOOL_CALL_LOOP_THRESHOLD-th identical call" time="0.000529308">
        </testcase>
        <testcase classname="src/services/loopDetectionService.test.ts" name="LoopDetectionService &gt; Tool Call Loop Detection &gt; should detect a loop on subsequent identical calls" time="0.000116856">
        </testcase>
        <testcase classname="src/services/loopDetectionService.test.ts" name="LoopDetectionService &gt; Tool Call Loop Detection &gt; should not detect a loop for different tool calls" time="0.000154766">
        </testcase>
        <testcase classname="src/services/loopDetectionService.test.ts" name="LoopDetectionService &gt; Tool Call Loop Detection &gt; should not reset tool call counter for other event types" time="0.000134008">
        </testcase>
        <testcase classname="src/services/loopDetectionService.test.ts" name="LoopDetectionService &gt; Content Loop Detection &gt; should not detect a loop for random content" time="0.056946395">
        </testcase>
        <testcase classname="src/services/loopDetectionService.test.ts" name="LoopDetectionService &gt; Content Loop Detection &gt; should detect a loop when a chunk of content repeats consecutively" time="0.000943024">
        </testcase>
        <testcase classname="src/services/loopDetectionService.test.ts" name="LoopDetectionService &gt; Content Loop Detection &gt; should not detect a loop if repetitions are very far apart" time="0.007944423">
        </testcase>
        <testcase classname="src/services/loopDetectionService.test.ts" name="LoopDetectionService &gt; Thought Loop Detection &gt; should detect a loop for semantically similar thoughts with minor wording changes" time="0.000781526">
        </testcase>
        <testcase classname="src/services/loopDetectionService.test.ts" name="LoopDetectionService &gt; Thought Loop Detection &gt; should detect a loop for thought-like content churn with repeated thinking lines" time="0.001934979">
        </testcase>
        <testcase classname="src/services/loopDetectionService.test.ts" name="LoopDetectionService &gt; Thought Loop Detection &gt; should reset thought repetition tracking when a tool call indicates progress" time="0.000225477">
        </testcase>
        <testcase classname="src/services/loopDetectionService.test.ts" name="LoopDetectionService &gt; Content Loop Detection with Code Blocks &gt; should not detect a loop when repetitive content is inside a code block" time="0.000208756">
        </testcase>
        <testcase classname="src/services/loopDetectionService.test.ts" name="LoopDetectionService &gt; Content Loop Detection with Code Blocks &gt; should not detect loops when content transitions into a code block" time="0.000509152">
        </testcase>
        <testcase classname="src/services/loopDetectionService.test.ts" name="LoopDetectionService &gt; Content Loop Detection with Code Blocks &gt; should skip loop detection when already inside a code block (this.inCodeBlock)" time="0.000157131">
        </testcase>
        <testcase classname="src/services/loopDetectionService.test.ts" name="LoopDetectionService &gt; Content Loop Detection with Code Blocks &gt; should correctly track inCodeBlock state with multiple fence transitions" time="0.000115574">
        </testcase>
        <testcase classname="src/services/loopDetectionService.test.ts" name="LoopDetectionService &gt; Content Loop Detection with Code Blocks &gt; should detect a loop when repetitive content is outside a code block" time="0.00055139">
        </testcase>
        <testcase classname="src/services/loopDetectionService.test.ts" name="LoopDetectionService &gt; Content Loop Detection with Code Blocks &gt; should handle content with multiple code blocks and no loops" time="0.000070791">
        </testcase>
        <testcase classname="src/services/loopDetectionService.test.ts" name="LoopDetectionService &gt; Content Loop Detection with Code Blocks &gt; should handle content with mixed code blocks and looping text" time="0.000511997">
        </testcase>
        <testcase classname="src/services/loopDetectionService.test.ts" name="LoopDetectionService &gt; Content Loop Detection with Code Blocks &gt; should not detect a loop for a long code block with some repeating tokens" time="0.000186655">
        </testcase>
        <testcase classname="src/services/loopDetectionService.test.ts" name="LoopDetectionService &gt; Content Loop Detection with Code Blocks &gt; should reset tracking when a code fence is found" time="0.000517738">
        </testcase>
        <testcase classname="src/services/loopDetectionService.test.ts" name="LoopDetectionService &gt; Content Loop Detection with Code Blocks &gt; should reset tracking when a table is detected" time="0.000981446">
        </testcase>
        <testcase classname="src/services/loopDetectionService.test.ts" name="LoopDetectionService &gt; Content Loop Detection with Code Blocks &gt; should reset tracking when a list item is detected" time="0.001039232">
        </testcase>
        <testcase classname="src/services/loopDetectionService.test.ts" name="LoopDetectionService &gt; Content Loop Detection with Code Blocks &gt; should reset tracking when a heading is detected" time="0.000981054">
        </testcase>
        <testcase classname="src/services/loopDetectionService.test.ts" name="LoopDetectionService &gt; Content Loop Detection with Code Blocks &gt; should reset tracking when a blockquote is detected" time="0.000985834">
        </testcase>
        <testcase classname="src/services/loopDetectionService.test.ts" name="LoopDetectionService &gt; Content Loop Detection with Code Blocks &gt; should reset tracking for various list item formats" time="0.00506591">
        </testcase>
        <testcase classname="src/services/loopDetectionService.test.ts" name="LoopDetectionService &gt; Content Loop Detection with Code Blocks &gt; should reset tracking for various table formats" time="0.004057965">
        </testcase>
        <testcase classname="src/services/loopDetectionService.test.ts" name="LoopDetectionService &gt; Content Loop Detection with Code Blocks &gt; should reset tracking for various heading levels" time="0.005514018">
        </testcase>
        <testcase classname="src/services/loopDetectionService.test.ts" name="LoopDetectionService &gt; Edge Cases &gt; should handle empty content" time="0.000069398">
        </testcase>
        <testcase classname="src/services/loopDetectionService.test.ts" name="LoopDetectionService &gt; Divider Content Detection &gt; should not detect a loop for repeating divider-like content" time="0.000162471">
        </testcase>
        <testcase classname="src/services/loopDetectionService.test.ts" name="LoopDetectionService &gt; Divider Content Detection &gt; should not detect a loop for repeating complex box-drawing dividers" time="0.000223764">
        </testcase>
        <testcase classname="src/services/loopDetectionService.test.ts" name="LoopDetectionService &gt; Reset Functionality &gt; tool call should reset content count" time="0.000151079">
        </testcase>
        <testcase classname="src/services/loopDetectionService.test.ts" name="LoopDetectionService &gt; General Behavior &gt; should return false for unhandled event types" time="0.000049802">
        </testcase>
        <testcase classname="src/services/loopDetectionService.test.ts" name="LoopDetectionService LLM Checks &gt; should not trigger LLM check before LLM_CHECK_AFTER_TURNS" time="0.000317707">
        </testcase>
        <testcase classname="src/services/loopDetectionService.test.ts" name="LoopDetectionService LLM Checks &gt; should trigger LLM check on the 30th turn" time="0.000281931">
        </testcase>
        <testcase classname="src/services/loopDetectionService.test.ts" name="LoopDetectionService LLM Checks &gt; should detect a cognitive loop when confidence is high" time="0.002290096">
            <system-err>
Repetitive actions

            </system-err>
        </testcase>
        <testcase classname="src/services/loopDetectionService.test.ts" name="LoopDetectionService LLM Checks &gt; should not detect a loop when confidence is low" time="0.000171507">
        </testcase>
        <testcase classname="src/services/loopDetectionService.test.ts" name="LoopDetectionService LLM Checks &gt; should adjust the check interval based on confidence" time="0.000134499">
        </testcase>
        <testcase classname="src/services/loopDetectionService.test.ts" name="LoopDetectionService LLM Checks &gt; should handle errors from generateJson gracefully" time="0.003267314">
            <system-out>
Error: API error
    at /home/atmandk/LowCal-dev/packages/core/src/services/loopDetectionService.test.ts:817:26
    at file:///home/atmandk/LowCal-dev/node_modules/@vitest/runner/dist/chunk-hooks.js:155:11
    at file:///home/atmandk/LowCal-dev/node_modules/@vitest/runner/dist/chunk-hooks.js:752:26
    at file:///home/atmandk/LowCal-dev/node_modules/@vitest/runner/dist/chunk-hooks.js:1897:20
    at new Promise (&lt;anonymous&gt;)
    at runWithTimeout (file:///home/atmandk/LowCal-dev/node_modules/@vitest/runner/dist/chunk-hooks.js:1863:10)
    at runTest (file:///home/atmandk/LowCal-dev/node_modules/@vitest/runner/dist/chunk-hooks.js:1574:12)
    at processTicksAndRejections (node:internal/process/task_queues:105:5)
    at runSuite (file:///home/atmandk/LowCal-dev/node_modules/@vitest/runner/dist/chunk-hooks.js:1729:8)
    at runSuite (file:///home/atmandk/LowCal-dev/node_modules/@vitest/runner/dist/chunk-hooks.js:1729:8)

            </system-out>
        </testcase>
    </testsuite>
</testsuites>
