<?xml version="1.0" encoding="UTF-8" ?>
<testsuites name="vitest tests" tests="2625" failures="36" errors="0" time="33.139865889">
    <testsuite name="src/index.test.ts" timestamp="2025-10-17T11:01:59.967Z" hostname="uby" tests="1" failures="0" errors="0" skipped="0" time="0.005878614">
        <testcase classname="src/index.test.ts" name="placeholder tests &gt; should pass" time="0.001588806">
        </testcase>
    </testsuite>
    <testsuite name="src/code_assist/converter.test.ts" timestamp="2025-10-17T11:01:59.968Z" hostname="uby" tests="21" failures="0" errors="0" skipped="0" time="0.006189959">
        <testcase classname="src/code_assist/converter.test.ts" name="converter &gt; toCodeAssistRequest &gt; should convert a simple request with project" time="0.001924146">
        </testcase>
        <testcase classname="src/code_assist/converter.test.ts" name="converter &gt; toCodeAssistRequest &gt; should convert a request without a project" time="0.000289726">
        </testcase>
        <testcase classname="src/code_assist/converter.test.ts" name="converter &gt; toCodeAssistRequest &gt; should convert a request with sessionId" time="0.000150308">
        </testcase>
        <testcase classname="src/code_assist/converter.test.ts" name="converter &gt; toCodeAssistRequest &gt; should handle string content" time="0.000129549">
        </testcase>
        <testcase classname="src/code_assist/converter.test.ts" name="converter &gt; toCodeAssistRequest &gt; should handle Part[] content" time="0.000084936">
        </testcase>
        <testcase classname="src/code_assist/converter.test.ts" name="converter &gt; toCodeAssistRequest &gt; should handle system instructions" time="0.000120293">
        </testcase>
        <testcase classname="src/code_assist/converter.test.ts" name="converter &gt; toCodeAssistRequest &gt; should handle generation config" time="0.000084807">
        </testcase>
        <testcase classname="src/code_assist/converter.test.ts" name="converter &gt; toCodeAssistRequest &gt; should handle all generation config fields" time="0.000134629">
        </testcase>
        <testcase classname="src/code_assist/converter.test.ts" name="converter &gt; fromCodeAssistResponse &gt; should convert a simple response" time="0.000299313">
        </testcase>
        <testcase classname="src/code_assist/converter.test.ts" name="converter &gt; fromCodeAssistResponse &gt; should handle prompt feedback and usage metadata" time="0.000118509">
        </testcase>
        <testcase classname="src/code_assist/converter.test.ts" name="converter &gt; fromCodeAssistResponse &gt; should handle automatic function calling history" time="0.000130872">
        </testcase>
        <testcase classname="src/code_assist/converter.test.ts" name="converter &gt; toContents &gt; should handle Content" time="0.000158703">
        </testcase>
        <testcase classname="src/code_assist/converter.test.ts" name="converter &gt; toContents &gt; should handle array of Contents" time="0.000191294">
        </testcase>
        <testcase classname="src/code_assist/converter.test.ts" name="converter &gt; toContents &gt; should handle Part" time="0.000074438">
        </testcase>
        <testcase classname="src/code_assist/converter.test.ts" name="converter &gt; toContents &gt; should handle array of Parts" time="0.000097139">
        </testcase>
        <testcase classname="src/code_assist/converter.test.ts" name="converter &gt; toContents &gt; should handle string" time="0.000074988">
        </testcase>
        <testcase classname="src/code_assist/converter.test.ts" name="converter &gt; toContents &gt; should handle array of strings" time="0.000126233">
        </testcase>
        <testcase classname="src/code_assist/converter.test.ts" name="converter &gt; toContents &gt; should convert thought parts to text parts for API compatibility" time="0.000223192">
        </testcase>
        <testcase classname="src/code_assist/converter.test.ts" name="converter &gt; toContents &gt; should combine text and thought for text parts with thoughts" time="0.000133697">
        </testcase>
        <testcase classname="src/code_assist/converter.test.ts" name="converter &gt; toContents &gt; should preserve non-thought properties while removing thought" time="0.000229384">
        </testcase>
        <testcase classname="src/code_assist/converter.test.ts" name="converter &gt; toContents &gt; should convert invalid text content to valid text part with thought" time="0.00012416">
        </testcase>
    </testsuite>
    <testsuite name="src/code_assist/oauth2.test.ts" timestamp="2025-10-17T11:01:59.970Z" hostname="uby" tests="15" failures="0" errors="0" skipped="0" time="0.065437372">
        <testcase classname="src/code_assist/oauth2.test.ts" name="oauth2 &gt; should perform a web login" time="0.012182364">
            <system-out>


Code Assist login required.
Attempting to open authentication page in your browser.
Otherwise navigate to:

https://example.com/auth



Waiting for authentication...

            </system-out>
        </testcase>
        <testcase classname="src/code_assist/oauth2.test.ts" name="oauth2 &gt; should perform login with user code" time="0.003886092">
        </testcase>
        <testcase classname="src/code_assist/oauth2.test.ts" name="oauth2 &gt; in Cloud Shell &gt; should attempt to load cached credentials first" time="0.004148487">
            <system-out>
Loaded cached credentials.

            </system-out>
        </testcase>
        <testcase classname="src/code_assist/oauth2.test.ts" name="oauth2 &gt; in Cloud Shell &gt; should use Compute to get a client if no cached credentials exist" time="0.001516443">
            <system-out>
Attempting to authenticate via Cloud Shell VM&apos;s ADC.

Authentication successful.

            </system-out>
        </testcase>
        <testcase classname="src/code_assist/oauth2.test.ts" name="oauth2 &gt; in Cloud Shell &gt; should not cache the credentials after fetching them via ADC" time="0.001210437">
            <system-out>
Attempting to authenticate via Cloud Shell VM&apos;s ADC.

Authentication successful.

            </system-out>
        </testcase>
        <testcase classname="src/code_assist/oauth2.test.ts" name="oauth2 &gt; in Cloud Shell &gt; should return the Compute client on successful ADC authentication" time="0.000915823">
            <system-out>
Attempting to authenticate via Cloud Shell VM&apos;s ADC.

Authentication successful.

            </system-out>
        </testcase>
        <testcase classname="src/code_assist/oauth2.test.ts" name="oauth2 &gt; in Cloud Shell &gt; should throw an error if ADC fails" time="0.002129946">
            <system-out>
Attempting to authenticate via Cloud Shell VM&apos;s ADC.

            </system-out>
        </testcase>
        <testcase classname="src/code_assist/oauth2.test.ts" name="oauth2 &gt; credential loading order &gt; should prioritize default cached credentials over GOOGLE_APPLICATION_CREDENTIALS" time="0.002473662">
            <system-out>
Loaded cached credentials.

            </system-out>
        </testcase>
        <testcase classname="src/code_assist/oauth2.test.ts" name="oauth2 &gt; credential loading order &gt; should fall back to GOOGLE_APPLICATION_CREDENTIALS if default cache is missing" time="0.002125999">
            <system-out>
Loaded cached credentials.

            </system-out>
        </testcase>
        <testcase classname="src/code_assist/oauth2.test.ts" name="oauth2 &gt; with GCP environment variables &gt; should use GOOGLE_CLOUD_ACCESS_TOKEN when GOOGLE_GENAI_USE_GCA is true" time="0.00157467">
        </testcase>
        <testcase classname="src/code_assist/oauth2.test.ts" name="oauth2 &gt; with GCP environment variables &gt; should not use GCP token if GOOGLE_CLOUD_ACCESS_TOKEN is not set" time="0.003171751">
            <system-out>
Loaded cached credentials.

            </system-out>
        </testcase>
        <testcase classname="src/code_assist/oauth2.test.ts" name="oauth2 &gt; with GCP environment variables &gt; should not use GCP token if GOOGLE_GENAI_USE_GCA is not set" time="0.001927412">
            <system-out>
Loaded cached credentials.

            </system-out>
        </testcase>
        <testcase classname="src/code_assist/oauth2.test.ts" name="oauth2 &gt; clearCachedCredentialFile &gt; should clear cached credentials and Google account" time="0.010768631">
        </testcase>
        <testcase classname="src/code_assist/oauth2.test.ts" name="oauth2 &gt; clearCachedCredentialFile &gt; should handle Qwen module clearing gracefully" time="0.009098003">
            <system-err>
Failed to clear cached credentials: Error: ENOENT: no such file or directory, open &apos;/tmp/qwen-code-test-home-ZLWjfw/.qwen/google_accounts.json&apos;
[90m    at open (node:internal/fs/promises:642:25)[39m
[90m    at Object.writeFile (node:internal/fs/promises:1249:14)[39m
    at UserAccountManager.clearCachedGoogleAccount [90m(/home/atmandk/LowCal-dev/packages/core/[39msrc/utils/userAccountManager.ts:138:5[90m)[39m
    at Module.clearCachedCredentialFile [90m(/home/atmandk/LowCal-dev/packages/core/[39msrc/code_assist/oauth2.ts:395:5[90m)[39m
    at [90m/home/atmandk/LowCal-dev/packages/core/[39msrc/code_assist/oauth2.test.ts:572:7
    at file:///home/atmandk/LowCal-dev/node_modules/[4m@vitest/runner[24m/dist/chunk-hooks.js:752:20 {
  errno: [33m-2[39m,
  code: [32m&apos;ENOENT&apos;[39m,
  syscall: [32m&apos;open&apos;[39m,
  path: [32m&apos;/tmp/qwen-code-test-home-ZLWjfw/.qwen/google_accounts.json&apos;[39m
}

            </system-err>
        </testcase>
        <testcase classname="src/code_assist/oauth2.test.ts" name="oauth2 &gt; clearCachedCredentialFile &gt; should clear the in-memory OAuth client cache" time="0.006624582">
            <system-out>
Loaded cached credentials.

Loaded cached credentials.

            </system-out>
        </testcase>
    </testsuite>
    <testsuite name="src/code_assist/server.test.ts" timestamp="2025-10-17T11:01:59.971Z" hostname="uby" tests="7" failures="0" errors="0" skipped="0" time="0.017494671">
        <testcase classname="src/code_assist/server.test.ts" name="CodeAssistServer &gt; should be able to be constructed" time="0.00365214">
        </testcase>
        <testcase classname="src/code_assist/server.test.ts" name="CodeAssistServer &gt; should call the generateContent endpoint" time="0.0039119">
        </testcase>
        <testcase classname="src/code_assist/server.test.ts" name="CodeAssistServer &gt; should call the generateContentStream endpoint" time="0.00160161">
        </testcase>
        <testcase classname="src/code_assist/server.test.ts" name="CodeAssistServer &gt; should call the onboardUser endpoint" time="0.001330459">
        </testcase>
        <testcase classname="src/code_assist/server.test.ts" name="CodeAssistServer &gt; should call the loadCodeAssist endpoint" time="0.001393676">
        </testcase>
        <testcase classname="src/code_assist/server.test.ts" name="CodeAssistServer &gt; should return 0 for countTokens" time="0.001355305">
        </testcase>
        <testcase classname="src/code_assist/server.test.ts" name="CodeAssistServer &gt; should throw an error for embedContent" time="0.002874512">
        </testcase>
    </testsuite>
    <testsuite name="src/code_assist/setup.test.ts" timestamp="2025-10-17T11:01:59.971Z" hostname="uby" tests="7" failures="0" errors="0" skipped="0" time="0.010623633">
        <testcase classname="src/code_assist/setup.test.ts" name="setupUser for existing user &gt; should use GOOGLE_CLOUD_PROJECT when set and project from server is undefined" time="0.003924022">
        </testcase>
        <testcase classname="src/code_assist/setup.test.ts" name="setupUser for existing user &gt; should ignore GOOGLE_CLOUD_PROJECT when project from server is set" time="0.000874857">
        </testcase>
        <testcase classname="src/code_assist/setup.test.ts" name="setupUser for existing user &gt; should throw ProjectIdRequiredError when no project ID is available" time="0.001242045">
        </testcase>
        <testcase classname="src/code_assist/setup.test.ts" name="setupUser for new user &gt; should use GOOGLE_CLOUD_PROJECT when set and onboard a new paid user" time="0.001298379">
        </testcase>
        <testcase classname="src/code_assist/setup.test.ts" name="setupUser for new user &gt; should onboard a new free user when GOOGLE_CLOUD_PROJECT is not set" time="0.000691207">
        </testcase>
        <testcase classname="src/code_assist/setup.test.ts" name="setupUser for new user &gt; should use GOOGLE_CLOUD_PROJECT when onboard response has no project ID" time="0.000634502">
        </testcase>
        <testcase classname="src/code_assist/setup.test.ts" name="setupUser for new user &gt; should throw ProjectIdRequiredError when no project ID is available" time="0.000460612">
        </testcase>
    </testsuite>
    <testsuite name="src/config/config.test.ts" timestamp="2025-10-17T11:01:59.971Z" hostname="uby" tests="48" failures="0" errors="0" skipped="0" time="0.062111615">
        <testcase classname="src/config/config.test.ts" name="Server Config (config.ts) &gt; initialize &gt; should throw an error if checkpointing is enabled and GitService fails" time="0.007875835">
        </testcase>
        <testcase classname="src/config/config.test.ts" name="Server Config (config.ts) &gt; initialize &gt; should not throw an error if checkpointing is disabled and GitService fails" time="0.004421041">
        </testcase>
        <testcase classname="src/config/config.test.ts" name="Server Config (config.ts) &gt; initialize &gt; should throw an error if initialized more than once" time="0.003871996">
        </testcase>
        <testcase classname="src/config/config.test.ts" name="Server Config (config.ts) &gt; refreshAuth &gt; should refresh auth and update config" time="0.002179768">
        </testcase>
        <testcase classname="src/config/config.test.ts" name="Server Config (config.ts) &gt; refreshAuth &gt; should preserve conversation history when refreshing auth" time="0.001241114">
        </testcase>
        <testcase classname="src/config/config.test.ts" name="Server Config (config.ts) &gt; refreshAuth &gt; should handle case when no existing client is initialized" time="0.000930159">
        </testcase>
        <testcase classname="src/config/config.test.ts" name="Server Config (config.ts) &gt; refreshAuth &gt; should strip thoughts when switching from GenAI to Vertex" time="0.000821478">
        </testcase>
        <testcase classname="src/config/config.test.ts" name="Server Config (config.ts) &gt; refreshAuth &gt; should not strip thoughts when switching from Vertex to GenAI" time="0.000677411">
        </testcase>
        <testcase classname="src/config/config.test.ts" name="Server Config (config.ts) &gt; setModel &gt; updates fallback model when content generator config is unavailable" time="0.001559171">
            <system-out>
Logger not initialized or session ID missing. Cannot log message.

            </system-out>
        </testcase>
        <testcase classname="src/config/config.test.ts" name="Server Config (config.ts) &gt; Config constructor should store userMemory correctly" time="0.000379591">
        </testcase>
        <testcase classname="src/config/config.test.ts" name="Server Config (config.ts) &gt; Config constructor should default userMemory to empty string if not provided" time="0.00018366">
        </testcase>
        <testcase classname="src/config/config.test.ts" name="Server Config (config.ts) &gt; Config constructor should call setGeminiMdFilename with contextFileName if provided" time="0.000199629">
        </testcase>
        <testcase classname="src/config/config.test.ts" name="Server Config (config.ts) &gt; Config constructor should not call setGeminiMdFilename if contextFileName is not provided" time="0.000157591">
        </testcase>
        <testcase classname="src/config/config.test.ts" name="Server Config (config.ts) &gt; should set default file filtering settings when not provided" time="0.000127766">
        </testcase>
        <testcase classname="src/config/config.test.ts" name="Server Config (config.ts) &gt; should set custom file filtering settings when provided" time="0.000187166">
        </testcase>
        <testcase classname="src/config/config.test.ts" name="Server Config (config.ts) &gt; should initialize WorkspaceContext with includeDirectories" time="0.000793787">
        </testcase>
        <testcase classname="src/config/config.test.ts" name="Server Config (config.ts) &gt; Config constructor should set telemetry to true when provided as true" time="0.000223173">
        </testcase>
        <testcase classname="src/config/config.test.ts" name="Server Config (config.ts) &gt; Config constructor should set telemetry to false when provided as false" time="0.000139158">
        </testcase>
        <testcase classname="src/config/config.test.ts" name="Server Config (config.ts) &gt; Config constructor should default telemetry to default value if not provided" time="0.000133296">
        </testcase>
        <testcase classname="src/config/config.test.ts" name="Server Config (config.ts) &gt; should have a getFileService method that returns FileDiscoveryService" time="0.000269769">
        </testcase>
        <testcase classname="src/config/config.test.ts" name="Server Config (config.ts) &gt; Usage Statistics &gt; defaults usage statistics to enabled if not specified" time="0.015225968">
        </testcase>
        <testcase classname="src/config/config.test.ts" name="Server Config (config.ts) &gt; Usage Statistics &gt; sets usage statistics based on the provided value (enabled: true)" time="0.00093576">
        </testcase>
        <testcase classname="src/config/config.test.ts" name="Server Config (config.ts) &gt; Usage Statistics &gt; sets usage statistics based on the provided value (enabled: false)" time="0.000444281">
        </testcase>
        <testcase classname="src/config/config.test.ts" name="Server Config (config.ts) &gt; Telemetry Settings &gt; should return default telemetry target if not provided" time="0.000395762">
        </testcase>
        <testcase classname="src/config/config.test.ts" name="Server Config (config.ts) &gt; Telemetry Settings &gt; should return provided OTLP endpoint" time="0.000339337">
        </testcase>
        <testcase classname="src/config/config.test.ts" name="Server Config (config.ts) &gt; Telemetry Settings &gt; should return default OTLP endpoint if not provided" time="0.000245113">
        </testcase>
        <testcase classname="src/config/config.test.ts" name="Server Config (config.ts) &gt; Telemetry Settings &gt; should return provided logPrompts setting" time="0.000218013">
        </testcase>
        <testcase classname="src/config/config.test.ts" name="Server Config (config.ts) &gt; Telemetry Settings &gt; should return default logPrompts setting (true) if not provided" time="0.000196494">
        </testcase>
        <testcase classname="src/config/config.test.ts" name="Server Config (config.ts) &gt; Telemetry Settings &gt; should return default logPrompts setting (true) if telemetry object is not provided" time="0.000191934">
        </testcase>
        <testcase classname="src/config/config.test.ts" name="Server Config (config.ts) &gt; Telemetry Settings &gt; should return default telemetry target if telemetry object is not provided" time="0.00020563">
        </testcase>
        <testcase classname="src/config/config.test.ts" name="Server Config (config.ts) &gt; Telemetry Settings &gt; should return default OTLP endpoint if telemetry object is not provided" time="0.000183149">
        </testcase>
        <testcase classname="src/config/config.test.ts" name="Server Config (config.ts) &gt; Telemetry Settings &gt; should return provided OTLP protocol" time="0.000228973">
        </testcase>
        <testcase classname="src/config/config.test.ts" name="Server Config (config.ts) &gt; Telemetry Settings &gt; should return default OTLP protocol if not provided" time="0.000231487">
        </testcase>
        <testcase classname="src/config/config.test.ts" name="Server Config (config.ts) &gt; Telemetry Settings &gt; should return default OTLP protocol if telemetry object is not provided" time="0.000268647">
        </testcase>
        <testcase classname="src/config/config.test.ts" name="Server Config (config.ts) &gt; UseRipgrep Configuration &gt; should default useRipgrep to false when not provided" time="0.000251936">
        </testcase>
        <testcase classname="src/config/config.test.ts" name="Server Config (config.ts) &gt; UseRipgrep Configuration &gt; should set useRipgrep to true when provided as true" time="0.000242097">
        </testcase>
        <testcase classname="src/config/config.test.ts" name="Server Config (config.ts) &gt; UseRipgrep Configuration &gt; should set useRipgrep to false when explicitly provided as false" time="0.000267294">
        </testcase>
        <testcase classname="src/config/config.test.ts" name="Server Config (config.ts) &gt; UseRipgrep Configuration &gt; should default useRipgrep to false when undefined" time="0.000264629">
        </testcase>
        <testcase classname="src/config/config.test.ts" name="Server Config (config.ts) &gt; createToolRegistry &gt; should register a tool if coreTools contains an argument-specific pattern" time="0.003309596">
        </testcase>
        <testcase classname="src/config/config.test.ts" name="setApprovalMode with folder trust &gt; should throw an error when setting YOLO mode in an untrusted folder" time="0.000688422">
        </testcase>
        <testcase classname="src/config/config.test.ts" name="setApprovalMode with folder trust &gt; should throw an error when setting AUTO_EDIT mode in an untrusted folder" time="0.000322927">
        </testcase>
        <testcase classname="src/config/config.test.ts" name="setApprovalMode with folder trust &gt; should NOT throw an error when setting DEFAULT mode in an untrusted folder" time="0.00025422">
        </testcase>
        <testcase classname="src/config/config.test.ts" name="setApprovalMode with folder trust &gt; should NOT throw an error when setting PLAN mode in an untrusted folder" time="0.000267955">
        </testcase>
        <testcase classname="src/config/config.test.ts" name="setApprovalMode with folder trust &gt; should NOT throw an error when setting any mode in a trusted folder" time="0.000388197">
        </testcase>
        <testcase classname="src/config/config.test.ts" name="setApprovalMode with folder trust &gt; should NOT throw an error when setting any mode if trustedFolder is undefined" time="0.000431247">
        </testcase>
        <testcase classname="src/config/config.test.ts" name="setApprovalMode with folder trust &gt; Model Switch Logging &gt; should log model switch when setModel is called with different model" time="0.002506522">
            <system-out>
Logger not initialized or session ID missing. Cannot log message.

            </system-out>
        </testcase>
        <testcase classname="src/config/config.test.ts" name="setApprovalMode with folder trust &gt; Model Switch Logging &gt; should not log when setModel is called with same model" time="0.002000527">
        </testcase>
        <testcase classname="src/config/config.test.ts" name="setApprovalMode with folder trust &gt; Model Switch Logging &gt; should use default reason when no options provided" time="0.00314362">
            <system-out>
Logger not initialized or session ID missing. Cannot log message.

            </system-out>
        </testcase>
    </testsuite>
    <testsuite name="src/config/flashFallback.test.ts" timestamp="2025-10-17T11:01:59.973Z" hostname="uby" tests="6" failures="0" errors="0" skipped="0" time="0.028264415">
        <testcase classname="src/config/flashFallback.test.ts" name="Flash Model Fallback Configuration &gt; setModel &gt; should only mark as switched if contentGeneratorConfig exists" time="0.023780308">
            <system-out>
Invalid JSON in log file /home/atmandk/.qwen/tmp/b306d9ff847c120dd7eb00fcebe5f118b9875b09db67ad8f0834aea7a0d8cb8c/logs.json. Backing up and starting fresh. SyntaxError: &quot;undefined&quot; is not valid JSON
    at JSON.parse (&lt;anonymous&gt;)
    at Logger._readLogFile [90m(/home/atmandk/LowCal-dev/packages/core/[39msrc/core/logger.ts:91:31[90m)[39m
[90m    at processTicksAndRejections (node:internal/process/task_queues:105:5)[39m
    at Logger.initialize [90m(/home/atmandk/LowCal-dev/packages/core/[39msrc/core/logger.ts:155:19[90m)[39m

Backed up corrupted log file to /home/atmandk/.qwen/tmp/b306d9ff847c120dd7eb00fcebe5f118b9875b09db67ad8f0834aea7a0d8cb8c/logs.json.invalid_json.1760698906282.bak
Logger not initialized or session ID missing. Cannot log message.

Invalid JSON in log file /home/atmandk/.qwen/tmp/b306d9ff847c120dd7eb00fcebe5f118b9875b09db67ad8f0834aea7a0d8cb8c/logs.json. Backing up and starting fresh. SyntaxError: &quot;undefined&quot; is not valid JSON
    at JSON.parse (&lt;anonymous&gt;)
    at Logger._readLogFile [90m(/home/atmandk/LowCal-dev/packages/core/[39msrc/core/logger.ts:91:31[90m)[39m
[90m    at processTicksAndRejections (node:internal/process/task_queues:105:5)[39m
    at Logger.initialize [90m(/home/atmandk/LowCal-dev/packages/core/[39msrc/core/logger.ts:155:19[90m)[39m

Backed up corrupted log file to /home/atmandk/.qwen/tmp/b306d9ff847c120dd7eb00fcebe5f118b9875b09db67ad8f0834aea7a0d8cb8c/logs.json.invalid_json.1760698906283.bak

            </system-out>
            <system-err>
Error accessing installation ID file, generating ephemeral ID: TypeError: Cannot read properties of undefined (reading &apos;trim&apos;)
    at InstallationManager.readInstallationIdFromFile [90m(/home/atmandk/LowCal-dev/packages/core/[39msrc/utils/installationManager.ts:21:50[90m)[39m
    at InstallationManager.getInstallationId [90m(/home/atmandk/LowCal-dev/packages/core/[39msrc/utils/installationManager.ts:42:33[90m)[39m
    at QwenLogger.generateUserId [90m(/home/atmandk/LowCal-dev/packages/core/[39msrc/telemetry/qwen-logger/qwen-logger.ts:123:53[90m)[39m
    at new QwenLogger [90m(/home/atmandk/LowCal-dev/packages/core/[39msrc/telemetry/qwen-logger/qwen-logger.ts:114:24[90m)[39m
    at QwenLogger.getInstance [90m(/home/atmandk/LowCal-dev/packages/core/[39msrc/telemetry/qwen-logger/qwen-logger.ts:131:29[90m)[39m
    at logCliConfiguration [90m(/home/atmandk/LowCal-dev/packages/core/[39msrc/telemetry/loggers.ts:85:14[90m)[39m
    at new Config [90m(/home/atmandk/LowCal-dev/packages/core/[39msrc/config/config.ts:454:5[90m)[39m
    at [90m/home/atmandk/LowCal-dev/packages/core/[39msrc/config/flashFallback.test.ts:22:14
    at file:///home/atmandk/LowCal-dev/node_modules/[4m@vitest/runner[24m/dist/chunk-hooks.js:155:11
    at file:///home/atmandk/LowCal-dev/node_modules/[4m@vitest/runner[24m/dist/chunk-hooks.js:1897:20

            </system-err>
        </testcase>
        <testcase classname="src/config/flashFallback.test.ts" name="Flash Model Fallback Configuration &gt; getModel &gt; should return contentGeneratorConfig model if available" time="0.001074366">
            <system-out>
Invalid JSON in log file /home/atmandk/.qwen/tmp/b306d9ff847c120dd7eb00fcebe5f118b9875b09db67ad8f0834aea7a0d8cb8c/logs.json. Backing up and starting fresh. SyntaxError: &quot;undefined&quot; is not valid JSON
    at JSON.parse (&lt;anonymous&gt;)
    at Logger._readLogFile [90m(/home/atmandk/LowCal-dev/packages/core/[39msrc/core/logger.ts:91:31[90m)[39m
[90m    at processTicksAndRejections (node:internal/process/task_queues:105:5)[39m
    at Logger.initialize [90m(/home/atmandk/LowCal-dev/packages/core/[39msrc/core/logger.ts:155:19[90m)[39m

Backed up corrupted log file to /home/atmandk/.qwen/tmp/b306d9ff847c120dd7eb00fcebe5f118b9875b09db67ad8f0834aea7a0d8cb8c/logs.json.invalid_json.1760698906285.bak
Logger not initialized or session ID missing. Cannot log message.

            </system-out>
        </testcase>
        <testcase classname="src/config/flashFallback.test.ts" name="Flash Model Fallback Configuration &gt; getModel &gt; should fall back to initial model if contentGeneratorConfig is not available" time="0.000933876">
            <system-out>
Invalid JSON in log file /home/atmandk/.qwen/tmp/b306d9ff847c120dd7eb00fcebe5f118b9875b09db67ad8f0834aea7a0d8cb8c/logs.json. Backing up and starting fresh. SyntaxError: &quot;undefined&quot; is not valid JSON
    at JSON.parse (&lt;anonymous&gt;)
    at Logger._readLogFile [90m(/home/atmandk/LowCal-dev/packages/core/[39msrc/core/logger.ts:91:31[90m)[39m
[90m    at processTicksAndRejections (node:internal/process/task_queues:105:5)[39m
    at Logger.initialize [90m(/home/atmandk/LowCal-dev/packages/core/[39msrc/core/logger.ts:155:19[90m)[39m

Backed up corrupted log file to /home/atmandk/.qwen/tmp/b306d9ff847c120dd7eb00fcebe5f118b9875b09db67ad8f0834aea7a0d8cb8c/logs.json.invalid_json.1760698906286.bak

Invalid JSON in log file /home/atmandk/.qwen/tmp/b306d9ff847c120dd7eb00fcebe5f118b9875b09db67ad8f0834aea7a0d8cb8c/logs.json. Backing up and starting fresh. SyntaxError: &quot;undefined&quot; is not valid JSON
    at JSON.parse (&lt;anonymous&gt;)
    at Logger._readLogFile [90m(/home/atmandk/LowCal-dev/packages/core/[39msrc/core/logger.ts:91:31[90m)[39m
[90m    at processTicksAndRejections (node:internal/process/task_queues:105:5)[39m
    at Logger.initialize [90m(/home/atmandk/LowCal-dev/packages/core/[39msrc/core/logger.ts:155:19[90m)[39m

Backed up corrupted log file to /home/atmandk/.qwen/tmp/b306d9ff847c120dd7eb00fcebe5f118b9875b09db67ad8f0834aea7a0d8cb8c/logs.json.invalid_json.1760698906286.bak

            </system-out>
        </testcase>
        <testcase classname="src/config/flashFallback.test.ts" name="Flash Model Fallback Configuration &gt; isInFallbackMode &gt; should start as false for new session" time="0.000418864">
            <system-out>
Invalid JSON in log file /home/atmandk/.qwen/tmp/b306d9ff847c120dd7eb00fcebe5f118b9875b09db67ad8f0834aea7a0d8cb8c/logs.json. Backing up and starting fresh. SyntaxError: &quot;undefined&quot; is not valid JSON
    at JSON.parse (&lt;anonymous&gt;)
    at Logger._readLogFile [90m(/home/atmandk/LowCal-dev/packages/core/[39msrc/core/logger.ts:91:31[90m)[39m
[90m    at processTicksAndRejections (node:internal/process/task_queues:105:5)[39m
    at Logger.initialize [90m(/home/atmandk/LowCal-dev/packages/core/[39msrc/core/logger.ts:155:19[90m)[39m

Backed up corrupted log file to /home/atmandk/.qwen/tmp/b306d9ff847c120dd7eb00fcebe5f118b9875b09db67ad8f0834aea7a0d8cb8c/logs.json.invalid_json.1760698906286.bak

            </system-out>
        </testcase>
        <testcase classname="src/config/flashFallback.test.ts" name="Flash Model Fallback Configuration &gt; isInFallbackMode &gt; should remain false if no model switch occurs" time="0.000472524">
            <system-out>
Invalid JSON in log file /home/atmandk/.qwen/tmp/b306d9ff847c120dd7eb00fcebe5f118b9875b09db67ad8f0834aea7a0d8cb8c/logs.json. Backing up and starting fresh. SyntaxError: &quot;undefined&quot; is not valid JSON
    at JSON.parse (&lt;anonymous&gt;)
    at Logger._readLogFile [90m(/home/atmandk/LowCal-dev/packages/core/[39msrc/core/logger.ts:91:31[90m)[39m
[90m    at processTicksAndRejections (node:internal/process/task_queues:105:5)[39m
    at Logger.initialize [90m(/home/atmandk/LowCal-dev/packages/core/[39msrc/core/logger.ts:155:19[90m)[39m

Backed up corrupted log file to /home/atmandk/.qwen/tmp/b306d9ff847c120dd7eb00fcebe5f118b9875b09db67ad8f0834aea7a0d8cb8c/logs.json.invalid_json.1760698906287.bak

            </system-out>
        </testcase>
        <testcase classname="src/config/flashFallback.test.ts" name="Flash Model Fallback Configuration &gt; isInFallbackMode &gt; should persist switched state throughout session" time="0.000501126">
            <system-out>
Invalid JSON in log file /home/atmandk/.qwen/tmp/b306d9ff847c120dd7eb00fcebe5f118b9875b09db67ad8f0834aea7a0d8cb8c/logs.json. Backing up and starting fresh. SyntaxError: &quot;undefined&quot; is not valid JSON
    at JSON.parse (&lt;anonymous&gt;)
    at Logger._readLogFile [90m(/home/atmandk/LowCal-dev/packages/core/[39msrc/core/logger.ts:91:31[90m)[39m
[90m    at processTicksAndRejections (node:internal/process/task_queues:105:5)[39m
    at Logger.initialize [90m(/home/atmandk/LowCal-dev/packages/core/[39msrc/core/logger.ts:155:19[90m)[39m

Backed up corrupted log file to /home/atmandk/.qwen/tmp/b306d9ff847c120dd7eb00fcebe5f118b9875b09db67ad8f0834aea7a0d8cb8c/logs.json.invalid_json.1760698906287.bak
Logger not initialized or session ID missing. Cannot log message.

            </system-out>
        </testcase>
    </testsuite>
    <testsuite name="src/config/storage.test.ts" timestamp="2025-10-17T11:01:59.974Z" hostname="uby" tests="5" failures="0" errors="0" skipped="0" time="0.007088841">
        <testcase classname="src/config/storage.test.ts" name="Storage – getGlobalSettingsPath &gt; returns path to ~/.qwen/settings.json" time="0.001609444">
        </testcase>
        <testcase classname="src/config/storage.test.ts" name="Storage – additional helpers &gt; getWorkspaceSettingsPath returns project/.qwen/settings.json" time="0.000407693">
        </testcase>
        <testcase classname="src/config/storage.test.ts" name="Storage – additional helpers &gt; getUserCommandsDir returns ~/.qwen/commands" time="0.000225156">
        </testcase>
        <testcase classname="src/config/storage.test.ts" name="Storage – additional helpers &gt; getProjectCommandsDir returns project/.qwen/commands" time="0.000124811">
        </testcase>
        <testcase classname="src/config/storage.test.ts" name="Storage – additional helpers &gt; getMcpOAuthTokensPath returns ~/.qwen/mcp-oauth-tokens.json" time="0.000120793">
        </testcase>
    </testsuite>
    <testsuite name="src/core/client.test.ts" timestamp="2025-10-17T11:01:59.974Z" hostname="uby" tests="70" failures="12" errors="0" skipped="1" time="1.051027819">
        <testcase classname="src/core/client.test.ts" name="findIndexAfterFraction &gt; should throw an error for non-positive numbers" time="0.0022889">
        </testcase>
        <testcase classname="src/core/client.test.ts" name="findIndexAfterFraction &gt; should throw an error for a fraction greater than or equal to 1" time="0.000291558">
        </testcase>
        <testcase classname="src/core/client.test.ts" name="findIndexAfterFraction &gt; should handle a fraction in the middle" time="0.000261563">
        </testcase>
        <testcase classname="src/core/client.test.ts" name="findIndexAfterFraction &gt; should handle a fraction that results in the last index" time="0.000109592">
        </testcase>
        <testcase classname="src/core/client.test.ts" name="findIndexAfterFraction &gt; should handle an empty history" time="0.000085668">
        </testcase>
        <testcase classname="src/core/client.test.ts" name="findIndexAfterFraction &gt; should handle a history with only one item" time="0.000087061">
        </testcase>
        <testcase classname="src/core/client.test.ts" name="findIndexAfterFraction &gt; should handle history with weird parts" time="0.000112829">
        </testcase>
        <testcase classname="src/core/client.test.ts" name="Gemini Client (client.ts) &gt; generateEmbedding &gt; should call embedContent with correct parameters and return embeddings" time="0.016394078">
        </testcase>
        <testcase classname="src/core/client.test.ts" name="Gemini Client (client.ts) &gt; generateEmbedding &gt; should return an empty array if an empty array is passed" time="0.007776591">
        </testcase>
        <testcase classname="src/core/client.test.ts" name="Gemini Client (client.ts) &gt; generateEmbedding &gt; should throw an error if API response has no embeddings array" time="0.006042357">
        </testcase>
        <testcase classname="src/core/client.test.ts" name="Gemini Client (client.ts) &gt; generateEmbedding &gt; should throw an error if API response has an empty embeddings array" time="0.008980927">
        </testcase>
        <testcase classname="src/core/client.test.ts" name="Gemini Client (client.ts) &gt; generateEmbedding &gt; should throw an error if API returns a mismatched number of embeddings" time="0.013142358">
        </testcase>
        <testcase classname="src/core/client.test.ts" name="Gemini Client (client.ts) &gt; generateEmbedding &gt; should throw an error if any embedding has nullish values" time="0.006400108">
        </testcase>
        <testcase classname="src/core/client.test.ts" name="Gemini Client (client.ts) &gt; generateEmbedding &gt; should throw an error if any embedding has an empty values array" time="0.010832399">
        </testcase>
        <testcase classname="src/core/client.test.ts" name="Gemini Client (client.ts) &gt; generateEmbedding &gt; should propagate errors from the API call" time="0.009113292">
        </testcase>
        <testcase classname="src/core/client.test.ts" name="Gemini Client (client.ts) &gt; generateJson &gt; should call generateContent with the correct parameters" time="0.012701553">
        </testcase>
        <testcase classname="src/core/client.test.ts" name="Gemini Client (client.ts) &gt; generateJson &gt; should allow overriding model and config" time="0">
            <skipped/>
        </testcase>
        <testcase classname="src/core/client.test.ts" name="Gemini Client (client.ts) &gt; addHistory &gt; should call chat.addHistory with the provided content" time="0.014508622">
        </testcase>
        <testcase classname="src/core/client.test.ts" name="Gemini Client (client.ts) &gt; resetChat &gt; should create a new chat session, clearing the old history" time="0.009617003">
        </testcase>
        <testcase classname="src/core/client.test.ts" name="Gemini Client (client.ts) &gt; tryCompressChat &gt; when compression inflates the token count &gt; uses the truncated history for compression" time="0.013339692">
        </testcase>
        <testcase classname="src/core/client.test.ts" name="Gemini Client (client.ts) &gt; tryCompressChat &gt; when compression inflates the token count &gt; allows compression to be forced/manual after a failure" time="0.022901634">
            <failure message="this.config.getEffectiveContextLimit is not a function" type="TypeError">
TypeError: this.config.getEffectiveContextLimit is not a function
 ❯ GeminiClient.tryCompressChat src/core/client.ts:1349:38
 ❯ src/core/client.test.ts:611:22
            </failure>
        </testcase>
        <testcase classname="src/core/client.test.ts" name="Gemini Client (client.ts) &gt; tryCompressChat &gt; when compression inflates the token count &gt; yields the result even if the compression inflated the tokens" time="0.022590369">
            <failure message="this.config.getEffectiveContextLimit is not a function" type="TypeError">
TypeError: this.config.getEffectiveContextLimit is not a function
 ❯ GeminiClient.tryCompressChat src/core/client.ts:1349:38
 ❯ src/core/client.test.ts:624:37
            </failure>
        </testcase>
        <testcase classname="src/core/client.test.ts" name="Gemini Client (client.ts) &gt; tryCompressChat &gt; when compression inflates the token count &gt; does not manipulate the source chat" time="0.019173173">
            <failure message="this.config.getEffectiveContextLimit is not a function" type="TypeError">
TypeError: this.config.getEffectiveContextLimit is not a function
 ❯ GeminiClient.tryCompressChat src/core/client.ts:1349:38
 ❯ src/core/client.test.ts:637:22
            </failure>
        </testcase>
        <testcase classname="src/core/client.test.ts" name="Gemini Client (client.ts) &gt; tryCompressChat &gt; when compression inflates the token count &gt; restores the history back to the original" time="0.009186337">
            <failure message="this.config.getEffectiveContextLimit is not a function" type="TypeError">
TypeError: this.config.getEffectiveContextLimit is not a function
 ❯ GeminiClient.tryCompressChat src/core/client.ts:1349:38
 ❯ src/core/client.test.ts:658:24
            </failure>
        </testcase>
        <testcase classname="src/core/client.test.ts" name="Gemini Client (client.ts) &gt; tryCompressChat &gt; when compression inflates the token count &gt; will not attempt to compress context after a failure" time="0.009817924">
            <failure message="this.config.getEffectiveContextLimit is not a function" type="TypeError">
TypeError: this.config.getEffectiveContextLimit is not a function
 ❯ GeminiClient.tryCompressChat src/core/client.ts:1349:38
 ❯ src/core/client.test.ts:670:22
            </failure>
        </testcase>
        <testcase classname="src/core/client.test.ts" name="Gemini Client (client.ts) &gt; tryCompressChat &gt; attempts to compress with a maxOutputTokens set to the original token count" time="0.017455188">
            <failure message="this.config.getEffectiveContextLimit is not a function" type="TypeError">
TypeError: this.config.getEffectiveContextLimit is not a function
 ❯ GeminiClient.tryCompressChat src/core/client.ts:1349:38
 ❯ src/core/client.test.ts:701:20
            </failure>
        </testcase>
        <testcase classname="src/core/client.test.ts" name="Gemini Client (client.ts) &gt; tryCompressChat &gt; should not trigger summarization if token count is below threshold" time="0.013390466">
            <failure message="this.config.getEffectiveContextLimit is not a function" type="TypeError">
TypeError: this.config.getEffectiveContextLimit is not a function
 ❯ GeminiClient.tryCompressChat src/core/client.ts:1349:38
 ❯ src/core/client.test.ts:725:35
            </failure>
        </testcase>
        <testcase classname="src/core/client.test.ts" name="Gemini Client (client.ts) &gt; tryCompressChat &gt; logs a telemetry event when compressing" time="0.010544417">
            <failure message="this.config.getEffectiveContextLimit is not a function" type="TypeError">
TypeError: this.config.getEffectiveContextLimit is not a function
 ❯ GeminiClient.tryCompressChat src/core/client.ts:1349:38
 ❯ src/core/client.test.ts:765:20
            </failure>
        </testcase>
        <testcase classname="src/core/client.test.ts" name="Gemini Client (client.ts) &gt; tryCompressChat &gt; should trigger summarization if token count is at threshold with contextPercentageThreshold setting" time="0.011787374">
            <failure message="this.config.getEffectiveContextLimit is not a function" type="TypeError">
TypeError: this.config.getEffectiveContextLimit is not a function
 ❯ GeminiClient.tryCompressChat src/core/client.ts:1349:38
 ❯ src/core/client.test.ts:801:35
            </failure>
        </testcase>
        <testcase classname="src/core/client.test.ts" name="Gemini Client (client.ts) &gt; tryCompressChat &gt; should not compress across a function call response" time="0.011906233">
            <failure message="this.config.getEffectiveContextLimit is not a function" type="TypeError">
TypeError: this.config.getEffectiveContextLimit is not a function
 ❯ GeminiClient.tryCompressChat src/core/client.ts:1349:38
 ❯ src/core/client.test.ts:854:35
            </failure>
        </testcase>
        <testcase classname="src/core/client.test.ts" name="Gemini Client (client.ts) &gt; tryCompressChat &gt; should always trigger summarization when force is true, regardless of token count" time="0.012976521">
            <failure message="this.config.getEffectiveContextLimit is not a function" type="TypeError">
TypeError: this.config.getEffectiveContextLimit is not a function
 ❯ GeminiClient.tryCompressChat src/core/client.ts:1349:38
 ❯ src/core/client.test.ts:896:35
            </failure>
        </testcase>
        <testcase classname="src/core/client.test.ts" name="Gemini Client (client.ts) &gt; tryCompressChat &gt; should use current model from config for token counting after sendMessage" time="0.022442104">
            <failure message="this.config.getEffectiveContextLimit is not a function" type="TypeError">
TypeError: this.config.getEffectiveContextLimit is not a function
 ❯ GeminiClient.tryCompressChat src/core/client.ts:1349:38
 ❯ src/core/client.test.ts:947:35
            </failure>
        </testcase>
        <testcase classname="src/core/client.test.ts" name="Gemini Client (client.ts) &gt; sendMessageStream &gt; injects a plan mode reminder before user queries when approval mode is PLAN" time="0.018057381">
            <system-out>
[Agent] Starting new prompt: prompt-p...
[Agent] Turn 1 (model: test-model)

[Agent] Sending request to model...

            </system-out>
        </testcase>
        <testcase classname="src/core/client.test.ts" name="Gemini Client (client.ts) &gt; sendMessageStream &gt; emits a compression event when the context was automatically compressed" time="0.017445571">
            <system-out>
[Agent] Starting new prompt: prompt-i...
[Agent] Turn 1 (model: test-model)

[Agent] Sending request to model...

[Agent] Model started responding...

[Agent] Model finished responding (1 chunks)

            </system-out>
        </testcase>
        <testcase classname="src/core/client.test.ts" name="Gemini Client (client.ts) &gt; sendMessageStream &gt; does not emit a compression event when the status is 2" time="0.010464148">
            <system-out>
[Agent] Starting new prompt: prompt-i...
[Agent] Turn 1 (model: test-model)

[Agent] Sending request to model...

[Agent] Model started responding...

[Agent] Model finished responding (1 chunks)

            </system-out>
        </testcase>
        <testcase classname="src/core/client.test.ts" name="Gemini Client (client.ts) &gt; sendMessageStream &gt; does not emit a compression event when the status is 4" time="0.010601863">
            <system-out>
[Agent] Starting new prompt: prompt-i...
[Agent] Turn 1 (model: test-model)

[Agent] Sending request to model...

[Agent] Model started responding...

[Agent] Model finished responding (1 chunks)

            </system-out>
        </testcase>
        <testcase classname="src/core/client.test.ts" name="Gemini Client (client.ts) &gt; sendMessageStream &gt; does not emit a compression event when the status is 3" time="0.03155768">
            <system-out>
[Agent] Starting new prompt: prompt-i...
[Agent] Turn 1 (model: test-model)

[Agent] Sending request to model...

[Agent] Model started responding...

[Agent] Model finished responding (1 chunks)

            </system-out>
        </testcase>
        <testcase classname="src/core/client.test.ts" name="Gemini Client (client.ts) &gt; sendMessageStream &gt; should include editor context when ideMode is enabled" time="0.015368492">
            <system-out>
[Agent] Starting new prompt: prompt-i...
[Agent] Turn 1 (model: test-model)

[Agent] Sending request to model...

[Agent] Model started responding...

[Agent] Model finished responding (1 chunks)

            </system-out>
        </testcase>
        <testcase classname="src/core/client.test.ts" name="Gemini Client (client.ts) &gt; sendMessageStream &gt; should not add context if ideMode is enabled but no open files" time="0.017761965">
            <system-out>
[Agent] Starting new prompt: prompt-i...
[Agent] Turn 1 (model: test-model)

[Agent] Sending request to model...

[Agent] Model started responding...

[Agent] Model finished responding (1 chunks)

            </system-out>
        </testcase>
        <testcase classname="src/core/client.test.ts" name="Gemini Client (client.ts) &gt; sendMessageStream &gt; should add context if ideMode is enabled and there is one active file" time="0.018642984">
            <system-out>
[Agent] Starting new prompt: prompt-i...
[Agent] Turn 1 (model: test-model)

[Agent] Sending request to model...

[Agent] Model started responding...

[Agent] Model finished responding (1 chunks)

            </system-out>
        </testcase>
        <testcase classname="src/core/client.test.ts" name="Gemini Client (client.ts) &gt; sendMessageStream &gt; should add context if ideMode is enabled and there are open files but no active file" time="0.020619556">
            <system-out>
[Agent] Starting new prompt: prompt-i...
[Agent] Turn 1 (model: test-model)

[Agent] Sending request to model...

[Agent] Model started responding...

[Agent] Model finished responding (1 chunks)

            </system-out>
        </testcase>
        <testcase classname="src/core/client.test.ts" name="Gemini Client (client.ts) &gt; sendMessageStream &gt; should return the turn instance after the stream is complete" time="0.021127265">
            <system-out>
[Agent] Starting new prompt: prompt-i...
[Agent] Turn 1 (model: test-model)

[Agent] Sending request to model...

[Agent] Model started responding...

[Agent] Model finished responding (1 chunks)

            </system-out>
        </testcase>
        <testcase classname="src/core/client.test.ts" name="Gemini Client (client.ts) &gt; sendMessageStream &gt; should stop infinite loop after MAX_TURNS when nextSpeaker always returns model" time="0.028906491">
            <system-out>
[Agent] Starting new prompt: prompt-i...
[Agent] Turn 1 (model: test-model)

[Agent] Sending request to model...

[Agent] Model started responding...

[Agent] Model finished responding (1 chunks)

[Agent] Turn 2 (model: test-model)

[Agent] Sending request to model...

[Agent] Turn 3 (model: test-model)

[Agent] Sending request to model...

[Agent] Turn 4 (model: test-model)

[Agent] Sending request to model...

[Agent] Turn 5 (model: test-model)

[Agent] Sending request to model...

[Agent] Turn 6 (model: test-model)

[Agent] Sending request to model...

[Agent] Turn 7 (model: test-model)

[Agent] Sending request to model...

[Agent] Turn 8 (model: test-model)

[Agent] Sending request to model...

[Agent] Turn 9 (model: test-model)

[Agent] Sending request to model...

[Agent] Turn 10 (model: test-model)

[Agent] Sending request to model...

[Agent] Turn 11 (model: test-model)

[Agent] Sending request to model...

[Agent] Turn 12 (model: test-model)

[Agent] Sending request to model...

[Agent] Turn 13 (model: test-model)

[Agent] Sending request to model...

[Agent] Turn 14 (model: test-model)

[Agent] Sending request to model...

[Agent] Turn 15 (model: test-model)

[Agent] Sending request to model...

[Agent] Turn 16 (model: test-model)

[Agent] Sending request to model...

[Agent] Turn 17 (model: test-model)

[Agent] Sending request to model...

[Agent] Turn 18 (model: test-model)

[Agent] Sending request to model...

[Agent] Turn 19 (model: test-model)

[Agent] Sending request to model...

[Agent] Turn 20 (model: test-model)

[Agent] Sending request to model...

[Agent] Turn 21 (model: test-model)

[Agent] Sending request to model...

[Agent] Turn 22 (model: test-model)

[Agent] Sending request to model...

[Agent] Turn 23 (model: test-model)

[Agent] Sending request to model...

[Agent] Turn 24 (model: test-model)

[Agent] Sending request to model...

[Agent] Turn 25 (model: test-model)

[Agent] Sending request to model...

[Agent] Turn 26 (model: test-model)

[Agent] Sending request to model...

[Agent] Turn 27 (model: test-model)

[Agent] Sending request to model...

[Agent] Turn 28 (model: test-model)

[Agent] Sending request to model...

[Agent] Turn 29 (model: test-model)

[Agent] Sending request to model...

[Agent] Turn 30 (model: test-model)

[Agent] Sending request to model...

[Agent] Turn 31 (model: test-model)

[Agent] Sending request to model...

[Agent] Turn 32 (model: test-model)

[Agent] Sending request to model...

[Agent] Turn 33 (model: test-model)

[Agent] Sending request to model...

[Agent] Turn 34 (model: test-model)

[Agent] Sending request to model...

[Agent] Turn 35 (model: test-model)

[Agent] Sending request to model...

[Agent] Turn 36 (model: test-model)

[Agent] Sending request to model...

[Agent] Turn 37 (model: test-model)

[Agent] Sending request to model...

[Agent] Turn 38 (model: test-model)

[Agent] Sending request to model...

[Agent] Turn 39 (model: test-model)

[Agent] Sending request to model...

[Agent] Turn 40 (model: test-model)

[Agent] Sending request to model...

[Agent] Turn 41 (model: test-model)

[Agent] Sending request to model...

[Agent] Turn 42 (model: test-model)

[Agent] Sending request to model...

[Agent] Turn 43 (model: test-model)

[Agent] Sending request to model...

[Agent] Turn 44 (model: test-model)

[Agent] Sending request to model...

[Agent] Turn 45 (model: test-model)

[Agent] Sending request to model...

[Agent] Turn 46 (model: test-model)

[Agent] Sending request to model...

[Agent] Turn 47 (model: test-model)

[Agent] Sending request to model...

[Agent] Turn 48 (model: test-model)

[Agent] Sending request to model...

[Agent] Turn 49 (model: test-model)

[Agent] Sending request to model...

[Agent] Turn 50 (model: test-model)

[Agent] Sending request to model...

[Agent] Turn 51 (model: test-model)

[Agent] Sending request to model...

[Agent] Turn 52 (model: test-model)

[Agent] Sending request to model...

[Agent] Turn 53 (model: test-model)

[Agent] Sending request to model...

[Agent] Turn 54 (model: test-model)

[Agent] Sending request to model...

[Agent] Turn 55 (model: test-model)

[Agent] Sending request to model...

[Agent] Turn 56 (model: test-model)

[Agent] Sending request to model...

[Agent] Turn 57 (model: test-model)

[Agent] Sending request to model...

[Agent] Turn 58 (model: test-model)

[Agent] Sending request to model...

[Agent] Turn 59 (model: test-model)

[Agent] Sending request to model...

[Agent] Turn 60 (model: test-model)

[Agent] Sending request to model...

[Agent] Turn 61 (model: test-model)

[Agent] Sending request to model...

[Agent] Turn 62 (model: test-model)

[Agent] Sending request to model...

[Agent] Turn 63 (model: test-model)

[Agent] Sending request to model...

[Agent] Turn 64 (model: test-model)

[Agent] Sending request to model...

[Agent] Turn 65 (model: test-model)

[Agent] Sending request to model...

[Agent] Turn 66 (model: test-model)

[Agent] Sending request to model...

[Agent] Turn 67 (model: test-model)

[Agent] Sending request to model...

[Agent] Turn 68 (model: test-model)

[Agent] Sending request to model...

[Agent] Turn 69 (model: test-model)

[Agent] Sending request to model...

[Agent] Turn 70 (model: test-model)

[Agent] Sending request to model...

[Agent] Turn 71 (model: test-model)

[Agent] Sending request to model...

[Agent] Turn 72 (model: test-model)

[Agent] Sending request to model...

[Agent] Turn 73 (model: test-model)

[Agent] Sending request to model...

[Agent] Turn 74 (model: test-model)

[Agent] Sending request to model...

[Agent] Turn 75 (model: test-model)

[Agent] Sending request to model...

[Agent] Turn 76 (model: test-model)

[Agent] Sending request to model...

[Agent] Turn 77 (model: test-model)

[Agent] Sending request to model...

[Agent] Turn 78 (model: test-model)

[Agent] Sending request to model...

[Agent] Turn 79 (model: test-model)

[Agent] Sending request to model...

[Agent] Turn 80 (model: test-model)

[Agent] Sending request to model...

[Agent] Turn 81 (model: test-model)

[Agent] Sending request to model...

[Agent] Turn 82 (model: test-model)

[Agent] Sending request to model...

[Agent] Turn 83 (model: test-model)

[Agent] Sending request to model...

[Agent] Turn 84 (model: test-model)

[Agent] Sending request to model...

[Agent] Turn 85 (model: test-model)

[Agent] Sending request to model...

[Agent] Turn 86 (model: test-model)

[Agent] Sending request to model...

[Agent] Turn 87 (model: test-model)

[Agent] Sending request to model...

[Agent] Turn 88 (model: test-model)

[Agent] Sending request to model...

[Agent] Turn 89 (model: test-model)

[Agent] Sending request to model...

[Agent] Turn 90 (model: test-model)

[Agent] Sending request to model...

[Agent] Turn 91 (model: test-model)

[Agent] Sending request to model...

[Agent] Turn 92 (model: test-model)

[Agent] Sending request to model...

[Agent] Turn 93 (model: test-model)

[Agent] Sending request to model...

[Agent] Turn 94 (model: test-model)

[Agent] Sending request to model...

[Agent] Turn 95 (model: test-model)

[Agent] Sending request to model...

[Agent] Turn 96 (model: test-model)

[Agent] Sending request to model...

[Agent] Turn 97 (model: test-model)

[Agent] Sending request to model...

[Agent] Turn 98 (model: test-model)

[Agent] Sending request to model...

[Agent] Turn 99 (model: test-model)

[Agent] Sending request to model...

[Agent] Turn 100 (model: test-model)

[Agent] Sending request to model...

[Agent] Turn 101 (model: test-model)

checkNextSpeaker called 100 times - infinite loop protection worked

            </system-out>
        </testcase>
        <testcase classname="src/core/client.test.ts" name="Gemini Client (client.ts) &gt; sendMessageStream &gt; should yield MaxSessionTurns and stop when session turn limit is reached" time="0.017627958">
            <system-out>
[Agent] Starting new prompt: prompt-i...
[Agent] Turn 1 (model: test-model)

[Agent] Sending request to model...

[Agent] Model started responding...

[Agent] Model finished responding (1 chunks)

[Agent] Turn 2 (model: test-model)

[Agent] Sending request to model...

[Agent] Turn 3 (model: test-model)

[Agent] Sending request to model...

[Agent] Turn 4 (model: test-model)

[Agent] Sending request to model...

[Agent] Turn 5 (model: test-model)

[Agent] Sending request to model...

[Agent] Starting new prompt: prompt-i...
[Agent] Turn 6 (model: test-model)

            </system-out>
        </testcase>
        <testcase classname="src/core/client.test.ts" name="Gemini Client (client.ts) &gt; sendMessageStream &gt; should respect MAX_TURNS limit even when turns parameter is set to a large value" time="0.035498383">
            <system-out>
[Agent] Starting new prompt: prompt-i...
[Agent] Turn 1 (model: test-model)

[Agent] Sending request to model...

[Agent] Model started responding...

[Agent] Model finished responding (1 chunks)

[Agent] Turn 2 (model: test-model)

[Agent] Sending request to model...

[Agent] Turn 3 (model: test-model)

[Agent] Sending request to model...

[Agent] Turn 4 (model: test-model)

[Agent] Sending request to model...

[Agent] Turn 5 (model: test-model)

[Agent] Sending request to model...

[Agent] Turn 6 (model: test-model)

[Agent] Sending request to model...

[Agent] Turn 7 (model: test-model)

[Agent] Sending request to model...

[Agent] Turn 8 (model: test-model)

[Agent] Sending request to model...

[Agent] Turn 9 (model: test-model)

[Agent] Sending request to model...

[Agent] Turn 10 (model: test-model)

[Agent] Sending request to model...

[Agent] Turn 11 (model: test-model)

[Agent] Sending request to model...

[Agent] Turn 12 (model: test-model)

[Agent] Sending request to model...

[Agent] Turn 13 (model: test-model)

[Agent] Sending request to model...

[Agent] Turn 14 (model: test-model)

[Agent] Sending request to model...

[Agent] Turn 15 (model: test-model)

[Agent] Sending request to model...

[Agent] Turn 16 (model: test-model)

[Agent] Sending request to model...

[Agent] Turn 17 (model: test-model)

[Agent] Sending request to model...

[Agent] Turn 18 (model: test-model)

[Agent] Sending request to model...

[Agent] Turn 19 (model: test-model)

[Agent] Sending request to model...

[Agent] Turn 20 (model: test-model)

[Agent] Sending request to model...

[Agent] Turn 21 (model: test-model)

[Agent] Sending request to model...

[Agent] Turn 22 (model: test-model)

[Agent] Sending request to model...

[Agent] Turn 23 (model: test-model)

[Agent] Sending request to model...

[Agent] Turn 24 (model: test-model)

[Agent] Sending request to model...

[Agent] Turn 25 (model: test-model)

[Agent] Sending request to model...

[Agent] Turn 26 (model: test-model)

[Agent] Sending request to model...

[Agent] Turn 27 (model: test-model)

[Agent] Sending request to model...

[Agent] Turn 28 (model: test-model)

[Agent] Sending request to model...

[Agent] Turn 29 (model: test-model)

[Agent] Sending request to model...

[Agent] Turn 30 (model: test-model)

[Agent] Sending request to model...

[Agent] Turn 31 (model: test-model)

[Agent] Sending request to model...

[Agent] Turn 32 (model: test-model)

[Agent] Sending request to model...

[Agent] Turn 33 (model: test-model)

[Agent] Sending request to model...

[Agent] Turn 34 (model: test-model)

[Agent] Sending request to model...

[Agent] Turn 35 (model: test-model)

[Agent] Sending request to model...

[Agent] Turn 36 (model: test-model)

[Agent] Sending request to model...

[Agent] Turn 37 (model: test-model)

[Agent] Sending request to model...

[Agent] Turn 38 (model: test-model)

[Agent] Sending request to model...

[Agent] Turn 39 (model: test-model)

[Agent] Sending request to model...

[Agent] Turn 40 (model: test-model)

[Agent] Sending request to model...

[Agent] Turn 41 (model: test-model)

[Agent] Sending request to model...

[Agent] Turn 42 (model: test-model)

[Agent] Sending request to model...

[Agent] Turn 43 (model: test-model)

[Agent] Sending request to model...

[Agent] Turn 44 (model: test-model)

[Agent] Sending request to model...

[Agent] Turn 45 (model: test-model)

[Agent] Sending request to model...

[Agent] Turn 46 (model: test-model)

[Agent] Sending request to model...

[Agent] Turn 47 (model: test-model)

[Agent] Sending request to model...

[Agent] Turn 48 (model: test-model)

[Agent] Sending request to model...

[Agent] Turn 49 (model: test-model)

[Agent] Sending request to model...

[Agent] Turn 50 (model: test-model)

[Agent] Sending request to model...

[Agent] Turn 51 (model: test-model)

[Agent] Sending request to model...

[Agent] Turn 52 (model: test-model)

[Agent] Sending request to model...

[Agent] Turn 53 (model: test-model)

[Agent] Sending request to model...

[Agent] Turn 54 (model: test-model)

[Agent] Sending request to model...

[Agent] Turn 55 (model: test-model)

[Agent] Sending request to model...

[Agent] Turn 56 (model: test-model)

[Agent] Sending request to model...

[Agent] Turn 57 (model: test-model)

[Agent] Sending request to model...

[Agent] Turn 58 (model: test-model)

[Agent] Sending request to model...

[Agent] Turn 59 (model: test-model)

[Agent] Sending request to model...

[Agent] Turn 60 (model: test-model)

[Agent] Sending request to model...

[Agent] Turn 61 (model: test-model)

[Agent] Sending request to model...

[Agent] Turn 62 (model: test-model)

[Agent] Sending request to model...

[Agent] Turn 63 (model: test-model)

[Agent] Sending request to model...

[Agent] Turn 64 (model: test-model)

[Agent] Sending request to model...

[Agent] Turn 65 (model: test-model)

[Agent] Sending request to model...

[Agent] Turn 66 (model: test-model)

[Agent] Sending request to model...

[Agent] Turn 67 (model: test-model)

[Agent] Sending request to model...

[Agent] Turn 68 (model: test-model)

[Agent] Sending request to model...

[Agent] Turn 69 (model: test-model)

[Agent] Sending request to model...

[Agent] Turn 70 (model: test-model)

[Agent] Sending request to model...

[Agent] Turn 71 (model: test-model)

[Agent] Sending request to model...

[Agent] Turn 72 (model: test-model)

[Agent] Sending request to model...

[Agent] Turn 73 (model: test-model)

[Agent] Sending request to model...

[Agent] Turn 74 (model: test-model)

[Agent] Sending request to model...

[Agent] Turn 75 (model: test-model)

[Agent] Sending request to model...

[Agent] Turn 76 (model: test-model)

[Agent] Sending request to model...

[Agent] Turn 77 (model: test-model)

[Agent] Sending request to model...

[Agent] Turn 78 (model: test-model)

[Agent] Sending request to model...

[Agent] Turn 79 (model: test-model)

[Agent] Sending request to model...

[Agent] Turn 80 (model: test-model)

[Agent] Sending request to model...

[Agent] Turn 81 (model: test-model)

[Agent] Sending request to model...

[Agent] Turn 82 (model: test-model)

[Agent] Sending request to model...

[Agent] Turn 83 (model: test-model)

[Agent] Sending request to model...

[Agent] Turn 84 (model: test-model)

[Agent] Sending request to model...

[Agent] Turn 85 (model: test-model)

[Agent] Sending request to model...

[Agent] Turn 86 (model: test-model)

[Agent] Sending request to model...

[Agent] Turn 87 (model: test-model)

[Agent] Sending request to model...

[Agent] Turn 88 (model: test-model)

[Agent] Sending request to model...

[Agent] Turn 89 (model: test-model)

[Agent] Sending request to model...

[Agent] Turn 90 (model: test-model)

[Agent] Sending request to model...

[Agent] Turn 91 (model: test-model)

[Agent] Sending request to model...

[Agent] Turn 92 (model: test-model)

[Agent] Sending request to model...

[Agent] Turn 93 (model: test-model)

[Agent] Sending request to model...

[Agent] Turn 94 (model: test-model)

[Agent] Sending request to model...

[Agent] Turn 95 (model: test-model)

[Agent] Sending request to model...

[Agent] Turn 96 (model: test-model)

[Agent] Sending request to model...

[Agent] Turn 97 (model: test-model)

[Agent] Sending request to model...

[Agent] Turn 98 (model: test-model)

[Agent] Sending request to model...

[Agent] Turn 99 (model: test-model)

[Agent] Sending request to model...

[Agent] Turn 100 (model: test-model)

[Agent] Sending request to model...

[Agent] Turn 101 (model: test-model)

Infinite loop protection working: checkNextSpeaker called 100 times, 1 events generated (properly bounded by MAX_TURNS)

            </system-out>
        </testcase>
        <testcase classname="src/core/client.test.ts" name="Gemini Client (client.ts) &gt; sendMessageStream &gt; Editor context delta &gt; &apos;sends delta when active file changes&apos;" time="0.016219996">
            <system-out>
[Agent] Starting new prompt: prompt-i...
[Agent] Turn 1 (model: test-model)

[Agent] Sending request to model...

[Agent] Model started responding...

[Agent] Model finished responding (1 chunks)

            </system-out>
        </testcase>
        <testcase classname="src/core/client.test.ts" name="Gemini Client (client.ts) &gt; sendMessageStream &gt; Editor context delta &gt; &apos;sends delta when cursor line changes&apos;" time="0.012815454">
            <system-out>
[Agent] Starting new prompt: prompt-i...
[Agent] Turn 1 (model: test-model)

[Agent] Sending request to model...

            </system-out>
        </testcase>
        <testcase classname="src/core/client.test.ts" name="Gemini Client (client.ts) &gt; sendMessageStream &gt; Editor context delta &gt; &apos;sends delta when cursor character cha…&apos;" time="0.014856656">
            <system-out>
[Agent] Starting new prompt: prompt-i...
[Agent] Turn 1 (model: test-model)

[Agent] Sending request to model...

            </system-out>
        </testcase>
        <testcase classname="src/core/client.test.ts" name="Gemini Client (client.ts) &gt; sendMessageStream &gt; Editor context delta &gt; &apos;sends delta when selected text changes&apos;" time="0.01044366">
            <system-out>
[Agent] Starting new prompt: prompt-i...
[Agent] Turn 1 (model: test-model)

[Agent] Sending request to model...

            </system-out>
        </testcase>
        <testcase classname="src/core/client.test.ts" name="Gemini Client (client.ts) &gt; sendMessageStream &gt; Editor context delta &gt; &apos;sends delta when selected text is add…&apos;" time="0.018776289">
            <system-out>
[Agent] Starting new prompt: prompt-i...
[Agent] Turn 1 (model: test-model)

[Agent] Sending request to model...

            </system-out>
        </testcase>
        <testcase classname="src/core/client.test.ts" name="Gemini Client (client.ts) &gt; sendMessageStream &gt; Editor context delta &gt; &apos;sends delta when selected text is rem…&apos;" time="0.024624467">
            <system-out>
[Agent] Starting new prompt: prompt-i...
[Agent] Turn 1 (model: test-model)

[Agent] Sending request to model...

            </system-out>
        </testcase>
        <testcase classname="src/core/client.test.ts" name="Gemini Client (client.ts) &gt; sendMessageStream &gt; Editor context delta &gt; &apos;does not send context when nothing ch…&apos;" time="0.023958937">
            <system-out>
[Agent] Starting new prompt: prompt-i...
[Agent] Turn 1 (model: test-model)

[Agent] Sending request to model...

            </system-out>
        </testcase>
        <testcase classname="src/core/client.test.ts" name="Gemini Client (client.ts) &gt; sendMessageStream &gt; Editor context delta &gt; sends full context when history is cleared, even if editor state is unchanged" time="0.014124794">
            <system-out>
[Agent] Starting new prompt: prompt-i...
[Agent] Turn 1 (model: test-model)

[Agent] Sending request to model...

            </system-out>
        </testcase>
        <testcase classname="src/core/client.test.ts" name="Gemini Client (client.ts) &gt; sendMessageStream &gt; IDE context with pending tool calls &gt; should NOT add IDE context when a tool call is pending" time="0.015754265">
            <system-out>
[Agent] Starting new prompt: prompt-i...
[Agent] Turn 1 (model: test-model)

[Agent] Sending request to model...

[Agent] Model started responding...

[Agent] Model finished responding (1 chunks)

            </system-out>
        </testcase>
        <testcase classname="src/core/client.test.ts" name="Gemini Client (client.ts) &gt; sendMessageStream &gt; IDE context with pending tool calls &gt; should add IDE context when no tool call is pending" time="0.017405917">
            <system-out>
[Agent] Starting new prompt: prompt-i...
[Agent] Turn 1 (model: test-model)

[Agent] Sending request to model...

[Agent] Model started responding...

[Agent] Model finished responding (1 chunks)

            </system-out>
        </testcase>
        <testcase classname="src/core/client.test.ts" name="Gemini Client (client.ts) &gt; sendMessageStream &gt; IDE context with pending tool calls &gt; should send the latest IDE context on the next message after a skipped context" time="0.01615746">
            <system-out>
[Agent] Starting new prompt: prompt-i...
[Agent] Turn 1 (model: test-model)

[Agent] Sending request to model...

[Agent] Model started responding...

[Agent] Model finished responding (1 chunks)

[Agent] Starting new prompt: prompt-i...
[Agent] Turn 2 (model: test-model)

[Agent] Sending request to model...

            </system-out>
        </testcase>
        <testcase classname="src/core/client.test.ts" name="Gemini Client (client.ts) &gt; sendMessageStream &gt; IDE context with pending tool calls &gt; should send a context DELTA on the next message after a skipped context" time="0.027038037">
            <system-out>
[Agent] Starting new prompt: prompt-i...
[Agent] Turn 1 (model: test-model)

[Agent] Sending request to model...

[Agent] Model started responding...

[Agent] Model finished responding (1 chunks)

[Agent] Starting new prompt: prompt-i...
[Agent] Turn 2 (model: test-model)

[Agent] Sending request to model...

[Agent] Starting new prompt: prompt-i...
[Agent] Turn 3 (model: test-model)

[Agent] Sending request to model...

            </system-out>
        </testcase>
        <testcase classname="src/core/client.test.ts" name="Gemini Client (client.ts) &gt; sendMessageStream &gt; should not call checkNextSpeaker when turn.run() yields an error" time="0.015023745">
            <system-out>
[Agent] Starting new prompt: prompt-i...
[Agent] Turn 1 (model: test-model)

[Agent] Sending request to model...

[Agent] Error occurred: test error

            </system-out>
        </testcase>
        <testcase classname="src/core/client.test.ts" name="Gemini Client (client.ts) &gt; sendMessageStream &gt; should not call checkNextSpeaker when turn.run() yields a value then an error" time="0.011977245">
            <system-out>
[Agent] Starting new prompt: prompt-i...
[Agent] Turn 1 (model: test-model)

[Agent] Sending request to model...

[Agent] Model started responding...

[Agent] Error occurred: test error

            </system-out>
        </testcase>
        <testcase classname="src/core/client.test.ts" name="Gemini Client (client.ts) &gt; sendMessageStream &gt; does not run loop checks when skipLoopDetection is true" time="0.011588266">
            <system-out>
[Agent] Starting new prompt: prompt-i...
[Agent] Turn 1 (model: test-model)

[Agent] Sending request to model...

[Agent] Model started responding...

[Agent] Model finished responding (2 chunks)

            </system-out>
        </testcase>
        <testcase classname="src/core/client.test.ts" name="Gemini Client (client.ts) &gt; sendMessageStream &gt; runs loop checks when skipLoopDetection is false" time="0.020670651">
            <system-out>
[Agent] Starting new prompt: prompt-i...
[Agent] Turn 1 (model: test-model)

[Agent] Sending request to model...

[Agent] Model started responding...

[Agent] Model finished responding (2 chunks)

            </system-out>
        </testcase>
        <testcase classname="src/core/client.test.ts" name="Gemini Client (client.ts) &gt; generateContent &gt; should call generateContent with the correct parameters" time="0.024766881">
        </testcase>
        <testcase classname="src/core/client.test.ts" name="Gemini Client (client.ts) &gt; generateContent &gt; should use current model from config for content generation" time="0.020125693">
        </testcase>
        <testcase classname="src/core/client.test.ts" name="Gemini Client (client.ts) &gt; handleFlashFallback &gt; should use current model from config when checking for fallback" time="0.029146986">
        </testcase>
        <testcase classname="src/core/client.test.ts" name="Gemini Client (client.ts) &gt; setHistory &gt; should strip thought signatures when stripThoughts is true" time="0.034986967">
        </testcase>
        <testcase classname="src/core/client.test.ts" name="Gemini Client (client.ts) &gt; setHistory &gt; should not strip thought signatures when stripThoughts is false" time="0.019262177">
        </testcase>
        <testcase classname="src/core/client.test.ts" name="Gemini Client (client.ts) &gt; initialize &gt; should accept extraHistory parameter and pass it to startChat" time="0.015055153">
        </testcase>
        <testcase classname="src/core/client.test.ts" name="Gemini Client (client.ts) &gt; initialize &gt; should use empty array when no extraHistory is provided" time="0.014801343">
        </testcase>
        <testcase classname="src/core/client.test.ts" name="Gemini Client (client.ts) &gt; reinitialize &gt; should reinitialize with preserved user history" time="0.016830233">
        </testcase>
        <testcase classname="src/core/client.test.ts" name="Gemini Client (client.ts) &gt; reinitialize &gt; should not throw error when chat is not initialized" time="0.020498984">
        </testcase>
    </testsuite>
    <testsuite name="src/core/contentGenerator.test.ts" timestamp="2025-10-17T11:01:59.983Z" hostname="uby" tests="10" failures="0" errors="0" skipped="0" time="0.010419546">
        <testcase classname="src/core/contentGenerator.test.ts" name="createContentGenerator &gt; should create a CodeAssistContentGenerator" time="0.002303818">
        </testcase>
        <testcase classname="src/core/contentGenerator.test.ts" name="createContentGenerator &gt; should create a GoogleGenAI content generator" time="0.001427709">
        </testcase>
        <testcase classname="src/core/contentGenerator.test.ts" name="createContentGenerator &gt; should create a GoogleGenAI content generator with client install id logging disabled" time="0.000423834">
        </testcase>
        <testcase classname="src/core/contentGenerator.test.ts" name="createContentGeneratorConfig &gt; should configure for Gemini using GEMINI_API_KEY when set" time="0.001374831">
        </testcase>
        <testcase classname="src/core/contentGenerator.test.ts" name="createContentGeneratorConfig &gt; should not configure for Gemini if GEMINI_API_KEY is empty" time="0.000667063">
        </testcase>
        <testcase classname="src/core/contentGenerator.test.ts" name="createContentGeneratorConfig &gt; should configure for Vertex AI using GOOGLE_API_KEY when set" time="0.000507919">
        </testcase>
        <testcase classname="src/core/contentGenerator.test.ts" name="createContentGeneratorConfig &gt; should configure for Vertex AI using GCP project and location when set" time="0.000738695">
        </testcase>
        <testcase classname="src/core/contentGenerator.test.ts" name="createContentGeneratorConfig &gt; should not configure for Vertex AI if required env vars are empty" time="0.000662564">
        </testcase>
        <testcase classname="src/core/contentGenerator.test.ts" name="createContentGeneratorConfig &gt; should retain the config model for OpenAI when OPENAI_MODEL is not set" time="0.000333146">
        </testcase>
        <testcase classname="src/core/contentGenerator.test.ts" name="createContentGeneratorConfig &gt; should prefer OPENAI_MODEL when provided" time="0.000316385">
        </testcase>
    </testsuite>
    <testsuite name="src/core/coreToolScheduler.test.ts" timestamp="2025-10-17T11:01:59.984Z" hostname="uby" tests="24" failures="0" errors="0" skipped="0" time="0.254226585">
        <testcase classname="src/core/coreToolScheduler.test.ts" name="CoreToolScheduler &gt; should cancel a tool call if the signal is aborted before confirmation" time="0.030028585">
        </testcase>
        <testcase classname="src/core/coreToolScheduler.test.ts" name="CoreToolScheduler &gt; plan mode enforcement &gt; returns plan reminder and skips execution for edit tools" time="0.003608328">
        </testcase>
        <testcase classname="src/core/coreToolScheduler.test.ts" name="CoreToolScheduler &gt; plan mode enforcement &gt; allows read tools to execute in plan mode" time="0.012935696">
            <system-out>
[Tool] Starting: read_file (plan-2...)

[Tool] Completed: read_file in 1ms
[Tool] Success: read_file

            </system-out>
        </testcase>
        <testcase classname="src/core/coreToolScheduler.test.ts" name="CoreToolScheduler &gt; plan mode enforcement &gt; enforces shell command restrictions in plan mode" time="0.014912689">
            <system-out>
[Tool] Starting: run_shell_command (plan-she...)
[Tool] Args: {
  &quot;command&quot;: &quot;ls -la&quot;
}

[Tool] Completed: run_shell_command in 1ms
[Tool] Success: run_shell_command

            </system-out>
        </testcase>
        <testcase classname="src/core/coreToolScheduler.test.ts" name="CoreToolScheduler &gt; getToolSuggestion &gt; should suggest the top N closest tool names for a typo" time="0.00066525">
        </testcase>
        <testcase classname="src/core/coreToolScheduler.test.ts" name="CoreToolScheduler with payload &gt; should update args and diff and execute tool when payload is provided" time="0.006197644">
            <system-out>
[Tool] Starting: mockModifiableTool (1...)
[Tool] Args: {
  &quot;newContent&quot;: &quot;final version&quot;
}

[Tool] Completed: mockModifiableTool in 0ms
[Tool] Success: mockModifiableTool

            </system-out>
        </testcase>
        <testcase classname="src/core/coreToolScheduler.test.ts" name="convertToFunctionResponse &gt; should handle simple string llmContent" time="0.000335911">
        </testcase>
        <testcase classname="src/core/coreToolScheduler.test.ts" name="convertToFunctionResponse &gt; should handle llmContent as a single Part with text" time="0.000164664">
        </testcase>
        <testcase classname="src/core/coreToolScheduler.test.ts" name="convertToFunctionResponse &gt; should handle llmContent as a PartListUnion array with a single text Part" time="0.000115193">
        </testcase>
[...]
        </testcase>
        <testcase classname="src/utils/request-tokenizer/textTokenizer.test.ts" name="TextTokenizer &gt; calculateTokensBatch &gt; should process multiple texts and return token counts" time="0.001106595">
        </testcase>
        <testcase classname="src/utils/request-tokenizer/textTokenizer.test.ts" name="TextTokenizer &gt; calculateTokensBatch &gt; should handle empty array" time="0.000208866">
        </testcase>
        <testcase classname="src/utils/request-tokenizer/textTokenizer.test.ts" name="TextTokenizer &gt; calculateTokensBatch &gt; should handle array with empty strings" time="0.002610133">
        </testcase>
        <testcase classname="src/utils/request-tokenizer/textTokenizer.test.ts" name="TextTokenizer &gt; calculateTokensBatch &gt; should use fallback calculation when tiktoken fails to load" time="0.000505364">
        </testcase>
        <testcase classname="src/utils/request-tokenizer/textTokenizer.test.ts" name="TextTokenizer &gt; calculateTokensBatch &gt; should use fallback calculation when encoding fails during batch processing" time="0.000349196">
        </testcase>
        <testcase classname="src/utils/request-tokenizer/textTokenizer.test.ts" name="TextTokenizer &gt; calculateTokensBatch &gt; should handle null and undefined values in batch" time="0.000204428">
        </testcase>
        <testcase classname="src/utils/request-tokenizer/textTokenizer.test.ts" name="TextTokenizer &gt; dispose &gt; should free tiktoken encoding when disposing" time="0.000321645">
        </testcase>
        <testcase classname="src/utils/request-tokenizer/textTokenizer.test.ts" name="TextTokenizer &gt; dispose &gt; should handle disposal when encoding is not initialized" time="0.000994468">
        </testcase>
        <testcase classname="src/utils/request-tokenizer/textTokenizer.test.ts" name="TextTokenizer &gt; dispose &gt; should handle disposal when encoding is null" time="0.000287191">
        </testcase>
        <testcase classname="src/utils/request-tokenizer/textTokenizer.test.ts" name="TextTokenizer &gt; dispose &gt; should handle errors during disposal gracefully" time="0.000335149">
        </testcase>
        <testcase classname="src/utils/request-tokenizer/textTokenizer.test.ts" name="TextTokenizer &gt; dispose &gt; should allow multiple calls to dispose" time="0.000268636">
        </testcase>
        <testcase classname="src/utils/request-tokenizer/textTokenizer.test.ts" name="TextTokenizer &gt; lazy initialization &gt; should not initialize tiktoken until first use" time="0.000120783">
        </testcase>
        <testcase classname="src/utils/request-tokenizer/textTokenizer.test.ts" name="TextTokenizer &gt; lazy initialization &gt; should initialize tiktoken on first calculateTokens call" time="0.000160417">
        </testcase>
        <testcase classname="src/utils/request-tokenizer/textTokenizer.test.ts" name="TextTokenizer &gt; lazy initialization &gt; should not reinitialize tiktoken on subsequent calls" time="0.000205289">
        </testcase>
        <testcase classname="src/utils/request-tokenizer/textTokenizer.test.ts" name="TextTokenizer &gt; lazy initialization &gt; should initialize tiktoken on first calculateTokensBatch call" time="0.000171647">
        </testcase>
        <testcase classname="src/utils/request-tokenizer/textTokenizer.test.ts" name="TextTokenizer &gt; edge cases &gt; should handle very short text" time="0.000300405">
        </testcase>
        <testcase classname="src/utils/request-tokenizer/textTokenizer.test.ts" name="TextTokenizer &gt; edge cases &gt; should handle text with only whitespace" time="0.000235305">
        </testcase>
        <testcase classname="src/utils/request-tokenizer/textTokenizer.test.ts" name="TextTokenizer &gt; edge cases &gt; should handle special characters and symbols" time="0.00016743">
        </testcase>
    </testsuite>
    <testsuite name="src/core/openaiContentGenerator/provider/dashscope.test.ts" timestamp="2025-10-17T11:02:00.080Z" hostname="uby" tests="33" failures="0" errors="0" skipped="0" time="0.01450718">
        <testcase classname="src/core/openaiContentGenerator/provider/dashscope.test.ts" name="DashScopeOpenAICompatibleProvider &gt; constructor &gt; should initialize with provided configs" time="0.001454909">
        </testcase>
        <testcase classname="src/core/openaiContentGenerator/provider/dashscope.test.ts" name="DashScopeOpenAICompatibleProvider &gt; isDashScopeProvider &gt; should return true for QWEN_OAUTH auth type" time="0.000416419">
        </testcase>
        <testcase classname="src/core/openaiContentGenerator/provider/dashscope.test.ts" name="DashScopeOpenAICompatibleProvider &gt; isDashScopeProvider &gt; should return true for DashScope domestic URL" time="0.000234243">
        </testcase>
        <testcase classname="src/core/openaiContentGenerator/provider/dashscope.test.ts" name="DashScopeOpenAICompatibleProvider &gt; isDashScopeProvider &gt; should return true for DashScope international URL" time="0.000165777">
        </testcase>
        <testcase classname="src/core/openaiContentGenerator/provider/dashscope.test.ts" name="DashScopeOpenAICompatibleProvider &gt; isDashScopeProvider &gt; should return false for non-DashScope configurations" time="0.00028138">
        </testcase>
        <testcase classname="src/core/openaiContentGenerator/provider/dashscope.test.ts" name="DashScopeOpenAICompatibleProvider &gt; buildHeaders &gt; should build DashScope-specific headers" time="0.000929328">
        </testcase>
        <testcase classname="src/core/openaiContentGenerator/provider/dashscope.test.ts" name="DashScopeOpenAICompatibleProvider &gt; buildHeaders &gt; should handle unknown CLI version" time="0.000235666">
        </testcase>
        <testcase classname="src/core/openaiContentGenerator/provider/dashscope.test.ts" name="DashScopeOpenAICompatibleProvider &gt; buildClient &gt; should create OpenAI client with DashScope configuration" time="0.001392864">
        </testcase>
        <testcase classname="src/core/openaiContentGenerator/provider/dashscope.test.ts" name="DashScopeOpenAICompatibleProvider &gt; buildClient &gt; should use default timeout and maxRetries when not provided" time="0.000490557">
        </testcase>
        <testcase classname="src/core/openaiContentGenerator/provider/dashscope.test.ts" name="DashScopeOpenAICompatibleProvider &gt; buildMetadata &gt; should build metadata with session and prompt IDs" time="0.000393778">
        </testcase>
        <testcase classname="src/core/openaiContentGenerator/provider/dashscope.test.ts" name="DashScopeOpenAICompatibleProvider &gt; buildMetadata &gt; should handle missing session ID" time="0.000232399">
        </testcase>
        <testcase classname="src/core/openaiContentGenerator/provider/dashscope.test.ts" name="DashScopeOpenAICompatibleProvider &gt; buildRequest &gt; should add cache control to system message only for non-streaming requests" time="0.001039942">
        </testcase>
        <testcase classname="src/core/openaiContentGenerator/provider/dashscope.test.ts" name="DashScopeOpenAICompatibleProvider &gt; buildRequest &gt; should add cache control to both system and last messages for streaming requests" time="0.000398406">
        </testcase>
        <testcase classname="src/core/openaiContentGenerator/provider/dashscope.test.ts" name="DashScopeOpenAICompatibleProvider &gt; buildRequest &gt; should include metadata in the request" time="0.000366377">
        </testcase>
        <testcase classname="src/core/openaiContentGenerator/provider/dashscope.test.ts" name="DashScopeOpenAICompatibleProvider &gt; buildRequest &gt; should preserve all original request parameters" time="0.000664789">
        </testcase>
        <testcase classname="src/core/openaiContentGenerator/provider/dashscope.test.ts" name="DashScopeOpenAICompatibleProvider &gt; buildRequest &gt; should skip cache control when disabled" time="0.000323568">
        </testcase>
        <testcase classname="src/core/openaiContentGenerator/provider/dashscope.test.ts" name="DashScopeOpenAICompatibleProvider &gt; buildRequest &gt; should handle messages with array content for streaming requests" time="0.00034598">
        </testcase>
        <testcase classname="src/core/openaiContentGenerator/provider/dashscope.test.ts" name="DashScopeOpenAICompatibleProvider &gt; buildRequest &gt; should handle empty messages array" time="0.000179291">
        </testcase>
        <testcase classname="src/core/openaiContentGenerator/provider/dashscope.test.ts" name="DashScopeOpenAICompatibleProvider &gt; buildRequest &gt; should handle messages without content for streaming requests" time="0.000168522">
        </testcase>
        <testcase classname="src/core/openaiContentGenerator/provider/dashscope.test.ts" name="DashScopeOpenAICompatibleProvider &gt; buildRequest &gt; should add cache control to last text item in mixed content for streaming requests" time="0.000270279">
        </testcase>
        <testcase classname="src/core/openaiContentGenerator/provider/dashscope.test.ts" name="DashScopeOpenAICompatibleProvider &gt; buildRequest &gt; should add empty text item with cache control if last item is not text for streaming requests" time="0.000220747">
        </testcase>
        <testcase classname="src/core/openaiContentGenerator/provider/dashscope.test.ts" name="DashScopeOpenAICompatibleProvider &gt; cache control edge cases &gt; should handle request with only system message" time="0.000260932">
        </testcase>
        <testcase classname="src/core/openaiContentGenerator/provider/dashscope.test.ts" name="DashScopeOpenAICompatibleProvider &gt; cache control edge cases &gt; should handle request without system message for streaming requests" time="0.0002866">
        </testcase>
        <testcase classname="src/core/openaiContentGenerator/provider/dashscope.test.ts" name="DashScopeOpenAICompatibleProvider &gt; cache control edge cases &gt; should handle empty content array for streaming requests" time="0.000192416">
        </testcase>
        <testcase classname="src/core/openaiContentGenerator/provider/dashscope.test.ts" name="DashScopeOpenAICompatibleProvider &gt; output token limits &gt; should limit max_tokens when it exceeds model limit for qwen3-coder-plus" time="0.000215288">
        </testcase>
        <testcase classname="src/core/openaiContentGenerator/provider/dashscope.test.ts" name="DashScopeOpenAICompatibleProvider &gt; output token limits &gt; should limit max_tokens when it exceeds model limit for qwen-vl-max-latest" time="0.000186535">
        </testcase>
        <testcase classname="src/core/openaiContentGenerator/provider/dashscope.test.ts" name="DashScopeOpenAICompatibleProvider &gt; output token limits &gt; should not modify max_tokens when it is within model limit" time="0.000116796">
        </testcase>
        <testcase classname="src/core/openaiContentGenerator/provider/dashscope.test.ts" name="DashScopeOpenAICompatibleProvider &gt; output token limits &gt; should not add max_tokens when not present in request" time="0.000165676">
        </testcase>
        <testcase classname="src/core/openaiContentGenerator/provider/dashscope.test.ts" name="DashScopeOpenAICompatibleProvider &gt; output token limits &gt; should handle null max_tokens parameter" time="0.000161278">
        </testcase>
        <testcase classname="src/core/openaiContentGenerator/provider/dashscope.test.ts" name="DashScopeOpenAICompatibleProvider &gt; output token limits &gt; should use default output limit for unknown models" time="0.000223123">
        </testcase>
        <testcase classname="src/core/openaiContentGenerator/provider/dashscope.test.ts" name="DashScopeOpenAICompatibleProvider &gt; output token limits &gt; should preserve other request parameters when limiting max_tokens" time="0.000321725">
        </testcase>
        <testcase classname="src/core/openaiContentGenerator/provider/dashscope.test.ts" name="DashScopeOpenAICompatibleProvider &gt; output token limits &gt; should work with vision models and output token limits" time="0.00023279">
        </testcase>
        <testcase classname="src/core/openaiContentGenerator/provider/dashscope.test.ts" name="DashScopeOpenAICompatibleProvider &gt; output token limits &gt; should handle streaming requests with output token limits" time="0.000229303">
        </testcase>
    </testsuite>
    <testsuite name="src/core/openaiContentGenerator/provider/default.test.ts" timestamp="2025-10-17T11:02:00.082Z" hostname="uby" tests="11" failures="0" errors="0" skipped="0" time="0.010402465">
        <testcase classname="src/core/openaiContentGenerator/provider/default.test.ts" name="DefaultOpenAICompatibleProvider &gt; constructor &gt; should initialize with provided configs" time="0.002064385">
        </testcase>
        <testcase classname="src/core/openaiContentGenerator/provider/default.test.ts" name="DefaultOpenAICompatibleProvider &gt; buildHeaders &gt; should build headers with User-Agent" time="0.001135589">
        </testcase>
        <testcase classname="src/core/openaiContentGenerator/provider/default.test.ts" name="DefaultOpenAICompatibleProvider &gt; buildHeaders &gt; should handle unknown CLI version" time="0.000299113">
        </testcase>
        <testcase classname="src/core/openaiContentGenerator/provider/default.test.ts" name="DefaultOpenAICompatibleProvider &gt; buildClient &gt; should create OpenAI client with correct configuration" time="0.001597072">
        </testcase>
        <testcase classname="src/core/openaiContentGenerator/provider/default.test.ts" name="DefaultOpenAICompatibleProvider &gt; buildClient &gt; should use default timeout and maxRetries when not provided" time="0.000436877">
        </testcase>
        <testcase classname="src/core/openaiContentGenerator/provider/default.test.ts" name="DefaultOpenAICompatibleProvider &gt; buildClient &gt; should include custom headers from buildHeaders" time="0.00161791">
        </testcase>
        <testcase classname="src/core/openaiContentGenerator/provider/default.test.ts" name="DefaultOpenAICompatibleProvider &gt; buildRequest &gt; should pass through all request parameters unchanged" time="0.00048718">
        </testcase>
        <testcase classname="src/core/openaiContentGenerator/provider/default.test.ts" name="DefaultOpenAICompatibleProvider &gt; buildRequest &gt; should preserve all sampling parameters" time="0.000339136">
        </testcase>
        <testcase classname="src/core/openaiContentGenerator/provider/default.test.ts" name="DefaultOpenAICompatibleProvider &gt; buildRequest &gt; should handle minimal request parameters" time="0.000510013">
        </testcase>
        <testcase classname="src/core/openaiContentGenerator/provider/default.test.ts" name="DefaultOpenAICompatibleProvider &gt; buildRequest &gt; should handle streaming requests" time="0.000219857">
        </testcase>
        <testcase classname="src/core/openaiContentGenerator/provider/default.test.ts" name="DefaultOpenAICompatibleProvider &gt; buildRequest &gt; should not modify the original request object" time="0.000203375">
        </testcase>
    </testsuite>
    <testsuite name="src/core/openaiContentGenerator/provider/lmstudio.test.ts" timestamp="2025-10-17T11:02:00.082Z" hostname="uby" tests="4" failures="0" errors="0" skipped="0" time="0.227153893">
        <testcase classname="src/core/openaiContentGenerator/provider/lmstudio.test.ts" name="LMStudioOpenAICompatibleProvider &gt; isLMStudioProvider &gt; should return true for LM Studio base URLs" time="0.002221606">
        </testcase>
        <testcase classname="src/core/openaiContentGenerator/provider/lmstudio.test.ts" name="LMStudioOpenAICompatibleProvider &gt; isLMStudioProvider &gt; should return false for non-LM Studio base URLs" time="0.000281641">
        </testcase>
        <testcase classname="src/core/openaiContentGenerator/provider/lmstudio.test.ts" name="LMStudioOpenAICompatibleProvider &gt; buildHeaders &gt; should remove User-Agent header for LM Studio compatibility" time="0.000385703">
        </testcase>
        <testcase classname="src/core/openaiContentGenerator/provider/lmstudio.test.ts" name="LMStudioOpenAICompatibleProvider &gt; unloadModel &gt; should attempt to unload the model without throwing an error" time="0.222781052">
        </testcase>
    </testsuite>
    <testsuite name="src/core/openaiContentGenerator/provider/openrouter.test.ts" timestamp="2025-10-17T11:02:00.082Z" hostname="uby" tests="13" failures="0" errors="0" skipped="0" time="0.010855111">
        <testcase classname="src/core/openaiContentGenerator/provider/openrouter.test.ts" name="OpenRouterOpenAICompatibleProvider &gt; constructor &gt; should extend DefaultOpenAICompatibleProvider" time="0.00259701">
        </testcase>
        <testcase classname="src/core/openaiContentGenerator/provider/openrouter.test.ts" name="OpenRouterOpenAICompatibleProvider &gt; isOpenRouterProvider &gt; should return true for openrouter.ai URLs" time="0.000508971">
        </testcase>
        <testcase classname="src/core/openaiContentGenerator/provider/openrouter.test.ts" name="OpenRouterOpenAICompatibleProvider &gt; isOpenRouterProvider &gt; should return false for non-openrouter URLs" time="0.000431948">
        </testcase>
        <testcase classname="src/core/openaiContentGenerator/provider/openrouter.test.ts" name="OpenRouterOpenAICompatibleProvider &gt; isOpenRouterProvider &gt; should handle missing baseUrl gracefully" time="0.000245203">
        </testcase>
        <testcase classname="src/core/openaiContentGenerator/provider/openrouter.test.ts" name="OpenRouterOpenAICompatibleProvider &gt; buildHeaders &gt; should include base headers from parent class" time="0.000417241">
        </testcase>
        <testcase classname="src/core/openaiContentGenerator/provider/openrouter.test.ts" name="OpenRouterOpenAICompatibleProvider &gt; buildHeaders &gt; should add OpenRouter-specific headers without referer by default" time="0.000811259">
        </testcase>
        <testcase classname="src/core/openaiContentGenerator/provider/openrouter.test.ts" name="OpenRouterOpenAICompatibleProvider &gt; buildHeaders &gt; should add HTTP-Referer when environment variable is provided" time="0.00021098">
        </testcase>
        <testcase classname="src/core/openaiContentGenerator/provider/openrouter.test.ts" name="OpenRouterOpenAICompatibleProvider &gt; buildHeaders &gt; should override parent headers if there are conflicts" time="0.000540819">
        </testcase>
        <testcase classname="src/core/openaiContentGenerator/provider/openrouter.test.ts" name="OpenRouterOpenAICompatibleProvider &gt; buildHeaders &gt; should handle unknown CLI version from parent" time="0.000305515">
        </testcase>
        <testcase classname="src/core/openaiContentGenerator/provider/openrouter.test.ts" name="OpenRouterOpenAICompatibleProvider &gt; buildClient &gt; should inherit buildClient behavior from parent" time="0.000500745">
        </testcase>
        <testcase classname="src/core/openaiContentGenerator/provider/openrouter.test.ts" name="OpenRouterOpenAICompatibleProvider &gt; buildRequest &gt; should inherit buildRequest behavior from parent" time="0.001278483">
        </testcase>
        <testcase classname="src/core/openaiContentGenerator/provider/openrouter.test.ts" name="OpenRouterOpenAICompatibleProvider &gt; integration with parent class &gt; should properly call parent constructor" time="0.000865329">
        </testcase>
        <testcase classname="src/core/openaiContentGenerator/provider/openrouter.test.ts" name="OpenRouterOpenAICompatibleProvider &gt; integration with parent class &gt; should maintain parent functionality while adding OpenRouter specifics" time="0.000226048">
        </testcase>
    </testsuite>
</testsuites>
