<?xml version="1.0" encoding="UTF-8" ?>
<testsuites name="vitest tests" tests="16" failures="0" errors="0" time="0.007441239">
    <testsuite name="src/core/openaiContentGenerator/converter.test.ts" timestamp="2026-02-15T13:55:32.685Z" hostname="uby" tests="16" failures="0" errors="0" skipped="0" time="0.007441239">
        <testcase classname="src/core/openaiContentGenerator/converter.test.ts" name="OpenAIContentConverter &gt; resetStreamingToolCalls &gt; should clear streaming tool calls accumulator" time="0.001065992">
        </testcase>
        <testcase classname="src/core/openaiContentGenerator/converter.test.ts" name="OpenAIContentConverter &gt; resetStreamingToolCalls &gt; should be safe to call multiple times" time="0.000092852">
        </testcase>
        <testcase classname="src/core/openaiContentGenerator/converter.test.ts" name="OpenAIContentConverter &gt; resetStreamingToolCalls &gt; should be safe to call on empty accumulator" time="0.000058107">
        </testcase>
        <testcase classname="src/core/openaiContentGenerator/converter.test.ts" name="OpenAIContentConverter &gt; resetStreamingToolCalls &gt; should clear streaming reasoning buffers" time="0.000050904">
        </testcase>
        <testcase classname="src/core/openaiContentGenerator/converter.test.ts" name="OpenAIContentConverter &gt; convertOpenAIResponseToGemini &gt; should include thinking content when reasoning details are present" time="0.000614757">
        </testcase>
        <testcase classname="src/core/openaiContentGenerator/converter.test.ts" name="OpenAIContentConverter &gt; convertGeminiRequestToOpenAI &gt; preserves media emitted with tool responses" time="0.000679787">
        </testcase>
        <testcase classname="src/core/openaiContentGenerator/converter.test.ts" name="OpenAIContentConverter &gt; convertOpenAIChunkToGemini &gt; should buffer reasoning until finish_reason and emit &lt;think&gt; block" time="0.001052417">
        </testcase>
        <testcase classname="src/core/openaiContentGenerator/converter.test.ts" name="OpenAIContentConverter &gt; convertOpenAIChunkToGemini &gt; deduplicates repeated reasoning_details chunks" time="0.000294125">
        </testcase>
        <testcase classname="src/core/openaiContentGenerator/converter.test.ts" name="OpenAIContentConverter &gt; convertOpenAIChunkToGemini &gt; omits duplicate streaming &lt;think&gt; blocks" time="0.000159305">
        </testcase>
        <testcase classname="src/core/openaiContentGenerator/converter.test.ts" name="OpenAIContentConverter &gt; convertOpenAIChunkToGemini &gt; persists thinking dedupe across continuations within same session" time="0.000128127">
        </testcase>
        <testcase classname="src/core/openaiContentGenerator/converter.test.ts" name="OpenAIContentConverter &gt; convertOpenAIChunkToGemini &gt; allows identical thinking blocks after prompt id changes" time="0.000186696">
        </testcase>
        <testcase classname="src/core/openaiContentGenerator/converter.test.ts" name="OpenAIContentConverter &gt; convertOpenAIChunkToGemini &gt; converts XML tool calls embedded in text to function calls" time="0.001178421">
        </testcase>
        <testcase classname="src/core/openaiContentGenerator/converter.test.ts" name="OpenAIContentConverter &gt; convertOpenAIChunkToGemini &gt; buffers partial XML tool calls across chunks" time="0.000230677">
        </testcase>
        <testcase classname="src/core/openaiContentGenerator/converter.test.ts" name="OpenAIContentConverter &gt; convertOpenAIChunkToGemini &gt; converts qwen-coder style function blocks to function calls" time="0.000424946">
        </testcase>
        <testcase classname="src/core/openaiContentGenerator/converter.test.ts" name="OpenAIContentConverter &gt; convertOpenAIChunkToGemini &gt; converts qwen-vl JSON tool_call blocks to function calls" time="0.00031334">
        </testcase>
        <testcase classname="src/core/openaiContentGenerator/converter.test.ts" name="OpenAIContentConverter &gt; convertOpenAIChunkToGemini &gt; strips stray parameter tags after tool calls" time="0.000132405">
        </testcase>
    </testsuite>
</testsuites>
