<?xml version="1.0" encoding="UTF-8" ?>
<testsuites name="vitest tests" tests="4" failures="0" errors="0" time="0.041898793">
    <testsuite name="src/tools/team-management.test.ts" timestamp="2026-02-19T19:56:53.130Z" hostname="uby" tests="4" failures="0" errors="0" skipped="0" time="0.041898793">
        <testcase classname="src/tools/team-management.test.ts" name="team-management tool &gt; lists teams" time="0.021996182">
        </testcase>
        <testcase classname="src/tools/team-management.test.ts" name="team-management tool &gt; posts and reads shared channel messages" time="0.015024056">
        </testcase>
        <testcase classname="src/tools/team-management.test.ts" name="team-management tool &gt; rejects delegate_task when agent has no bound session" time="0.001183638">
        </testcase>
        <testcase classname="src/tools/team-management.test.ts" name="team-management tool &gt; respects restricted channel membership when reading participant inbox" time="0.002881355">
        </testcase>
    </testsuite>
</testsuites>
