<?xml version="1.0" encoding="UTF-8" ?>
<testsuites name="vitest tests" tests="28" failures="0" errors="0" time="0.034617692">
    <testsuite name="src/services/checkpointService.test.ts" timestamp="2026-02-10T22:27:25.004Z" hostname="uby" tests="7" failures="0" errors="0" skipped="0" time="0.012953696">
        <testcase classname="src/services/checkpointService.test.ts" name="CheckpointService &gt; should save and load a checkpoint" time="0.002347289">
        </testcase>
        <testcase classname="src/services/checkpointService.test.ts" name="CheckpointService &gt; should persist context snapshot with full client history" time="0.000450212">
        </testcase>
        <testcase classname="src/services/checkpointService.test.ts" name="CheckpointService &gt; should list checkpoints in chronological order (newest first)" time="0.00427343">
        </testcase>
        <testcase classname="src/services/checkpointService.test.ts" name="CheckpointService &gt; should delete a checkpoint" time="0.000413584">
        </testcase>
        <testcase classname="src/services/checkpointService.test.ts" name="CheckpointService &gt; should return null for non-existent checkpoint" time="0.000136301">
        </testcase>
        <testcase classname="src/services/checkpointService.test.ts" name="CheckpointService &gt; should format checkpoints for display" time="0.004245598">
        </testcase>
        <testcase classname="src/services/checkpointService.test.ts" name="CheckpointService &gt; should handle empty message list" time="0.000337655">
        </testcase>
    </testsuite>
    <testsuite name="src/telemetry/uiTelemetry.test.ts" timestamp="2026-02-10T22:27:25.005Z" hostname="uby" tests="21" failures="0" errors="0" skipped="0" time="0.021663996">
        <testcase classname="src/telemetry/uiTelemetry.test.ts" name="UiTelemetryService &gt; should have correct initial metrics" time="0.001182115">
        </testcase>
        <testcase classname="src/telemetry/uiTelemetry.test.ts" name="UiTelemetryService &gt; should emit an update event when an event is added" time="0.000754385">
        </testcase>
        <testcase classname="src/telemetry/uiTelemetry.test.ts" name="UiTelemetryService &gt; API Response Event Processing &gt; should process a single ApiResponseEvent" time="0.000127085">
        </testcase>
        <testcase classname="src/telemetry/uiTelemetry.test.ts" name="UiTelemetryService &gt; API Response Event Processing &gt; should aggregate multiple ApiResponseEvents for the same model" time="0.000094895">
        </testcase>
        <testcase classname="src/telemetry/uiTelemetry.test.ts" name="UiTelemetryService &gt; API Response Event Processing &gt; should handle ApiResponseEvents for different models" time="0.000105545">
        </testcase>
        <testcase classname="src/telemetry/uiTelemetry.test.ts" name="UiTelemetryService &gt; API Error Event Processing &gt; should process a single ApiErrorEvent" time="0.000111977">
        </testcase>
        <testcase classname="src/telemetry/uiTelemetry.test.ts" name="UiTelemetryService &gt; API Error Event Processing &gt; should aggregate ApiErrorEvents and ApiResponseEvents" time="0.000075279">
        </testcase>
        <testcase classname="src/telemetry/uiTelemetry.test.ts" name="UiTelemetryService &gt; Tool Call Event Processing &gt; should process a single successful ToolCallEvent" time="0.014107478">
        </testcase>
        <testcase classname="src/telemetry/uiTelemetry.test.ts" name="UiTelemetryService &gt; Tool Call Event Processing &gt; should process a single failed ToolCallEvent" time="0.000297189">
        </testcase>
        <testcase classname="src/telemetry/uiTelemetry.test.ts" name="UiTelemetryService &gt; Tool Call Event Processing &gt; should process a ToolCallEvent with modify decision" time="0.000563411">
        </testcase>
        <testcase classname="src/telemetry/uiTelemetry.test.ts" name="UiTelemetryService &gt; Tool Call Event Processing &gt; should process a ToolCallEvent without a decision" time="0.000563822">
        </testcase>
        <testcase classname="src/telemetry/uiTelemetry.test.ts" name="UiTelemetryService &gt; Tool Call Event Processing &gt; should aggregate multiple ToolCallEvents for the same tool" time="0.000657385">
        </testcase>
        <testcase classname="src/telemetry/uiTelemetry.test.ts" name="UiTelemetryService &gt; Tool Call Event Processing &gt; should handle ToolCallEvents for different tools" time="0.000587536">
        </testcase>
        <testcase classname="src/telemetry/uiTelemetry.test.ts" name="UiTelemetryService &gt; resetLastPromptTokenCount &gt; should reset the last prompt token count to 0" time="0.00009743">
        </testcase>
        <testcase classname="src/telemetry/uiTelemetry.test.ts" name="UiTelemetryService &gt; resetLastPromptTokenCount &gt; should emit an update event when resetLastPromptTokenCount is called" time="0.000134589">
        </testcase>
        <testcase classname="src/telemetry/uiTelemetry.test.ts" name="UiTelemetryService &gt; resetLastPromptTokenCount &gt; should not affect other metrics when resetLastPromptTokenCount is called" time="0.00007548">
        </testcase>
        <testcase classname="src/telemetry/uiTelemetry.test.ts" name="UiTelemetryService &gt; resetLastPromptTokenCount &gt; should work correctly when called multiple times" time="0.000096578">
        </testcase>
        <testcase classname="src/telemetry/uiTelemetry.test.ts" name="UiTelemetryService &gt; setLastPromptTokenCount &gt; should set and emit the last prompt token count" time="0.000096799">
        </testcase>
        <testcase classname="src/telemetry/uiTelemetry.test.ts" name="UiTelemetryService &gt; setLastPromptTokenCount &gt; should clamp invalid values to zero" time="0.00005968">
        </testcase>
        <testcase classname="src/telemetry/uiTelemetry.test.ts" name="UiTelemetryService &gt; Tool Call Event with Line Count Metadata &gt; should aggregate valid line count metadata" time="0.000512307">
        </testcase>
        <testcase classname="src/telemetry/uiTelemetry.test.ts" name="UiTelemetryService &gt; Tool Call Event with Line Count Metadata &gt; should ignore null/undefined values in line count metadata" time="0.000516545">
        </testcase>
    </testsuite>
</testsuites>
