<?xml version="1.0" encoding="UTF-8" ?>
<testsuites name="vitest tests" tests="6" failures="0" errors="0" time="0.048468115">
    <testsuite name="src/team/state-store.test.ts" timestamp="2026-02-18T16:18:33.148Z" hostname="uby" tests="3" failures="0" errors="0" skipped="0" time="0.012518406">
        <testcase classname="src/team/state-store.test.ts" name="team state store &gt; upserts and reads team state" time="0.004210431">
        </testcase>
        <testcase classname="src/team/state-store.test.ts" name="team state store &gt; lists and filters team states" time="0.006221228">
        </testcase>
        <testcase classname="src/team/state-store.test.ts" name="team state store &gt; removes team state" time="0.001294602">
        </testcase>
    </testsuite>
    <testsuite name="src/tools/team-management.test.ts" timestamp="2026-02-18T16:18:33.149Z" hostname="uby" tests="3" failures="0" errors="0" skipped="0" time="0.035949709">
        <testcase classname="src/tools/team-management.test.ts" name="team-management tool &gt; lists teams" time="0.023151266">
        </testcase>
        <testcase classname="src/tools/team-management.test.ts" name="team-management tool &gt; posts and reads shared channel messages" time="0.01076781">
        </testcase>
        <testcase classname="src/tools/team-management.test.ts" name="team-management tool &gt; rejects delegate_task when agent has no bound session" time="0.001044621">
        </testcase>
    </testsuite>
</testsuites>
