<?xml version="1.0" encoding="UTF-8" ?>
<testsuites name="vitest tests" tests="2621" failures="0" errors="0" time="16.424938894">
    <testsuite name="src/index.test.ts" timestamp="2025-09-25T23:26:49.325Z" hostname="uby" tests="1" failures="0" errors="0" skipped="0" time="0.002458999">
        <testcase classname="src/index.test.ts" name="placeholder tests &gt; should pass" time="0.001247768">
        </testcase>
    </testsuite>
    <testsuite name="src/code_assist/converter.test.ts" timestamp="2025-09-25T23:26:49.325Z" hostname="uby" tests="21" failures="0" errors="0" skipped="0" time="0.005382808">
        <testcase classname="src/code_assist/converter.test.ts" name="converter &gt; toCodeAssistRequest &gt; should convert a simple request with project" time="0.001928177">
        </testcase>
        <testcase classname="src/code_assist/converter.test.ts" name="converter &gt; toCodeAssistRequest &gt; should convert a request without a project" time="0.000163844">
        </testcase>
        <testcase classname="src/code_assist/converter.test.ts" name="converter &gt; toCodeAssistRequest &gt; should convert a request with sessionId" time="0.000097911">
        </testcase>
        <testcase classname="src/code_assist/converter.test.ts" name="converter &gt; toCodeAssistRequest &gt; should handle string content" time="0.000091068">
        </testcase>
        <testcase classname="src/code_assist/converter.test.ts" name="converter &gt; toCodeAssistRequest &gt; should handle Part[] content" time="0.000076031">
        </testcase>
        <testcase classname="src/code_assist/converter.test.ts" name="converter &gt; toCodeAssistRequest &gt; should handle system instructions" time="0.000079507">
        </testcase>
        <testcase classname="src/code_assist/converter.test.ts" name="converter &gt; toCodeAssistRequest &gt; should handle generation config" time="0.000069639">
        </testcase>
        <testcase classname="src/code_assist/converter.test.ts" name="converter &gt; toCodeAssistRequest &gt; should handle all generation config fields" time="0.000084857">
        </testcase>
        <testcase classname="src/code_assist/converter.test.ts" name="converter &gt; fromCodeAssistResponse &gt; should convert a simple response" time="0.000283474">
        </testcase>
        <testcase classname="src/code_assist/converter.test.ts" name="converter &gt; fromCodeAssistResponse &gt; should handle prompt feedback and usage metadata" time="0.000138196">
        </testcase>
        <testcase classname="src/code_assist/converter.test.ts" name="converter &gt; fromCodeAssistResponse &gt; should handle automatic function calling history" time="0.000093342">
        </testcase>
        <testcase classname="src/code_assist/converter.test.ts" name="converter &gt; toContents &gt; should handle Content" time="0.000099614">
        </testcase>
        <testcase classname="src/code_assist/converter.test.ts" name="converter &gt; toContents &gt; should handle array of Contents" time="0.000091339">
        </testcase>
        <testcase classname="src/code_assist/converter.test.ts" name="converter &gt; toContents &gt; should handle Part" time="0.000050173">
        </testcase>
        <testcase classname="src/code_assist/converter.test.ts" name="converter &gt; toContents &gt; should handle array of Parts" time="0.000046826">
        </testcase>
        <testcase classname="src/code_assist/converter.test.ts" name="converter &gt; toContents &gt; should handle string" time="0.000137755">
        </testcase>
        <testcase classname="src/code_assist/converter.test.ts" name="converter &gt; toContents &gt; should handle array of strings" time="0.000111286">
        </testcase>
        <testcase classname="src/code_assist/converter.test.ts" name="converter &gt; toContents &gt; should convert thought parts to text parts for API compatibility" time="0.00010848">
        </testcase>
        <testcase classname="src/code_assist/converter.test.ts" name="converter &gt; toContents &gt; should combine text and thought for text parts with thoughts" time="0.00007535">
        </testcase>
        <testcase classname="src/code_assist/converter.test.ts" name="converter &gt; toContents &gt; should preserve non-thought properties while removing thought" time="0.000123829">
        </testcase>
        <testcase classname="src/code_assist/converter.test.ts" name="converter &gt; toContents &gt; should convert invalid text content to valid text part with thought" time="0.000101949">
        </testcase>
    </testsuite>
    <testsuite name="src/code_assist/oauth2.test.ts" timestamp="2025-09-25T23:26:49.327Z" hostname="uby" tests="15" failures="0" errors="0" skipped="0" time="0.062972508">
        <testcase classname="src/code_assist/oauth2.test.ts" name="oauth2 &gt; should perform a web login" time="0.011725542">
            <system-out>


Code Assist login required.
Attempting to open authentication page in your browser.
Otherwise navigate to:

https://example.com/auth



Waiting for authentication...

            </system-out>
        </testcase>
        <testcase classname="src/code_assist/oauth2.test.ts" name="oauth2 &gt; should perform login with user code" time="0.004899765">
        </testcase>
        <testcase classname="src/code_assist/oauth2.test.ts" name="oauth2 &gt; in Cloud Shell &gt; should attempt to load cached credentials first" time="0.004019516">
            <system-out>
Loaded cached credentials.

            </system-out>
        </testcase>
        <testcase classname="src/code_assist/oauth2.test.ts" name="oauth2 &gt; in Cloud Shell &gt; should use Compute to get a client if no cached credentials exist" time="0.00220495">
            <system-out>
Attempting to authenticate via Cloud Shell VM&apos;s ADC.

Authentication successful.

            </system-out>
        </testcase>
        <testcase classname="src/code_assist/oauth2.test.ts" name="oauth2 &gt; in Cloud Shell &gt; should not cache the credentials after fetching them via ADC" time="0.001906187">
            <system-out>
Attempting to authenticate via Cloud Shell VM&apos;s ADC.

Authentication successful.

            </system-out>
        </testcase>
        <testcase classname="src/code_assist/oauth2.test.ts" name="oauth2 &gt; in Cloud Shell &gt; should return the Compute client on successful ADC authentication" time="0.001853308">
            <system-out>
Attempting to authenticate via Cloud Shell VM&apos;s ADC.

Authentication successful.

            </system-out>
        </testcase>
        <testcase classname="src/code_assist/oauth2.test.ts" name="oauth2 &gt; in Cloud Shell &gt; should throw an error if ADC fails" time="0.003048189">
            <system-out>
Attempting to authenticate via Cloud Shell VM&apos;s ADC.

            </system-out>
        </testcase>
        <testcase classname="src/code_assist/oauth2.test.ts" name="oauth2 &gt; credential loading order &gt; should prioritize default cached credentials over GOOGLE_APPLICATION_CREDENTIALS" time="0.002747874">
            <system-out>
Loaded cached credentials.

            </system-out>
        </testcase>
        <testcase classname="src/code_assist/oauth2.test.ts" name="oauth2 &gt; credential loading order &gt; should fall back to GOOGLE_APPLICATION_CREDENTIALS if default cache is missing" time="0.001551941">
            <system-out>
Loaded cached credentials.

            </system-out>
        </testcase>
        <testcase classname="src/code_assist/oauth2.test.ts" name="oauth2 &gt; with GCP environment variables &gt; should use GOOGLE_CLOUD_ACCESS_TOKEN when GOOGLE_GENAI_USE_GCA is true" time="0.001428333">
        </testcase>
        <testcase classname="src/code_assist/oauth2.test.ts" name="oauth2 &gt; with GCP environment variables &gt; should not use GCP token if GOOGLE_CLOUD_ACCESS_TOKEN is not set" time="0.002446025">
            <system-out>
Loaded cached credentials.

            </system-out>
        </testcase>
        <testcase classname="src/code_assist/oauth2.test.ts" name="oauth2 &gt; with GCP environment variables &gt; should not use GCP token if GOOGLE_GENAI_USE_GCA is not set" time="0.001400691">
            <system-out>
Loaded cached credentials.

            </system-out>
        </testcase>
        <testcase classname="src/code_assist/oauth2.test.ts" name="oauth2 &gt; clearCachedCredentialFile &gt; should clear cached credentials and Google account" time="0.013692911">
        </testcase>
        <testcase classname="src/code_assist/oauth2.test.ts" name="oauth2 &gt; clearCachedCredentialFile &gt; should handle Qwen module clearing gracefully" time="0.006460271">
            <system-err>
Failed to clear cached credentials: Error: ENOENT: no such file or directory, open &apos;/tmp/qwen-code-test-home-MJUTx8/.qwen/google_accounts.json&apos;
[90m    at open (node:internal/fs/promises:642:25)[39m
[90m    at Object.writeFile (node:internal/fs/promises:1249:14)[39m
    at UserAccountManager.clearCachedGoogleAccount [90m(/home/atmandk/LowCal-Code/packages/core/[39msrc/utils/userAccountManager.ts:138:5[90m)[39m
    at Module.clearCachedCredentialFile [90m(/home/atmandk/LowCal-Code/packages/core/[39msrc/code_assist/oauth2.ts:395:5[90m)[39m
    at [90m/home/atmandk/LowCal-Code/packages/core/[39msrc/code_assist/oauth2.test.ts:572:7
    at file:///home/atmandk/LowCal-Code/node_modules/[4m@vitest/runner[24m/dist/chunk-hooks.js:752:20 {
  errno: [33m-2[39m,
  code: [32m&apos;ENOENT&apos;[39m,
  syscall: [32m&apos;open&apos;[39m,
  path: [32m&apos;/tmp/qwen-code-test-home-MJUTx8/.qwen/google_accounts.json&apos;[39m
}

            </system-err>
        </testcase>
        <testcase classname="src/code_assist/oauth2.test.ts" name="oauth2 &gt; clearCachedCredentialFile &gt; should clear the in-memory OAuth client cache" time="0.002125543">
            <system-out>
Loaded cached credentials.

Loaded cached credentials.

            </system-out>
        </testcase>
    </testsuite>
    <testsuite name="src/code_assist/server.test.ts" timestamp="2025-09-25T23:26:49.328Z" hostname="uby" tests="7" failures="0" errors="0" skipped="0" time="0.024793898">
        <testcase classname="src/code_assist/server.test.ts" name="CodeAssistServer &gt; should be able to be constructed" time="0.003333598">
        </testcase>
        <testcase classname="src/code_assist/server.test.ts" name="CodeAssistServer &gt; should call the generateContent endpoint" time="0.005039262">
        </testcase>
        <testcase classname="src/code_assist/server.test.ts" name="CodeAssistServer &gt; should call the generateContentStream endpoint" time="0.002956951">
        </testcase>
        <testcase classname="src/code_assist/server.test.ts" name="CodeAssistServer &gt; should call the onboardUser endpoint" time="0.003410479">
        </testcase>
        <testcase classname="src/code_assist/server.test.ts" name="CodeAssistServer &gt; should call the loadCodeAssist endpoint" time="0.00292427">
        </testcase>
        <testcase classname="src/code_assist/server.test.ts" name="CodeAssistServer &gt; should return 0 for countTokens" time="0.002056525">
        </testcase>
        <testcase classname="src/code_assist/server.test.ts" name="CodeAssistServer &gt; should throw an error for embedContent" time="0.003495106">
        </testcase>
    </testsuite>
    <testsuite name="src/code_assist/setup.test.ts" timestamp="2025-09-25T23:26:49.329Z" hostname="uby" tests="7" failures="0" errors="0" skipped="0" time="0.007195892">
        <testcase classname="src/code_assist/setup.test.ts" name="setupUser for existing user &gt; should use GOOGLE_CLOUD_PROJECT when set and project from server is undefined" time="0.002719752">
        </testcase>
        <testcase classname="src/code_assist/setup.test.ts" name="setupUser for existing user &gt; should ignore GOOGLE_CLOUD_PROJECT when project from server is set" time="0.000447438">
        </testcase>
        <testcase classname="src/code_assist/setup.test.ts" name="setupUser for existing user &gt; should throw ProjectIdRequiredError when no project ID is available" time="0.000885318">
        </testcase>
        <testcase classname="src/code_assist/setup.test.ts" name="setupUser for new user &gt; should use GOOGLE_CLOUD_PROJECT when set and onboard a new paid user" time="0.000871733">
        </testcase>
        <testcase classname="src/code_assist/setup.test.ts" name="setupUser for new user &gt; should onboard a new free user when GOOGLE_CLOUD_PROJECT is not set" time="0.000432921">
        </testcase>
        <testcase classname="src/code_assist/setup.test.ts" name="setupUser for new user &gt; should use GOOGLE_CLOUD_PROJECT when onboard response has no project ID" time="0.000225848">
        </testcase>
        <testcase classname="src/code_assist/setup.test.ts" name="setupUser for new user &gt; should throw ProjectIdRequiredError when no project ID is available" time="0.000273806">
        </testcase>
    </testsuite>
    <testsuite name="src/config/config.test.ts" timestamp="2025-09-25T23:26:49.329Z" hostname="uby" tests="47" failures="0" errors="0" skipped="0" time="0.08022814">
        <testcase classname="src/config/config.test.ts" name="Server Config (config.ts) &gt; initialize &gt; should throw an error if checkpointing is enabled and GitService fails" time="0.009266182">
        </testcase>
        <testcase classname="src/config/config.test.ts" name="Server Config (config.ts) &gt; initialize &gt; should not throw an error if checkpointing is disabled and GitService fails" time="0.007802444">
        </testcase>
        <testcase classname="src/config/config.test.ts" name="Server Config (config.ts) &gt; initialize &gt; should throw an error if initialized more than once" time="0.006231549">
        </testcase>
        <testcase classname="src/config/config.test.ts" name="Server Config (config.ts) &gt; refreshAuth &gt; should refresh auth and update config" time="0.002234915">
        </testcase>
        <testcase classname="src/config/config.test.ts" name="Server Config (config.ts) &gt; refreshAuth &gt; should preserve conversation history when refreshing auth" time="0.001184692">
        </testcase>
        <testcase classname="src/config/config.test.ts" name="Server Config (config.ts) &gt; refreshAuth &gt; should handle case when no existing client is initialized" time="0.000823062">
        </testcase>
        <testcase classname="src/config/config.test.ts" name="Server Config (config.ts) &gt; refreshAuth &gt; should strip thoughts when switching from GenAI to Vertex" time="0.000709834">
        </testcase>
        <testcase classname="src/config/config.test.ts" name="Server Config (config.ts) &gt; refreshAuth &gt; should not strip thoughts when switching from Vertex to GenAI" time="0.000758624">
        </testcase>
        <testcase classname="src/config/config.test.ts" name="Server Config (config.ts) &gt; Config constructor should store userMemory correctly" time="0.00051879">
        </testcase>
        <testcase classname="src/config/config.test.ts" name="Server Config (config.ts) &gt; Config constructor should default userMemory to empty string if not provided" time="0.000452557">
        </testcase>
        <testcase classname="src/config/config.test.ts" name="Server Config (config.ts) &gt; Config constructor should call setGeminiMdFilename with contextFileName if provided" time="0.000477463">
        </testcase>
        <testcase classname="src/config/config.test.ts" name="Server Config (config.ts) &gt; Config constructor should not call setGeminiMdFilename if contextFileName is not provided" time="0.000355107">
        </testcase>
        <testcase classname="src/config/config.test.ts" name="Server Config (config.ts) &gt; should set default file filtering settings when not provided" time="0.000575866">
        </testcase>
        <testcase classname="src/config/config.test.ts" name="Server Config (config.ts) &gt; should set custom file filtering settings when provided" time="0.000764905">
        </testcase>
        <testcase classname="src/config/config.test.ts" name="Server Config (config.ts) &gt; should initialize WorkspaceContext with includeDirectories" time="0.001397365">
        </testcase>
        <testcase classname="src/config/config.test.ts" name="Server Config (config.ts) &gt; Config constructor should set telemetry to true when provided as true" time="0.000690347">
        </testcase>
        <testcase classname="src/config/config.test.ts" name="Server Config (config.ts) &gt; Config constructor should set telemetry to false when provided as false" time="0.000573351">
        </testcase>
        <testcase classname="src/config/config.test.ts" name="Server Config (config.ts) &gt; Config constructor should default telemetry to default value if not provided" time="0.000557531">
        </testcase>
        <testcase classname="src/config/config.test.ts" name="Server Config (config.ts) &gt; should have a getFileService method that returns FileDiscoveryService" time="0.000726184">
        </testcase>
        <testcase classname="src/config/config.test.ts" name="Server Config (config.ts) &gt; Usage Statistics &gt; defaults usage statistics to enabled if not specified" time="0.025786915">
        </testcase>
        <testcase classname="src/config/config.test.ts" name="Server Config (config.ts) &gt; Usage Statistics &gt; sets usage statistics based on the provided value (enabled: true)" time="0.000818584">
        </testcase>
        <testcase classname="src/config/config.test.ts" name="Server Config (config.ts) &gt; Usage Statistics &gt; sets usage statistics based on the provided value (enabled: false)" time="0.000391915">
        </testcase>
        <testcase classname="src/config/config.test.ts" name="Server Config (config.ts) &gt; Telemetry Settings &gt; should return default telemetry target if not provided" time="0.000327546">
        </testcase>
        <testcase classname="src/config/config.test.ts" name="Server Config (config.ts) &gt; Telemetry Settings &gt; should return provided OTLP endpoint" time="0.000245986">
        </testcase>
        <testcase classname="src/config/config.test.ts" name="Server Config (config.ts) &gt; Telemetry Settings &gt; should return default OTLP endpoint if not provided" time="0.000190212">
        </testcase>
        <testcase classname="src/config/config.test.ts" name="Server Config (config.ts) &gt; Telemetry Settings &gt; should return provided logPrompts setting" time="0.000141211">
        </testcase>
        <testcase classname="src/config/config.test.ts" name="Server Config (config.ts) &gt; Telemetry Settings &gt; should return default logPrompts setting (true) if not provided" time="0.000132776">
        </testcase>
        <testcase classname="src/config/config.test.ts" name="Server Config (config.ts) &gt; Telemetry Settings &gt; should return default logPrompts setting (true) if telemetry object is not provided" time="0.000197055">
        </testcase>
        <testcase classname="src/config/config.test.ts" name="Server Config (config.ts) &gt; Telemetry Settings &gt; should return default telemetry target if telemetry object is not provided" time="0.000142533">
        </testcase>
        <testcase classname="src/config/config.test.ts" name="Server Config (config.ts) &gt; Telemetry Settings &gt; should return default OTLP endpoint if telemetry object is not provided" time="0.00023232">
        </testcase>
        <testcase classname="src/config/config.test.ts" name="Server Config (config.ts) &gt; Telemetry Settings &gt; should return provided OTLP protocol" time="0.000186385">
        </testcase>
        <testcase classname="src/config/config.test.ts" name="Server Config (config.ts) &gt; Telemetry Settings &gt; should return default OTLP protocol if not provided" time="0.000125212">
        </testcase>
        <testcase classname="src/config/config.test.ts" name="Server Config (config.ts) &gt; Telemetry Settings &gt; should return default OTLP protocol if telemetry object is not provided" time="0.000124991">
        </testcase>
        <testcase classname="src/config/config.test.ts" name="Server Config (config.ts) &gt; UseRipgrep Configuration &gt; should default useRipgrep to false when not provided" time="0.000153324">
        </testcase>
        <testcase classname="src/config/config.test.ts" name="Server Config (config.ts) &gt; UseRipgrep Configuration &gt; should set useRipgrep to true when provided as true" time="0.000192497">
        </testcase>
        <testcase classname="src/config/config.test.ts" name="Server Config (config.ts) &gt; UseRipgrep Configuration &gt; should set useRipgrep to false when explicitly provided as false" time="0.000191494">
        </testcase>
        <testcase classname="src/config/config.test.ts" name="Server Config (config.ts) &gt; UseRipgrep Configuration &gt; should default useRipgrep to false when undefined" time="0.000174413">
        </testcase>
        <testcase classname="src/config/config.test.ts" name="Server Config (config.ts) &gt; createToolRegistry &gt; should register a tool if coreTools contains an argument-specific pattern" time="0.003164925">
        </testcase>
        <testcase classname="src/config/config.test.ts" name="setApprovalMode with folder trust &gt; should throw an error when setting YOLO mode in an untrusted folder" time="0.000550258">
        </testcase>
        <testcase classname="src/config/config.test.ts" name="setApprovalMode with folder trust &gt; should throw an error when setting AUTO_EDIT mode in an untrusted folder" time="0.000292872">
        </testcase>
        <testcase classname="src/config/config.test.ts" name="setApprovalMode with folder trust &gt; should NOT throw an error when setting DEFAULT mode in an untrusted folder" time="0.000178921">
        </testcase>
        <testcase classname="src/config/config.test.ts" name="setApprovalMode with folder trust &gt; should NOT throw an error when setting PLAN mode in an untrusted folder" time="0.000156139">
        </testcase>
        <testcase classname="src/config/config.test.ts" name="setApprovalMode with folder trust &gt; should NOT throw an error when setting any mode in a trusted folder" time="0.000349947">
        </testcase>
        <testcase classname="src/config/config.test.ts" name="setApprovalMode with folder trust &gt; should NOT throw an error when setting any mode if trustedFolder is undefined" time="0.000407334">
        </testcase>
        <testcase classname="src/config/config.test.ts" name="setApprovalMode with folder trust &gt; Model Switch Logging &gt; should log model switch when setModel is called with different model" time="0.003117397">
            <system-out>
Logger not initialized or session ID missing. Cannot log message.

            </system-out>
        </testcase>
        <testcase classname="src/config/config.test.ts" name="setApprovalMode with folder trust &gt; Model Switch Logging &gt; should not log when setModel is called with same model" time="0.002000852">
        </testcase>
        <testcase classname="src/config/config.test.ts" name="setApprovalMode with folder trust &gt; Model Switch Logging &gt; should use default reason when no options provided" time="0.0019567">
            <system-out>
Logger not initialized or session ID missing. Cannot log message.

            </system-out>
        </testcase>
    </testsuite>
    <testsuite name="src/config/flashFallback.test.ts" timestamp="2025-09-25T23:26:49.331Z" hostname="uby" tests="6" failures="0" errors="0" skipped="0" time="0.038062405">
        <testcase classname="src/config/flashFallback.test.ts" name="Flash Model Fallback Configuration &gt; setModel &gt; should only mark as switched if contentGeneratorConfig exists" time="0.031123728">
            <system-out>
Invalid JSON in log file /home/atmandk/.qwen/tmp/b306d9ff847c120dd7eb00fcebe5f118b9875b09db67ad8f0834aea7a0d8cb8c/logs.json. Backing up and starting fresh. SyntaxError: &quot;undefined&quot; is not valid JSON
    at JSON.parse (&lt;anonymous&gt;)
    at Logger._readLogFile [90m(/home/atmandk/LowCal-Code/packages/core/[39msrc/core/logger.ts:91:31[90m)[39m
[90m    at processTicksAndRejections (node:internal/process/task_queues:105:5)[39m
    at Logger.initialize [90m(/home/atmandk/LowCal-Code/packages/core/[39msrc/core/logger.ts:155:19[90m)[39m

Backed up corrupted log file to /home/atmandk/.qwen/tmp/b306d9ff847c120dd7eb00fcebe5f118b9875b09db67ad8f0834aea7a0d8cb8c/logs.json.invalid_json.1758842805281.bak
Logger not initialized or session ID missing. Cannot log message.

Invalid JSON in log file /home/atmandk/.qwen/tmp/b306d9ff847c120dd7eb00fcebe5f118b9875b09db67ad8f0834aea7a0d8cb8c/logs.json. Backing up and starting fresh. SyntaxError: &quot;undefined&quot; is not valid JSON
    at JSON.parse (&lt;anonymous&gt;)
    at Logger._readLogFile [90m(/home/atmandk/LowCal-Code/packages/core/[39msrc/core/logger.ts:91:31[90m)[39m
[90m    at processTicksAndRejections (node:internal/process/task_queues:105:5)[39m
    at Logger.initialize [90m(/home/atmandk/LowCal-Code/packages/core/[39msrc/core/logger.ts:155:19[90m)[39m

Backed up corrupted log file to /home/atmandk/.qwen/tmp/b306d9ff847c120dd7eb00fcebe5f118b9875b09db67ad8f0834aea7a0d8cb8c/logs.json.invalid_json.1758842805283.bak

            </system-out>
            <system-err>
Error accessing installation ID file, generating ephemeral ID: TypeError: Cannot read properties of undefined (reading &apos;trim&apos;)
    at InstallationManager.readInstallationIdFromFile [90m(/home/atmandk/LowCal-Code/packages/core/[39msrc/utils/installationManager.ts:21:50[90m)[39m
    at InstallationManager.getInstallationId [90m(/home/atmandk/LowCal-Code/packages/core/[39msrc/utils/installationManager.ts:42:33[90m)[39m
    at QwenLogger.generateUserId [90m(/home/atmandk/LowCal-Code/packages/core/[39msrc/telemetry/qwen-logger/qwen-logger.ts:123:53[90m)[39m
    at new QwenLogger [90m(/home/atmandk/LowCal-Code/packages/core/[39msrc/telemetry/qwen-logger/qwen-logger.ts:114:24[90m)[39m
    at QwenLogger.getInstance [90m(/home/atmandk/LowCal-Code/packages/core/[39msrc/telemetry/qwen-logger/qwen-logger.ts:131:29[90m)[39m
    at logCliConfiguration [90m(/home/atmandk/LowCal-Code/packages/core/[39msrc/telemetry/loggers.ts:85:14[90m)[39m
    at new Config [90m(/home/atmandk/LowCal-Code/packages/core/[39msrc/config/config.ts:452:5[90m)[39m
    at [90m/home/atmandk/LowCal-Code/packages/core/[39msrc/config/flashFallback.test.ts:22:14
    at file:///home/atmandk/LowCal-Code/node_modules/[4m@vitest/runner[24m/dist/chunk-hooks.js:155:11
    at file:///home/atmandk/LowCal-Code/node_modules/[4m@vitest/runner[24m/dist/chunk-hooks.js:1897:20

            </system-err>
        </testcase>
        <testcase classname="src/config/flashFallback.test.ts" name="Flash Model Fallback Configuration &gt; getModel &gt; should return contentGeneratorConfig model if available" time="0.00089727">
            <system-out>
Invalid JSON in log file /home/atmandk/.qwen/tmp/b306d9ff847c120dd7eb00fcebe5f118b9875b09db67ad8f0834aea7a0d8cb8c/logs.json. Backing up and starting fresh. SyntaxError: &quot;undefined&quot; is not valid JSON
    at JSON.parse (&lt;anonymous&gt;)
    at Logger._readLogFile [90m(/home/atmandk/LowCal-Code/packages/core/[39msrc/core/logger.ts:91:31[90m)[39m
[90m    at processTicksAndRejections (node:internal/process/task_queues:105:5)[39m
    at Logger.initialize [90m(/home/atmandk/LowCal-Code/packages/core/[39msrc/core/logger.ts:155:19[90m)[39m

Backed up corrupted log file to /home/atmandk/.qwen/tmp/b306d9ff847c120dd7eb00fcebe5f118b9875b09db67ad8f0834aea7a0d8cb8c/logs.json.invalid_json.1758842805284.bak
Logger not initialized or session ID missing. Cannot log message.

            </system-out>
        </testcase>
        <testcase classname="src/config/flashFallback.test.ts" name="Flash Model Fallback Configuration &gt; getModel &gt; should fall back to initial model if contentGeneratorConfig is not available" time="0.002142854">
            <system-out>
Invalid JSON in log file /home/atmandk/.qwen/tmp/b306d9ff847c120dd7eb00fcebe5f118b9875b09db67ad8f0834aea7a0d8cb8c/logs.json. Backing up and starting fresh. SyntaxError: &quot;undefined&quot; is not valid JSON
    at JSON.parse (&lt;anonymous&gt;)
    at Logger._readLogFile [90m(/home/atmandk/LowCal-Code/packages/core/[39msrc/core/logger.ts:91:31[90m)[39m
[90m    at processTicksAndRejections (node:internal/process/task_queues:105:5)[39m
    at Logger.initialize [90m(/home/atmandk/LowCal-Code/packages/core/[39msrc/core/logger.ts:155:19[90m)[39m

Backed up corrupted log file to /home/atmandk/.qwen/tmp/b306d9ff847c120dd7eb00fcebe5f118b9875b09db67ad8f0834aea7a0d8cb8c/logs.json.invalid_json.1758842805285.bak

Invalid JSON in log file /home/atmandk/.qwen/tmp/b306d9ff847c120dd7eb00fcebe5f118b9875b09db67ad8f0834aea7a0d8cb8c/logs.json. Backing up and starting fresh. SyntaxError: &quot;undefined&quot; is not valid JSON
    at JSON.parse (&lt;anonymous&gt;)
    at Logger._readLogFile [90m(/home/atmandk/LowCal-Code/packages/core/[39msrc/core/logger.ts:91:31[90m)[39m
[90m    at processTicksAndRejections (node:internal/process/task_queues:105:5)[39m
    at Logger.initialize [90m(/home/atmandk/LowCal-Code/packages/core/[39msrc/core/logger.ts:155:19[90m)[39m

Backed up corrupted log file to /home/atmandk/.qwen/tmp/b306d9ff847c120dd7eb00fcebe5f118b9875b09db67ad8f0834aea7a0d8cb8c/logs.json.invalid_json.1758842805286.bak

            </system-out>
        </testcase>
        <testcase classname="src/config/flashFallback.test.ts" name="Flash Model Fallback Configuration &gt; isInFallbackMode &gt; should start as false for new session" time="0.000700406">
            <system-out>
Invalid JSON in log file /home/atmandk/.qwen/tmp/b306d9ff847c120dd7eb00fcebe5f118b9875b09db67ad8f0834aea7a0d8cb8c/logs.json. Backing up and starting fresh. SyntaxError: &quot;undefined&quot; is not valid JSON
    at JSON.parse (&lt;anonymous&gt;)
    at Logger._readLogFile [90m(/home/atmandk/LowCal-Code/packages/core/[39msrc/core/logger.ts:91:31[90m)[39m
[90m    at processTicksAndRejections (node:internal/process/task_queues:105:5)[39m
    at Logger.initialize [90m(/home/atmandk/LowCal-Code/packages/core/[39msrc/core/logger.ts:155:19[90m)[39m

Backed up corrupted log file to /home/atmandk/.qwen/tmp/b306d9ff847c120dd7eb00fcebe5f118b9875b09db67ad8f0834aea7a0d8cb8c/logs.json.invalid_json.1758842805287.bak

            </system-out>
        </testcase>
        <testcase classname="src/config/flashFallback.test.ts" name="Flash Model Fallback Configuration &gt; isInFallbackMode &gt; should remain false if no model switch occurs" time="0.000673065">
            <system-out>
Invalid JSON in log file /home/atmandk/.qwen/tmp/b306d9ff847c120dd7eb00fcebe5f118b9875b09db67ad8f0834aea7a0d8cb8c/logs.json. Backing up and starting fresh. SyntaxError: &quot;undefined&quot; is not valid JSON
    at JSON.parse (&lt;anonymous&gt;)
    at Logger._readLogFile [90m(/home/atmandk/LowCal-Code/packages/core/[39msrc/core/logger.ts:91:31[90m)[39m
[90m    at processTicksAndRejections (node:internal/process/task_queues:105:5)[39m
    at Logger.initialize [90m(/home/atmandk/LowCal-Code/packages/core/[39msrc/core/logger.ts:155:19[90m)[39m

Backed up corrupted log file to /home/atmandk/.qwen/tmp/b306d9ff847c120dd7eb00fcebe5f118b9875b09db67ad8f0834aea7a0d8cb8c/logs.json.invalid_json.1758842805288.bak

            </system-out>
        </testcase>
        <testcase classname="src/config/flashFallback.test.ts" name="Flash Model Fallback Configuration &gt; isInFallbackMode &gt; should persist switched state throughout session" time="0.000692491">
            <system-out>
Invalid JSON in log file /home/atmandk/.qwen/tmp/b306d9ff847c120dd7eb00fcebe5f118b9875b09db67ad8f0834aea7a0d8cb8c/logs.json. Backing up and starting fresh. SyntaxError: &quot;undefined&quot; is not valid JSON
    at JSON.parse (&lt;anonymous&gt;)
    at Logger._readLogFile [90m(/home/atmandk/LowCal-Code/packages/core/[39msrc/core/logger.ts:91:31[90m)[39m
[90m    at processTicksAndRejections (node:internal/process/task_queues:105:5)[39m
    at Logger.initialize [90m(/home/atmandk/LowCal-Code/packages/core/[39msrc/core/logger.ts:155:19[90m)[39m

Backed up corrupted log file to /home/atmandk/.qwen/tmp/b306d9ff847c120dd7eb00fcebe5f118b9875b09db67ad8f0834aea7a0d8cb8c/logs.json.invalid_json.1758842805288.bak
Logger not initialized or session ID missing. Cannot log message.

            </system-out>
        </testcase>
    </testsuite>
    <testsuite name="src/config/storage.test.ts" timestamp="2025-09-25T23:26:49.331Z" hostname="uby" tests="5" failures="0" errors="0" skipped="0" time="0.002874758">
        <testcase classname="src/config/storage.test.ts" name="Storage – getGlobalSettingsPath &gt; returns path to ~/.qwen/settings.json" time="0.001261384">
        </testcase>
        <testcase classname="src/config/storage.test.ts" name="Storage – additional helpers &gt; getWorkspaceSettingsPath returns project/.qwen/settings.json" time="0.000184782">
        </testcase>
        <testcase classname="src/config/storage.test.ts" name="Storage – additional helpers &gt; getUserCommandsDir returns ~/.qwen/commands" time="0.000121885">
        </testcase>
        <testcase classname="src/config/storage.test.ts" name="Storage – additional helpers &gt; getProjectCommandsDir returns project/.qwen/commands" time="0.000094285">
        </testcase>
        <testcase classname="src/config/storage.test.ts" name="Storage – additional helpers &gt; getMcpOAuthTokensPath returns ~/.qwen/mcp-oauth-tokens.json" time="0.000093262">
        </testcase>
    </testsuite>
    <testsuite name="src/core/client.test.ts" timestamp="2025-09-25T23:26:49.332Z" hostname="uby" tests="70" failures="0" errors="0" skipped="1" time="0.963936472">
        <testcase classname="src/core/client.test.ts" name="findIndexAfterFraction &gt; should throw an error for non-positive numbers" time="0.002058417">
        </testcase>
        <testcase classname="src/core/client.test.ts" name="findIndexAfterFraction &gt; should throw an error for a fraction greater than or equal to 1" time="0.000249461">
        </testcase>
        <testcase classname="src/core/client.test.ts" name="findIndexAfterFraction &gt; should handle a fraction in the middle" time="0.000239313">
        </testcase>
        <testcase classname="src/core/client.test.ts" name="findIndexAfterFraction &gt; should handle a fraction that results in the last index" time="0.00007023">
        </testcase>
        <testcase classname="src/core/client.test.ts" name="findIndexAfterFraction &gt; should handle an empty history" time="0.000040224">
        </testcase>
        <testcase classname="src/core/client.test.ts" name="findIndexAfterFraction &gt; should handle a history with only one item" time="0.000038992">
        </testcase>
        <testcase classname="src/core/client.test.ts" name="findIndexAfterFraction &gt; should handle history with weird parts" time="0.000083144">
        </testcase>
        <testcase classname="src/core/client.test.ts" name="Gemini Client (client.ts) &gt; generateEmbedding &gt; should call embedContent with correct parameters and return embeddings" time="0.017499724">
        </testcase>
        <testcase classname="src/core/client.test.ts" name="Gemini Client (client.ts) &gt; generateEmbedding &gt; should return an empty array if an empty array is passed" time="0.006342523">
        </testcase>
        <testcase classname="src/core/client.test.ts" name="Gemini Client (client.ts) &gt; generateEmbedding &gt; should throw an error if API response has no embeddings array" time="0.008250934">
        </testcase>
        <testcase classname="src/core/client.test.ts" name="Gemini Client (client.ts) &gt; generateEmbedding &gt; should throw an error if API response has an empty embeddings array" time="0.006322948">
        </testcase>
        <testcase classname="src/core/client.test.ts" name="Gemini Client (client.ts) &gt; generateEmbedding &gt; should throw an error if API returns a mismatched number of embeddings" time="0.006850143">
        </testcase>
        <testcase classname="src/core/client.test.ts" name="Gemini Client (client.ts) &gt; generateEmbedding &gt; should throw an error if any embedding has nullish values" time="0.008368342">
        </testcase>
        <testcase classname="src/core/client.test.ts" name="Gemini Client (client.ts) &gt; generateEmbedding &gt; should throw an error if any embedding has an empty values array" time="0.005355417">
        </testcase>
        <testcase classname="src/core/client.test.ts" name="Gemini Client (client.ts) &gt; generateEmbedding &gt; should propagate errors from the API call" time="0.009703802">
        </testcase>
        <testcase classname="src/core/client.test.ts" name="Gemini Client (client.ts) &gt; generateJson &gt; should call generateContent with the correct parameters" time="0.011385843">
        </testcase>
        <testcase classname="src/core/client.test.ts" name="Gemini Client (client.ts) &gt; generateJson &gt; should allow overriding model and config" time="0">
            <skipped/>
        </testcase>
        <testcase classname="src/core/client.test.ts" name="Gemini Client (client.ts) &gt; addHistory &gt; should call chat.addHistory with the provided content" time="0.008042168">
        </testcase>
        <testcase classname="src/core/client.test.ts" name="Gemini Client (client.ts) &gt; resetChat &gt; should create a new chat session, clearing the old history" time="0.008601903">
        </testcase>
        <testcase classname="src/core/client.test.ts" name="Gemini Client (client.ts) &gt; tryCompressChat &gt; when compression inflates the token count &gt; uses the truncated history for compression" time="0.008036537">
        </testcase>
        <testcase classname="src/core/client.test.ts" name="Gemini Client (client.ts) &gt; tryCompressChat &gt; when compression inflates the token count &gt; allows compression to be forced/manual after a failure" time="0.029732995">
        </testcase>
        <testcase classname="src/core/client.test.ts" name="Gemini Client (client.ts) &gt; tryCompressChat &gt; when compression inflates the token count &gt; yields the result even if the compression inflated the tokens" time="0.007222772">
        </testcase>
        <testcase classname="src/core/client.test.ts" name="Gemini Client (client.ts) &gt; tryCompressChat &gt; when compression inflates the token count &gt; does not manipulate the source chat" time="0.025641747">
        </testcase>
        <testcase classname="src/core/client.test.ts" name="Gemini Client (client.ts) &gt; tryCompressChat &gt; when compression inflates the token count &gt; restores the history back to the original" time="0.010014677">
        </testcase>
        <testcase classname="src/core/client.test.ts" name="Gemini Client (client.ts) &gt; tryCompressChat &gt; when compression inflates the token count &gt; will not attempt to compress context after a failure" time="0.008067806">
        </testcase>
        <testcase classname="src/core/client.test.ts" name="Gemini Client (client.ts) &gt; tryCompressChat &gt; attempts to compress with a maxOutputTokens set to the original token count" time="0.03292443">
        </testcase>
        <testcase classname="src/core/client.test.ts" name="Gemini Client (client.ts) &gt; tryCompressChat &gt; should not trigger summarization if token count is below threshold" time="0.014446826">
        </testcase>
        <testcase classname="src/core/client.test.ts" name="Gemini Client (client.ts) &gt; tryCompressChat &gt; logs a telemetry event when compressing" time="0.014322607">
        </testcase>
        <testcase classname="src/core/client.test.ts" name="Gemini Client (client.ts) &gt; tryCompressChat &gt; should trigger summarization if token count is at threshold with contextPercentageThreshold setting" time="0.018483855">
        </testcase>
        <testcase classname="src/core/client.test.ts" name="Gemini Client (client.ts) &gt; tryCompressChat &gt; should not compress across a function call response" time="0.014401482">
        </testcase>
        <testcase classname="src/core/client.test.ts" name="Gemini Client (client.ts) &gt; tryCompressChat &gt; should always trigger summarization when force is true, regardless of token count" time="0.017861744">
        </testcase>
        <testcase classname="src/core/client.test.ts" name="Gemini Client (client.ts) &gt; tryCompressChat &gt; should use current model from config for token counting after sendMessage" time="0.013030776">
        </testcase>
        <testcase classname="src/core/client.test.ts" name="Gemini Client (client.ts) &gt; sendMessageStream &gt; injects a plan mode reminder before user queries when approval mode is PLAN" time="0.012771797">
        </testcase>
        <testcase classname="src/core/client.test.ts" name="Gemini Client (client.ts) &gt; sendMessageStream &gt; emits a compression event when the context was automatically compressed" time="0.018133687">
        </testcase>
        <testcase classname="src/core/client.test.ts" name="Gemini Client (client.ts) &gt; sendMessageStream &gt; does not emit a compression event when the status is 2" time="0.021377968">
        </testcase>
        <testcase classname="src/core/client.test.ts" name="Gemini Client (client.ts) &gt; sendMessageStream &gt; does not emit a compression event when the status is 4" time="0.016862615">
        </testcase>
        <testcase classname="src/core/client.test.ts" name="Gemini Client (client.ts) &gt; sendMessageStream &gt; does not emit a compression event when the status is 3" time="0.012178821">
        </testcase>
        <testcase classname="src/core/client.test.ts" name="Gemini Client (client.ts) &gt; sendMessageStream &gt; should include editor context when ideMode is enabled" time="0.019877012">
        </testcase>
        <testcase classname="src/core/client.test.ts" name="Gemini Client (client.ts) &gt; sendMessageStream &gt; should not add context if ideMode is enabled but no open files" time="0.016737354">
        </testcase>
        <testcase classname="src/core/client.test.ts" name="Gemini Client (client.ts) &gt; sendMessageStream &gt; should add context if ideMode is enabled and there is one active file" time="0.016544667">
        </testcase>
        <testcase classname="src/core/client.test.ts" name="Gemini Client (client.ts) &gt; sendMessageStream &gt; should add context if ideMode is enabled and there are open files but no active file" time="0.016401563">
        </testcase>
        <testcase classname="src/core/client.test.ts" name="Gemini Client (client.ts) &gt; sendMessageStream &gt; should return the turn instance after the stream is complete" time="0.012750508">
        </testcase>
        <testcase classname="src/core/client.test.ts" name="Gemini Client (client.ts) &gt; sendMessageStream &gt; should stop infinite loop after MAX_TURNS when nextSpeaker always returns model" time="0.043422631">
            <system-out>
checkNextSpeaker called 100 times - infinite loop protection worked

            </system-out>
        </testcase>
        <testcase classname="src/core/client.test.ts" name="Gemini Client (client.ts) &gt; sendMessageStream &gt; should yield MaxSessionTurns and stop when session turn limit is reached" time="0.023158252">
        </testcase>
        <testcase classname="src/core/client.test.ts" name="Gemini Client (client.ts) &gt; sendMessageStream &gt; should respect MAX_TURNS limit even when turns parameter is set to a large value" time="0.01930332">
            <system-out>
Infinite loop protection working: checkNextSpeaker called 100 times, 1 events generated (properly bounded by MAX_TURNS)

            </system-out>
        </testcase>
        <testcase classname="src/core/client.test.ts" name="Gemini Client (client.ts) &gt; sendMessageStream &gt; Editor context delta &gt; &apos;sends delta when active file changes&apos;" time="0.024617441">
        </testcase>
        <testcase classname="src/core/client.test.ts" name="Gemini Client (client.ts) &gt; sendMessageStream &gt; Editor context delta &gt; &apos;sends delta when cursor line changes&apos;" time="0.018203105">
        </testcase>
        <testcase classname="src/core/client.test.ts" name="Gemini Client (client.ts) &gt; sendMessageStream &gt; Editor context delta &gt; &apos;sends delta when cursor character cha…&apos;" time="0.016944407">
        </testcase>
        <testcase classname="src/core/client.test.ts" name="Gemini Client (client.ts) &gt; sendMessageStream &gt; Editor context delta &gt; &apos;sends delta when selected text changes&apos;" time="0.013021259">
        </testcase>
        <testcase classname="src/core/client.test.ts" name="Gemini Client (client.ts) &gt; sendMessageStream &gt; Editor context delta &gt; &apos;sends delta when selected text is add…&apos;" time="0.016396783">
        </testcase>
        <testcase classname="src/core/client.test.ts" name="Gemini Client (client.ts) &gt; sendMessageStream &gt; Editor context delta &gt; &apos;sends delta when selected text is rem…&apos;" time="0.01264904">
        </testcase>
        <testcase classname="src/core/client.test.ts" name="Gemini Client (client.ts) &gt; sendMessageStream &gt; Editor context delta &gt; &apos;does not send context when nothing ch…&apos;" time="0.021515463">
        </testcase>
        <testcase classname="src/core/client.test.ts" name="Gemini Client (client.ts) &gt; sendMessageStream &gt; Editor context delta &gt; sends full context when history is cleared, even if editor state is unchanged" time="0.015553243">
        </testcase>
        <testcase classname="src/core/client.test.ts" name="Gemini Client (client.ts) &gt; sendMessageStream &gt; IDE context with pending tool calls &gt; should NOT add IDE context when a tool call is pending" time="0.016931523">
        </testcase>
        <testcase classname="src/core/client.test.ts" name="Gemini Client (client.ts) &gt; sendMessageStream &gt; IDE context with pending tool calls &gt; should add IDE context when no tool call is pending" time="0.010959274">
        </testcase>
        <testcase classname="src/core/client.test.ts" name="Gemini Client (client.ts) &gt; sendMessageStream &gt; IDE context with pending tool calls &gt; should send the latest IDE context on the next message after a skipped context" time="0.015931342">
        </testcase>
        <testcase classname="src/core/client.test.ts" name="Gemini Client (client.ts) &gt; sendMessageStream &gt; IDE context with pending tool calls &gt; should send a context DELTA on the next message after a skipped context" time="0.011707098">
        </testcase>
        <testcase classname="src/core/client.test.ts" name="Gemini Client (client.ts) &gt; sendMessageStream &gt; should not call checkNextSpeaker when turn.run() yields an error" time="0.012471662">
        </testcase>
        <testcase classname="src/core/client.test.ts" name="Gemini Client (client.ts) &gt; sendMessageStream &gt; should not call checkNextSpeaker when turn.run() yields a value then an error" time="0.012971306">
        </testcase>
        <testcase classname="src/core/client.test.ts" name="Gemini Client (client.ts) &gt; sendMessageStream &gt; does not run loop checks when skipLoopDetection is true" time="0.014203316">
        </testcase>
        <testcase classname="src/core/client.test.ts" name="Gemini Client (client.ts) &gt; sendMessageStream &gt; runs loop checks when skipLoopDetection is false" time="0.019655492">
        </testcase>
        <testcase classname="src/core/client.test.ts" name="Gemini Client (client.ts) &gt; generateContent &gt; should call generateContent with the correct parameters" time="0.019806692">
        </testcase>
        <testcase classname="src/core/client.test.ts" name="Gemini Client (client.ts) &gt; generateContent &gt; should use current model from config for content generation" time="0.013918108">
        </testcase>
        <testcase classname="src/core/client.test.ts" name="Gemini Client (client.ts) &gt; handleFlashFallback &gt; should use current model from config when checking for fallback" time="0.016862025">
        </testcase>
        <testcase classname="src/core/client.test.ts" name="Gemini Client (client.ts) &gt; setHistory &gt; should strip thought signatures when stripThoughts is true" time="0.012384581">
        </testcase>
        <testcase classname="src/core/client.test.ts" name="Gemini Client (client.ts) &gt; setHistory &gt; should not strip thought signatures when stripThoughts is false" time="0.023290066">
        </testcase>
        <testcase classname="src/core/client.test.ts" name="Gemini Client (client.ts) &gt; initialize &gt; should accept extraHistory parameter and pass it to startChat" time="0.017533687">
        </testcase>
        <testcase classname="src/core/client.test.ts" name="Gemini Client (client.ts) &gt; initialize &gt; should use empty array when no extraHistory is provided" time="0.011937665">
        </testcase>
        <testcase classname="src/core/client.test.ts" name="Gemini Client (client.ts) &gt; reinitialize &gt; should reinitialize with preserved user history" time="0.015271522">
        </testcase>
        <testcase classname="src/core/client.test.ts" name="Gemini Client (client.ts) &gt; reinitialize &gt; should not throw error when chat is not initialized" time="0.01189195">
        </testcase>
    </testsuite>
    <testsuite name="src/core/contentGenerator.test.ts" timestamp="2025-09-25T23:26:49.334Z" hostname="uby" tests="8" failures="0" errors="0" skipped="0" time="0.00596788">
        <testcase classname="src/core/contentGenerator.test.ts" name="createContentGenerator &gt; should create a CodeAssistContentGenerator" time="0.001728788">
        </testcase>
        <testcase classname="src/core/contentGenerator.test.ts" name="createContentGenerator &gt; should create a GoogleGenAI content generator" time="0.001046627">
        </testcase>
        <testcase classname="src/core/contentGenerator.test.ts" name="createContentGenerator &gt; should create a GoogleGenAI content generator with client install id logging disabled" time="0.000224736">
        </testcase>
        <testcase classname="src/core/contentGenerator.test.ts" name="createContentGeneratorConfig &gt; should configure for Gemini using GEMINI_API_KEY when set" time="0.001041356">
        </testcase>
        <testcase classname="src/core/contentGenerator.test.ts" name="createContentGeneratorConfig &gt; should not configure for Gemini if GEMINI_API_KEY is empty" time="0.000300536">
        </testcase>
        <testcase classname="src/core/contentGenerator.test.ts" name="createContentGeneratorConfig &gt; should configure for Vertex AI using GOOGLE_API_KEY when set" time="0.000176897">
        </testcase>
        <testcase classname="src/core/contentGenerator.test.ts" name="createContentGeneratorConfig &gt; should configure for Vertex AI using GCP project and location when set" time="0.000195272">
        </testcase>
        <testcase classname="src/core/contentGenerator.test.ts" name="createContentGeneratorConfig &gt; should not configure for Vertex AI if required env vars are empty" time="0.000162891">
        </testcase>
    </testsuite>
    <testsuite name="src/core/coreToolScheduler.test.ts" timestamp="2025-09-25T23:26:49.335Z" hostname="uby" tests="24" failures="0" errors="0" skipped="0" time="0.239558919">
        <testcase classname="src/core/coreToolScheduler.test.ts" name="CoreToolScheduler &gt; should cancel a tool call if the signal is aborted before confirmation" time="0.027156078">
        </testcase>
        <testcase classname="src/core/coreToolScheduler.test.ts" name="CoreToolScheduler &gt; plan mode enforcement &gt; returns plan reminder and skips execution for edit tools" time="0.00230288">
        </testcase>
        <testcase classname="src/core/coreToolScheduler.test.ts" name="CoreToolScheduler &gt; plan mode enforcement &gt; allows read tools to execute in plan mode" time="0.012220428">
        </testcase>
        <testcase classname="src/core/coreToolScheduler.test.ts" name="CoreToolScheduler &gt; plan mode enforcement &gt; enforces shell command restrictions in plan mode" time="0.01378906">
        </testcase>
        <testcase classname="src/core/coreToolScheduler.test.ts" name="CoreToolScheduler &gt; getToolSuggestion &gt; should suggest the top N closest tool names for a typo" time="0.000690207">
        </testcase>
        <testcase classname="src/core/coreToolScheduler.test.ts" name="CoreToolScheduler with payload &gt; should update args and diff and execute tool when payload is provided" time="0.004461214">
        </testcase>
        <testcase classname="src/core/coreToolScheduler.test.ts" name="convertToFunctionResponse &gt; should handle simple string llmContent" time="0.000244251">
        </testcase>
        <testcase classname="src/core/coreToolScheduler.test.ts" name="convertToFunctionResponse &gt; should handle llmContent as a single Part with text" time="0.000168442">
        </testcase>
        <testcase classname="src/core/coreToolScheduler.test.ts" name="convertToFunctionResponse &gt; should handle llmContent as a PartListUnion array with a single text Part" time="0.00011862">
        </testcase>
        <testcase classname="src/core/coreToolScheduler.test.ts" name="convertToFunctionResponse &gt; should handle llmContent with inlineData" time="0.00014591">
        </testcase>
        <testcase classname="src/core/coreToolScheduler.test.ts" name="convertToFunctionResponse &gt; should handle llmContent with fileData" time="0.000103491">
        </testcase>
        <testcase classname="src/core/coreToolScheduler.test.ts" name="convertToFunctionResponse &gt; should handle llmContent as an array of multiple Parts (text and inlineData)" time="0.00015167">
        </testcase>
        <testcase classname="src/core/coreToolScheduler.test.ts" name="convertToFunctionResponse &gt; should handle llmContent as an array with a single inlineData Part" time="0.000078224">
        </testcase>
        <testcase classname="src/core/coreToolScheduler.test.ts" name="convertToFunctionResponse &gt; should handle llmContent as a generic Part (not text, inlineData, or fileData)" time="0.000095206">
        </testcase>
        <testcase classname="src/core/coreToolScheduler.test.ts" name="convertToFunctionResponse &gt; should handle empty string llmContent" time="0.000062997">
        </testcase>
        <testcase classname="src/core/coreToolScheduler.test.ts" name="convertToFunctionResponse &gt; should handle llmContent as an empty array" time="0.000050594">
        </testcase>
        <testcase classname="src/core/coreToolScheduler.test.ts" name="convertToFunctionResponse &gt; should handle llmContent as a Part with undefined inlineData/fileData/text" time="0.000071061">
        </testcase>
        <testcase classname="src/core/coreToolScheduler.test.ts" name="CoreToolScheduler edit cancellation &gt; should preserve diff when an edit is cancelled" time="0.001214437">
        </testcase>
        <testcase classname="src/core/coreToolScheduler.test.ts" name="CoreToolScheduler YOLO mode &gt; should execute tool requiring confirmation directly without waiting" time="0.002542814">
        </testcase>
        <testcase classname="src/core/coreToolScheduler.test.ts" name="CoreToolScheduler cancellation during executing with live output &gt; sets status to cancelled and preserves last output" time="0.104475117">
        </testcase>
        <testcase classname="src/core/coreToolScheduler.test.ts" name="CoreToolScheduler request queueing &gt; should queue a request if another is running" time="0.012925593">
        </testcase>
        <testcase classname="src/core/coreToolScheduler.test.ts" name="CoreToolScheduler request queueing &gt; should auto-approve a tool call if it is on the allowedTools list" time="0.001633683">
        </testcase>
        <testcase classname="src/core/coreToolScheduler.test.ts" name="CoreToolScheduler request queueing &gt; should handle two synchronous calls to schedule" time="0.00109762">
        </testcase>
        <testcase classname="src/core/coreToolScheduler.test.ts" name="CoreToolScheduler request queueing &gt; should auto-approve remaining tool calls when first tool call is approved with ProceedAlways" time="0.051868225">
        </testcase>
    </testsuite>
    <testsuite name="src/core/geminiChat.test.ts" timestamp="2025-09-25T23:26:49.336Z" hostname="uby" tests="31" failures="0" errors="0" skipped="0" time="5.5408015">
        <testcase classname="src/core/geminiChat.test.ts" name="GeminiChat &gt; sendMessage &gt; should retain the initial user message when an automatic function call occurs" time="0.003284266">
        </testcase>
        <testcase classname="src/core/geminiChat.test.ts" name="GeminiChat &gt; sendMessage &gt; should throw an error when attempting to add a user turn after another user turn" time="0.001664078">
        </testcase>
        <testcase classname="src/core/geminiChat.test.ts" name="GeminiChat &gt; sendMessage &gt; should preserve text parts that are in the same response as a thought" time="0.00232975">
        </testcase>
        <testcase classname="src/core/geminiChat.test.ts" name="GeminiChat &gt; sendMessage &gt; should add a placeholder model turn when a tool call is followed by an empty model response" time="0.000569434">
        </testcase>
        <testcase classname="src/core/geminiChat.test.ts" name="GeminiChat &gt; sendMessage &gt; should call generateContent with the correct parameters" time="0.002130341">
        </testcase>
        <testcase classname="src/core/geminiChat.test.ts" name="GeminiChat &gt; sendMessageStream &gt; should succeed if a tool call is followed by an empty part" time="0.002138877">
        </testcase>
        <testcase classname="src/core/geminiChat.test.ts" name="GeminiChat &gt; sendMessageStream &gt; should fail if the stream ends with an empty part and has no finishReason" time="1.50376744">
        </testcase>
        <testcase classname="src/core/geminiChat.test.ts" name="GeminiChat &gt; sendMessageStream &gt; should succeed if the stream ends with an invalid part but has a finishReason and contained a valid part" time="0.000683865">
        </testcase>
        <testcase classname="src/core/geminiChat.test.ts" name="GeminiChat &gt; sendMessageStream &gt; should not consolidate text into a part that also contains a functionCall" time="0.000381225">
        </testcase>
        <testcase classname="src/core/geminiChat.test.ts" name="GeminiChat &gt; sendMessageStream &gt; should consolidate subsequent text chunks after receiving an empty text chunk" time="0.00032977">
        </testcase>
        <testcase classname="src/core/geminiChat.test.ts" name="GeminiChat &gt; sendMessageStream &gt; should consolidate adjacent text parts that arrive in separate stream chunks" time="0.000364364">
        </testcase>
        <testcase classname="src/core/geminiChat.test.ts" name="GeminiChat &gt; sendMessageStream &gt; should preserve text parts that stream in the same chunk as a thought" time="0.000312588">
        </testcase>
        <testcase classname="src/core/geminiChat.test.ts" name="GeminiChat &gt; sendMessageStream &gt; should add a placeholder model turn when a tool call is followed by an empty stream response" time="0.000489245">
        </testcase>
        <testcase classname="src/core/geminiChat.test.ts" name="GeminiChat &gt; sendMessageStream &gt; should call generateContentStream with the correct parameters" time="0.000541311">
        </testcase>
        <testcase classname="src/core/geminiChat.test.ts" name="GeminiChat &gt; recordHistory &gt; should consolidate all consecutive model turns into a single turn" time="0.000379792">
        </testcase>
        <testcase classname="src/core/geminiChat.test.ts" name="GeminiChat &gt; recordHistory &gt; should add a placeholder model turn when a tool call is followed by an empty response" time="0.000294094">
        </testcase>
        <testcase classname="src/core/geminiChat.test.ts" name="GeminiChat &gt; recordHistory &gt; should add user input and a single model output to history" time="0.000279567">
        </testcase>
        <testcase classname="src/core/geminiChat.test.ts" name="GeminiChat &gt; recordHistory &gt; should consolidate adjacent text parts from multiple content objects" time="0.000269168">
        </testcase>
        <testcase classname="src/core/geminiChat.test.ts" name="GeminiChat &gt; recordHistory &gt; should add an empty placeholder turn if modelOutput is empty" time="0.000381796">
        </testcase>
        <testcase classname="src/core/geminiChat.test.ts" name="GeminiChat &gt; recordHistory &gt; should preserve model outputs with undefined or empty parts arrays" time="0.000403627">
        </testcase>
        <testcase classname="src/core/geminiChat.test.ts" name="GeminiChat &gt; recordHistory &gt; should not consolidate content with different roles" time="0.000382548">
        </testcase>
        <testcase classname="src/core/geminiChat.test.ts" name="GeminiChat &gt; addHistory &gt; should add a new content item to the history" time="0.000257497">
        </testcase>
        <testcase classname="src/core/geminiChat.test.ts" name="GeminiChat &gt; addHistory &gt; should add multiple items correctly" time="0.000266874">
        </testcase>
        <testcase classname="src/core/geminiChat.test.ts" name="GeminiChat &gt; sendMessageStream with retries &gt; should yield a RETRY event when an invalid stream is encountered" time="0.501511566">
        </testcase>
        <testcase classname="src/core/geminiChat.test.ts" name="GeminiChat &gt; sendMessageStream with retries &gt; should retry on invalid content, succeed, and report metrics" time="0.502776045">
        </testcase>
        <testcase classname="src/core/geminiChat.test.ts" name="GeminiChat &gt; sendMessageStream with retries &gt; should fail after all retries on persistent invalid content and report metrics" time="1.504105682">
        </testcase>
        <testcase classname="src/core/geminiChat.test.ts" name="GeminiChat &gt; should correctly retry and append to an existing history mid-conversation" time="0.502316023">
        </testcase>
        <testcase classname="src/core/geminiChat.test.ts" name="GeminiChat &gt; concurrency control &gt; should queue a subsequent sendMessage call until the first one completes" time="0.00194566">
        </testcase>
        <testcase classname="src/core/geminiChat.test.ts" name="GeminiChat &gt; should retry if the model returns a completely empty stream (no chunks)" time="0.501779008">
        </testcase>
        <testcase classname="src/core/geminiChat.test.ts" name="GeminiChat &gt; should queue a subsequent sendMessageStream call until the first stream is fully consumed" time="0.001037299">
        </testcase>
        <testcase classname="src/core/geminiChat.test.ts" name="GeminiChat &gt; should discard valid partial content from a failed attempt upon retry" time="0.501513979">
        </testcase>
    </testsuite>
    <testsuite name="src/core/geminiRequest.test.ts" timestamp="2025-09-25T23:26:49.337Z" hostname="uby" tests="12" failures="0" errors="0" skipped="0" time="0.002771337">
        <testcase classname="src/core/geminiRequest.test.ts" name="partListUnionToString &gt; should return the string value if the input is a string" time="0.000895056">
        </testcase>
        <testcase classname="src/core/geminiRequest.test.ts" name="partListUnionToString &gt; should return a concatenated string if the input is an array of strings" time="0.000122387">
        </testcase>
        <testcase classname="src/core/geminiRequest.test.ts" name="partListUnionToString &gt; should handle videoMetadata" time="0.000083674">
        </testcase>
        <testcase classname="src/core/geminiRequest.test.ts" name="partListUnionToString &gt; should handle thought" time="0.000074398">
        </testcase>
        <testcase classname="src/core/geminiRequest.test.ts" name="partListUnionToString &gt; should handle codeExecutionResult" time="0.000067435">
        </testcase>
        <testcase classname="src/core/geminiRequest.test.ts" name="partListUnionToString &gt; should handle executableCode" time="0.000062646">
        </testcase>
        <testcase classname="src/core/geminiRequest.test.ts" name="partListUnionToString &gt; should handle fileData" time="0.000063708">
        </testcase>
        <testcase classname="src/core/geminiRequest.test.ts" name="partListUnionToString &gt; should handle functionCall" time="0.000081801">
        </testcase>
        <testcase classname="src/core/geminiRequest.test.ts" name="partListUnionToString &gt; should handle functionResponse" time="0.000103752">
        </testcase>
        <testcase classname="src/core/geminiRequest.test.ts" name="partListUnionToString &gt; should handle inlineData" time="0.000085939">
        </testcase>
        <testcase classname="src/core/geminiRequest.test.ts" name="partListUnionToString &gt; should handle text" time="0.000136112">
        </testcase>
        <testcase classname="src/core/geminiRequest.test.ts" name="partListUnionToString &gt; should return an empty string for an unknown part type" time="0.000075019">
        </testcase>
    </testsuite>
    <testsuite name="src/core/logger.test.ts" timestamp="2025-09-25T23:26:49.337Z" hostname="uby" tests="40" failures="0" errors="0" skipped="0" time="0.116380812">
        <testcase classname="src/core/logger.test.ts" name="Logger &gt; initialize &gt; should create .gemini directory and an empty log file if none exist" time="0.010286349">
        </testcase>
        <testcase classname="src/core/logger.test.ts" name="Logger &gt; initialize &gt; should load existing logs and set correct messageId for the current session" time="0.003238371">
        </testcase>
        <testcase classname="src/core/logger.test.ts" name="Logger &gt; initialize &gt; should set messageId to 0 for a new session if log file exists but has no logs for current session" time="0.003824746">
        </testcase>
        <testcase classname="src/core/logger.test.ts" name="Logger &gt; initialize &gt; should be idempotent" time="0.002187847">
        </testcase>
        <testcase classname="src/core/logger.test.ts" name="Logger &gt; initialize &gt; should handle invalid JSON in log file by backing it up and starting fresh" time="0.005281942">
        </testcase>
        <testcase classname="src/core/logger.test.ts" name="Logger &gt; initialize &gt; should handle non-array JSON in log file by backing it up and starting fresh" time="0.003888363">
        </testcase>
        <testcase classname="src/core/logger.test.ts" name="Logger &gt; logMessage &gt; should append a message to the log file and update in-memory logs" time="0.005798647">
        </testcase>
        <testcase classname="src/core/logger.test.ts" name="Logger &gt; logMessage &gt; should correctly increment messageId for subsequent messages in the same session" time="0.004038642">
        </testcase>
        <testcase classname="src/core/logger.test.ts" name="Logger &gt; logMessage &gt; should handle logger not initialized" time="0.003133416">
        </testcase>
        <testcase classname="src/core/logger.test.ts" name="Logger &gt; logMessage &gt; should simulate concurrent writes from different logger instances to the same file" time="0.004726845">
        </testcase>
        <testcase classname="src/core/logger.test.ts" name="Logger &gt; logMessage &gt; should not throw, not increment messageId, and log error if writing to file fails" time="0.004163783">
        </testcase>
        <testcase classname="src/core/logger.test.ts" name="Logger &gt; getPreviousUserMessages &gt; should retrieve all user messages from logs, sorted newest first" time="0.007203286">
        </testcase>
        <testcase classname="src/core/logger.test.ts" name="Logger &gt; getPreviousUserMessages &gt; should return empty array if no user messages exist" time="0.000978971">
        </testcase>
        <testcase classname="src/core/logger.test.ts" name="Logger &gt; getPreviousUserMessages &gt; should return empty array if logger not initialized" time="0.000597826">
        </testcase>
        <testcase classname="src/core/logger.test.ts" name="Logger &gt; saveCheckpoint &gt; should save a checkpoint" time="0.001312578">
        </testcase>
        <testcase classname="src/core/logger.test.ts" name="Logger &gt; saveCheckpoint &gt; should save a checkpoint" time="0.00108668">
        </testcase>
        <testcase classname="src/core/logger.test.ts" name="Logger &gt; saveCheckpoint &gt; should save a checkpoint" time="0.000709042">
        </testcase>
        <testcase classname="src/core/logger.test.ts" name="Logger &gt; saveCheckpoint &gt; should save a checkpoint" time="0.001149366">
        </testcase>
        <testcase classname="src/core/logger.test.ts" name="Logger &gt; saveCheckpoint &gt; should not throw if logger is not initialized" time="0.002386715">
        </testcase>
        <testcase classname="src/core/logger.test.ts" name="Logger &gt; loadCheckpoint &gt; should load from a checkpoint" time="0.00376235">
        </testcase>
        <testcase classname="src/core/logger.test.ts" name="Logger &gt; loadCheckpoint &gt; should load from a checkpoint" time="0.001072424">
        </testcase>
        <testcase classname="src/core/logger.test.ts" name="Logger &gt; loadCheckpoint &gt; should load from a checkpoint" time="0.000829214">
        </testcase>
        <testcase classname="src/core/logger.test.ts" name="Logger &gt; loadCheckpoint &gt; should load from a checkpoint" time="0.002173601">
        </testcase>
        <testcase classname="src/core/logger.test.ts" name="Logger &gt; loadCheckpoint &gt; should return an empty array if a tagged checkpoint file does not exist" time="0.001629354">
        </testcase>
        <testcase classname="src/core/logger.test.ts" name="Logger &gt; loadCheckpoint &gt; should return an empty array if the checkpoint file does not exist" time="0.001570556">
        </testcase>
        <testcase classname="src/core/logger.test.ts" name="Logger &gt; loadCheckpoint &gt; should return an empty array if the file contains invalid JSON" time="0.002823193">
        </testcase>
        <testcase classname="src/core/logger.test.ts" name="Logger &gt; loadCheckpoint &gt; should return an empty array if logger is not initialized" time="0.004079156">
        </testcase>
        <testcase classname="src/core/logger.test.ts" name="Logger &gt; deleteCheckpoint &gt; should delete the specified checkpoint file and return true" time="0.003180143">
        </testcase>
        <testcase classname="src/core/logger.test.ts" name="Logger &gt; deleteCheckpoint &gt; should delete both new and old checkpoint files if they exist" time="0.003064829">
        </testcase>
        <testcase classname="src/core/logger.test.ts" name="Logger &gt; deleteCheckpoint &gt; should return false if the checkpoint file does not exist" time="0.001346151">
        </testcase>
        <testcase classname="src/core/logger.test.ts" name="Logger &gt; deleteCheckpoint &gt; should re-throw an error if file deletion fails for reasons other than not existing" time="0.00144362">
        </testcase>
        <testcase classname="src/core/logger.test.ts" name="Logger &gt; deleteCheckpoint &gt; should return false if logger is not initialized" time="0.001138196">
        </testcase>
        <testcase classname="src/core/logger.test.ts" name="Logger &gt; checkpointExists &gt; should return true if the checkpoint file exists" time="0.000938156">
        </testcase>
        <testcase classname="src/core/logger.test.ts" name="Logger &gt; checkpointExists &gt; should return false if the checkpoint file does not exist" time="0.000654961">
        </testcase>
        <testcase classname="src/core/logger.test.ts" name="Logger &gt; checkpointExists &gt; should throw an error if logger is not initialized" time="0.000691379">
        </testcase>
        <testcase classname="src/core/logger.test.ts" name="Logger &gt; checkpointExists &gt; should re-throw an error if fs.access fails for reasons other than not existing" time="0.003899023">
        </testcase>
        <testcase classname="src/core/logger.test.ts" name="Logger &gt; Backward compatibility &gt; should load from a checkpoint with a raw special character tag" time="0.002388959">
        </testcase>
        <testcase classname="src/core/logger.test.ts" name="Logger &gt; close &gt; should reset logger state" time="0.004252758">
        </testcase>
        <testcase classname="src/core/logger.test.ts" name="Logger &gt; Model Switch Logging &gt; should log model switch events correctly" time="0.002574803">
        </testcase>
        <testcase classname="src/core/logger.test.ts" name="Logger &gt; Model Switch Logging &gt; should handle multiple model switch events" time="0.003775254">
        </testcase>
    </testsuite>
    <testsuite name="src/core/nonInteractiveToolExecutor.test.ts" timestamp="2025-09-25T23:26:49.339Z" hostname="uby" tests="6" failures="0" errors="0" skipped="0" time="0.035650452">
        <testcase classname="src/core/nonInteractiveToolExecutor.test.ts" name="executeToolCall &gt; should execute a tool successfully" time="0.025905134">
        </testcase>
        <testcase classname="src/core/nonInteractiveToolExecutor.test.ts" name="executeToolCall &gt; should return an error if tool is not found" time="0.001014407">
        </testcase>
        <testcase classname="src/core/nonInteractiveToolExecutor.test.ts" name="executeToolCall &gt; should return an error if tool validation fails" time="0.000664189">
        </testcase>
        <testcase classname="src/core/nonInteractiveToolExecutor.test.ts" name="executeToolCall &gt; should return an error if tool execution fails" time="0.001726133">
        </testcase>
        <testcase classname="src/core/nonInteractiveToolExecutor.test.ts" name="executeToolCall &gt; should return an unhandled exception error if execution throws" time="0.002989541">
        </testcase>
        <testcase classname="src/core/nonInteractiveToolExecutor.test.ts" name="executeToolCall &gt; should correctly format llmContent with inlineData" time="0.002029896">
        </testcase>
    </testsuite>
    <testsuite name="src/core/prompts.test.ts" timestamp="2025-09-25T23:26:49.339Z" hostname="uby" tests="40" failures="0" errors="0" skipped="0" time="0.022121755">
        <testcase classname="src/core/prompts.test.ts" name="Core System Prompt (prompts.ts) &gt; should return the base prompt when no userMemory is provided" time="0.003887331">
        </testcase>
        <testcase classname="src/core/prompts.test.ts" name="Core System Prompt (prompts.ts) &gt; should return the base prompt when userMemory is empty string" time="0.001015429">
        </testcase>
        <testcase classname="src/core/prompts.test.ts" name="Core System Prompt (prompts.ts) &gt; should return the base prompt when userMemory is whitespace only" time="0.000671603">
        </testcase>
        <testcase classname="src/core/prompts.test.ts" name="Core System Prompt (prompts.ts) &gt; should append userMemory with separator when provided" time="0.000678656">
        </testcase>
        <testcase classname="src/core/prompts.test.ts" name="Core System Prompt (prompts.ts) &gt; should include sandbox-specific instructions when SANDBOX env var is set" time="0.000496138">
        </testcase>
        <testcase classname="src/core/prompts.test.ts" name="Core System Prompt (prompts.ts) &gt; should include seatbelt-specific instructions when SANDBOX env var is &quot;sandbox-exec&quot;" time="0.000488063">
        </testcase>
        <testcase classname="src/core/prompts.test.ts" name="Core System Prompt (prompts.ts) &gt; should include non-sandbox instructions when SANDBOX env var is not set" time="0.000341612">
        </testcase>
        <testcase classname="src/core/prompts.test.ts" name="Core System Prompt (prompts.ts) &gt; should include git instructions when in a git repo" time="0.000280939">
        </testcase>
        <testcase classname="src/core/prompts.test.ts" name="Core System Prompt (prompts.ts) &gt; should not include git instructions when not in a git repo" time="0.000226408">
        </testcase>
        <testcase classname="src/core/prompts.test.ts" name="Core System Prompt (prompts.ts) &gt; GEMINI_SYSTEM_MD environment variable &gt; should use default prompt when GEMINI_SYSTEM_MD is &quot;false&quot;" time="0.000493092">
        </testcase>
        <testcase classname="src/core/prompts.test.ts" name="Core System Prompt (prompts.ts) &gt; GEMINI_SYSTEM_MD environment variable &gt; should use default prompt when GEMINI_SYSTEM_MD is &quot;0&quot;" time="0.000327857">
        </testcase>
        <testcase classname="src/core/prompts.test.ts" name="Core System Prompt (prompts.ts) &gt; GEMINI_SYSTEM_MD environment variable &gt; should throw error if GEMINI_SYSTEM_MD points to a non-existent file" time="0.00105402">
        </testcase>
        <testcase classname="src/core/prompts.test.ts" name="Core System Prompt (prompts.ts) &gt; GEMINI_SYSTEM_MD environment variable &gt; should read from default path when GEMINI_SYSTEM_MD is &quot;true&quot;" time="0.000993778">
        </testcase>
        <testcase classname="src/core/prompts.test.ts" name="Core System Prompt (prompts.ts) &gt; GEMINI_SYSTEM_MD environment variable &gt; should read from default path when GEMINI_SYSTEM_MD is &quot;1&quot;" time="0.000236106">
        </testcase>
        <testcase classname="src/core/prompts.test.ts" name="Core System Prompt (prompts.ts) &gt; GEMINI_SYSTEM_MD environment variable &gt; should read from custom path when GEMINI_SYSTEM_MD provides one, preserving case" time="0.00019431">
        </testcase>
        <testcase classname="src/core/prompts.test.ts" name="Core System Prompt (prompts.ts) &gt; GEMINI_SYSTEM_MD environment variable &gt; should expand tilde in custom path when GEMINI_SYSTEM_MD is set" time="0.000290618">
        </testcase>
        <testcase classname="src/core/prompts.test.ts" name="Core System Prompt (prompts.ts) &gt; GEMINI_WRITE_SYSTEM_MD environment variable &gt; should not write to file when GEMINI_WRITE_SYSTEM_MD is &quot;false&quot;" time="0.000949457">
        </testcase>
        <testcase classname="src/core/prompts.test.ts" name="Core System Prompt (prompts.ts) &gt; GEMINI_WRITE_SYSTEM_MD environment variable &gt; should not write to file when GEMINI_WRITE_SYSTEM_MD is &quot;0&quot;" time="0.000212092">
        </testcase>
        <testcase classname="src/core/prompts.test.ts" name="Core System Prompt (prompts.ts) &gt; GEMINI_WRITE_SYSTEM_MD environment variable &gt; should write to default path when GEMINI_WRITE_SYSTEM_MD is &quot;true&quot;" time="0.000742904">
        </testcase>
        <testcase classname="src/core/prompts.test.ts" name="Core System Prompt (prompts.ts) &gt; GEMINI_WRITE_SYSTEM_MD environment variable &gt; should write to default path when GEMINI_WRITE_SYSTEM_MD is &quot;1&quot;" time="0.000220758">
        </testcase>
        <testcase classname="src/core/prompts.test.ts" name="Core System Prompt (prompts.ts) &gt; GEMINI_WRITE_SYSTEM_MD environment variable &gt; should write to custom path when GEMINI_WRITE_SYSTEM_MD provides one" time="0.000172419">
        </testcase>
        <testcase classname="src/core/prompts.test.ts" name="Core System Prompt (prompts.ts) &gt; GEMINI_WRITE_SYSTEM_MD environment variable &gt; should expand tilde in custom path when GEMINI_WRITE_SYSTEM_MD is set" time="0.000263798">
        </testcase>
[...]
        </testcase>
        <testcase classname="src/utils/request-tokenizer/textTokenizer.test.ts" name="TextTokenizer &gt; calculateTokens &gt; should return 0 for null/undefined text" time="0.000249802">
        </testcase>
        <testcase classname="src/utils/request-tokenizer/textTokenizer.test.ts" name="TextTokenizer &gt; calculateTokens &gt; should calculate tokens using tiktoken when available" time="0.001559916">
        </testcase>
        <testcase classname="src/utils/request-tokenizer/textTokenizer.test.ts" name="TextTokenizer &gt; calculateTokens &gt; should use fallback calculation when tiktoken fails to load" time="0.001221579">
        </testcase>
        <testcase classname="src/utils/request-tokenizer/textTokenizer.test.ts" name="TextTokenizer &gt; calculateTokens &gt; should use fallback calculation when encoding fails" time="0.000393298">
        </testcase>
        <testcase classname="src/utils/request-tokenizer/textTokenizer.test.ts" name="TextTokenizer &gt; calculateTokens &gt; should handle very long text" time="0.000209588">
        </testcase>
        <testcase classname="src/utils/request-tokenizer/textTokenizer.test.ts" name="TextTokenizer &gt; calculateTokens &gt; should handle unicode characters" time="0.000195862">
        </testcase>
        <testcase classname="src/utils/request-tokenizer/textTokenizer.test.ts" name="TextTokenizer &gt; calculateTokens &gt; should use custom encoding when specified" time="0.00024862">
        </testcase>
        <testcase classname="src/utils/request-tokenizer/textTokenizer.test.ts" name="TextTokenizer &gt; calculateTokensBatch &gt; should process multiple texts and return token counts" time="0.000514442">
        </testcase>
        <testcase classname="src/utils/request-tokenizer/textTokenizer.test.ts" name="TextTokenizer &gt; calculateTokensBatch &gt; should handle empty array" time="0.000235586">
        </testcase>
        <testcase classname="src/utils/request-tokenizer/textTokenizer.test.ts" name="TextTokenizer &gt; calculateTokensBatch &gt; should handle array with empty strings" time="0.001511236">
        </testcase>
        <testcase classname="src/utils/request-tokenizer/textTokenizer.test.ts" name="TextTokenizer &gt; calculateTokensBatch &gt; should use fallback calculation when tiktoken fails to load" time="0.000649842">
        </testcase>
        <testcase classname="src/utils/request-tokenizer/textTokenizer.test.ts" name="TextTokenizer &gt; calculateTokensBatch &gt; should use fallback calculation when encoding fails during batch processing" time="0.000374152">
        </testcase>
        <testcase classname="src/utils/request-tokenizer/textTokenizer.test.ts" name="TextTokenizer &gt; calculateTokensBatch &gt; should handle null and undefined values in batch" time="0.000185733">
        </testcase>
        <testcase classname="src/utils/request-tokenizer/textTokenizer.test.ts" name="TextTokenizer &gt; dispose &gt; should free tiktoken encoding when disposing" time="0.000316506">
        </testcase>
        <testcase classname="src/utils/request-tokenizer/textTokenizer.test.ts" name="TextTokenizer &gt; dispose &gt; should handle disposal when encoding is not initialized" time="0.000959415">
        </testcase>
        <testcase classname="src/utils/request-tokenizer/textTokenizer.test.ts" name="TextTokenizer &gt; dispose &gt; should handle disposal when encoding is null" time="0.00030835">
        </testcase>
        <testcase classname="src/utils/request-tokenizer/textTokenizer.test.ts" name="TextTokenizer &gt; dispose &gt; should handle errors during disposal gracefully" time="0.000327155">
        </testcase>
        <testcase classname="src/utils/request-tokenizer/textTokenizer.test.ts" name="TextTokenizer &gt; dispose &gt; should allow multiple calls to dispose" time="0.000178671">
        </testcase>
        <testcase classname="src/utils/request-tokenizer/textTokenizer.test.ts" name="TextTokenizer &gt; lazy initialization &gt; should not initialize tiktoken until first use" time="0.000128958">
        </testcase>
        <testcase classname="src/utils/request-tokenizer/textTokenizer.test.ts" name="TextTokenizer &gt; lazy initialization &gt; should initialize tiktoken on first calculateTokens call" time="0.000145229">
        </testcase>
        <testcase classname="src/utils/request-tokenizer/textTokenizer.test.ts" name="TextTokenizer &gt; lazy initialization &gt; should not reinitialize tiktoken on subsequent calls" time="0.000158743">
        </testcase>
        <testcase classname="src/utils/request-tokenizer/textTokenizer.test.ts" name="TextTokenizer &gt; lazy initialization &gt; should initialize tiktoken on first calculateTokensBatch call" time="0.000159525">
        </testcase>
        <testcase classname="src/utils/request-tokenizer/textTokenizer.test.ts" name="TextTokenizer &gt; edge cases &gt; should handle very short text" time="0.000362831">
        </testcase>
        <testcase classname="src/utils/request-tokenizer/textTokenizer.test.ts" name="TextTokenizer &gt; edge cases &gt; should handle text with only whitespace" time="0.000190312">
        </testcase>
        <testcase classname="src/utils/request-tokenizer/textTokenizer.test.ts" name="TextTokenizer &gt; edge cases &gt; should handle special characters and symbols" time="0.000127406">
        </testcase>
    </testsuite>
    <testsuite name="src/core/openaiContentGenerator/provider/dashscope.test.ts" timestamp="2025-09-25T23:26:49.422Z" hostname="uby" tests="33" failures="0" errors="0" skipped="0" time="0.017185973">
        <testcase classname="src/core/openaiContentGenerator/provider/dashscope.test.ts" name="DashScopeOpenAICompatibleProvider &gt; constructor &gt; should initialize with provided configs" time="0.001879627">
        </testcase>
        <testcase classname="src/core/openaiContentGenerator/provider/dashscope.test.ts" name="DashScopeOpenAICompatibleProvider &gt; isDashScopeProvider &gt; should return true for QWEN_OAUTH auth type" time="0.000417071">
        </testcase>
        <testcase classname="src/core/openaiContentGenerator/provider/dashscope.test.ts" name="DashScopeOpenAICompatibleProvider &gt; isDashScopeProvider &gt; should return true for DashScope domestic URL" time="0.000227982">
        </testcase>
        <testcase classname="src/core/openaiContentGenerator/provider/dashscope.test.ts" name="DashScopeOpenAICompatibleProvider &gt; isDashScopeProvider &gt; should return true for DashScope international URL" time="0.000202795">
        </testcase>
        <testcase classname="src/core/openaiContentGenerator/provider/dashscope.test.ts" name="DashScopeOpenAICompatibleProvider &gt; isDashScopeProvider &gt; should return false for non-DashScope configurations" time="0.000242138">
        </testcase>
        <testcase classname="src/core/openaiContentGenerator/provider/dashscope.test.ts" name="DashScopeOpenAICompatibleProvider &gt; buildHeaders &gt; should build DashScope-specific headers" time="0.001092792">
        </testcase>
        <testcase classname="src/core/openaiContentGenerator/provider/dashscope.test.ts" name="DashScopeOpenAICompatibleProvider &gt; buildHeaders &gt; should handle unknown CLI version" time="0.000268768">
        </testcase>
        <testcase classname="src/core/openaiContentGenerator/provider/dashscope.test.ts" name="DashScopeOpenAICompatibleProvider &gt; buildClient &gt; should create OpenAI client with DashScope configuration" time="0.001597696">
        </testcase>
        <testcase classname="src/core/openaiContentGenerator/provider/dashscope.test.ts" name="DashScopeOpenAICompatibleProvider &gt; buildClient &gt; should use default timeout and maxRetries when not provided" time="0.000728648">
        </testcase>
        <testcase classname="src/core/openaiContentGenerator/provider/dashscope.test.ts" name="DashScopeOpenAICompatibleProvider &gt; buildMetadata &gt; should build metadata with session and prompt IDs" time="0.000302249">
        </testcase>
        <testcase classname="src/core/openaiContentGenerator/provider/dashscope.test.ts" name="DashScopeOpenAICompatibleProvider &gt; buildMetadata &gt; should handle missing session ID" time="0.000214457">
        </testcase>
        <testcase classname="src/core/openaiContentGenerator/provider/dashscope.test.ts" name="DashScopeOpenAICompatibleProvider &gt; buildRequest &gt; should add cache control to system message only for non-streaming requests" time="0.001037079">
        </testcase>
        <testcase classname="src/core/openaiContentGenerator/provider/dashscope.test.ts" name="DashScopeOpenAICompatibleProvider &gt; buildRequest &gt; should add cache control to both system and last messages for streaming requests" time="0.000402935">
        </testcase>
        <testcase classname="src/core/openaiContentGenerator/provider/dashscope.test.ts" name="DashScopeOpenAICompatibleProvider &gt; buildRequest &gt; should include metadata in the request" time="0.000208455">
        </testcase>
        <testcase classname="src/core/openaiContentGenerator/provider/dashscope.test.ts" name="DashScopeOpenAICompatibleProvider &gt; buildRequest &gt; should preserve all original request parameters" time="0.000689816">
        </testcase>
        <testcase classname="src/core/openaiContentGenerator/provider/dashscope.test.ts" name="DashScopeOpenAICompatibleProvider &gt; buildRequest &gt; should skip cache control when disabled" time="0.000288053">
        </testcase>
        <testcase classname="src/core/openaiContentGenerator/provider/dashscope.test.ts" name="DashScopeOpenAICompatibleProvider &gt; buildRequest &gt; should handle messages with array content for streaming requests" time="0.000423283">
        </testcase>
        <testcase classname="src/core/openaiContentGenerator/provider/dashscope.test.ts" name="DashScopeOpenAICompatibleProvider &gt; buildRequest &gt; should handle empty messages array" time="0.00023752">
        </testcase>
        <testcase classname="src/core/openaiContentGenerator/provider/dashscope.test.ts" name="DashScopeOpenAICompatibleProvider &gt; buildRequest &gt; should handle messages without content for streaming requests" time="0.000267615">
        </testcase>
        <testcase classname="src/core/openaiContentGenerator/provider/dashscope.test.ts" name="DashScopeOpenAICompatibleProvider &gt; buildRequest &gt; should add cache control to last text item in mixed content for streaming requests" time="0.000430176">
        </testcase>
        <testcase classname="src/core/openaiContentGenerator/provider/dashscope.test.ts" name="DashScopeOpenAICompatibleProvider &gt; buildRequest &gt; should add empty text item with cache control if last item is not text for streaming requests" time="0.000434353">
        </testcase>
        <testcase classname="src/core/openaiContentGenerator/provider/dashscope.test.ts" name="DashScopeOpenAICompatibleProvider &gt; cache control edge cases &gt; should handle request with only system message" time="0.000545539">
        </testcase>
        <testcase classname="src/core/openaiContentGenerator/provider/dashscope.test.ts" name="DashScopeOpenAICompatibleProvider &gt; cache control edge cases &gt; should handle request without system message for streaming requests" time="0.000504904">
        </testcase>
        <testcase classname="src/core/openaiContentGenerator/provider/dashscope.test.ts" name="DashScopeOpenAICompatibleProvider &gt; cache control edge cases &gt; should handle empty content array for streaming requests" time="0.000250333">
        </testcase>
        <testcase classname="src/core/openaiContentGenerator/provider/dashscope.test.ts" name="DashScopeOpenAICompatibleProvider &gt; output token limits &gt; should limit max_tokens when it exceeds model limit for qwen3-coder-plus" time="0.000330101">
        </testcase>
        <testcase classname="src/core/openaiContentGenerator/provider/dashscope.test.ts" name="DashScopeOpenAICompatibleProvider &gt; output token limits &gt; should limit max_tokens when it exceeds model limit for qwen-vl-max-latest" time="0.000252647">
        </testcase>
        <testcase classname="src/core/openaiContentGenerator/provider/dashscope.test.ts" name="DashScopeOpenAICompatibleProvider &gt; output token limits &gt; should not modify max_tokens when it is within model limit" time="0.000203446">
        </testcase>
        <testcase classname="src/core/openaiContentGenerator/provider/dashscope.test.ts" name="DashScopeOpenAICompatibleProvider &gt; output token limits &gt; should not add max_tokens when not present in request" time="0.000206933">
        </testcase>
        <testcase classname="src/core/openaiContentGenerator/provider/dashscope.test.ts" name="DashScopeOpenAICompatibleProvider &gt; output token limits &gt; should handle null max_tokens parameter" time="0.000181155">
        </testcase>
        <testcase classname="src/core/openaiContentGenerator/provider/dashscope.test.ts" name="DashScopeOpenAICompatibleProvider &gt; output token limits &gt; should use default output limit for unknown models" time="0.000250673">
        </testcase>
        <testcase classname="src/core/openaiContentGenerator/provider/dashscope.test.ts" name="DashScopeOpenAICompatibleProvider &gt; output token limits &gt; should preserve other request parameters when limiting max_tokens" time="0.000435777">
        </testcase>
        <testcase classname="src/core/openaiContentGenerator/provider/dashscope.test.ts" name="DashScopeOpenAICompatibleProvider &gt; output token limits &gt; should work with vision models and output token limits" time="0.000261333">
        </testcase>
        <testcase classname="src/core/openaiContentGenerator/provider/dashscope.test.ts" name="DashScopeOpenAICompatibleProvider &gt; output token limits &gt; should handle streaming requests with output token limits" time="0.000256585">
        </testcase>
    </testsuite>
    <testsuite name="src/core/openaiContentGenerator/provider/default.test.ts" timestamp="2025-09-25T23:26:49.423Z" hostname="uby" tests="11" failures="0" errors="0" skipped="0" time="0.008348424">
        <testcase classname="src/core/openaiContentGenerator/provider/default.test.ts" name="DefaultOpenAICompatibleProvider &gt; constructor &gt; should initialize with provided configs" time="0.001198528">
        </testcase>
        <testcase classname="src/core/openaiContentGenerator/provider/default.test.ts" name="DefaultOpenAICompatibleProvider &gt; buildHeaders &gt; should build headers with User-Agent" time="0.000960036">
        </testcase>
        <testcase classname="src/core/openaiContentGenerator/provider/default.test.ts" name="DefaultOpenAICompatibleProvider &gt; buildHeaders &gt; should handle unknown CLI version" time="0.000238641">
        </testcase>
        <testcase classname="src/core/openaiContentGenerator/provider/default.test.ts" name="DefaultOpenAICompatibleProvider &gt; buildClient &gt; should create OpenAI client with correct configuration" time="0.001184531">
        </testcase>
        <testcase classname="src/core/openaiContentGenerator/provider/default.test.ts" name="DefaultOpenAICompatibleProvider &gt; buildClient &gt; should use default timeout and maxRetries when not provided" time="0.000253429">
        </testcase>
        <testcase classname="src/core/openaiContentGenerator/provider/default.test.ts" name="DefaultOpenAICompatibleProvider &gt; buildClient &gt; should include custom headers from buildHeaders" time="0.001698773">
        </testcase>
        <testcase classname="src/core/openaiContentGenerator/provider/default.test.ts" name="DefaultOpenAICompatibleProvider &gt; buildRequest &gt; should pass through all request parameters unchanged" time="0.000464349">
        </testcase>
        <testcase classname="src/core/openaiContentGenerator/provider/default.test.ts" name="DefaultOpenAICompatibleProvider &gt; buildRequest &gt; should preserve all sampling parameters" time="0.000360276">
        </testcase>
        <testcase classname="src/core/openaiContentGenerator/provider/default.test.ts" name="DefaultOpenAICompatibleProvider &gt; buildRequest &gt; should handle minimal request parameters" time="0.000252507">
        </testcase>
        <testcase classname="src/core/openaiContentGenerator/provider/default.test.ts" name="DefaultOpenAICompatibleProvider &gt; buildRequest &gt; should handle streaming requests" time="0.000187407">
        </testcase>
        <testcase classname="src/core/openaiContentGenerator/provider/default.test.ts" name="DefaultOpenAICompatibleProvider &gt; buildRequest &gt; should not modify the original request object" time="0.000208105">
        </testcase>
    </testsuite>
    <testsuite name="src/core/openaiContentGenerator/provider/openrouter.test.ts" timestamp="2025-09-25T23:26:49.423Z" hostname="uby" tests="12" failures="0" errors="0" skipped="0" time="0.01207024">
        <testcase classname="src/core/openaiContentGenerator/provider/openrouter.test.ts" name="OpenRouterOpenAICompatibleProvider &gt; constructor &gt; should extend DefaultOpenAICompatibleProvider" time="0.002711216">
        </testcase>
        <testcase classname="src/core/openaiContentGenerator/provider/openrouter.test.ts" name="OpenRouterOpenAICompatibleProvider &gt; isOpenRouterProvider &gt; should return true for openrouter.ai URLs" time="0.000506036">
        </testcase>
        <testcase classname="src/core/openaiContentGenerator/provider/openrouter.test.ts" name="OpenRouterOpenAICompatibleProvider &gt; isOpenRouterProvider &gt; should return false for non-openrouter URLs" time="0.000296378">
        </testcase>
        <testcase classname="src/core/openaiContentGenerator/provider/openrouter.test.ts" name="OpenRouterOpenAICompatibleProvider &gt; isOpenRouterProvider &gt; should handle missing baseUrl gracefully" time="0.000141732">
        </testcase>
        <testcase classname="src/core/openaiContentGenerator/provider/openrouter.test.ts" name="OpenRouterOpenAICompatibleProvider &gt; buildHeaders &gt; should include base headers from parent class" time="0.000354206">
        </testcase>
        <testcase classname="src/core/openaiContentGenerator/provider/openrouter.test.ts" name="OpenRouterOpenAICompatibleProvider &gt; buildHeaders &gt; should add OpenRouter-specific headers" time="0.000764354">
        </testcase>
        <testcase classname="src/core/openaiContentGenerator/provider/openrouter.test.ts" name="OpenRouterOpenAICompatibleProvider &gt; buildHeaders &gt; should override parent headers if there are conflicts" time="0.000416551">
        </testcase>
        <testcase classname="src/core/openaiContentGenerator/provider/openrouter.test.ts" name="OpenRouterOpenAICompatibleProvider &gt; buildHeaders &gt; should handle unknown CLI version from parent" time="0.00027058">
        </testcase>
        <testcase classname="src/core/openaiContentGenerator/provider/openrouter.test.ts" name="OpenRouterOpenAICompatibleProvider &gt; buildClient &gt; should inherit buildClient behavior from parent" time="0.002459309">
        </testcase>
        <testcase classname="src/core/openaiContentGenerator/provider/openrouter.test.ts" name="OpenRouterOpenAICompatibleProvider &gt; buildRequest &gt; should inherit buildRequest behavior from parent" time="0.001322677">
        </testcase>
        <testcase classname="src/core/openaiContentGenerator/provider/openrouter.test.ts" name="OpenRouterOpenAICompatibleProvider &gt; integration with parent class &gt; should properly call parent constructor" time="0.000646476">
        </testcase>
        <testcase classname="src/core/openaiContentGenerator/provider/openrouter.test.ts" name="OpenRouterOpenAICompatibleProvider &gt; integration with parent class &gt; should maintain parent functionality while adding OpenRouter specifics" time="0.000223033">
        </testcase>
    </testsuite>
</testsuites>
