<?xml version="1.0" encoding="UTF-8" ?>
<testsuites name="vitest tests" tests="5" failures="0" errors="0" time="0.009203793">
    <testsuite name="src/utils/toolOutputCompactor.test.ts" timestamp="2025-10-19T13:25:28.290Z" hostname="uby" tests="5" failures="0" errors="0" skipped="0" time="0.009203793">
        <testcase classname="src/utils/toolOutputCompactor.test.ts" name="toolOutputCompactor &gt; compactToolOutputText &gt; returns original text when under the limit" time="0.000797595">
        </testcase>
        <testcase classname="src/utils/toolOutputCompactor.test.ts" name="toolOutputCompactor &gt; compactToolOutputText &gt; truncates text that exceeds the limit" time="0.006989237">
        </testcase>
        <testcase classname="src/utils/toolOutputCompactor.test.ts" name="toolOutputCompactor &gt; compactToolOutputText &gt; recognizes already-compacted strings" time="0.000093443">
        </testcase>
        <testcase classname="src/utils/toolOutputCompactor.test.ts" name="toolOutputCompactor &gt; compactPartListUnion &gt; compacts functionResponse outputs that are too large" time="0.000245183">
        </testcase>
        <testcase classname="src/utils/toolOutputCompactor.test.ts" name="toolOutputCompactor &gt; compactHistoryFunctionResponses &gt; compacts oversized tool outputs inside chat history" time="0.000252477">
        </testcase>
    </testsuite>
</testsuites>
