<?xml version="1.0" encoding="UTF-8" ?>
<testsuites name="vitest tests" tests="2625" failures="16" errors="0" time="16.584151371">
    <testsuite name="src/index.test.ts" timestamp="2025-10-08T23:26:53.839Z" hostname="uby" tests="1" failures="0" errors="0" skipped="0" time="0.002381352">
        <testcase classname="src/index.test.ts" name="placeholder tests &gt; should pass" time="0.001284614">
        </testcase>
    </testsuite>
    <testsuite name="src/code_assist/converter.test.ts" timestamp="2025-10-08T23:26:53.840Z" hostname="uby" tests="21" failures="0" errors="0" skipped="0" time="0.007107176">
        <testcase classname="src/code_assist/converter.test.ts" name="converter &gt; toCodeAssistRequest &gt; should convert a simple request with project" time="0.002136378">
        </testcase>
        <testcase classname="src/code_assist/converter.test.ts" name="converter &gt; toCodeAssistRequest &gt; should convert a request without a project" time="0.000332615">
        </testcase>
        <testcase classname="src/code_assist/converter.test.ts" name="converter &gt; toCodeAssistRequest &gt; should convert a request with sessionId" time="0.000181595">
        </testcase>
        <testcase classname="src/code_assist/converter.test.ts" name="converter &gt; toCodeAssistRequest &gt; should handle string content" time="0.000170284">
        </testcase>
        <testcase classname="src/code_assist/converter.test.ts" name="converter &gt; toCodeAssistRequest &gt; should handle Part[] content" time="0.000095396">
        </testcase>
        <testcase classname="src/code_assist/converter.test.ts" name="converter &gt; toCodeAssistRequest &gt; should handle system instructions" time="0.000172259">
        </testcase>
        <testcase classname="src/code_assist/converter.test.ts" name="converter &gt; toCodeAssistRequest &gt; should handle generation config" time="0.000175845">
        </testcase>
        <testcase classname="src/code_assist/converter.test.ts" name="converter &gt; toCodeAssistRequest &gt; should handle all generation config fields" time="0.000206221">
        </testcase>
        <testcase classname="src/code_assist/converter.test.ts" name="converter &gt; fromCodeAssistResponse &gt; should convert a simple response" time="0.000385402">
        </testcase>
        <testcase classname="src/code_assist/converter.test.ts" name="converter &gt; fromCodeAssistResponse &gt; should handle prompt feedback and usage metadata" time="0.000196734">
        </testcase>
        <testcase classname="src/code_assist/converter.test.ts" name="converter &gt; fromCodeAssistResponse &gt; should handle automatic function calling history" time="0.000117617">
        </testcase>
        <testcase classname="src/code_assist/converter.test.ts" name="converter &gt; toContents &gt; should handle Content" time="0.000193488">
        </testcase>
        <testcase classname="src/code_assist/converter.test.ts" name="converter &gt; toContents &gt; should handle array of Contents" time="0.00011356">
        </testcase>
        <testcase classname="src/code_assist/converter.test.ts" name="converter &gt; toContents &gt; should handle Part" time="0.000121384">
        </testcase>
        <testcase classname="src/code_assist/converter.test.ts" name="converter &gt; toContents &gt; should handle array of Parts" time="0.000079267">
        </testcase>
        <testcase classname="src/code_assist/converter.test.ts" name="converter &gt; toContents &gt; should handle string" time="0.000106117">
        </testcase>
        <testcase classname="src/code_assist/converter.test.ts" name="converter &gt; toContents &gt; should handle array of strings" time="0.000105685">
        </testcase>
        <testcase classname="src/code_assist/converter.test.ts" name="converter &gt; toContents &gt; should convert thought parts to text parts for API compatibility" time="0.000257556">
        </testcase>
        <testcase classname="src/code_assist/converter.test.ts" name="converter &gt; toContents &gt; should combine text and thought for text parts with thoughts" time="0.000153103">
        </testcase>
        <testcase classname="src/code_assist/converter.test.ts" name="converter &gt; toContents &gt; should preserve non-thought properties while removing thought" time="0.000191053">
        </testcase>
        <testcase classname="src/code_assist/converter.test.ts" name="converter &gt; toContents &gt; should convert invalid text content to valid text part with thought" time="0.000090076">
        </testcase>
    </testsuite>
    <testsuite name="src/code_assist/oauth2.test.ts" timestamp="2025-10-08T23:26:53.841Z" hostname="uby" tests="15" failures="0" errors="0" skipped="0" time="0.058036939">
        <testcase classname="src/code_assist/oauth2.test.ts" name="oauth2 &gt; should perform a web login" time="0.011261334">
            <system-out>


Code Assist login required.
Attempting to open authentication page in your browser.
Otherwise navigate to:

https://example.com/auth



Waiting for authentication...

            </system-out>
        </testcase>
        <testcase classname="src/code_assist/oauth2.test.ts" name="oauth2 &gt; should perform login with user code" time="0.004731385">
        </testcase>
        <testcase classname="src/code_assist/oauth2.test.ts" name="oauth2 &gt; in Cloud Shell &gt; should attempt to load cached credentials first" time="0.004806904">
            <system-out>
Loaded cached credentials.

            </system-out>
        </testcase>
        <testcase classname="src/code_assist/oauth2.test.ts" name="oauth2 &gt; in Cloud Shell &gt; should use Compute to get a client if no cached credentials exist" time="0.002748169">
            <system-out>
Attempting to authenticate via Cloud Shell VM&apos;s ADC.

Authentication successful.

            </system-out>
        </testcase>
        <testcase classname="src/code_assist/oauth2.test.ts" name="oauth2 &gt; in Cloud Shell &gt; should not cache the credentials after fetching them via ADC" time="0.001072623">
            <system-out>
Attempting to authenticate via Cloud Shell VM&apos;s ADC.

Authentication successful.

            </system-out>
        </testcase>
        <testcase classname="src/code_assist/oauth2.test.ts" name="oauth2 &gt; in Cloud Shell &gt; should return the Compute client on successful ADC authentication" time="0.000851454">
            <system-out>
Attempting to authenticate via Cloud Shell VM&apos;s ADC.

Authentication successful.

            </system-out>
        </testcase>
        <testcase classname="src/code_assist/oauth2.test.ts" name="oauth2 &gt; in Cloud Shell &gt; should throw an error if ADC fails" time="0.001979078">
            <system-out>
Attempting to authenticate via Cloud Shell VM&apos;s ADC.

            </system-out>
        </testcase>
        <testcase classname="src/code_assist/oauth2.test.ts" name="oauth2 &gt; credential loading order &gt; should prioritize default cached credentials over GOOGLE_APPLICATION_CREDENTIALS" time="0.001499802">
            <system-out>
Loaded cached credentials.

            </system-out>
        </testcase>
        <testcase classname="src/code_assist/oauth2.test.ts" name="oauth2 &gt; credential loading order &gt; should fall back to GOOGLE_APPLICATION_CREDENTIALS if default cache is missing" time="0.001297889">
            <system-out>
Loaded cached credentials.

            </system-out>
        </testcase>
        <testcase classname="src/code_assist/oauth2.test.ts" name="oauth2 &gt; with GCP environment variables &gt; should use GOOGLE_CLOUD_ACCESS_TOKEN when GOOGLE_GENAI_USE_GCA is true" time="0.001243759">
        </testcase>
        <testcase classname="src/code_assist/oauth2.test.ts" name="oauth2 &gt; with GCP environment variables &gt; should not use GCP token if GOOGLE_CLOUD_ACCESS_TOKEN is not set" time="0.001147981">
            <system-out>
Loaded cached credentials.

            </system-out>
        </testcase>
        <testcase classname="src/code_assist/oauth2.test.ts" name="oauth2 &gt; with GCP environment variables &gt; should not use GCP token if GOOGLE_GENAI_USE_GCA is not set" time="0.002962877">
            <system-out>
Loaded cached credentials.

            </system-out>
        </testcase>
        <testcase classname="src/code_assist/oauth2.test.ts" name="oauth2 &gt; clearCachedCredentialFile &gt; should clear cached credentials and Google account" time="0.009677026">
        </testcase>
        <testcase classname="src/code_assist/oauth2.test.ts" name="oauth2 &gt; clearCachedCredentialFile &gt; should handle Qwen module clearing gracefully" time="0.007546669">
            <system-err>
Failed to clear cached credentials: Error: ENOENT: no such file or directory, open &apos;/tmp/qwen-code-test-home-LkZpeK/.qwen/google_accounts.json&apos;
[90m    at open (node:internal/fs/promises:642:25)[39m
[90m    at Object.writeFile (node:internal/fs/promises:1249:14)[39m
    at UserAccountManager.clearCachedGoogleAccount [90m(/home/atmandk/LowCal-dev/packages/core/[39msrc/utils/userAccountManager.ts:138:5[90m)[39m
    at Module.clearCachedCredentialFile [90m(/home/atmandk/LowCal-dev/packages/core/[39msrc/code_assist/oauth2.ts:395:5[90m)[39m
    at [90m/home/atmandk/LowCal-dev/packages/core/[39msrc/code_assist/oauth2.test.ts:572:7
    at file:///home/atmandk/LowCal-dev/node_modules/[4m@vitest/runner[24m/dist/chunk-hooks.js:752:20 {
  errno: [33m-2[39m,
  code: [32m&apos;ENOENT&apos;[39m,
  syscall: [32m&apos;open&apos;[39m,
  path: [32m&apos;/tmp/qwen-code-test-home-LkZpeK/.qwen/google_accounts.json&apos;[39m
}

            </system-err>
        </testcase>
        <testcase classname="src/code_assist/oauth2.test.ts" name="oauth2 &gt; clearCachedCredentialFile &gt; should clear the in-memory OAuth client cache" time="0.003616264">
            <system-out>
Loaded cached credentials.

Loaded cached credentials.

            </system-out>
        </testcase>
    </testsuite>
    <testsuite name="src/code_assist/server.test.ts" timestamp="2025-10-08T23:26:53.842Z" hostname="uby" tests="7" failures="0" errors="0" skipped="0" time="0.018540588">
        <testcase classname="src/code_assist/server.test.ts" name="CodeAssistServer &gt; should be able to be constructed" time="0.003413119">
        </testcase>
        <testcase classname="src/code_assist/server.test.ts" name="CodeAssistServer &gt; should call the generateContent endpoint" time="0.004283988">
        </testcase>
        <testcase classname="src/code_assist/server.test.ts" name="CodeAssistServer &gt; should call the generateContentStream endpoint" time="0.002132872">
        </testcase>
        <testcase classname="src/code_assist/server.test.ts" name="CodeAssistServer &gt; should call the onboardUser endpoint" time="0.002258865">
        </testcase>
        <testcase classname="src/code_assist/server.test.ts" name="CodeAssistServer &gt; should call the loadCodeAssist endpoint" time="0.001681358">
        </testcase>
        <testcase classname="src/code_assist/server.test.ts" name="CodeAssistServer &gt; should return 0 for countTokens" time="0.001323877">
        </testcase>
        <testcase classname="src/code_assist/server.test.ts" name="CodeAssistServer &gt; should throw an error for embedContent" time="0.002256511">
        </testcase>
    </testsuite>
    <testsuite name="src/code_assist/setup.test.ts" timestamp="2025-10-08T23:26:53.842Z" hostname="uby" tests="7" failures="0" errors="0" skipped="0" time="0.018048339">
        <testcase classname="src/code_assist/setup.test.ts" name="setupUser for existing user &gt; should use GOOGLE_CLOUD_PROJECT when set and project from server is undefined" time="0.008651751">
        </testcase>
        <testcase classname="src/code_assist/setup.test.ts" name="setupUser for existing user &gt; should ignore GOOGLE_CLOUD_PROJECT when project from server is set" time="0.001165875">
        </testcase>
        <testcase classname="src/code_assist/setup.test.ts" name="setupUser for existing user &gt; should throw ProjectIdRequiredError when no project ID is available" time="0.003377323">
        </testcase>
        <testcase classname="src/code_assist/setup.test.ts" name="setupUser for new user &gt; should use GOOGLE_CLOUD_PROJECT when set and onboard a new paid user" time="0.001708428">
        </testcase>
        <testcase classname="src/code_assist/setup.test.ts" name="setupUser for new user &gt; should onboard a new free user when GOOGLE_CLOUD_PROJECT is not set" time="0.000717707">
        </testcase>
        <testcase classname="src/code_assist/setup.test.ts" name="setupUser for new user &gt; should use GOOGLE_CLOUD_PROJECT when onboard response has no project ID" time="0.000436667">
        </testcase>
        <testcase classname="src/code_assist/setup.test.ts" name="setupUser for new user &gt; should throw ProjectIdRequiredError when no project ID is available" time="0.000462865">
        </testcase>
    </testsuite>
    <testsuite name="src/config/config.test.ts" timestamp="2025-10-08T23:26:53.842Z" hostname="uby" tests="48" failures="0" errors="0" skipped="0" time="0.076916524">
        <testcase classname="src/config/config.test.ts" name="Server Config (config.ts) &gt; initialize &gt; should throw an error if checkpointing is enabled and GitService fails" time="0.007128305">
        </testcase>
        <testcase classname="src/config/config.test.ts" name="Server Config (config.ts) &gt; initialize &gt; should not throw an error if checkpointing is disabled and GitService fails" time="0.005772209">
        </testcase>
        <testcase classname="src/config/config.test.ts" name="Server Config (config.ts) &gt; initialize &gt; should throw an error if initialized more than once" time="0.004164468">
        </testcase>
        <testcase classname="src/config/config.test.ts" name="Server Config (config.ts) &gt; refreshAuth &gt; should refresh auth and update config" time="0.002914837">
        </testcase>
        <testcase classname="src/config/config.test.ts" name="Server Config (config.ts) &gt; refreshAuth &gt; should preserve conversation history when refreshing auth" time="0.001878311">
        </testcase>
        <testcase classname="src/config/config.test.ts" name="Server Config (config.ts) &gt; refreshAuth &gt; should handle case when no existing client is initialized" time="0.001939314">
        </testcase>
        <testcase classname="src/config/config.test.ts" name="Server Config (config.ts) &gt; refreshAuth &gt; should strip thoughts when switching from GenAI to Vertex" time="0.001237777">
        </testcase>
        <testcase classname="src/config/config.test.ts" name="Server Config (config.ts) &gt; refreshAuth &gt; should not strip thoughts when switching from Vertex to GenAI" time="0.00156879">
        </testcase>
        <testcase classname="src/config/config.test.ts" name="Server Config (config.ts) &gt; setModel &gt; updates fallback model when content generator config is unavailable" time="0.002164782">
            <system-out>
Logger not initialized or session ID missing. Cannot log message.

            </system-out>
        </testcase>
        <testcase classname="src/config/config.test.ts" name="Server Config (config.ts) &gt; Config constructor should store userMemory correctly" time="0.000704682">
        </testcase>
        <testcase classname="src/config/config.test.ts" name="Server Config (config.ts) &gt; Config constructor should default userMemory to empty string if not provided" time="0.000599228">
        </testcase>
        <testcase classname="src/config/config.test.ts" name="Server Config (config.ts) &gt; Config constructor should call setGeminiMdFilename with contextFileName if provided" time="0.000561518">
        </testcase>
        <testcase classname="src/config/config.test.ts" name="Server Config (config.ts) &gt; Config constructor should not call setGeminiMdFilename if contextFileName is not provided" time="0.000409296">
        </testcase>
        <testcase classname="src/config/config.test.ts" name="Server Config (config.ts) &gt; should set default file filtering settings when not provided" time="0.000336231">
        </testcase>
        <testcase classname="src/config/config.test.ts" name="Server Config (config.ts) &gt; should set custom file filtering settings when provided" time="0.000634763">
        </testcase>
        <testcase classname="src/config/config.test.ts" name="Server Config (config.ts) &gt; should initialize WorkspaceContext with includeDirectories" time="0.001208523">
        </testcase>
        <testcase classname="src/config/config.test.ts" name="Server Config (config.ts) &gt; Config constructor should set telemetry to true when provided as true" time="0.000348013">
        </testcase>
        <testcase classname="src/config/config.test.ts" name="Server Config (config.ts) &gt; Config constructor should set telemetry to false when provided as false" time="0.000312257">
        </testcase>
        <testcase classname="src/config/config.test.ts" name="Server Config (config.ts) &gt; Config constructor should default telemetry to default value if not provided" time="0.000288694">
        </testcase>
        <testcase classname="src/config/config.test.ts" name="Server Config (config.ts) &gt; should have a getFileService method that returns FileDiscoveryService" time="0.000469558">
        </testcase>
        <testcase classname="src/config/config.test.ts" name="Server Config (config.ts) &gt; Usage Statistics &gt; defaults usage statistics to enabled if not specified" time="0.015993731">
        </testcase>
        <testcase classname="src/config/config.test.ts" name="Server Config (config.ts) &gt; Usage Statistics &gt; sets usage statistics based on the provided value (enabled: true)" time="0.000927684">
        </testcase>
        <testcase classname="src/config/config.test.ts" name="Server Config (config.ts) &gt; Usage Statistics &gt; sets usage statistics based on the provided value (enabled: false)" time="0.000580593">
        </testcase>
        <testcase classname="src/config/config.test.ts" name="Server Config (config.ts) &gt; Telemetry Settings &gt; should return default telemetry target if not provided" time="0.000521905">
        </testcase>
        <testcase classname="src/config/config.test.ts" name="Server Config (config.ts) &gt; Telemetry Settings &gt; should return provided OTLP endpoint" time="0.000434453">
        </testcase>
        <testcase classname="src/config/config.test.ts" name="Server Config (config.ts) &gt; Telemetry Settings &gt; should return default OTLP endpoint if not provided" time="0.00029754">
        </testcase>
        <testcase classname="src/config/config.test.ts" name="Server Config (config.ts) &gt; Telemetry Settings &gt; should return provided logPrompts setting" time="0.000284346">
        </testcase>
        <testcase classname="src/config/config.test.ts" name="Server Config (config.ts) &gt; Telemetry Settings &gt; should return default logPrompts setting (true) if not provided" time="0.000229614">
        </testcase>
        <testcase classname="src/config/config.test.ts" name="Server Config (config.ts) &gt; Telemetry Settings &gt; should return default logPrompts setting (true) if telemetry object is not provided" time="0.000239823">
        </testcase>
        <testcase classname="src/config/config.test.ts" name="Server Config (config.ts) &gt; Telemetry Settings &gt; should return default telemetry target if telemetry object is not provided" time="0.000231097">
        </testcase>
        <testcase classname="src/config/config.test.ts" name="Server Config (config.ts) &gt; Telemetry Settings &gt; should return default OTLP endpoint if telemetry object is not provided" time="0.000201683">
        </testcase>
        <testcase classname="src/config/config.test.ts" name="Server Config (config.ts) &gt; Telemetry Settings &gt; should return provided OTLP protocol" time="0.000223223">
        </testcase>
        <testcase classname="src/config/config.test.ts" name="Server Config (config.ts) &gt; Telemetry Settings &gt; should return default OTLP protocol if not provided" time="0.000221099">
        </testcase>
        <testcase classname="src/config/config.test.ts" name="Server Config (config.ts) &gt; Telemetry Settings &gt; should return default OTLP protocol if telemetry object is not provided" time="0.000215669">
        </testcase>
        <testcase classname="src/config/config.test.ts" name="Server Config (config.ts) &gt; UseRipgrep Configuration &gt; should default useRipgrep to false when not provided" time="0.000213795">
        </testcase>
        <testcase classname="src/config/config.test.ts" name="Server Config (config.ts) &gt; UseRipgrep Configuration &gt; should set useRipgrep to true when provided as true" time="0.000288283">
        </testcase>
        <testcase classname="src/config/config.test.ts" name="Server Config (config.ts) &gt; UseRipgrep Configuration &gt; should set useRipgrep to false when explicitly provided as false" time="0.000301287">
        </testcase>
        <testcase classname="src/config/config.test.ts" name="Server Config (config.ts) &gt; UseRipgrep Configuration &gt; should default useRipgrep to false when undefined" time="0.000164324">
        </testcase>
        <testcase classname="src/config/config.test.ts" name="Server Config (config.ts) &gt; createToolRegistry &gt; should register a tool if coreTools contains an argument-specific pattern" time="0.007323656">
        </testcase>
        <testcase classname="src/config/config.test.ts" name="setApprovalMode with folder trust &gt; should throw an error when setting YOLO mode in an untrusted folder" time="0.000764262">
        </testcase>
        <testcase classname="src/config/config.test.ts" name="setApprovalMode with folder trust &gt; should throw an error when setting AUTO_EDIT mode in an untrusted folder" time="0.000421319">
        </testcase>
        <testcase classname="src/config/config.test.ts" name="setApprovalMode with folder trust &gt; should NOT throw an error when setting DEFAULT mode in an untrusted folder" time="0.000315403">
        </testcase>
        <testcase classname="src/config/config.test.ts" name="setApprovalMode with folder trust &gt; should NOT throw an error when setting PLAN mode in an untrusted folder" time="0.000284846">
        </testcase>
        <testcase classname="src/config/config.test.ts" name="setApprovalMode with folder trust &gt; should NOT throw an error when setting any mode in a trusted folder" time="0.001624532">
        </testcase>
        <testcase classname="src/config/config.test.ts" name="setApprovalMode with folder trust &gt; should NOT throw an error when setting any mode if trustedFolder is undefined" time="0.000538405">
        </testcase>
        <testcase classname="src/config/config.test.ts" name="setApprovalMode with folder trust &gt; Model Switch Logging &gt; should log model switch when setModel is called with different model" time="0.002750323">
            <system-out>
Logger not initialized or session ID missing. Cannot log message.

            </system-out>
        </testcase>
        <testcase classname="src/config/config.test.ts" name="setApprovalMode with folder trust &gt; Model Switch Logging &gt; should not log when setModel is called with same model" time="0.001975091">
        </testcase>
        <testcase classname="src/config/config.test.ts" name="setApprovalMode with folder trust &gt; Model Switch Logging &gt; should use default reason when no options provided" time="0.002199285">
            <system-out>
Logger not initialized or session ID missing. Cannot log message.

            </system-out>
        </testcase>
    </testsuite>
    <testsuite name="src/config/flashFallback.test.ts" timestamp="2025-10-08T23:26:53.844Z" hostname="uby" tests="6" failures="0" errors="0" skipped="0" time="0.029865219">
        <testcase classname="src/config/flashFallback.test.ts" name="Flash Model Fallback Configuration &gt; setModel &gt; should only mark as switched if contentGeneratorConfig exists" time="0.026041602">
            <system-out>
Invalid JSON in log file /home/atmandk/.qwen/tmp/b306d9ff847c120dd7eb00fcebe5f118b9875b09db67ad8f0834aea7a0d8cb8c/logs.json. Backing up and starting fresh. SyntaxError: &quot;undefined&quot; is not valid JSON
    at JSON.parse (&lt;anonymous&gt;)
    at Logger._readLogFile [90m(/home/atmandk/LowCal-dev/packages/core/[39msrc/core/logger.ts:91:31[90m)[39m
[90m    at processTicksAndRejections (node:internal/process/task_queues:105:5)[39m
    at Logger.initialize [90m(/home/atmandk/LowCal-dev/packages/core/[39msrc/core/logger.ts:155:19[90m)[39m

Backed up corrupted log file to /home/atmandk/.qwen/tmp/b306d9ff847c120dd7eb00fcebe5f118b9875b09db67ad8f0834aea7a0d8cb8c/logs.json.invalid_json.1759966010660.bak
Logger not initialized or session ID missing. Cannot log message.

Invalid JSON in log file /home/atmandk/.qwen/tmp/b306d9ff847c120dd7eb00fcebe5f118b9875b09db67ad8f0834aea7a0d8cb8c/logs.json. Backing up and starting fresh. SyntaxError: &quot;undefined&quot; is not valid JSON
    at JSON.parse (&lt;anonymous&gt;)
    at Logger._readLogFile [90m(/home/atmandk/LowCal-dev/packages/core/[39msrc/core/logger.ts:91:31[90m)[39m
[90m    at processTicksAndRejections (node:internal/process/task_queues:105:5)[39m
    at Logger.initialize [90m(/home/atmandk/LowCal-dev/packages/core/[39msrc/core/logger.ts:155:19[90m)[39m

Backed up corrupted log file to /home/atmandk/.qwen/tmp/b306d9ff847c120dd7eb00fcebe5f118b9875b09db67ad8f0834aea7a0d8cb8c/logs.json.invalid_json.1759966010662.bak

            </system-out>
            <system-err>
Error accessing installation ID file, generating ephemeral ID: TypeError: Cannot read properties of undefined (reading &apos;trim&apos;)
    at InstallationManager.readInstallationIdFromFile [90m(/home/atmandk/LowCal-dev/packages/core/[39msrc/utils/installationManager.ts:21:50[90m)[39m
    at InstallationManager.getInstallationId [90m(/home/atmandk/LowCal-dev/packages/core/[39msrc/utils/installationManager.ts:42:33[90m)[39m
    at QwenLogger.generateUserId [90m(/home/atmandk/LowCal-dev/packages/core/[39msrc/telemetry/qwen-logger/qwen-logger.ts:123:53[90m)[39m
    at new QwenLogger [90m(/home/atmandk/LowCal-dev/packages/core/[39msrc/telemetry/qwen-logger/qwen-logger.ts:114:24[90m)[39m
    at QwenLogger.getInstance [90m(/home/atmandk/LowCal-dev/packages/core/[39msrc/telemetry/qwen-logger/qwen-logger.ts:131:29[90m)[39m
    at logCliConfiguration [90m(/home/atmandk/LowCal-dev/packages/core/[39msrc/telemetry/loggers.ts:85:14[90m)[39m
    at new Config [90m(/home/atmandk/LowCal-dev/packages/core/[39msrc/config/config.ts:454:5[90m)[39m
    at [90m/home/atmandk/LowCal-dev/packages/core/[39msrc/config/flashFallback.test.ts:22:14
    at file:///home/atmandk/LowCal-dev/node_modules/[4m@vitest/runner[24m/dist/chunk-hooks.js:155:11
    at file:///home/atmandk/LowCal-dev/node_modules/[4m@vitest/runner[24m/dist/chunk-hooks.js:1897:20

            </system-err>
        </testcase>
        <testcase classname="src/config/flashFallback.test.ts" name="Flash Model Fallback Configuration &gt; getModel &gt; should return contentGeneratorConfig model if available" time="0.000686759">
            <system-out>
Invalid JSON in log file /home/atmandk/.qwen/tmp/b306d9ff847c120dd7eb00fcebe5f118b9875b09db67ad8f0834aea7a0d8cb8c/logs.json. Backing up and starting fresh. SyntaxError: &quot;undefined&quot; is not valid JSON
    at JSON.parse (&lt;anonymous&gt;)
    at Logger._readLogFile [90m(/home/atmandk/LowCal-dev/packages/core/[39msrc/core/logger.ts:91:31[90m)[39m
[90m    at processTicksAndRejections (node:internal/process/task_queues:105:5)[39m
    at Logger.initialize [90m(/home/atmandk/LowCal-dev/packages/core/[39msrc/core/logger.ts:155:19[90m)[39m

Backed up corrupted log file to /home/atmandk/.qwen/tmp/b306d9ff847c120dd7eb00fcebe5f118b9875b09db67ad8f0834aea7a0d8cb8c/logs.json.invalid_json.1759966010663.bak
Logger not initialized or session ID missing. Cannot log message.

            </system-out>
        </testcase>
        <testcase classname="src/config/flashFallback.test.ts" name="Flash Model Fallback Configuration &gt; getModel &gt; should fall back to initial model if contentGeneratorConfig is not available" time="0.000731563">
            <system-out>
Invalid JSON in log file /home/atmandk/.qwen/tmp/b306d9ff847c120dd7eb00fcebe5f118b9875b09db67ad8f0834aea7a0d8cb8c/logs.json. Backing up and starting fresh. SyntaxError: &quot;undefined&quot; is not valid JSON
    at JSON.parse (&lt;anonymous&gt;)
    at Logger._readLogFile [90m(/home/atmandk/LowCal-dev/packages/core/[39msrc/core/logger.ts:91:31[90m)[39m
[90m    at processTicksAndRejections (node:internal/process/task_queues:105:5)[39m
    at Logger.initialize [90m(/home/atmandk/LowCal-dev/packages/core/[39msrc/core/logger.ts:155:19[90m)[39m

Backed up corrupted log file to /home/atmandk/.qwen/tmp/b306d9ff847c120dd7eb00fcebe5f118b9875b09db67ad8f0834aea7a0d8cb8c/logs.json.invalid_json.1759966010663.bak

Invalid JSON in log file /home/atmandk/.qwen/tmp/b306d9ff847c120dd7eb00fcebe5f118b9875b09db67ad8f0834aea7a0d8cb8c/logs.json. Backing up and starting fresh. SyntaxError: &quot;undefined&quot; is not valid JSON
    at JSON.parse (&lt;anonymous&gt;)
    at Logger._readLogFile [90m(/home/atmandk/LowCal-dev/packages/core/[39msrc/core/logger.ts:91:31[90m)[39m
[90m    at processTicksAndRejections (node:internal/process/task_queues:105:5)[39m
    at Logger.initialize [90m(/home/atmandk/LowCal-dev/packages/core/[39msrc/core/logger.ts:155:19[90m)[39m

Backed up corrupted log file to /home/atmandk/.qwen/tmp/b306d9ff847c120dd7eb00fcebe5f118b9875b09db67ad8f0834aea7a0d8cb8c/logs.json.invalid_json.1759966010664.bak

            </system-out>
        </testcase>
        <testcase classname="src/config/flashFallback.test.ts" name="Flash Model Fallback Configuration &gt; isInFallbackMode &gt; should start as false for new session" time="0.000377789">
            <system-out>
Invalid JSON in log file /home/atmandk/.qwen/tmp/b306d9ff847c120dd7eb00fcebe5f118b9875b09db67ad8f0834aea7a0d8cb8c/logs.json. Backing up and starting fresh. SyntaxError: &quot;undefined&quot; is not valid JSON
    at JSON.parse (&lt;anonymous&gt;)
    at Logger._readLogFile [90m(/home/atmandk/LowCal-dev/packages/core/[39msrc/core/logger.ts:91:31[90m)[39m
[90m    at processTicksAndRejections (node:internal/process/task_queues:105:5)[39m
    at Logger.initialize [90m(/home/atmandk/LowCal-dev/packages/core/[39msrc/core/logger.ts:155:19[90m)[39m

Backed up corrupted log file to /home/atmandk/.qwen/tmp/b306d9ff847c120dd7eb00fcebe5f118b9875b09db67ad8f0834aea7a0d8cb8c/logs.json.invalid_json.1759966010664.bak

            </system-out>
        </testcase>
        <testcase classname="src/config/flashFallback.test.ts" name="Flash Model Fallback Configuration &gt; isInFallbackMode &gt; should remain false if no model switch occurs" time="0.000407764">
            <system-out>
Invalid JSON in log file /home/atmandk/.qwen/tmp/b306d9ff847c120dd7eb00fcebe5f118b9875b09db67ad8f0834aea7a0d8cb8c/logs.json. Backing up and starting fresh. SyntaxError: &quot;undefined&quot; is not valid JSON
    at JSON.parse (&lt;anonymous&gt;)
    at Logger._readLogFile [90m(/home/atmandk/LowCal-dev/packages/core/[39msrc/core/logger.ts:91:31[90m)[39m
[90m    at processTicksAndRejections (node:internal/process/task_queues:105:5)[39m
    at Logger.initialize [90m(/home/atmandk/LowCal-dev/packages/core/[39msrc/core/logger.ts:155:19[90m)[39m

Backed up corrupted log file to /home/atmandk/.qwen/tmp/b306d9ff847c120dd7eb00fcebe5f118b9875b09db67ad8f0834aea7a0d8cb8c/logs.json.invalid_json.1759966010664.bak

            </system-out>
        </testcase>
        <testcase classname="src/config/flashFallback.test.ts" name="Flash Model Fallback Configuration &gt; isInFallbackMode &gt; should persist switched state throughout session" time="0.0004273">
            <system-out>
Invalid JSON in log file /home/atmandk/.qwen/tmp/b306d9ff847c120dd7eb00fcebe5f118b9875b09db67ad8f0834aea7a0d8cb8c/logs.json. Backing up and starting fresh. SyntaxError: &quot;undefined&quot; is not valid JSON
    at JSON.parse (&lt;anonymous&gt;)
    at Logger._readLogFile [90m(/home/atmandk/LowCal-dev/packages/core/[39msrc/core/logger.ts:91:31[90m)[39m
[90m    at processTicksAndRejections (node:internal/process/task_queues:105:5)[39m
    at Logger.initialize [90m(/home/atmandk/LowCal-dev/packages/core/[39msrc/core/logger.ts:155:19[90m)[39m

Backed up corrupted log file to /home/atmandk/.qwen/tmp/b306d9ff847c120dd7eb00fcebe5f118b9875b09db67ad8f0834aea7a0d8cb8c/logs.json.invalid_json.1759966010665.bak
Logger not initialized or session ID missing. Cannot log message.

            </system-out>
        </testcase>
    </testsuite>
    <testsuite name="src/config/storage.test.ts" timestamp="2025-10-08T23:26:53.844Z" hostname="uby" tests="5" failures="0" errors="0" skipped="0" time="0.003935574">
        <testcase classname="src/config/storage.test.ts" name="Storage – getGlobalSettingsPath &gt; returns path to ~/.qwen/settings.json" time="0.00175274">
        </testcase>
        <testcase classname="src/config/storage.test.ts" name="Storage – additional helpers &gt; getWorkspaceSettingsPath returns project/.qwen/settings.json" time="0.000261093">
        </testcase>
        <testcase classname="src/config/storage.test.ts" name="Storage – additional helpers &gt; getUserCommandsDir returns ~/.qwen/commands" time="0.000245454">
        </testcase>
        <testcase classname="src/config/storage.test.ts" name="Storage – additional helpers &gt; getProjectCommandsDir returns project/.qwen/commands" time="0.000139659">
        </testcase>
        <testcase classname="src/config/storage.test.ts" name="Storage – additional helpers &gt; getMcpOAuthTokensPath returns ~/.qwen/mcp-oauth-tokens.json" time="0.000107559">
        </testcase>
    </testsuite>
    <testsuite name="src/ide/detect-ide.test.ts" timestamp="2025-10-08T23:26:53.845Z" hostname="uby" tests="21" failures="0" errors="0" skipped="0" time="0.00904651">
        <testcase classname="src/ide/detect-ide.test.ts" name="detectIde &gt; should return undefined if TERM_PROGRAM is not vscode" time="0.002771763">
        </testcase>
        <testcase classname="src/ide/detect-ide.test.ts" name="detectIde &gt; should detect Devin" time="0.000402905">
        </testcase>
        <testcase classname="src/ide/detect-ide.test.ts" name="detectIde &gt; should detect Replit" time="0.000154385">
        </testcase>
        <testcase classname="src/ide/detect-ide.test.ts" name="detectIde &gt; should detect Cursor" time="0.000130141">
        </testcase>
        <testcase classname="src/ide/detect-ide.test.ts" name="detectIde &gt; should detect Codespaces" time="0.000115183">
        </testcase>
        <testcase classname="src/ide/detect-ide.test.ts" name="detectIde &gt; should detect Cloud Shell via EDITOR_IN_CLOUD_SHELL" time="0.000132976">
        </testcase>
        <testcase classname="src/ide/detect-ide.test.ts" name="detectIde &gt; should detect Cloud Shell via CLOUD_SHELL" time="0.000112077">
        </testcase>
        <testcase classname="src/ide/detect-ide.test.ts" name="detectIde &gt; should detect Trae" time="0.000098342">
        </testcase>
        <testcase classname="src/ide/detect-ide.test.ts" name="detectIde &gt; should detect Firebase Studio via MONOSPACE_ENV" time="0.000117106">
        </testcase>
        <testcase classname="src/ide/detect-ide.test.ts" name="detectIde &gt; should detect VSCode when no other IDE is detected and command includes &quot;code&quot;" time="0.000127816">
        </testcase>
        <testcase classname="src/ide/detect-ide.test.ts" name="detectIde &gt; should detect VSCodeFork when no other IDE is detected and command does not include &quot;code&quot;" time="0.00013527">
        </testcase>
        <testcase classname="src/ide/detect-ide.test.ts" name="detectIde &gt; should prioritize other IDEs over VSCode detection" time="0.000116275">
        </testcase>
        <testcase classname="src/ide/detect-ide.test.ts" name="getIdeInfo &gt; should return correct info for Devin" time="0.000679205">
        </testcase>
        <testcase classname="src/ide/detect-ide.test.ts" name="getIdeInfo &gt; should return correct info for Replit" time="0.000104042">
        </testcase>
        <testcase classname="src/ide/detect-ide.test.ts" name="getIdeInfo &gt; should return correct info for Cursor" time="0.00007549">
        </testcase>
        <testcase classname="src/ide/detect-ide.test.ts" name="getIdeInfo &gt; should return correct info for CloudShell" time="0.000068407">
        </testcase>
        <testcase classname="src/ide/detect-ide.test.ts" name="getIdeInfo &gt; should return correct info for Codespaces" time="0.001653406">
        </testcase>
        <testcase classname="src/ide/detect-ide.test.ts" name="getIdeInfo &gt; should return correct info for FirebaseStudio" time="0.000130131">
        </testcase>
        <testcase classname="src/ide/detect-ide.test.ts" name="getIdeInfo &gt; should return correct info for Trae" time="0.000105746">
        </testcase>
        <testcase classname="src/ide/detect-ide.test.ts" name="getIdeInfo &gt; should return correct info for VSCode" time="0.000100206">
        </testcase>
        <testcase classname="src/ide/detect-ide.test.ts" name="getIdeInfo &gt; should return correct info for VSCodeFork" time="0.000114562">
        </testcase>
    </testsuite>
    <testsuite name="src/ide/ide-client.test.ts" timestamp="2025-10-08T23:26:53.845Z" hostname="uby" tests="9" failures="0" errors="0" skipped="0" time="0.01396948">
        <testcase classname="src/ide/ide-client.test.ts" name="IdeClient &gt; connect &gt; should return invalid if QWEN_CODE_IDE_WORKSPACE_PATH is undefined" time="0.002229311">
        </testcase>
        <testcase classname="src/ide/ide-client.test.ts" name="IdeClient &gt; connect &gt; should return invalid if QWEN_CODE_IDE_WORKSPACE_PATH is empty" time="0.00079515">
        </testcase>
        <testcase classname="src/ide/ide-client.test.ts" name="IdeClient &gt; connect &gt; should connect using HTTP when port is provided in config file" time="0.005389652">
            <system-out>
[DEBUG] [IDEClient] Attempting to connect to IDE via HTTP SSE

            </system-out>
        </testcase>
        <testcase classname="src/ide/ide-client.test.ts" name="IdeClient &gt; connect &gt; should connect using stdio when stdio config is provided in file" time="0.001053728">
            <system-out>
[DEBUG] [IDEClient] Attempting to connect to IDE via stdio

            </system-out>
        </testcase>
        <testcase classname="src/ide/ide-client.test.ts" name="IdeClient &gt; connect &gt; should prioritize port over stdio when both are in config file" time="0.000844831">
            <system-out>
[DEBUG] [IDEClient] Attempting to connect to IDE via HTTP SSE

            </system-out>
        </testcase>
        <testcase classname="src/ide/ide-client.test.ts" name="IdeClient &gt; connect &gt; should connect using HTTP when port is provided in environment variables" time="0.000769302">
            <system-out>
[DEBUG] [IDEClient] Attempting to connect to IDE via HTTP SSE

            </system-out>
        </testcase>
        <testcase classname="src/ide/ide-client.test.ts" name="IdeClient &gt; connect &gt; should connect using stdio when stdio config is in environment variables" time="0.000594108">
            <system-out>
[DEBUG] [IDEClient] Attempting to connect to IDE via stdio

            </system-out>
        </testcase>
        <testcase classname="src/ide/ide-client.test.ts" name="IdeClient &gt; connect &gt; should prioritize file config over environment variables" time="0.00055183">
            <system-out>
[DEBUG] [IDEClient] Attempting to connect to IDE via HTTP SSE

            </system-out>
        </testcase>
        <testcase classname="src/ide/ide-client.test.ts" name="IdeClient &gt; connect &gt; should be disconnected if no config is found" time="0.000635885">
            <system-err>
[ERROR] [IDEClient] Failed to connect to IDE companion extension in VS Code. Please ensure the extension is running. To install the extension, run /ide install.

            </system-err>
        </testcase>
    </testsuite>
    <testsuite name="src/ide/ide-installer.test.ts" timestamp="2025-10-08T23:26:53.846Z" hostname="uby" tests="10" failures="0" errors="0" skipped="0" time="0.015133141">
        <testcase classname="src/ide/ide-installer.test.ts" name="ide-installer &gt; getIdeInstaller &gt; returns a VsCodeInstaller for &quot;&apos;vscode&apos;&quot;" time="0.003770679">
        </testcase>
        <testcase classname="src/ide/ide-installer.test.ts" name="ide-installer &gt; getIdeInstaller &gt; returns a VsCodeInstaller for &quot;&apos;firebasestudio&apos;&quot;" time="0.001431516">
        </testcase>
        <testcase classname="src/ide/ide-installer.test.ts" name="ide-installer &gt; VsCodeInstaller &gt; install &gt; identifies the path to code cli on platform: &apos;win32&apos;" time="0.001882389">
        </testcase>
        <testcase classname="src/ide/ide-installer.test.ts" name="ide-installer &gt; VsCodeInstaller &gt; install &gt; identifies the path to code cli on platform: &apos;darwin&apos;" time="0.001020065">
        </testcase>
        <testcase classname="src/ide/ide-installer.test.ts" name="ide-installer &gt; VsCodeInstaller &gt; install &gt; identifies the path to code cli on platform: &apos;linux&apos;" time="0.000851543">
        </testcase>
        <testcase classname="src/ide/ide-installer.test.ts" name="ide-installer &gt; VsCodeInstaller &gt; install &gt; installs the extension using code cli" time="0.00174712">
        </testcase>
        <testcase classname="src/ide/ide-installer.test.ts" name="ide-installer &gt; VsCodeInstaller &gt; install &gt; returns that the cli was installed successfully" time="0.001030915">
        </testcase>
        <testcase classname="src/ide/ide-installer.test.ts" name="ide-installer &gt; VsCodeInstaller &gt; install &gt; returns that the cli was installed successfully" time="0.000646155">
        </testcase>
        <testcase classname="src/ide/ide-installer.test.ts" name="ide-installer &gt; VsCodeInstaller &gt; install &gt; should return a failure message if &apos;vscode&apos; is not installed" time="0.000731262">
        </testcase>
        <testcase classname="src/ide/ide-installer.test.ts" name="ide-installer &gt; VsCodeInstaller &gt; install &gt; should return a failure message if &apos;firebasestudio&apos; is not installed" time="0.000522105">
        </testcase>
    </testsuite>
    <testsuite name="src/ide/ideContext.test.ts" timestamp="2025-10-08T23:26:53.846Z" hostname="uby" tests="16" failures="0" errors="0" skipped="0" time="0.010697382">
        <testcase classname="src/ide/ideContext.test.ts" name="ideContext &gt; createIdeContextStore &gt; should return undefined initially for ide context" time="0.001301776">
        </testcase>
        <testcase classname="src/ide/ideContext.test.ts" name="ideContext &gt; createIdeContextStore &gt; should set and retrieve the ide context" time="0.000774722">
        </testcase>
        <testcase classname="src/ide/ideContext.test.ts" name="ideContext &gt; createIdeContextStore &gt; should update the ide context when called multiple times" time="0.00015674">
        </testcase>
        <testcase classname="src/ide/ideContext.test.ts" name="ideContext &gt; createIdeContextStore &gt; should handle empty string for file path" time="0.000105766">
        </testcase>
        <testcase classname="src/ide/ideContext.test.ts" name="ideContext &gt; createIdeContextStore &gt; should notify subscribers when ide context changes" time="0.002600387">
        </testcase>
        <testcase classname="src/ide/ideContext.test.ts" name="ideContext &gt; createIdeContextStore &gt; should stop notifying a subscriber after unsubscribe" time="0.000308831">
        </testcase>
        <testcase classname="src/ide/ideContext.test.ts" name="ideContext &gt; createIdeContextStore &gt; should clear the ide context" time="0.000151721">
        </testcase>
        <testcase classname="src/ide/ideContext.test.ts" name="ideContext &gt; FileSchema &gt; should validate a file with only required fields" time="0.001419023">
        </testcase>
        <testcase classname="src/ide/ideContext.test.ts" name="ideContext &gt; FileSchema &gt; should validate a file with all fields" time="0.000288624">
        </testcase>
        <testcase classname="src/ide/ideContext.test.ts" name="ideContext &gt; FileSchema &gt; should fail validation if path is missing" time="0.000707848">
        </testcase>
        <testcase classname="src/ide/ideContext.test.ts" name="ideContext &gt; FileSchema &gt; should fail validation if timestamp is missing" time="0.000164474">
        </testcase>
        <testcase classname="src/ide/ideContext.test.ts" name="ideContext &gt; IdeContextSchema &gt; should validate an empty context" time="0.000252667">
        </testcase>
        <testcase classname="src/ide/ideContext.test.ts" name="ideContext &gt; IdeContextSchema &gt; should validate a context with an empty workspaceState" time="0.000127175">
        </testcase>
        <testcase classname="src/ide/ideContext.test.ts" name="ideContext &gt; IdeContextSchema &gt; should validate a context with an empty openFiles array" time="0.000306226">
        </testcase>
        <testcase classname="src/ide/ideContext.test.ts" name="ideContext &gt; IdeContextSchema &gt; should validate a context with a valid file" time="0.000170455">
        </testcase>
        <testcase classname="src/ide/ideContext.test.ts" name="ideContext &gt; IdeContextSchema &gt; should fail validation with an invalid file" time="0.000132856">
        </testcase>
    </testsuite>
    <testsuite name="src/ide/process-utils.test.ts" timestamp="2025-10-08T23:26:53.847Z" hostname="uby" tests="7" failures="0" errors="0" skipped="0" time="0.015034929">
        <testcase classname="src/ide/process-utils.test.ts" name="getIdeProcessInfo &gt; on Unix &gt; should traverse up to find the shell and return grandparent process info" time="0.002772915">
        </testcase>
        <testcase classname="src/ide/process-utils.test.ts" name="getIdeProcessInfo &gt; on Unix &gt; should return parent process info if grandparent lookup fails" time="0.00833191">
            <system-out>
Failed to get process info for pid 800: Error: ps failed
    at [90m/home/atmandk/LowCal-dev/packages/core/[39msrc/ide/process-utils.test.ts:57:32
    at file:///home/atmandk/LowCal-dev/node_modules/[4m@vitest/runner[24m/dist/chunk-hooks.js:155:11
    at file:///home/atmandk/LowCal-dev/node_modules/[4m@vitest/runner[24m/dist/chunk-hooks.js:752:26
    at file:///home/atmandk/LowCal-dev/node_modules/[4m@vitest/runner[24m/dist/chunk-hooks.js:1897:20
    at new Promise (&lt;anonymous&gt;)
    at runWithTimeout (file:///home/atmandk/LowCal-dev/node_modules/[4m@vitest/runner[24m/dist/chunk-hooks.js:1863:10)
    at runTest (file:///home/atmandk/LowCal-dev/node_modules/[4m@vitest/runner[24m/dist/chunk-hooks.js:1574:12)
[90m    at processTicksAndRejections (node:internal/process/task_queues:105:5)[39m
    at runSuite (file:///home/atmandk/LowCal-dev/node_modules/[4m@vitest/runner[24m/dist/chunk-hooks.js:1729:8)
    at runSuite (file:///home/atmandk/LowCal-dev/node_modules/[4m@vitest/runner[24m/dist/chunk-hooks.js:1729:8)

            </system-out>
        </testcase>
        <testcase classname="src/ide/process-utils.test.ts" name="getIdeProcessInfo &gt; on Windows &gt; should traverse up and find the great-grandchild of the root process" time="0.000490577">
        </testcase>
        <testcase classname="src/ide/process-utils.test.ts" name="getIdeProcessInfo &gt; on Windows &gt; should handle non-existent process gracefully" time="0.000168552">
        </testcase>
        <testcase classname="src/ide/process-utils.test.ts" name="getIdeProcessInfo &gt; on Windows &gt; should handle malformed JSON output gracefully" time="0.001350867">
            <system-out>
Failed to get process info for pid 1000: SyntaxError: Unexpected token &apos;j&apos;, &quot;{&quot;invalid&quot;:json}&quot; is not valid JSON
    at JSON.parse (&lt;anonymous&gt;)
    at getProcessInfo [90m(/home/atmandk/LowCal-dev/packages/core/[39msrc/ide/process-utils.ts:46:16[90m)[39m
[90m    at processTicksAndRejections (node:internal/process/task_queues:105:5)[39m
    at getIdeProcessInfoForWindows [90m(/home/atmandk/LowCal-dev/packages/core/[39msrc/ide/process-utils.ts:136:29[90m)[39m

            </system-out>
        </testcase>
        <testcase classname="src/ide/process-utils.test.ts" name="getIdeProcessInfo &gt; on Windows &gt; should handle PowerShell errors without crashing the process chain" time="0.000286109">
        </testcase>
        <testcase classname="src/ide/process-utils.test.ts" name="getIdeProcessInfo &gt; on Windows &gt; should handle partial JSON data with defaults" time="0.00012946">
        </testcase>
    </testsuite>
    <testsuite name="src/core/client.test.ts" timestamp="2025-10-08T23:26:53.847Z" hostname="uby" tests="70" failures="12" errors="0" skipped="1" time="0.998121701">
        <testcase classname="src/core/client.test.ts" name="findIndexAfterFraction &gt; should throw an error for non-positive numbers" time="0.002130518">
        </testcase>
        <testcase classname="src/core/client.test.ts" name="findIndexAfterFraction &gt; should throw an error for a fraction greater than or equal to 1" time="0.000250723">
        </testcase>
        <testcase classname="src/core/client.test.ts" name="findIndexAfterFraction &gt; should handle a fraction in the middle" time="0.000478003">
        </testcase>
        <testcase classname="src/core/client.test.ts" name="findIndexAfterFraction &gt; should handle a fraction that results in the last index" time="0.00022729">
        </testcase>
        <testcase classname="src/core/client.test.ts" name="findIndexAfterFraction &gt; should handle an empty history" time="0.000161108">
        </testcase>
        <testcase classname="src/core/client.test.ts" name="findIndexAfterFraction &gt; should handle a history with only one item" time="0.0000652">
        </testcase>
        <testcase classname="src/core/client.test.ts" name="findIndexAfterFraction &gt; should handle history with weird parts" time="0.000079748">
        </testcase>
        <testcase classname="src/core/client.test.ts" name="Gemini Client (client.ts) &gt; generateEmbedding &gt; should call embedContent with correct parameters and return embeddings" time="0.02034839">
        </testcase>
        <testcase classname="src/core/client.test.ts" name="Gemini Client (client.ts) &gt; generateEmbedding &gt; should return an empty array if an empty array is passed" time="0.009078059">
        </testcase>
        <testcase classname="src/core/client.test.ts" name="Gemini Client (client.ts) &gt; generateEmbedding &gt; should throw an error if API response has no embeddings array" time="0.008655548">
        </testcase>
        <testcase classname="src/core/client.test.ts" name="Gemini Client (client.ts) &gt; generateEmbedding &gt; should throw an error if API response has an empty embeddings array" time="0.006471331">
        </testcase>
        <testcase classname="src/core/client.test.ts" name="Gemini Client (client.ts) &gt; generateEmbedding &gt; should throw an error if API returns a mismatched number of embeddings" time="0.006576435">
        </testcase>
        <testcase classname="src/core/client.test.ts" name="Gemini Client (client.ts) &gt; generateEmbedding &gt; should throw an error if any embedding has nullish values" time="0.012808524">
        </testcase>
        <testcase classname="src/core/client.test.ts" name="Gemini Client (client.ts) &gt; generateEmbedding &gt; should throw an error if any embedding has an empty values array" time="0.008758778">
        </testcase>
        <testcase classname="src/core/client.test.ts" name="Gemini Client (client.ts) &gt; generateEmbedding &gt; should propagate errors from the API call" time="0.008519236">
        </testcase>
        <testcase classname="src/core/client.test.ts" name="Gemini Client (client.ts) &gt; generateJson &gt; should call generateContent with the correct parameters" time="0.007929716">
        </testcase>
        <testcase classname="src/core/client.test.ts" name="Gemini Client (client.ts) &gt; generateJson &gt; should allow overriding model and config" time="0">
            <skipped/>
        </testcase>
        <testcase classname="src/core/client.test.ts" name="Gemini Client (client.ts) &gt; addHistory &gt; should call chat.addHistory with the provided content" time="0.007249679">
        </testcase>
        <testcase classname="src/core/client.test.ts" name="Gemini Client (client.ts) &gt; resetChat &gt; should create a new chat session, clearing the old history" time="0.025782414">
        </testcase>
        <testcase classname="src/core/client.test.ts" name="Gemini Client (client.ts) &gt; tryCompressChat &gt; when compression inflates the token count &gt; uses the truncated history for compression" time="0.02265319">
        </testcase>
        <testcase classname="src/core/client.test.ts" name="Gemini Client (client.ts) &gt; tryCompressChat &gt; when compression inflates the token count &gt; allows compression to be forced/manual after a failure" time="0.027363105">
            <failure message="this.config.getEffectiveContextLimit is not a function" type="TypeError">
TypeError: this.config.getEffectiveContextLimit is not a function
 ❯ GeminiClient.tryCompressChat src/core/client.ts:1338:38
 ❯ src/core/client.test.ts:611:22
            </failure>
        </testcase>
        <testcase classname="src/core/client.test.ts" name="Gemini Client (client.ts) &gt; tryCompressChat &gt; when compression inflates the token count &gt; yields the result even if the compression inflated the tokens" time="0.009072428">
            <failure message="this.config.getEffectiveContextLimit is not a function" type="TypeError">
TypeError: this.config.getEffectiveContextLimit is not a function
 ❯ GeminiClient.tryCompressChat src/core/client.ts:1338:38
 ❯ src/core/client.test.ts:624:37
            </failure>
        </testcase>
        <testcase classname="src/core/client.test.ts" name="Gemini Client (client.ts) &gt; tryCompressChat &gt; when compression inflates the token count &gt; does not manipulate the source chat" time="0.019227418">
            <failure message="this.config.getEffectiveContextLimit is not a function" type="TypeError">
TypeError: this.config.getEffectiveContextLimit is not a function
 ❯ GeminiClient.tryCompressChat src/core/client.ts:1338:38
 ❯ src/core/client.test.ts:637:22
            </failure>
        </testcase>
        <testcase classname="src/core/client.test.ts" name="Gemini Client (client.ts) &gt; tryCompressChat &gt; when compression inflates the token count &gt; restores the history back to the original" time="0.009758878">
            <failure message="this.config.getEffectiveContextLimit is not a function" type="TypeError">
TypeError: this.config.getEffectiveContextLimit is not a function
 ❯ GeminiClient.tryCompressChat src/core/client.ts:1338:38
 ❯ src/core/client.test.ts:658:24
            </failure>
        </testcase>
        <testcase classname="src/core/client.test.ts" name="Gemini Client (client.ts) &gt; tryCompressChat &gt; when compression inflates the token count &gt; will not attempt to compress context after a failure" time="0.013876658">
            <failure message="this.config.getEffectiveContextLimit is not a function" type="TypeError">
TypeError: this.config.getEffectiveContextLimit is not a function
 ❯ GeminiClient.tryCompressChat src/core/client.ts:1338:38
 ❯ src/core/client.test.ts:670:22
            </failure>
        </testcase>
        <testcase classname="src/core/client.test.ts" name="Gemini Client (client.ts) &gt; tryCompressChat &gt; attempts to compress with a maxOutputTokens set to the original token count" time="0.014601878">
            <failure message="this.config.getEffectiveContextLimit is not a function" type="TypeError">
TypeError: this.config.getEffectiveContextLimit is not a function
 ❯ GeminiClient.tryCompressChat src/core/client.ts:1338:38
 ❯ src/core/client.test.ts:701:20
            </failure>
        </testcase>
        <testcase classname="src/core/client.test.ts" name="Gemini Client (client.ts) &gt; tryCompressChat &gt; should not trigger summarization if token count is below threshold" time="0.012990901">
            <failure message="this.config.getEffectiveContextLimit is not a function" type="TypeError">
TypeError: this.config.getEffectiveContextLimit is not a function
 ❯ GeminiClient.tryCompressChat src/core/client.ts:1338:38
 ❯ src/core/client.test.ts:725:35
            </failure>
        </testcase>
        <testcase classname="src/core/client.test.ts" name="Gemini Client (client.ts) &gt; tryCompressChat &gt; logs a telemetry event when compressing" time="0.011358895">
            <failure message="this.config.getEffectiveContextLimit is not a function" type="TypeError">
TypeError: this.config.getEffectiveContextLimit is not a function
 ❯ GeminiClient.tryCompressChat src/core/client.ts:1338:38
 ❯ src/core/client.test.ts:765:20
            </failure>
        </testcase>
        <testcase classname="src/core/client.test.ts" name="Gemini Client (client.ts) &gt; tryCompressChat &gt; should trigger summarization if token count is at threshold with contextPercentageThreshold setting" time="0.009974266">
            <failure message="this.config.getEffectiveContextLimit is not a function" type="TypeError">
TypeError: this.config.getEffectiveContextLimit is not a function
 ❯ GeminiClient.tryCompressChat src/core/client.ts:1338:38
 ❯ src/core/client.test.ts:801:35
            </failure>
        </testcase>
        <testcase classname="src/core/client.test.ts" name="Gemini Client (client.ts) &gt; tryCompressChat &gt; should not compress across a function call response" time="0.013925478">
            <failure message="this.config.getEffectiveContextLimit is not a function" type="TypeError">
TypeError: this.config.getEffectiveContextLimit is not a function
 ❯ GeminiClient.tryCompressChat src/core/client.ts:1338:38
 ❯ src/core/client.test.ts:854:35
            </failure>
        </testcase>
        <testcase classname="src/core/client.test.ts" name="Gemini Client (client.ts) &gt; tryCompressChat &gt; should always trigger summarization when force is true, regardless of token count" time="0.015564408">
            <failure message="this.config.getEffectiveContextLimit is not a function" type="TypeError">
TypeError: this.config.getEffectiveContextLimit is not a function
 ❯ GeminiClient.tryCompressChat src/core/client.ts:1338:38
 ❯ src/core/client.test.ts:896:35
            </failure>
        </testcase>
        <testcase classname="src/core/client.test.ts" name="Gemini Client (client.ts) &gt; tryCompressChat &gt; should use current model from config for token counting after sendMessage" time="0.009983222">
            <failure message="this.config.getEffectiveContextLimit is not a function" type="TypeError">
TypeError: this.config.getEffectiveContextLimit is not a function
 ❯ GeminiClient.tryCompressChat src/core/client.ts:1338:38
 ❯ src/core/client.test.ts:947:35
            </failure>
        </testcase>
        <testcase classname="src/core/client.test.ts" name="Gemini Client (client.ts) &gt; sendMessageStream &gt; injects a plan mode reminder before user queries when approval mode is PLAN" time="0.017560728">
            <system-out>
[Agent] Starting new prompt: prompt-p...
[Agent] Turn 1 (model: test-model)

[Agent] Sending request to model...

            </system-out>
        </testcase>
        <testcase classname="src/core/client.test.ts" name="Gemini Client (client.ts) &gt; sendMessageStream &gt; emits a compression event when the context was automatically compressed" time="0.013093751">
            <system-out>
[Agent] Starting new prompt: prompt-i...
[Agent] Turn 1 (model: test-model)

[Agent] Sending request to model...

[Agent] Model started responding...

[Agent] Model finished responding (1 chunks)

            </system-out>
        </testcase>
        <testcase classname="src/core/client.test.ts" name="Gemini Client (client.ts) &gt; sendMessageStream &gt; does not emit a compression event when the status is 2" time="0.015336356">
            <system-out>
[Agent] Starting new prompt: prompt-i...
[Agent] Turn 1 (model: test-model)

[Agent] Sending request to model...

[Agent] Model started responding...

[Agent] Model finished responding (1 chunks)

            </system-out>
        </testcase>
        <testcase classname="src/core/client.test.ts" name="Gemini Client (client.ts) &gt; sendMessageStream &gt; does not emit a compression event when the status is 4" time="0.012883192">
            <system-out>
[Agent] Starting new prompt: prompt-i...
[Agent] Turn 1 (model: test-model)

[Agent] Sending request to model...

[Agent] Model started responding...

[Agent] Model finished responding (1 chunks)

            </system-out>
        </testcase>
        <testcase classname="src/core/client.test.ts" name="Gemini Client (client.ts) &gt; sendMessageStream &gt; does not emit a compression event when the status is 3" time="0.012724699">
            <system-out>
[Agent] Starting new prompt: prompt-i...
[Agent] Turn 1 (model: test-model)

[Agent] Sending request to model...

[Agent] Model started responding...

[Agent] Model finished responding (1 chunks)

            </system-out>
        </testcase>
        <testcase classname="src/core/client.test.ts" name="Gemini Client (client.ts) &gt; sendMessageStream &gt; should include editor context when ideMode is enabled" time="0.011920523">
            <system-out>
[Agent] Starting new prompt: prompt-i...
[Agent] Turn 1 (model: test-model)

[Agent] Sending request to model...

[Agent] Model started responding...

[Agent] Model finished responding (1 chunks)

            </system-out>
        </testcase>
        <testcase classname="src/core/client.test.ts" name="Gemini Client (client.ts) &gt; sendMessageStream &gt; should not add context if ideMode is enabled but no open files" time="0.020942979">
            <system-out>
[Agent] Starting new prompt: prompt-i...
[Agent] Turn 1 (model: test-model)

[Agent] Sending request to model...

[Agent] Model started responding...

[Agent] Model finished responding (1 chunks)

            </system-out>
        </testcase>
        <testcase classname="src/core/client.test.ts" name="Gemini Client (client.ts) &gt; sendMessageStream &gt; should add context if ideMode is enabled and there is one active file" time="0.009683649">
            <system-out>
[Agent] Starting new prompt: prompt-i...
[Agent] Turn 1 (model: test-model)

[Agent] Sending request to model...

[Agent] Model started responding...

[Agent] Model finished responding (1 chunks)

            </system-out>
        </testcase>
        <testcase classname="src/core/client.test.ts" name="Gemini Client (client.ts) &gt; sendMessageStream &gt; should add context if ideMode is enabled and there are open files but no active file" time="0.012939116">
            <system-out>
[Agent] Starting new prompt: prompt-i...
[Agent] Turn 1 (model: test-model)

[Agent] Sending request to model...

[Agent] Model started responding...

[Agent] Model finished responding (1 chunks)

            </system-out>
        </testcase>
        <testcase classname="src/core/client.test.ts" name="Gemini Client (client.ts) &gt; sendMessageStream &gt; should return the turn instance after the stream is complete" time="0.020898927">
            <system-out>
[Agent] Starting new prompt: prompt-i...
[Agent] Turn 1 (model: test-model)

[Agent] Sending request to model...

[Agent] Model started responding...

[Agent] Model finished responding (1 chunks)

            </system-out>
        </testcase>
        <testcase classname="src/core/client.test.ts" name="Gemini Client (client.ts) &gt; sendMessageStream &gt; should stop infinite loop after MAX_TURNS when nextSpeaker always returns model" time="0.032080183">
            <system-out>
[Agent] Starting new prompt: prompt-i...
[Agent] Turn 1 (model: test-model)

[Agent] Sending request to model...

[Agent] Model started responding...

[Agent] Model finished responding (1 chunks)

[Agent] Turn 2 (model: test-model)

[Agent] Sending request to model...

[Agent] Turn 3 (model: test-model)

[Agent] Sending request to model...

[Agent] Turn 4 (model: test-model)

[Agent] Sending request to model...

[Agent] Turn 5 (model: test-model)

[Agent] Sending request to model...

[Agent] Turn 6 (model: test-model)

[Agent] Sending request to model...

[Agent] Turn 7 (model: test-model)

[Agent] Sending request to model...

[Agent] Turn 8 (model: test-model)

[Agent] Sending request to model...

[Agent] Turn 9 (model: test-model)

[Agent] Sending request to model...

[Agent] Turn 10 (model: test-model)

[Agent] Sending request to model...

[Agent] Turn 11 (model: test-model)

[Agent] Sending request to model...

[Agent] Turn 12 (model: test-model)

[Agent] Sending request to model...

[Agent] Turn 13 (model: test-model)

[Agent] Sending request to model...

[Agent] Turn 14 (model: test-model)

[Agent] Sending request to model...

[Agent] Turn 15 (model: test-model)

[Agent] Sending request to model...

[Agent] Turn 16 (model: test-model)

[Agent] Sending request to model...

[Agent] Turn 17 (model: test-model)

[Agent] Sending request to model...

[Agent] Turn 18 (model: test-model)

[Agent] Sending request to model...

[Agent] Turn 19 (model: test-model)

[Agent] Sending request to model...

[Agent] Turn 20 (model: test-model)

[Agent] Sending request to model...

[Agent] Turn 21 (model: test-model)

[Agent] Sending request to model...

[Agent] Turn 22 (model: test-model)

[Agent] Sending request to model...

[Agent] Turn 23 (model: test-model)

[Agent] Sending request to model...

[Agent] Turn 24 (model: test-model)

[Agent] Sending request to model...

[Agent] Turn 25 (model: test-model)

[Agent] Sending request to model...

[Agent] Turn 26 (model: test-model)

[Agent] Sending request to model...

[Agent] Turn 27 (model: test-model)

[Agent] Sending request to model...

[Agent] Turn 28 (model: test-model)

[Agent] Sending request to model...

[Agent] Turn 29 (model: test-model)

[Agent] Sending request to model...

[Agent] Turn 30 (model: test-model)

[Agent] Sending request to model...

[Agent] Turn 31 (model: test-model)

[Agent] Sending request to model...

[Agent] Turn 32 (model: test-model)

[Agent] Sending request to model...

[Agent] Turn 33 (model: test-model)

[Agent] Sending request to model...

[Agent] Turn 34 (model: test-model)

[Agent] Sending request to model...

[Agent] Turn 35 (model: test-model)

[Agent] Sending request to model...

[Agent] Turn 36 (model: test-model)

[Agent] Sending request to model...

[Agent] Turn 37 (model: test-model)

[Agent] Sending request to model...

[Agent] Turn 38 (model: test-model)

[Agent] Sending request to model...

[Agent] Turn 39 (model: test-model)

[Agent] Sending request to model...

[Agent] Turn 40 (model: test-model)

[Agent] Sending request to model...

[Agent] Turn 41 (model: test-model)

[Agent] Sending request to model...

[Agent] Turn 42 (model: test-model)

[Agent] Sending request to model...

[Agent] Turn 43 (model: test-model)

[Agent] Sending request to model...

[Agent] Turn 44 (model: test-model)

[Agent] Sending request to model...

[Agent] Turn 45 (model: test-model)

[Agent] Sending request to model...

[Agent] Turn 46 (model: test-model)

[Agent] Sending request to model...

[Agent] Turn 47 (model: test-model)

[Agent] Sending request to model...

[Agent] Turn 48 (model: test-model)

[Agent] Sending request to model...

[Agent] Turn 49 (model: test-model)

[Agent] Sending request to model...

[Agent] Turn 50 (model: test-model)

[Agent] Sending request to model...

[Agent] Turn 51 (model: test-model)

[Agent] Sending request to model...

[Agent] Turn 52 (model: test-model)

[Agent] Sending request to model...

[Agent] Turn 53 (model: test-model)

[Agent] Sending request to model...

[Agent] Turn 54 (model: test-model)

[Agent] Sending request to model...

[Agent] Turn 55 (model: test-model)

[Agent] Sending request to model...

[Agent] Turn 56 (model: test-model)

[Agent] Sending request to model...

[Agent] Turn 57 (model: test-model)

[Agent] Sending request to model...

[Agent] Turn 58 (model: test-model)

[Agent] Sending request to model...

[Agent] Turn 59 (model: test-model)

[Agent] Sending request to model...

[Agent] Turn 60 (model: test-model)

[Agent] Sending request to model...

[Agent] Turn 61 (model: test-model)

[Agent] Sending request to model...

[Agent] Turn 62 (model: test-model)

[Agent] Sending request to model...

[Agent] Turn 63 (model: test-model)

[Agent] Sending request to model...

[Agent] Turn 64 (model: test-model)

[Agent] Sending request to model...

[Agent] Turn 65 (model: test-model)

[Agent] Sending request to model...

[Agent] Turn 66 (model: test-model)

[Agent] Sending request to model...

[Agent] Turn 67 (model: test-model)

[Agent] Sending request to model...

[Agent] Turn 68 (model: test-model)

[Agent] Sending request to model...

[Agent] Turn 69 (model: test-model)

[Agent] Sending request to model...

[Agent] Turn 70 (model: test-model)

[Agent] Sending request to model...

[Agent] Turn 71 (model: test-model)

[Agent] Sending request to model...

[Agent] Turn 72 (model: test-model)

[Agent] Sending request to model...

[Agent] Turn 73 (model: test-model)

[Agent] Sending request to model...

[Agent] Turn 74 (model: test-model)

[Agent] Sending request to model...

[Agent] Turn 75 (model: test-model)

[Agent] Sending request to model...

[Agent] Turn 76 (model: test-model)

[Agent] Sending request to model...

[Agent] Turn 77 (model: test-model)

[Agent] Sending request to model...

[Agent] Turn 78 (model: test-model)

[Agent] Sending request to model...

[Agent] Turn 79 (model: test-model)

[Agent] Sending request to model...

[Agent] Turn 80 (model: test-model)

[Agent] Sending request to model...

[Agent] Turn 81 (model: test-model)

[Agent] Sending request to model...

[Agent] Turn 82 (model: test-model)

[Agent] Sending request to model...

[Agent] Turn 83 (model: test-model)

[Agent] Sending request to model...

[Agent] Turn 84 (model: test-model)

[Agent] Sending request to model...

[Agent] Turn 85 (model: test-model)

[Agent] Sending request to model...

[Agent] Turn 86 (model: test-model)

[Agent] Sending request to model...

[Agent] Turn 87 (model: test-model)

[Agent] Sending request to model...

[Agent] Turn 88 (model: test-model)

[Agent] Sending request to model...

[Agent] Turn 89 (model: test-model)

[Agent] Sending request to model...

[Agent] Turn 90 (model: test-model)

[Agent] Sending request to model...

[Agent] Turn 91 (model: test-model)

[Agent] Sending request to model...

[Agent] Turn 92 (model: test-model)

[Agent] Sending request to model...

[Agent] Turn 93 (model: test-model)

[Agent] Sending request to model...

[Agent] Turn 94 (model: test-model)

[Agent] Sending request to model...

[Agent] Turn 95 (model: test-model)

[Agent] Sending request to model...

[Agent] Turn 96 (model: test-model)

[Agent] Sending request to model...

[Agent] Turn 97 (model: test-model)

[Agent] Sending request to model...

[Agent] Turn 98 (model: test-model)

[Agent] Sending request to model...

[Agent] Turn 99 (model: test-model)

[Agent] Sending request to model...

[Agent] Turn 100 (model: test-model)

[Agent] Sending request to model...

[Agent] Turn 101 (model: test-model)

checkNextSpeaker called 100 times - infinite loop protection worked

            </system-out>
        </testcase>
        <testcase classname="src/core/client.test.ts" name="Gemini Client (client.ts) &gt; sendMessageStream &gt; should yield MaxSessionTurns and stop when session turn limit is reached" time="0.014817257">
            <system-out>
[Agent] Starting new prompt: prompt-i...
[Agent] Turn 1 (model: test-model)

[Agent] Sending request to model...

[Agent] Model started responding...

[Agent] Model finished responding (1 chunks)

[Agent] Turn 2 (model: test-model)

[Agent] Sending request to model...

[Agent] Turn 3 (model: test-model)

[Agent] Sending request to model...

[Agent] Turn 4 (model: test-model)

[Agent] Sending request to model...

[Agent] Turn 5 (model: test-model)

[Agent] Sending request to model...

[Agent] Starting new prompt: prompt-i...
[Agent] Turn 6 (model: test-model)

            </system-out>
        </testcase>
        <testcase classname="src/core/client.test.ts" name="Gemini Client (client.ts) &gt; sendMessageStream &gt; should respect MAX_TURNS limit even when turns parameter is set to a large value" time="0.023776967">
            <system-out>
[Agent] Starting new prompt: prompt-i...
[Agent] Turn 1 (model: test-model)

[Agent] Sending request to model...

[Agent] Model started responding...

[Agent] Model finished responding (1 chunks)

[Agent] Turn 2 (model: test-model)

[Agent] Sending request to model...

[Agent] Turn 3 (model: test-model)

[Agent] Sending request to model...

[Agent] Turn 4 (model: test-model)

[Agent] Sending request to model...

[Agent] Turn 5 (model: test-model)

[Agent] Sending request to model...

[Agent] Turn 6 (model: test-model)

[Agent] Sending request to model...

[Agent] Turn 7 (model: test-model)

[Agent] Sending request to model...

[Agent] Turn 8 (model: test-model)

[Agent] Sending request to model...

[Agent] Turn 9 (model: test-model)

[Agent] Sending request to model...

[Agent] Turn 10 (model: test-model)

[Agent] Sending request to model...

[Agent] Turn 11 (model: test-model)

[Agent] Sending request to model...

[Agent] Turn 12 (model: test-model)

[Agent] Sending request to model...

[Agent] Turn 13 (model: test-model)

[Agent] Sending request to model...

[Agent] Turn 14 (model: test-model)

[Agent] Sending request to model...

[Agent] Turn 15 (model: test-model)

[Agent] Sending request to model...

[Agent] Turn 16 (model: test-model)

[Agent] Sending request to model...

[Agent] Turn 17 (model: test-model)

[Agent] Sending request to model...

[Agent] Turn 18 (model: test-model)

[Agent] Sending request to model...

[Agent] Turn 19 (model: test-model)

[Agent] Sending request to model...

[Agent] Turn 20 (model: test-model)

[Agent] Sending request to model...

[Agent] Turn 21 (model: test-model)

[Agent] Sending request to model...

[Agent] Turn 22 (model: test-model)

[Agent] Sending request to model...

[Agent] Turn 23 (model: test-model)

[Agent] Sending request to model...

[Agent] Turn 24 (model: test-model)

[Agent] Sending request to model...

[Agent] Turn 25 (model: test-model)

[Agent] Sending request to model...

[Agent] Turn 26 (model: test-model)

[Agent] Sending request to model...

[Agent] Turn 27 (model: test-model)

[Agent] Sending request to model...

[Agent] Turn 28 (model: test-model)

[Agent] Sending request to model...

[Agent] Turn 29 (model: test-model)

[Agent] Sending request to model...

[Agent] Turn 30 (model: test-model)

[Agent] Sending request to model...

[Agent] Turn 31 (model: test-model)

[Agent] Sending request to model...

[Agent] Turn 32 (model: test-model)

[Agent] Sending request to model...

[Agent] Turn 33 (model: test-model)

[Agent] Sending request to model...

[Agent] Turn 34 (model: test-model)

[Agent] Sending request to model...

[Agent] Turn 35 (model: test-model)

[Agent] Sending request to model...

[Agent] Turn 36 (model: test-model)

[Agent] Sending request to model...

[Agent] Turn 37 (model: test-model)

[Agent] Sending request to model...

[Agent] Turn 38 (model: test-model)

[Agent] Sending request to model...

[Agent] Turn 39 (model: test-model)

[Agent] Sending request to model...

[Agent] Turn 40 (model: test-model)

[Agent] Sending request to model...

[Agent] Turn 41 (model: test-model)

[Agent] Sending request to model...

[Agent] Turn 42 (model: test-model)

[Agent] Sending request to model...

[Agent] Turn 43 (model: test-model)

[Agent] Sending request to model...

[Agent] Turn 44 (model: test-model)

[Agent] Sending request to model...

[Agent] Turn 45 (model: test-model)

[Agent] Sending request to model...

[Agent] Turn 46 (model: test-model)

[Agent] Sending request to model...

[Agent] Turn 47 (model: test-model)

[Agent] Sending request to model...

[Agent] Turn 48 (model: test-model)

[Agent] Sending request to model...

[Agent] Turn 49 (model: test-model)

[Agent] Sending request to model...

[Agent] Turn 50 (model: test-model)

[Agent] Sending request to model...

[Agent] Turn 51 (model: test-model)

[Agent] Sending request to model...

[Agent] Turn 52 (model: test-model)

[Agent] Sending request to model...

[Agent] Turn 53 (model: test-model)

[Agent] Sending request to model...

[Agent] Turn 54 (model: test-model)

[Agent] Sending request to model...

[Agent] Turn 55 (model: test-model)

[Agent] Sending request to model...

[Agent] Turn 56 (model: test-model)

[Agent] Sending request to model...

[Agent] Turn 57 (model: test-model)

[Agent] Sending request to model...

[Agent] Turn 58 (model: test-model)

[Agent] Sending request to model...

[Agent] Turn 59 (model: test-model)

[Agent] Sending request to model...

[Agent] Turn 60 (model: test-model)

[Agent] Sending request to model...

[Agent] Turn 61 (model: test-model)

[Agent] Sending request to model...

[Agent] Turn 62 (model: test-model)

[Agent] Sending request to model...

[Agent] Turn 63 (model: test-model)

[Agent] Sending request to model...

[Agent] Turn 64 (model: test-model)

[Agent] Sending request to model...

[Agent] Turn 65 (model: test-model)

[Agent] Sending request to model...

[Agent] Turn 66 (model: test-model)

[Agent] Sending request to model...

[Agent] Turn 67 (model: test-model)

[Agent] Sending request to model...

[Agent] Turn 68 (model: test-model)

[Agent] Sending request to model...

[Agent] Turn 69 (model: test-model)

[Agent] Sending request to model...

[Agent] Turn 70 (model: test-model)

[Agent] Sending request to model...

[Agent] Turn 71 (model: test-model)

[Agent] Sending request to model...

[Agent] Turn 72 (model: test-model)

[Agent] Sending request to model...

[Agent] Turn 73 (model: test-model)

[Agent] Sending request to model...

[Agent] Turn 74 (model: test-model)

[Agent] Sending request to model...

[Agent] Turn 75 (model: test-model)

[Agent] Sending request to model...

[Agent] Turn 76 (model: test-model)

[Agent] Sending request to model...

[Agent] Turn 77 (model: test-model)

[Agent] Sending request to model...

[Agent] Turn 78 (model: test-model)

[Agent] Sending request to model...

[Agent] Turn 79 (model: test-model)

[Agent] Sending request to model...

[Agent] Turn 80 (model: test-model)

[Agent] Sending request to model...

[Agent] Turn 81 (model: test-model)

[Agent] Sending request to model...

[Agent] Turn 82 (model: test-model)

[Agent] Sending request to model...

[Agent] Turn 83 (model: test-model)

[Agent] Sending request to model...

[Agent] Turn 84 (model: test-model)

[Agent] Sending request to model...

[Agent] Turn 85 (model: test-model)

[Agent] Sending request to model...

[Agent] Turn 86 (model: test-model)

[Agent] Sending request to model...

[Agent] Turn 87 (model: test-model)

[Agent] Sending request to model...

[Agent] Turn 88 (model: test-model)

[Agent] Sending request to model...

[Agent] Turn 89 (model: test-model)

[Agent] Sending request to model...

[Agent] Turn 90 (model: test-model)

[Agent] Sending request to model...
[...]
        </testcase>
        <testcase classname="src/utils/request-tokenizer/textTokenizer.test.ts" name="TextTokenizer &gt; calculateTokensBatch &gt; should process multiple texts and return token counts" time="0.000700505">
        </testcase>
        <testcase classname="src/utils/request-tokenizer/textTokenizer.test.ts" name="TextTokenizer &gt; calculateTokensBatch &gt; should handle empty array" time="0.000222472">
        </testcase>
        <testcase classname="src/utils/request-tokenizer/textTokenizer.test.ts" name="TextTokenizer &gt; calculateTokensBatch &gt; should handle array with empty strings" time="0.002631454">
        </testcase>
        <testcase classname="src/utils/request-tokenizer/textTokenizer.test.ts" name="TextTokenizer &gt; calculateTokensBatch &gt; should use fallback calculation when tiktoken fails to load" time="0.000506345">
        </testcase>
        <testcase classname="src/utils/request-tokenizer/textTokenizer.test.ts" name="TextTokenizer &gt; calculateTokensBatch &gt; should use fallback calculation when encoding fails during batch processing" time="0.000739717">
        </testcase>
        <testcase classname="src/utils/request-tokenizer/textTokenizer.test.ts" name="TextTokenizer &gt; calculateTokensBatch &gt; should handle null and undefined values in batch" time="0.00028167">
        </testcase>
        <testcase classname="src/utils/request-tokenizer/textTokenizer.test.ts" name="TextTokenizer &gt; dispose &gt; should free tiktoken encoding when disposing" time="0.001532623">
        </testcase>
        <testcase classname="src/utils/request-tokenizer/textTokenizer.test.ts" name="TextTokenizer &gt; dispose &gt; should handle disposal when encoding is not initialized" time="0.001382546">
        </testcase>
        <testcase classname="src/utils/request-tokenizer/textTokenizer.test.ts" name="TextTokenizer &gt; dispose &gt; should handle disposal when encoding is null" time="0.000562951">
        </testcase>
        <testcase classname="src/utils/request-tokenizer/textTokenizer.test.ts" name="TextTokenizer &gt; dispose &gt; should handle errors during disposal gracefully" time="0.000553564">
        </testcase>
        <testcase classname="src/utils/request-tokenizer/textTokenizer.test.ts" name="TextTokenizer &gt; dispose &gt; should allow multiple calls to dispose" time="0.000338485">
        </testcase>
        <testcase classname="src/utils/request-tokenizer/textTokenizer.test.ts" name="TextTokenizer &gt; lazy initialization &gt; should not initialize tiktoken until first use" time="0.000192135">
        </testcase>
        <testcase classname="src/utils/request-tokenizer/textTokenizer.test.ts" name="TextTokenizer &gt; lazy initialization &gt; should initialize tiktoken on first calculateTokens call" time="0.000204929">
        </testcase>
        <testcase classname="src/utils/request-tokenizer/textTokenizer.test.ts" name="TextTokenizer &gt; lazy initialization &gt; should not reinitialize tiktoken on subsequent calls" time="0.000215979">
        </testcase>
        <testcase classname="src/utils/request-tokenizer/textTokenizer.test.ts" name="TextTokenizer &gt; lazy initialization &gt; should initialize tiktoken on first calculateTokensBatch call" time="0.000424845">
        </testcase>
        <testcase classname="src/utils/request-tokenizer/textTokenizer.test.ts" name="TextTokenizer &gt; edge cases &gt; should handle very short text" time="0.000689805">
        </testcase>
        <testcase classname="src/utils/request-tokenizer/textTokenizer.test.ts" name="TextTokenizer &gt; edge cases &gt; should handle text with only whitespace" time="0.000255382">
        </testcase>
        <testcase classname="src/utils/request-tokenizer/textTokenizer.test.ts" name="TextTokenizer &gt; edge cases &gt; should handle special characters and symbols" time="0.000146752">
        </testcase>
    </testsuite>
    <testsuite name="src/core/openaiContentGenerator/provider/dashscope.test.ts" timestamp="2025-10-08T23:26:53.929Z" hostname="uby" tests="33" failures="0" errors="0" skipped="0" time="0.013318657">
        <testcase classname="src/core/openaiContentGenerator/provider/dashscope.test.ts" name="DashScopeOpenAICompatibleProvider &gt; constructor &gt; should initialize with provided configs" time="0.001735648">
        </testcase>
        <testcase classname="src/core/openaiContentGenerator/provider/dashscope.test.ts" name="DashScopeOpenAICompatibleProvider &gt; isDashScopeProvider &gt; should return true for QWEN_OAUTH auth type" time="0.000441967">
        </testcase>
        <testcase classname="src/core/openaiContentGenerator/provider/dashscope.test.ts" name="DashScopeOpenAICompatibleProvider &gt; isDashScopeProvider &gt; should return true for DashScope domestic URL" time="0.000260021">
        </testcase>
        <testcase classname="src/core/openaiContentGenerator/provider/dashscope.test.ts" name="DashScopeOpenAICompatibleProvider &gt; isDashScopeProvider &gt; should return true for DashScope international URL" time="0.00017883">
        </testcase>
        <testcase classname="src/core/openaiContentGenerator/provider/dashscope.test.ts" name="DashScopeOpenAICompatibleProvider &gt; isDashScopeProvider &gt; should return false for non-DashScope configurations" time="0.000201002">
        </testcase>
        <testcase classname="src/core/openaiContentGenerator/provider/dashscope.test.ts" name="DashScopeOpenAICompatibleProvider &gt; buildHeaders &gt; should build DashScope-specific headers" time="0.00091944">
        </testcase>
        <testcase classname="src/core/openaiContentGenerator/provider/dashscope.test.ts" name="DashScopeOpenAICompatibleProvider &gt; buildHeaders &gt; should handle unknown CLI version" time="0.000270731">
        </testcase>
        <testcase classname="src/core/openaiContentGenerator/provider/dashscope.test.ts" name="DashScopeOpenAICompatibleProvider &gt; buildClient &gt; should create OpenAI client with DashScope configuration" time="0.001337552">
        </testcase>
        <testcase classname="src/core/openaiContentGenerator/provider/dashscope.test.ts" name="DashScopeOpenAICompatibleProvider &gt; buildClient &gt; should use default timeout and maxRetries when not provided" time="0.000582036">
        </testcase>
        <testcase classname="src/core/openaiContentGenerator/provider/dashscope.test.ts" name="DashScopeOpenAICompatibleProvider &gt; buildMetadata &gt; should build metadata with session and prompt IDs" time="0.000270741">
        </testcase>
        <testcase classname="src/core/openaiContentGenerator/provider/dashscope.test.ts" name="DashScopeOpenAICompatibleProvider &gt; buildMetadata &gt; should handle missing session ID" time="0.000184341">
        </testcase>
        <testcase classname="src/core/openaiContentGenerator/provider/dashscope.test.ts" name="DashScopeOpenAICompatibleProvider &gt; buildRequest &gt; should add cache control to system message only for non-streaming requests" time="0.000883403">
        </testcase>
        <testcase classname="src/core/openaiContentGenerator/provider/dashscope.test.ts" name="DashScopeOpenAICompatibleProvider &gt; buildRequest &gt; should add cache control to both system and last messages for streaming requests" time="0.000321133">
        </testcase>
        <testcase classname="src/core/openaiContentGenerator/provider/dashscope.test.ts" name="DashScopeOpenAICompatibleProvider &gt; buildRequest &gt; should include metadata in the request" time="0.000205019">
        </testcase>
        <testcase classname="src/core/openaiContentGenerator/provider/dashscope.test.ts" name="DashScopeOpenAICompatibleProvider &gt; buildRequest &gt; should preserve all original request parameters" time="0.000590251">
        </testcase>
        <testcase classname="src/core/openaiContentGenerator/provider/dashscope.test.ts" name="DashScopeOpenAICompatibleProvider &gt; buildRequest &gt; should skip cache control when disabled" time="0.000209187">
        </testcase>
        <testcase classname="src/core/openaiContentGenerator/provider/dashscope.test.ts" name="DashScopeOpenAICompatibleProvider &gt; buildRequest &gt; should handle messages with array content for streaming requests" time="0.000254651">
        </testcase>
        <testcase classname="src/core/openaiContentGenerator/provider/dashscope.test.ts" name="DashScopeOpenAICompatibleProvider &gt; buildRequest &gt; should handle empty messages array" time="0.00021095">
        </testcase>
        <testcase classname="src/core/openaiContentGenerator/provider/dashscope.test.ts" name="DashScopeOpenAICompatibleProvider &gt; buildRequest &gt; should handle messages without content for streaming requests" time="0.000256814">
        </testcase>
        <testcase classname="src/core/openaiContentGenerator/provider/dashscope.test.ts" name="DashScopeOpenAICompatibleProvider &gt; buildRequest &gt; should add cache control to last text item in mixed content for streaming requests" time="0.000215027">
        </testcase>
        <testcase classname="src/core/openaiContentGenerator/provider/dashscope.test.ts" name="DashScopeOpenAICompatibleProvider &gt; buildRequest &gt; should add empty text item with cache control if last item is not text for streaming requests" time="0.000201332">
        </testcase>
        <testcase classname="src/core/openaiContentGenerator/provider/dashscope.test.ts" name="DashScopeOpenAICompatibleProvider &gt; cache control edge cases &gt; should handle request with only system message" time="0.000271823">
        </testcase>
        <testcase classname="src/core/openaiContentGenerator/provider/dashscope.test.ts" name="DashScopeOpenAICompatibleProvider &gt; cache control edge cases &gt; should handle request without system message for streaming requests" time="0.000200751">
        </testcase>
        <testcase classname="src/core/openaiContentGenerator/provider/dashscope.test.ts" name="DashScopeOpenAICompatibleProvider &gt; cache control edge cases &gt; should handle empty content array for streaming requests" time="0.000112899">
        </testcase>
        <testcase classname="src/core/openaiContentGenerator/provider/dashscope.test.ts" name="DashScopeOpenAICompatibleProvider &gt; output token limits &gt; should limit max_tokens when it exceeds model limit for qwen3-coder-plus" time="0.000161599">
        </testcase>
        <testcase classname="src/core/openaiContentGenerator/provider/dashscope.test.ts" name="DashScopeOpenAICompatibleProvider &gt; output token limits &gt; should limit max_tokens when it exceeds model limit for qwen-vl-max-latest" time="0.000127545">
        </testcase>
        <testcase classname="src/core/openaiContentGenerator/provider/dashscope.test.ts" name="DashScopeOpenAICompatibleProvider &gt; output token limits &gt; should not modify max_tokens when it is within model limit" time="0.000145469">
        </testcase>
        <testcase classname="src/core/openaiContentGenerator/provider/dashscope.test.ts" name="DashScopeOpenAICompatibleProvider &gt; output token limits &gt; should not add max_tokens when not present in request" time="0.000113329">
        </testcase>
        <testcase classname="src/core/openaiContentGenerator/provider/dashscope.test.ts" name="DashScopeOpenAICompatibleProvider &gt; output token limits &gt; should handle null max_tokens parameter" time="0.000081742">
        </testcase>
        <testcase classname="src/core/openaiContentGenerator/provider/dashscope.test.ts" name="DashScopeOpenAICompatibleProvider &gt; output token limits &gt; should use default output limit for unknown models" time="0.000106066">
        </testcase>
        <testcase classname="src/core/openaiContentGenerator/provider/dashscope.test.ts" name="DashScopeOpenAICompatibleProvider &gt; output token limits &gt; should preserve other request parameters when limiting max_tokens" time="0.000169363">
        </testcase>
        <testcase classname="src/core/openaiContentGenerator/provider/dashscope.test.ts" name="DashScopeOpenAICompatibleProvider &gt; output token limits &gt; should work with vision models and output token limits" time="0.000105154">
        </testcase>
        <testcase classname="src/core/openaiContentGenerator/provider/dashscope.test.ts" name="DashScopeOpenAICompatibleProvider &gt; output token limits &gt; should handle streaming requests with output token limits" time="0.00023271">
        </testcase>
    </testsuite>
    <testsuite name="src/core/openaiContentGenerator/provider/default.test.ts" timestamp="2025-10-08T23:26:53.930Z" hostname="uby" tests="11" failures="0" errors="0" skipped="0" time="0.012101197">
        <testcase classname="src/core/openaiContentGenerator/provider/default.test.ts" name="DefaultOpenAICompatibleProvider &gt; constructor &gt; should initialize with provided configs" time="0.002148321">
        </testcase>
        <testcase classname="src/core/openaiContentGenerator/provider/default.test.ts" name="DefaultOpenAICompatibleProvider &gt; buildHeaders &gt; should build headers with User-Agent" time="0.001154183">
        </testcase>
        <testcase classname="src/core/openaiContentGenerator/provider/default.test.ts" name="DefaultOpenAICompatibleProvider &gt; buildHeaders &gt; should handle unknown CLI version" time="0.000309182">
        </testcase>
        <testcase classname="src/core/openaiContentGenerator/provider/default.test.ts" name="DefaultOpenAICompatibleProvider &gt; buildClient &gt; should create OpenAI client with correct configuration" time="0.001537432">
        </testcase>
        <testcase classname="src/core/openaiContentGenerator/provider/default.test.ts" name="DefaultOpenAICompatibleProvider &gt; buildClient &gt; should use default timeout and maxRetries when not provided" time="0.000556409">
        </testcase>
        <testcase classname="src/core/openaiContentGenerator/provider/default.test.ts" name="DefaultOpenAICompatibleProvider &gt; buildClient &gt; should include custom headers from buildHeaders" time="0.001722573">
        </testcase>
        <testcase classname="src/core/openaiContentGenerator/provider/default.test.ts" name="DefaultOpenAICompatibleProvider &gt; buildRequest &gt; should pass through all request parameters unchanged" time="0.00063828">
        </testcase>
        <testcase classname="src/core/openaiContentGenerator/provider/default.test.ts" name="DefaultOpenAICompatibleProvider &gt; buildRequest &gt; should preserve all sampling parameters" time="0.000553583">
        </testcase>
        <testcase classname="src/core/openaiContentGenerator/provider/default.test.ts" name="DefaultOpenAICompatibleProvider &gt; buildRequest &gt; should handle minimal request parameters" time="0.000348845">
        </testcase>
        <testcase classname="src/core/openaiContentGenerator/provider/default.test.ts" name="DefaultOpenAICompatibleProvider &gt; buildRequest &gt; should handle streaming requests" time="0.00106585">
        </testcase>
        <testcase classname="src/core/openaiContentGenerator/provider/default.test.ts" name="DefaultOpenAICompatibleProvider &gt; buildRequest &gt; should not modify the original request object" time="0.000264098">
        </testcase>
    </testsuite>
    <testsuite name="src/core/openaiContentGenerator/provider/lmstudio.test.ts" timestamp="2025-10-08T23:26:53.931Z" hostname="uby" tests="4" failures="0" errors="0" skipped="0" time="0.524826593">
        <testcase classname="src/core/openaiContentGenerator/provider/lmstudio.test.ts" name="LMStudioOpenAICompatibleProvider &gt; isLMStudioProvider &gt; should return true for LM Studio base URLs" time="0.002068413">
        </testcase>
        <testcase classname="src/core/openaiContentGenerator/provider/lmstudio.test.ts" name="LMStudioOpenAICompatibleProvider &gt; isLMStudioProvider &gt; should return false for non-LM Studio base URLs" time="0.000284356">
        </testcase>
        <testcase classname="src/core/openaiContentGenerator/provider/lmstudio.test.ts" name="LMStudioOpenAICompatibleProvider &gt; buildHeaders &gt; should remove User-Agent header for LM Studio compatibility" time="0.000421329">
        </testcase>
        <testcase classname="src/core/openaiContentGenerator/provider/lmstudio.test.ts" name="LMStudioOpenAICompatibleProvider &gt; unloadModel &gt; should attempt to unload the model without throwing an error" time="0.520479037">
        </testcase>
    </testsuite>
    <testsuite name="src/core/openaiContentGenerator/provider/openrouter.test.ts" timestamp="2025-10-08T23:26:53.931Z" hostname="uby" tests="13" failures="0" errors="0" skipped="0" time="0.007623551">
        <testcase classname="src/core/openaiContentGenerator/provider/openrouter.test.ts" name="OpenRouterOpenAICompatibleProvider &gt; constructor &gt; should extend DefaultOpenAICompatibleProvider" time="0.001588206">
        </testcase>
        <testcase classname="src/core/openaiContentGenerator/provider/openrouter.test.ts" name="OpenRouterOpenAICompatibleProvider &gt; isOpenRouterProvider &gt; should return true for openrouter.ai URLs" time="0.000294123">
        </testcase>
        <testcase classname="src/core/openaiContentGenerator/provider/openrouter.test.ts" name="OpenRouterOpenAICompatibleProvider &gt; isOpenRouterProvider &gt; should return false for non-openrouter URLs" time="0.00023821">
        </testcase>
        <testcase classname="src/core/openaiContentGenerator/provider/openrouter.test.ts" name="OpenRouterOpenAICompatibleProvider &gt; isOpenRouterProvider &gt; should handle missing baseUrl gracefully" time="0.000129409">
        </testcase>
        <testcase classname="src/core/openaiContentGenerator/provider/openrouter.test.ts" name="OpenRouterOpenAICompatibleProvider &gt; buildHeaders &gt; should include base headers from parent class" time="0.000377608">
        </testcase>
        <testcase classname="src/core/openaiContentGenerator/provider/openrouter.test.ts" name="OpenRouterOpenAICompatibleProvider &gt; buildHeaders &gt; should add OpenRouter-specific headers without referer by default" time="0.000712036">
        </testcase>
        <testcase classname="src/core/openaiContentGenerator/provider/openrouter.test.ts" name="OpenRouterOpenAICompatibleProvider &gt; buildHeaders &gt; should add HTTP-Referer when environment variable is provided" time="0.00017817">
        </testcase>
        <testcase classname="src/core/openaiContentGenerator/provider/openrouter.test.ts" name="OpenRouterOpenAICompatibleProvider &gt; buildHeaders &gt; should override parent headers if there are conflicts" time="0.000398917">
        </testcase>
        <testcase classname="src/core/openaiContentGenerator/provider/openrouter.test.ts" name="OpenRouterOpenAICompatibleProvider &gt; buildHeaders &gt; should handle unknown CLI version from parent" time="0.000207063">
        </testcase>
        <testcase classname="src/core/openaiContentGenerator/provider/openrouter.test.ts" name="OpenRouterOpenAICompatibleProvider &gt; buildClient &gt; should inherit buildClient behavior from parent" time="0.00045472">
        </testcase>
        <testcase classname="src/core/openaiContentGenerator/provider/openrouter.test.ts" name="OpenRouterOpenAICompatibleProvider &gt; buildRequest &gt; should inherit buildRequest behavior from parent" time="0.001103019">
        </testcase>
        <testcase classname="src/core/openaiContentGenerator/provider/openrouter.test.ts" name="OpenRouterOpenAICompatibleProvider &gt; integration with parent class &gt; should properly call parent constructor" time="0.000569703">
        </testcase>
        <testcase classname="src/core/openaiContentGenerator/provider/openrouter.test.ts" name="OpenRouterOpenAICompatibleProvider &gt; integration with parent class &gt; should maintain parent functionality while adding OpenRouter specifics" time="0.000163883">
        </testcase>
    </testsuite>
</testsuites>
