<?xml version="1.0" encoding="UTF-8" ?>
<testsuites name="vitest tests" tests="2624" failures="43" errors="0" time="17.139473631">
    <testsuite name="src/index.test.ts" timestamp="2025-10-08T15:43:49.864Z" hostname="uby" tests="1" failures="0" errors="0" skipped="0" time="0.00232819">
        <testcase classname="src/index.test.ts" name="placeholder tests &gt; should pass" time="0.001238002">
        </testcase>
    </testsuite>
    <testsuite name="src/config/config.test.ts" timestamp="2025-10-08T15:43:49.865Z" hostname="uby" tests="48" failures="0" errors="0" skipped="0" time="0.097969231">
        <testcase classname="src/config/config.test.ts" name="Server Config (config.ts) &gt; initialize &gt; should throw an error if checkpointing is enabled and GitService fails" time="0.005717666">
        </testcase>
        <testcase classname="src/config/config.test.ts" name="Server Config (config.ts) &gt; initialize &gt; should not throw an error if checkpointing is disabled and GitService fails" time="0.004521341">
        </testcase>
        <testcase classname="src/config/config.test.ts" name="Server Config (config.ts) &gt; initialize &gt; should throw an error if initialized more than once" time="0.003431794">
        </testcase>
        <testcase classname="src/config/config.test.ts" name="Server Config (config.ts) &gt; refreshAuth &gt; should refresh auth and update config" time="0.002745002">
        </testcase>
        <testcase classname="src/config/config.test.ts" name="Server Config (config.ts) &gt; refreshAuth &gt; should preserve conversation history when refreshing auth" time="0.001776269">
        </testcase>
        <testcase classname="src/config/config.test.ts" name="Server Config (config.ts) &gt; refreshAuth &gt; should handle case when no existing client is initialized" time="0.002763487">
        </testcase>
        <testcase classname="src/config/config.test.ts" name="Server Config (config.ts) &gt; refreshAuth &gt; should strip thoughts when switching from GenAI to Vertex" time="0.003488539">
        </testcase>
        <testcase classname="src/config/config.test.ts" name="Server Config (config.ts) &gt; refreshAuth &gt; should not strip thoughts when switching from Vertex to GenAI" time="0.00138267">
        </testcase>
        <testcase classname="src/config/config.test.ts" name="Server Config (config.ts) &gt; setModel &gt; updates fallback model when content generator config is unavailable" time="0.00217669">
            <system-out>
Logger not initialized or session ID missing. Cannot log message.

            </system-out>
        </testcase>
        <testcase classname="src/config/config.test.ts" name="Server Config (config.ts) &gt; Config constructor should store userMemory correctly" time="0.000887513">
        </testcase>
        <testcase classname="src/config/config.test.ts" name="Server Config (config.ts) &gt; Config constructor should default userMemory to empty string if not provided" time="0.00083668">
        </testcase>
        <testcase classname="src/config/config.test.ts" name="Server Config (config.ts) &gt; Config constructor should call setGeminiMdFilename with contextFileName if provided" time="0.000848741">
        </testcase>
        <testcase classname="src/config/config.test.ts" name="Server Config (config.ts) &gt; Config constructor should not call setGeminiMdFilename if contextFileName is not provided" time="0.000652428">
        </testcase>
        <testcase classname="src/config/config.test.ts" name="Server Config (config.ts) &gt; should set default file filtering settings when not provided" time="0.000557903">
        </testcase>
        <testcase classname="src/config/config.test.ts" name="Server Config (config.ts) &gt; should set custom file filtering settings when provided" time="0.000803057">
        </testcase>
        <testcase classname="src/config/config.test.ts" name="Server Config (config.ts) &gt; should initialize WorkspaceContext with includeDirectories" time="0.00171741">
        </testcase>
        <testcase classname="src/config/config.test.ts" name="Server Config (config.ts) &gt; Config constructor should set telemetry to true when provided as true" time="0.000580164">
        </testcase>
        <testcase classname="src/config/config.test.ts" name="Server Config (config.ts) &gt; Config constructor should set telemetry to false when provided as false" time="0.000479628">
        </testcase>
        <testcase classname="src/config/config.test.ts" name="Server Config (config.ts) &gt; Config constructor should default telemetry to default value if not provided" time="0.000535792">
        </testcase>
        <testcase classname="src/config/config.test.ts" name="Server Config (config.ts) &gt; should have a getFileService method that returns FileDiscoveryService" time="0.000521305">
        </testcase>
        <testcase classname="src/config/config.test.ts" name="Server Config (config.ts) &gt; Usage Statistics &gt; defaults usage statistics to enabled if not specified" time="0.016065344">
        </testcase>
        <testcase classname="src/config/config.test.ts" name="Server Config (config.ts) &gt; Usage Statistics &gt; sets usage statistics based on the provided value (enabled: true)" time="0.012075407">
        </testcase>
        <testcase classname="src/config/config.test.ts" name="Server Config (config.ts) &gt; Usage Statistics &gt; sets usage statistics based on the provided value (enabled: false)" time="0.000663798">
        </testcase>
        <testcase classname="src/config/config.test.ts" name="Server Config (config.ts) &gt; Telemetry Settings &gt; should return default telemetry target if not provided" time="0.000574915">
        </testcase>
        <testcase classname="src/config/config.test.ts" name="Server Config (config.ts) &gt; Telemetry Settings &gt; should return provided OTLP endpoint" time="0.000478586">
        </testcase>
        <testcase classname="src/config/config.test.ts" name="Server Config (config.ts) &gt; Telemetry Settings &gt; should return default OTLP endpoint if not provided" time="0.000288584">
        </testcase>
        <testcase classname="src/config/config.test.ts" name="Server Config (config.ts) &gt; Telemetry Settings &gt; should return provided logPrompts setting" time="0.000217012">
        </testcase>
        <testcase classname="src/config/config.test.ts" name="Server Config (config.ts) &gt; Telemetry Settings &gt; should return default logPrompts setting (true) if not provided" time="0.000186605">
        </testcase>
        <testcase classname="src/config/config.test.ts" name="Server Config (config.ts) &gt; Telemetry Settings &gt; should return default logPrompts setting (true) if telemetry object is not provided" time="0.000213475">
        </testcase>
        <testcase classname="src/config/config.test.ts" name="Server Config (config.ts) &gt; Telemetry Settings &gt; should return default telemetry target if telemetry object is not provided" time="0.000188609">
        </testcase>
        <testcase classname="src/config/config.test.ts" name="Server Config (config.ts) &gt; Telemetry Settings &gt; should return default OTLP endpoint if telemetry object is not provided" time="0.000178109">
        </testcase>
        <testcase classname="src/config/config.test.ts" name="Server Config (config.ts) &gt; Telemetry Settings &gt; should return provided OTLP protocol" time="0.000164194">
        </testcase>
        <testcase classname="src/config/config.test.ts" name="Server Config (config.ts) &gt; Telemetry Settings &gt; should return default OTLP protocol if not provided" time="0.000131493">
        </testcase>
        <testcase classname="src/config/config.test.ts" name="Server Config (config.ts) &gt; Telemetry Settings &gt; should return default OTLP protocol if telemetry object is not provided" time="0.000150529">
        </testcase>
        <testcase classname="src/config/config.test.ts" name="Server Config (config.ts) &gt; UseRipgrep Configuration &gt; should default useRipgrep to false when not provided" time="0.000200371">
        </testcase>
        <testcase classname="src/config/config.test.ts" name="Server Config (config.ts) &gt; UseRipgrep Configuration &gt; should set useRipgrep to true when provided as true" time="0.000236869">
        </testcase>
        <testcase classname="src/config/config.test.ts" name="Server Config (config.ts) &gt; UseRipgrep Configuration &gt; should set useRipgrep to false when explicitly provided as false" time="0.000225338">
        </testcase>
        <testcase classname="src/config/config.test.ts" name="Server Config (config.ts) &gt; UseRipgrep Configuration &gt; should default useRipgrep to false when undefined" time="0.000196734">
        </testcase>
        <testcase classname="src/config/config.test.ts" name="Server Config (config.ts) &gt; createToolRegistry &gt; should register a tool if coreTools contains an argument-specific pattern" time="0.016687135">
        </testcase>
        <testcase classname="src/config/config.test.ts" name="setApprovalMode with folder trust &gt; should throw an error when setting YOLO mode in an untrusted folder" time="0.000825459">
        </testcase>
        <testcase classname="src/config/config.test.ts" name="setApprovalMode with folder trust &gt; should throw an error when setting AUTO_EDIT mode in an untrusted folder" time="0.00050781">
        </testcase>
        <testcase classname="src/config/config.test.ts" name="setApprovalMode with folder trust &gt; should NOT throw an error when setting DEFAULT mode in an untrusted folder" time="0.000402605">
        </testcase>
        <testcase classname="src/config/config.test.ts" name="setApprovalMode with folder trust &gt; should NOT throw an error when setting PLAN mode in an untrusted folder" time="0.000368963">
        </testcase>
        <testcase classname="src/config/config.test.ts" name="setApprovalMode with folder trust &gt; should NOT throw an error when setting any mode in a trusted folder" time="0.000479378">
        </testcase>
        <testcase classname="src/config/config.test.ts" name="setApprovalMode with folder trust &gt; should NOT throw an error when setting any mode if trustedFolder is undefined" time="0.000393379">
        </testcase>
        <testcase classname="src/config/config.test.ts" name="setApprovalMode with folder trust &gt; Model Switch Logging &gt; should log model switch when setModel is called with different model" time="0.002483277">
            <system-out>
Logger not initialized or session ID missing. Cannot log message.

            </system-out>
        </testcase>
        <testcase classname="src/config/config.test.ts" name="setApprovalMode with folder trust &gt; Model Switch Logging &gt; should not log when setModel is called with same model" time="0.001898144">
        </testcase>
        <testcase classname="src/config/config.test.ts" name="setApprovalMode with folder trust &gt; Model Switch Logging &gt; should use default reason when no options provided" time="0.002335604">
            <system-out>
Logger not initialized or session ID missing. Cannot log message.

            </system-out>
        </testcase>
    </testsuite>
    <testsuite name="src/config/flashFallback.test.ts" timestamp="2025-10-08T15:43:49.868Z" hostname="uby" tests="6" failures="0" errors="0" skipped="0" time="0.029589001">
        <testcase classname="src/config/flashFallback.test.ts" name="Flash Model Fallback Configuration &gt; setModel &gt; should only mark as switched if contentGeneratorConfig exists" time="0.025791972">
            <system-out>
Invalid JSON in log file /home/atmandk/.qwen/tmp/b306d9ff847c120dd7eb00fcebe5f118b9875b09db67ad8f0834aea7a0d8cb8c/logs.json. Backing up and starting fresh. SyntaxError: &quot;undefined&quot; is not valid JSON
    at JSON.parse (&lt;anonymous&gt;)
    at Logger._readLogFile [90m(/home/atmandk/LowCal-dev/packages/core/[39msrc/core/logger.ts:91:31[90m)[39m
[90m    at processTicksAndRejections (node:internal/process/task_queues:105:5)[39m
    at Logger.initialize [90m(/home/atmandk/LowCal-dev/packages/core/[39msrc/core/logger.ts:155:19[90m)[39m

Backed up corrupted log file to /home/atmandk/.qwen/tmp/b306d9ff847c120dd7eb00fcebe5f118b9875b09db67ad8f0834aea7a0d8cb8c/logs.json.invalid_json.1759938226288.bak
Logger not initialized or session ID missing. Cannot log message.

Invalid JSON in log file /home/atmandk/.qwen/tmp/b306d9ff847c120dd7eb00fcebe5f118b9875b09db67ad8f0834aea7a0d8cb8c/logs.json. Backing up and starting fresh. SyntaxError: &quot;undefined&quot; is not valid JSON
    at JSON.parse (&lt;anonymous&gt;)
    at Logger._readLogFile [90m(/home/atmandk/LowCal-dev/packages/core/[39msrc/core/logger.ts:91:31[90m)[39m
[90m    at processTicksAndRejections (node:internal/process/task_queues:105:5)[39m
    at Logger.initialize [90m(/home/atmandk/LowCal-dev/packages/core/[39msrc/core/logger.ts:155:19[90m)[39m

Backed up corrupted log file to /home/atmandk/.qwen/tmp/b306d9ff847c120dd7eb00fcebe5f118b9875b09db67ad8f0834aea7a0d8cb8c/logs.json.invalid_json.1759938226290.bak

            </system-out>
            <system-err>
Error accessing installation ID file, generating ephemeral ID: TypeError: Cannot read properties of undefined (reading &apos;trim&apos;)
    at InstallationManager.readInstallationIdFromFile [90m(/home/atmandk/LowCal-dev/packages/core/[39msrc/utils/installationManager.ts:21:50[90m)[39m
    at InstallationManager.getInstallationId [90m(/home/atmandk/LowCal-dev/packages/core/[39msrc/utils/installationManager.ts:42:33[90m)[39m
    at QwenLogger.generateUserId [90m(/home/atmandk/LowCal-dev/packages/core/[39msrc/telemetry/qwen-logger/qwen-logger.ts:123:53[90m)[39m
    at new QwenLogger [90m(/home/atmandk/LowCal-dev/packages/core/[39msrc/telemetry/qwen-logger/qwen-logger.ts:114:24[90m)[39m
    at QwenLogger.getInstance [90m(/home/atmandk/LowCal-dev/packages/core/[39msrc/telemetry/qwen-logger/qwen-logger.ts:131:29[90m)[39m
    at logCliConfiguration [90m(/home/atmandk/LowCal-dev/packages/core/[39msrc/telemetry/loggers.ts:85:14[90m)[39m
    at new Config [90m(/home/atmandk/LowCal-dev/packages/core/[39msrc/config/config.ts:454:5[90m)[39m
    at [90m/home/atmandk/LowCal-dev/packages/core/[39msrc/config/flashFallback.test.ts:22:14
    at file:///home/atmandk/LowCal-dev/node_modules/[4m@vitest/runner[24m/dist/chunk-hooks.js:155:11
    at file:///home/atmandk/LowCal-dev/node_modules/[4m@vitest/runner[24m/dist/chunk-hooks.js:1897:20

            </system-err>
        </testcase>
        <testcase classname="src/config/flashFallback.test.ts" name="Flash Model Fallback Configuration &gt; getModel &gt; should return contentGeneratorConfig model if available" time="0.000690759">
            <system-out>
Invalid JSON in log file /home/atmandk/.qwen/tmp/b306d9ff847c120dd7eb00fcebe5f118b9875b09db67ad8f0834aea7a0d8cb8c/logs.json. Backing up and starting fresh. SyntaxError: &quot;undefined&quot; is not valid JSON
    at JSON.parse (&lt;anonymous&gt;)
    at Logger._readLogFile [90m(/home/atmandk/LowCal-dev/packages/core/[39msrc/core/logger.ts:91:31[90m)[39m
[90m    at processTicksAndRejections (node:internal/process/task_queues:105:5)[39m
    at Logger.initialize [90m(/home/atmandk/LowCal-dev/packages/core/[39msrc/core/logger.ts:155:19[90m)[39m

Backed up corrupted log file to /home/atmandk/.qwen/tmp/b306d9ff847c120dd7eb00fcebe5f118b9875b09db67ad8f0834aea7a0d8cb8c/logs.json.invalid_json.1759938226291.bak
Logger not initialized or session ID missing. Cannot log message.

            </system-out>
        </testcase>
        <testcase classname="src/config/flashFallback.test.ts" name="Flash Model Fallback Configuration &gt; getModel &gt; should fall back to initial model if contentGeneratorConfig is not available" time="0.000865432">
            <system-out>
Invalid JSON in log file /home/atmandk/.qwen/tmp/b306d9ff847c120dd7eb00fcebe5f118b9875b09db67ad8f0834aea7a0d8cb8c/logs.json. Backing up and starting fresh. SyntaxError: &quot;undefined&quot; is not valid JSON
    at JSON.parse (&lt;anonymous&gt;)
    at Logger._readLogFile [90m(/home/atmandk/LowCal-dev/packages/core/[39msrc/core/logger.ts:91:31[90m)[39m
[90m    at processTicksAndRejections (node:internal/process/task_queues:105:5)[39m
    at Logger.initialize [90m(/home/atmandk/LowCal-dev/packages/core/[39msrc/core/logger.ts:155:19[90m)[39m

Backed up corrupted log file to /home/atmandk/.qwen/tmp/b306d9ff847c120dd7eb00fcebe5f118b9875b09db67ad8f0834aea7a0d8cb8c/logs.json.invalid_json.1759938226292.bak

Invalid JSON in log file /home/atmandk/.qwen/tmp/b306d9ff847c120dd7eb00fcebe5f118b9875b09db67ad8f0834aea7a0d8cb8c/logs.json. Backing up and starting fresh. SyntaxError: &quot;undefined&quot; is not valid JSON
    at JSON.parse (&lt;anonymous&gt;)
    at Logger._readLogFile [90m(/home/atmandk/LowCal-dev/packages/core/[39msrc/core/logger.ts:91:31[90m)[39m
[90m    at processTicksAndRejections (node:internal/process/task_queues:105:5)[39m
    at Logger.initialize [90m(/home/atmandk/LowCal-dev/packages/core/[39msrc/core/logger.ts:155:19[90m)[39m

Backed up corrupted log file to /home/atmandk/.qwen/tmp/b306d9ff847c120dd7eb00fcebe5f118b9875b09db67ad8f0834aea7a0d8cb8c/logs.json.invalid_json.1759938226292.bak

            </system-out>
        </testcase>
        <testcase classname="src/config/flashFallback.test.ts" name="Flash Model Fallback Configuration &gt; isInFallbackMode &gt; should start as false for new session" time="0.000346672">
            <system-out>
Invalid JSON in log file /home/atmandk/.qwen/tmp/b306d9ff847c120dd7eb00fcebe5f118b9875b09db67ad8f0834aea7a0d8cb8c/logs.json. Backing up and starting fresh. SyntaxError: &quot;undefined&quot; is not valid JSON
    at JSON.parse (&lt;anonymous&gt;)
    at Logger._readLogFile [90m(/home/atmandk/LowCal-dev/packages/core/[39msrc/core/logger.ts:91:31[90m)[39m
[90m    at processTicksAndRejections (node:internal/process/task_queues:105:5)[39m
    at Logger.initialize [90m(/home/atmandk/LowCal-dev/packages/core/[39msrc/core/logger.ts:155:19[90m)[39m

Backed up corrupted log file to /home/atmandk/.qwen/tmp/b306d9ff847c120dd7eb00fcebe5f118b9875b09db67ad8f0834aea7a0d8cb8c/logs.json.invalid_json.1759938226292.bak

            </system-out>
        </testcase>
        <testcase classname="src/config/flashFallback.test.ts" name="Flash Model Fallback Configuration &gt; isInFallbackMode &gt; should remain false if no model switch occurs" time="0.000311016">
            <system-out>
Invalid JSON in log file /home/atmandk/.qwen/tmp/b306d9ff847c120dd7eb00fcebe5f118b9875b09db67ad8f0834aea7a0d8cb8c/logs.json. Backing up and starting fresh. SyntaxError: &quot;undefined&quot; is not valid JSON
    at JSON.parse (&lt;anonymous&gt;)
    at Logger._readLogFile [90m(/home/atmandk/LowCal-dev/packages/core/[39msrc/core/logger.ts:91:31[90m)[39m
[90m    at processTicksAndRejections (node:internal/process/task_queues:105:5)[39m
    at Logger.initialize [90m(/home/atmandk/LowCal-dev/packages/core/[39msrc/core/logger.ts:155:19[90m)[39m

Backed up corrupted log file to /home/atmandk/.qwen/tmp/b306d9ff847c120dd7eb00fcebe5f118b9875b09db67ad8f0834aea7a0d8cb8c/logs.json.invalid_json.1759938226293.bak

            </system-out>
        </testcase>
        <testcase classname="src/config/flashFallback.test.ts" name="Flash Model Fallback Configuration &gt; isInFallbackMode &gt; should persist switched state throughout session" time="0.000333297">
            <system-out>
Invalid JSON in log file /home/atmandk/.qwen/tmp/b306d9ff847c120dd7eb00fcebe5f118b9875b09db67ad8f0834aea7a0d8cb8c/logs.json. Backing up and starting fresh. SyntaxError: &quot;undefined&quot; is not valid JSON
    at JSON.parse (&lt;anonymous&gt;)
    at Logger._readLogFile [90m(/home/atmandk/LowCal-dev/packages/core/[39msrc/core/logger.ts:91:31[90m)[39m
[90m    at processTicksAndRejections (node:internal/process/task_queues:105:5)[39m
    at Logger.initialize [90m(/home/atmandk/LowCal-dev/packages/core/[39msrc/core/logger.ts:155:19[90m)[39m

Backed up corrupted log file to /home/atmandk/.qwen/tmp/b306d9ff847c120dd7eb00fcebe5f118b9875b09db67ad8f0834aea7a0d8cb8c/logs.json.invalid_json.1759938226293.bak
Logger not initialized or session ID missing. Cannot log message.

            </system-out>
        </testcase>
    </testsuite>
    <testsuite name="src/config/storage.test.ts" timestamp="2025-10-08T15:43:49.869Z" hostname="uby" tests="5" failures="0" errors="0" skipped="0" time="0.003434549">
        <testcase classname="src/config/storage.test.ts" name="Storage – getGlobalSettingsPath &gt; returns path to ~/.qwen/settings.json" time="0.001407175">
        </testcase>
        <testcase classname="src/config/storage.test.ts" name="Storage – additional helpers &gt; getWorkspaceSettingsPath returns project/.qwen/settings.json" time="0.000225958">
        </testcase>
        <testcase classname="src/config/storage.test.ts" name="Storage – additional helpers &gt; getUserCommandsDir returns ~/.qwen/commands" time="0.000109994">
        </testcase>
        <testcase classname="src/config/storage.test.ts" name="Storage – additional helpers &gt; getProjectCommandsDir returns project/.qwen/commands" time="0.000072745">
        </testcase>
        <testcase classname="src/config/storage.test.ts" name="Storage – additional helpers &gt; getMcpOAuthTokensPath returns ~/.qwen/mcp-oauth-tokens.json" time="0.000071493">
        </testcase>
    </testsuite>
    <testsuite name="src/code_assist/converter.test.ts" timestamp="2025-10-08T15:43:49.869Z" hostname="uby" tests="21" failures="0" errors="0" skipped="0" time="0.006528507">
        <testcase classname="src/code_assist/converter.test.ts" name="converter &gt; toCodeAssistRequest &gt; should convert a simple request with project" time="0.002017926">
        </testcase>
        <testcase classname="src/code_assist/converter.test.ts" name="converter &gt; toCodeAssistRequest &gt; should convert a request without a project" time="0.000256134">
        </testcase>
        <testcase classname="src/code_assist/converter.test.ts" name="converter &gt; toCodeAssistRequest &gt; should convert a request with sessionId" time="0.000170937">
        </testcase>
        <testcase classname="src/code_assist/converter.test.ts" name="converter &gt; toCodeAssistRequest &gt; should handle string content" time="0.000128708">
        </testcase>
        <testcase classname="src/code_assist/converter.test.ts" name="converter &gt; toCodeAssistRequest &gt; should handle Part[] content" time="0.000130001">
        </testcase>
        <testcase classname="src/code_assist/converter.test.ts" name="converter &gt; toCodeAssistRequest &gt; should handle system instructions" time="0.000148546">
        </testcase>
        <testcase classname="src/code_assist/converter.test.ts" name="converter &gt; toCodeAssistRequest &gt; should handle generation config" time="0.000115885">
        </testcase>
        <testcase classname="src/code_assist/converter.test.ts" name="converter &gt; toCodeAssistRequest &gt; should handle all generation config fields" time="0.000244072">
        </testcase>
        <testcase classname="src/code_assist/converter.test.ts" name="converter &gt; fromCodeAssistResponse &gt; should convert a simple response" time="0.000336713">
        </testcase>
        <testcase classname="src/code_assist/converter.test.ts" name="converter &gt; fromCodeAssistResponse &gt; should handle prompt feedback and usage metadata" time="0.000152803">
        </testcase>
        <testcase classname="src/code_assist/converter.test.ts" name="converter &gt; fromCodeAssistResponse &gt; should handle automatic function calling history" time="0.000294015">
        </testcase>
        <testcase classname="src/code_assist/converter.test.ts" name="converter &gt; toContents &gt; should handle Content" time="0.000176046">
        </testcase>
        <testcase classname="src/code_assist/converter.test.ts" name="converter &gt; toContents &gt; should handle array of Contents" time="0.000100496">
        </testcase>
        <testcase classname="src/code_assist/converter.test.ts" name="converter &gt; toContents &gt; should handle Part" time="0.000057597">
        </testcase>
        <testcase classname="src/code_assist/converter.test.ts" name="converter &gt; toContents &gt; should handle array of Parts" time="0.000056835">
        </testcase>
        <testcase classname="src/code_assist/converter.test.ts" name="converter &gt; toContents &gt; should handle string" time="0.000038441">
        </testcase>
        <testcase classname="src/code_assist/converter.test.ts" name="converter &gt; toContents &gt; should handle array of strings" time="0.000060101">
        </testcase>
        <testcase classname="src/code_assist/converter.test.ts" name="converter &gt; toContents &gt; should convert thought parts to text parts for API compatibility" time="0.000090588">
        </testcase>
        <testcase classname="src/code_assist/converter.test.ts" name="converter &gt; toContents &gt; should combine text and thought for text parts with thoughts" time="0.000094004">
        </testcase>
        <testcase classname="src/code_assist/converter.test.ts" name="converter &gt; toContents &gt; should preserve non-thought properties while removing thought" time="0.000223924">
        </testcase>
        <testcase classname="src/code_assist/converter.test.ts" name="converter &gt; toContents &gt; should convert invalid text content to valid text part with thought" time="0.000090608">
        </testcase>
    </testsuite>
    <testsuite name="src/code_assist/oauth2.test.ts" timestamp="2025-10-08T15:43:49.870Z" hostname="uby" tests="15" failures="0" errors="0" skipped="0" time="0.07033045">
        <testcase classname="src/code_assist/oauth2.test.ts" name="oauth2 &gt; should perform a web login" time="0.012810628">
            <system-out>


Code Assist login required.
Attempting to open authentication page in your browser.
Otherwise navigate to:

https://example.com/auth



Waiting for authentication...

            </system-out>
        </testcase>
        <testcase classname="src/code_assist/oauth2.test.ts" name="oauth2 &gt; should perform login with user code" time="0.00382958">
        </testcase>
        <testcase classname="src/code_assist/oauth2.test.ts" name="oauth2 &gt; in Cloud Shell &gt; should attempt to load cached credentials first" time="0.005313347">
            <system-out>
Loaded cached credentials.

            </system-out>
        </testcase>
        <testcase classname="src/code_assist/oauth2.test.ts" name="oauth2 &gt; in Cloud Shell &gt; should use Compute to get a client if no cached credentials exist" time="0.002158326">
            <system-out>
Attempting to authenticate via Cloud Shell VM&apos;s ADC.

Authentication successful.

            </system-out>
        </testcase>
        <testcase classname="src/code_assist/oauth2.test.ts" name="oauth2 &gt; in Cloud Shell &gt; should not cache the credentials after fetching them via ADC" time="0.001383401">
            <system-out>
Attempting to authenticate via Cloud Shell VM&apos;s ADC.

Authentication successful.

            </system-out>
        </testcase>
        <testcase classname="src/code_assist/oauth2.test.ts" name="oauth2 &gt; in Cloud Shell &gt; should return the Compute client on successful ADC authentication" time="0.001081903">
            <system-out>
Attempting to authenticate via Cloud Shell VM&apos;s ADC.

Authentication successful.

            </system-out>
        </testcase>
        <testcase classname="src/code_assist/oauth2.test.ts" name="oauth2 &gt; in Cloud Shell &gt; should throw an error if ADC fails" time="0.002078328">
            <system-out>
Attempting to authenticate via Cloud Shell VM&apos;s ADC.

            </system-out>
        </testcase>
        <testcase classname="src/code_assist/oauth2.test.ts" name="oauth2 &gt; credential loading order &gt; should prioritize default cached credentials over GOOGLE_APPLICATION_CREDENTIALS" time="0.003306442">
            <system-out>
Loaded cached credentials.

            </system-out>
        </testcase>
        <testcase classname="src/code_assist/oauth2.test.ts" name="oauth2 &gt; credential loading order &gt; should fall back to GOOGLE_APPLICATION_CREDENTIALS if default cache is missing" time="0.003858364">
            <system-out>
Loaded cached credentials.

            </system-out>
        </testcase>
        <testcase classname="src/code_assist/oauth2.test.ts" name="oauth2 &gt; with GCP environment variables &gt; should use GOOGLE_CLOUD_ACCESS_TOKEN when GOOGLE_GENAI_USE_GCA is true" time="0.002339171">
        </testcase>
        <testcase classname="src/code_assist/oauth2.test.ts" name="oauth2 &gt; with GCP environment variables &gt; should not use GCP token if GOOGLE_CLOUD_ACCESS_TOKEN is not set" time="0.002839908">
            <system-out>
Loaded cached credentials.

            </system-out>
        </testcase>
        <testcase classname="src/code_assist/oauth2.test.ts" name="oauth2 &gt; with GCP environment variables &gt; should not use GCP token if GOOGLE_GENAI_USE_GCA is not set" time="0.002762826">
            <system-out>
Loaded cached credentials.

            </system-out>
        </testcase>
        <testcase classname="src/code_assist/oauth2.test.ts" name="oauth2 &gt; clearCachedCredentialFile &gt; should clear cached credentials and Google account" time="0.012830174">
        </testcase>
        <testcase classname="src/code_assist/oauth2.test.ts" name="oauth2 &gt; clearCachedCredentialFile &gt; should handle Qwen module clearing gracefully" time="0.008128389">
            <system-err>
Failed to clear cached credentials: Error: ENOENT: no such file or directory, open &apos;/tmp/qwen-code-test-home-Al2cge/.qwen/google_accounts.json&apos;
[90m    at open (node:internal/fs/promises:642:25)[39m
[90m    at Object.writeFile (node:internal/fs/promises:1249:14)[39m
    at UserAccountManager.clearCachedGoogleAccount [90m(/home/atmandk/LowCal-dev/packages/core/[39msrc/utils/userAccountManager.ts:138:5[90m)[39m
    at Module.clearCachedCredentialFile [90m(/home/atmandk/LowCal-dev/packages/core/[39msrc/code_assist/oauth2.ts:395:5[90m)[39m
    at [90m/home/atmandk/LowCal-dev/packages/core/[39msrc/code_assist/oauth2.test.ts:572:7
    at file:///home/atmandk/LowCal-dev/node_modules/[4m@vitest/runner[24m/dist/chunk-hooks.js:752:20 {
  errno: [33m-2[39m,
  code: [32m&apos;ENOENT&apos;[39m,
  syscall: [32m&apos;open&apos;[39m,
  path: [32m&apos;/tmp/qwen-code-test-home-Al2cge/.qwen/google_accounts.json&apos;[39m
}

            </system-err>
        </testcase>
        <testcase classname="src/code_assist/oauth2.test.ts" name="oauth2 &gt; clearCachedCredentialFile &gt; should clear the in-memory OAuth client cache" time="0.003759401">
            <system-out>
Loaded cached credentials.

Loaded cached credentials.

            </system-out>
        </testcase>
    </testsuite>
    <testsuite name="src/code_assist/server.test.ts" timestamp="2025-10-08T15:43:49.871Z" hostname="uby" tests="7" failures="0" errors="0" skipped="0" time="0.020523237">
        <testcase classname="src/code_assist/server.test.ts" name="CodeAssistServer &gt; should be able to be constructed" time="0.00347841">
        </testcase>
        <testcase classname="src/code_assist/server.test.ts" name="CodeAssistServer &gt; should call the generateContent endpoint" time="0.004019882">
        </testcase>
        <testcase classname="src/code_assist/server.test.ts" name="CodeAssistServer &gt; should call the generateContentStream endpoint" time="0.002389795">
        </testcase>
        <testcase classname="src/code_assist/server.test.ts" name="CodeAssistServer &gt; should call the onboardUser endpoint" time="0.001778603">
        </testcase>
        <testcase classname="src/code_assist/server.test.ts" name="CodeAssistServer &gt; should call the loadCodeAssist endpoint" time="0.00284103">
        </testcase>
        <testcase classname="src/code_assist/server.test.ts" name="CodeAssistServer &gt; should return 0 for countTokens" time="0.002006756">
        </testcase>
        <testcase classname="src/code_assist/server.test.ts" name="CodeAssistServer &gt; should throw an error for embedContent" time="0.002658883">
        </testcase>
    </testsuite>
    <testsuite name="src/code_assist/setup.test.ts" timestamp="2025-10-08T15:43:49.872Z" hostname="uby" tests="7" failures="0" errors="0" skipped="0" time="0.010739183">
        <testcase classname="src/code_assist/setup.test.ts" name="setupUser for existing user &gt; should use GOOGLE_CLOUD_PROJECT when set and project from server is undefined" time="0.004654367">
        </testcase>
        <testcase classname="src/code_assist/setup.test.ts" name="setupUser for existing user &gt; should ignore GOOGLE_CLOUD_PROJECT when project from server is set" time="0.001034626">
        </testcase>
        <testcase classname="src/code_assist/setup.test.ts" name="setupUser for existing user &gt; should throw ProjectIdRequiredError when no project ID is available" time="0.001218837">
        </testcase>
        <testcase classname="src/code_assist/setup.test.ts" name="setupUser for new user &gt; should use GOOGLE_CLOUD_PROJECT when set and onboard a new paid user" time="0.001103032">
        </testcase>
        <testcase classname="src/code_assist/setup.test.ts" name="setupUser for new user &gt; should onboard a new free user when GOOGLE_CLOUD_PROJECT is not set" time="0.000570156">
        </testcase>
        <testcase classname="src/code_assist/setup.test.ts" name="setupUser for new user &gt; should use GOOGLE_CLOUD_PROJECT when onboard response has no project ID" time="0.000357712">
        </testcase>
        <testcase classname="src/code_assist/setup.test.ts" name="setupUser for new user &gt; should throw ProjectIdRequiredError when no project ID is available" time="0.000364555">
        </testcase>
    </testsuite>
    <testsuite name="src/core/client.test.ts" timestamp="2025-10-08T15:43:49.872Z" hostname="uby" tests="70" failures="40" errors="0" skipped="1" time="0.974836756">
        <testcase classname="src/core/client.test.ts" name="findIndexAfterFraction &gt; should throw an error for non-positive numbers" time="0.001594051">
        </testcase>
        <testcase classname="src/core/client.test.ts" name="findIndexAfterFraction &gt; should throw an error for a fraction greater than or equal to 1" time="0.000180625">
        </testcase>
        <testcase classname="src/core/client.test.ts" name="findIndexAfterFraction &gt; should handle a fraction in the middle" time="0.000149798">
        </testcase>
        <testcase classname="src/core/client.test.ts" name="findIndexAfterFraction &gt; should handle a fraction that results in the last index" time="0.000059881">
        </testcase>
        <testcase classname="src/core/client.test.ts" name="findIndexAfterFraction &gt; should handle an empty history" time="0.000039113">
        </testcase>
        <testcase classname="src/core/client.test.ts" name="findIndexAfterFraction &gt; should handle a history with only one item" time="0.000036027">
        </testcase>
        <testcase classname="src/core/client.test.ts" name="findIndexAfterFraction &gt; should handle history with weird parts" time="0.000054621">
        </testcase>
        <testcase classname="src/core/client.test.ts" name="Gemini Client (client.ts) &gt; generateEmbedding &gt; should call embedContent with correct parameters and return embeddings" time="0.016082576">
        </testcase>
        <testcase classname="src/core/client.test.ts" name="Gemini Client (client.ts) &gt; generateEmbedding &gt; should return an empty array if an empty array is passed" time="0.00652452">
        </testcase>
        <testcase classname="src/core/client.test.ts" name="Gemini Client (client.ts) &gt; generateEmbedding &gt; should throw an error if API response has no embeddings array" time="0.011379368">
        </testcase>
        <testcase classname="src/core/client.test.ts" name="Gemini Client (client.ts) &gt; generateEmbedding &gt; should throw an error if API response has an empty embeddings array" time="0.006234162">
        </testcase>
        <testcase classname="src/core/client.test.ts" name="Gemini Client (client.ts) &gt; generateEmbedding &gt; should throw an error if API returns a mismatched number of embeddings" time="0.006132183">
        </testcase>
        <testcase classname="src/core/client.test.ts" name="Gemini Client (client.ts) &gt; generateEmbedding &gt; should throw an error if any embedding has nullish values" time="0.006999359">
        </testcase>
        <testcase classname="src/core/client.test.ts" name="Gemini Client (client.ts) &gt; generateEmbedding &gt; should throw an error if any embedding has an empty values array" time="0.007042849">
        </testcase>
        <testcase classname="src/core/client.test.ts" name="Gemini Client (client.ts) &gt; generateEmbedding &gt; should propagate errors from the API call" time="0.010163096">
        </testcase>
        <testcase classname="src/core/client.test.ts" name="Gemini Client (client.ts) &gt; generateJson &gt; should call generateContent with the correct parameters" time="0.015124571">
        </testcase>
        <testcase classname="src/core/client.test.ts" name="Gemini Client (client.ts) &gt; generateJson &gt; should allow overriding model and config" time="0">
            <skipped/>
        </testcase>
        <testcase classname="src/core/client.test.ts" name="Gemini Client (client.ts) &gt; addHistory &gt; should call chat.addHistory with the provided content" time="0.010450578">
        </testcase>
        <testcase classname="src/core/client.test.ts" name="Gemini Client (client.ts) &gt; resetChat &gt; should create a new chat session, clearing the old history" time="0.024487566">
        </testcase>
        <testcase classname="src/core/client.test.ts" name="Gemini Client (client.ts) &gt; tryCompressChat &gt; when compression inflates the token count &gt; uses the truncated history for compression" time="0.012031265">
        </testcase>
        <testcase classname="src/core/client.test.ts" name="Gemini Client (client.ts) &gt; tryCompressChat &gt; when compression inflates the token count &gt; allows compression to be forced/manual after a failure" time="0.018632026">
            <failure message="this.config.getEffectiveContextLimit is not a function" type="TypeError">
TypeError: this.config.getEffectiveContextLimit is not a function
 ❯ GeminiClient.tryCompressChat src/core/client.ts:1306:38
 ❯ src/core/client.test.ts:611:22
            </failure>
        </testcase>
        <testcase classname="src/core/client.test.ts" name="Gemini Client (client.ts) &gt; tryCompressChat &gt; when compression inflates the token count &gt; yields the result even if the compression inflated the tokens" time="0.019727724">
            <failure message="this.config.getEffectiveContextLimit is not a function" type="TypeError">
TypeError: this.config.getEffectiveContextLimit is not a function
 ❯ GeminiClient.tryCompressChat src/core/client.ts:1306:38
 ❯ src/core/client.test.ts:624:37
            </failure>
        </testcase>
        <testcase classname="src/core/client.test.ts" name="Gemini Client (client.ts) &gt; tryCompressChat &gt; when compression inflates the token count &gt; does not manipulate the source chat" time="0.008682785">
            <failure message="this.config.getEffectiveContextLimit is not a function" type="TypeError">
TypeError: this.config.getEffectiveContextLimit is not a function
 ❯ GeminiClient.tryCompressChat src/core/client.ts:1306:38
 ❯ src/core/client.test.ts:637:22
            </failure>
        </testcase>
        <testcase classname="src/core/client.test.ts" name="Gemini Client (client.ts) &gt; tryCompressChat &gt; when compression inflates the token count &gt; restores the history back to the original" time="0.015634886">
            <failure message="this.config.getEffectiveContextLimit is not a function" type="TypeError">
TypeError: this.config.getEffectiveContextLimit is not a function
 ❯ GeminiClient.tryCompressChat src/core/client.ts:1306:38
 ❯ src/core/client.test.ts:658:24
            </failure>
        </testcase>
        <testcase classname="src/core/client.test.ts" name="Gemini Client (client.ts) &gt; tryCompressChat &gt; when compression inflates the token count &gt; will not attempt to compress context after a failure" time="0.01151045">
            <failure message="this.config.getEffectiveContextLimit is not a function" type="TypeError">
TypeError: this.config.getEffectiveContextLimit is not a function
 ❯ GeminiClient.tryCompressChat src/core/client.ts:1306:38
 ❯ src/core/client.test.ts:670:22
            </failure>
        </testcase>
        <testcase classname="src/core/client.test.ts" name="Gemini Client (client.ts) &gt; tryCompressChat &gt; attempts to compress with a maxOutputTokens set to the original token count" time="0.010354511">
            <failure message="this.config.getEffectiveContextLimit is not a function" type="TypeError">
TypeError: this.config.getEffectiveContextLimit is not a function
 ❯ GeminiClient.tryCompressChat src/core/client.ts:1306:38
 ❯ src/core/client.test.ts:701:20
            </failure>
        </testcase>
        <testcase classname="src/core/client.test.ts" name="Gemini Client (client.ts) &gt; tryCompressChat &gt; should not trigger summarization if token count is below threshold" time="0.02084902">
            <failure message="this.config.getEffectiveContextLimit is not a function" type="TypeError">
TypeError: this.config.getEffectiveContextLimit is not a function
 ❯ GeminiClient.tryCompressChat src/core/client.ts:1306:38
 ❯ src/core/client.test.ts:725:35
            </failure>
        </testcase>
        <testcase classname="src/core/client.test.ts" name="Gemini Client (client.ts) &gt; tryCompressChat &gt; logs a telemetry event when compressing" time="0.012635132">
            <failure message="this.config.getEffectiveContextLimit is not a function" type="TypeError">
TypeError: this.config.getEffectiveContextLimit is not a function
 ❯ GeminiClient.tryCompressChat src/core/client.ts:1306:38
 ❯ src/core/client.test.ts:765:20
            </failure>
        </testcase>
        <testcase classname="src/core/client.test.ts" name="Gemini Client (client.ts) &gt; tryCompressChat &gt; should trigger summarization if token count is at threshold with contextPercentageThreshold setting" time="0.012380311">
            <failure message="this.config.getEffectiveContextLimit is not a function" type="TypeError">
TypeError: this.config.getEffectiveContextLimit is not a function
 ❯ GeminiClient.tryCompressChat src/core/client.ts:1306:38
 ❯ src/core/client.test.ts:801:35
            </failure>
        </testcase>
        <testcase classname="src/core/client.test.ts" name="Gemini Client (client.ts) &gt; tryCompressChat &gt; should not compress across a function call response" time="0.008268809">
            <failure message="this.config.getEffectiveContextLimit is not a function" type="TypeError">
TypeError: this.config.getEffectiveContextLimit is not a function
 ❯ GeminiClient.tryCompressChat src/core/client.ts:1306:38
 ❯ src/core/client.test.ts:854:35
            </failure>
        </testcase>
        <testcase classname="src/core/client.test.ts" name="Gemini Client (client.ts) &gt; tryCompressChat &gt; should always trigger summarization when force is true, regardless of token count" time="0.030941916">
            <failure message="this.config.getEffectiveContextLimit is not a function" type="TypeError">
TypeError: this.config.getEffectiveContextLimit is not a function
 ❯ GeminiClient.tryCompressChat src/core/client.ts:1306:38
 ❯ src/core/client.test.ts:896:35
            </failure>
        </testcase>
        <testcase classname="src/core/client.test.ts" name="Gemini Client (client.ts) &gt; tryCompressChat &gt; should use current model from config for token counting after sendMessage" time="0.016200493">
            <failure message="this.config.getEffectiveContextLimit is not a function" type="TypeError">
TypeError: this.config.getEffectiveContextLimit is not a function
 ❯ GeminiClient.tryCompressChat src/core/client.ts:1306:38
 ❯ src/core/client.test.ts:947:35
            </failure>
        </testcase>
        <testcase classname="src/core/client.test.ts" name="Gemini Client (client.ts) &gt; sendMessageStream &gt; injects a plan mode reminder before user queries when approval mode is PLAN" time="0.013940129">
            <system-out>
[Agent] Starting new prompt: prompt-p...
[Agent] Turn 1 (model: test-model)

            </system-out>
            <failure message="this.config.getEffectiveContextLimit is not a function" type="TypeError">
TypeError: this.config.getEffectiveContextLimit is not a function
 ❯ TokenBudgetManager.getContextLimit src/core/client.ts:191:30
 ❯ TokenBudgetManager.evaluate src/core/tokenBudgetManager.ts:44:32
 ❯ GeminiClient.ensureRequestWithinBudget src/core/client.ts:850:38
 ❯ GeminiClient.sendMessageStream src/core/client.ts:651:39
 ❯ fromAsync src/core/client.test.ts:117:20
 ❯ src/core/client.test.ts:996:7
            </failure>
        </testcase>
        <testcase classname="src/core/client.test.ts" name="Gemini Client (client.ts) &gt; sendMessageStream &gt; emits a compression event when the context was automatically compressed" time="0.013671741">
            <system-out>
[Agent] Starting new prompt: prompt-i...
[Agent] Turn 1 (model: test-model)

            </system-out>
            <failure message="this.config.getEffectiveContextLimit is not a function" type="TypeError">
TypeError: this.config.getEffectiveContextLimit is not a function
 ❯ TokenBudgetManager.getContextLimit src/core/client.ts:191:30
 ❯ TokenBudgetManager.evaluate src/core/tokenBudgetManager.ts:44:32
 ❯ GeminiClient.ensureRequestWithinBudget src/core/client.ts:850:38
 ❯ GeminiClient.sendMessageStream src/core/client.ts:651:39
 ❯ fromAsync src/core/client.test.ts:117:20
 ❯ src/core/client.test.ts:1044:22
            </failure>
        </testcase>
        <testcase classname="src/core/client.test.ts" name="Gemini Client (client.ts) &gt; sendMessageStream &gt; does not emit a compression event when the status is 2" time="0.009508524">
            <system-out>
[Agent] Starting new prompt: prompt-i...
[Agent] Turn 1 (model: test-model)

            </system-out>
            <failure message="this.config.getEffectiveContextLimit is not a function" type="TypeError">
TypeError: this.config.getEffectiveContextLimit is not a function
 ❯ TokenBudgetManager.getContextLimit src/core/client.ts:191:30
 ❯ TokenBudgetManager.evaluate src/core/tokenBudgetManager.ts:44:32
 ❯ GeminiClient.ensureRequestWithinBudget src/core/client.ts:850:38
 ❯ GeminiClient.sendMessageStream src/core/client.ts:651:39
 ❯ fromAsync src/core/client.test.ts:117:20
 ❯ src/core/client.test.ts:1101:24
            </failure>
        </testcase>
        <testcase classname="src/core/client.test.ts" name="Gemini Client (client.ts) &gt; sendMessageStream &gt; does not emit a compression event when the status is 4" time="0.012506444">
            <system-out>
[Agent] Starting new prompt: prompt-i...
[Agent] Turn 1 (model: test-model)

            </system-out>
            <failure message="this.config.getEffectiveContextLimit is not a function" type="TypeError">
TypeError: this.config.getEffectiveContextLimit is not a function
 ❯ TokenBudgetManager.getContextLimit src/core/client.ts:191:30
 ❯ TokenBudgetManager.evaluate src/core/tokenBudgetManager.ts:44:32
 ❯ GeminiClient.ensureRequestWithinBudget src/core/client.ts:850:38
 ❯ GeminiClient.sendMessageStream src/core/client.ts:651:39
 ❯ fromAsync src/core/client.test.ts:117:20
 ❯ src/core/client.test.ts:1101:24
            </failure>
        </testcase>
        <testcase classname="src/core/client.test.ts" name="Gemini Client (client.ts) &gt; sendMessageStream &gt; does not emit a compression event when the status is 3" time="0.010636482">
            <system-out>
[Agent] Starting new prompt: prompt-i...
[Agent] Turn 1 (model: test-model)

            </system-out>
            <failure message="this.config.getEffectiveContextLimit is not a function" type="TypeError">
TypeError: this.config.getEffectiveContextLimit is not a function
 ❯ TokenBudgetManager.getContextLimit src/core/client.ts:191:30
 ❯ TokenBudgetManager.evaluate src/core/tokenBudgetManager.ts:44:32
 ❯ GeminiClient.ensureRequestWithinBudget src/core/client.ts:850:38
 ❯ GeminiClient.sendMessageStream src/core/client.ts:651:39
 ❯ fromAsync src/core/client.test.ts:117:20
 ❯ src/core/client.test.ts:1101:24
            </failure>
        </testcase>
        <testcase classname="src/core/client.test.ts" name="Gemini Client (client.ts) &gt; sendMessageStream &gt; should include editor context when ideMode is enabled" time="0.024452932">
            <system-out>
[Agent] Starting new prompt: prompt-i...
[Agent] Turn 1 (model: test-model)

            </system-out>
            <failure message="this.config.getEffectiveContextLimit is not a function" type="TypeError">
TypeError: this.config.getEffectiveContextLimit is not a function
 ❯ TokenBudgetManager.getContextLimit src/core/client.ts:191:30
 ❯ TokenBudgetManager.evaluate src/core/tokenBudgetManager.ts:44:32
 ❯ GeminiClient.ensureRequestWithinBudget src/core/client.ts:850:38
 ❯ GeminiClient.sendMessageStream src/core/client.ts:651:39
 ❯ src/core/client.test.ts:1162:24
            </failure>
        </testcase>
        <testcase classname="src/core/client.test.ts" name="Gemini Client (client.ts) &gt; sendMessageStream &gt; should not add context if ideMode is enabled but no open files" time="0.009364197">
            <system-out>
[Agent] Starting new prompt: prompt-i...
[Agent] Turn 1 (model: test-model)

            </system-out>
            <failure message="this.config.getEffectiveContextLimit is not a function" type="TypeError">
TypeError: this.config.getEffectiveContextLimit is not a function
 ❯ TokenBudgetManager.getContextLimit src/core/client.ts:191:30
 ❯ TokenBudgetManager.evaluate src/core/tokenBudgetManager.ts:44:32
 ❯ GeminiClient.ensureRequestWithinBudget src/core/client.ts:850:38
 ❯ GeminiClient.sendMessageStream src/core/client.ts:651:39
 ❯ src/core/client.test.ts:1230:24
            </failure>
        </testcase>
        <testcase classname="src/core/client.test.ts" name="Gemini Client (client.ts) &gt; sendMessageStream &gt; should add context if ideMode is enabled and there is one active file" time="0.010040299">
            <system-out>
[Agent] Starting new prompt: prompt-i...
[Agent] Turn 1 (model: test-model)

            </system-out>
            <failure message="this.config.getEffectiveContextLimit is not a function" type="TypeError">
TypeError: this.config.getEffectiveContextLimit is not a function
 ❯ TokenBudgetManager.getContextLimit src/core/client.ts:191:30
 ❯ TokenBudgetManager.evaluate src/core/tokenBudgetManager.ts:44:32
 ❯ GeminiClient.ensureRequestWithinBudget src/core/client.ts:850:38
 ❯ GeminiClient.sendMessageStream src/core/client.ts:651:39
 ❯ src/core/client.test.ts:1282:24
            </failure>
        </testcase>
        <testcase classname="src/core/client.test.ts" name="Gemini Client (client.ts) &gt; sendMessageStream &gt; should add context if ideMode is enabled and there are open files but no active file" time="0.014213254">
            <system-out>
[Agent] Starting new prompt: prompt-i...
[Agent] Turn 1 (model: test-model)

            </system-out>
            <failure message="this.config.getEffectiveContextLimit is not a function" type="TypeError">
TypeError: this.config.getEffectiveContextLimit is not a function
 ❯ TokenBudgetManager.getContextLimit src/core/client.ts:191:30
 ❯ TokenBudgetManager.evaluate src/core/tokenBudgetManager.ts:44:32
 ❯ GeminiClient.ensureRequestWithinBudget src/core/client.ts:850:38
 ❯ GeminiClient.sendMessageStream src/core/client.ts:651:39
 ❯ src/core/client.test.ts:1358:24
            </failure>
        </testcase>
        <testcase classname="src/core/client.test.ts" name="Gemini Client (client.ts) &gt; sendMessageStream &gt; should return the turn instance after the stream is complete" time="0.034684264">
            <system-out>
[Agent] Starting new prompt: prompt-i...
[Agent] Turn 1 (model: test-model)

            </system-out>
            <failure message="this.config.getEffectiveContextLimit is not a function" type="TypeError">
TypeError: this.config.getEffectiveContextLimit is not a function
 ❯ TokenBudgetManager.getContextLimit src/core/client.ts:191:30
 ❯ TokenBudgetManager.evaluate src/core/tokenBudgetManager.ts:44:32
 ❯ GeminiClient.ensureRequestWithinBudget src/core/client.ts:850:38
 ❯ GeminiClient.sendMessageStream src/core/client.ts:651:39
 ❯ src/core/client.test.ts:1412:24
            </failure>
        </testcase>
        <testcase classname="src/core/client.test.ts" name="Gemini Client (client.ts) &gt; sendMessageStream &gt; should stop infinite loop after MAX_TURNS when nextSpeaker always returns model" time="0.018934396">
            <system-out>
[Agent] Starting new prompt: prompt-i...
[Agent] Turn 1 (model: test-model)

            </system-out>
            <failure message="this.config.getEffectiveContextLimit is not a function" type="TypeError">
TypeError: this.config.getEffectiveContextLimit is not a function
 ❯ TokenBudgetManager.getContextLimit src/core/client.ts:191:30
 ❯ TokenBudgetManager.evaluate src/core/tokenBudgetManager.ts:44:32
 ❯ GeminiClient.ensureRequestWithinBudget src/core/client.ts:850:38
 ❯ GeminiClient.sendMessageStream src/core/client.ts:651:39
 ❯ src/core/client.test.ts:1469:24
            </failure>
        </testcase>
        <testcase classname="src/core/client.test.ts" name="Gemini Client (client.ts) &gt; sendMessageStream &gt; should yield MaxSessionTurns and stop when session turn limit is reached" time="0.011776363">
            <system-out>
[Agent] Starting new prompt: prompt-i...
[Agent] Turn 1 (model: test-model)

            </system-out>
            <failure message="this.config.getEffectiveContextLimit is not a function" type="TypeError">
TypeError: this.config.getEffectiveContextLimit is not a function
 ❯ TokenBudgetManager.getContextLimit src/core/client.ts:191:30
 ❯ TokenBudgetManager.evaluate src/core/tokenBudgetManager.ts:44:32
 ❯ GeminiClient.ensureRequestWithinBudget src/core/client.ts:850:38
 ❯ GeminiClient.sendMessageStream src/core/client.ts:651:39
 ❯ src/core/client.test.ts:1554:26
            </failure>
        </testcase>
        <testcase classname="src/core/client.test.ts" name="Gemini Client (client.ts) &gt; sendMessageStream &gt; should respect MAX_TURNS limit even when turns parameter is set to a large value" time="0.012754313">
            <system-out>
[Agent] Starting new prompt: prompt-i...
[Agent] Turn 1 (model: test-model)

Infinite loop protection working: checkNextSpeaker called 0 times, 0 events generated (properly bounded by MAX_TURNS)

            </system-out>
            <system-err>
Test timed out or errored: TypeError: this.config.getEffectiveContextLimit is not a function
    at TokenBudgetManager.getContextLimit [90m(/home/atmandk/LowCal-dev/packages/core/[39msrc/core/client.ts:191:30[90m)[39m
    at TokenBudgetManager.evaluate [90m(/home/atmandk/LowCal-dev/packages/core/[39msrc/core/tokenBudgetManager.ts:44:32[90m)[39m
    at GeminiClient.ensureRequestWithinBudget [90m(/home/atmandk/LowCal-dev/packages/core/[39msrc/core/client.ts:850:38[90m)[39m
    at GeminiClient.sendMessageStream [90m(/home/atmandk/LowCal-dev/packages/core/[39msrc/core/client.ts:651:39[90m)[39m
[90m    at processTicksAndRejections (node:internal/process/task_queues:105:5)[39m
    at [90m/home/atmandk/LowCal-dev/packages/core/[39msrc/core/client.test.ts:1627:26
    at file:///home/atmandk/LowCal-dev/node_modules/[4m@vitest/runner[24m/dist/chunk-hooks.js:752:20

            </system-err>
        </testcase>
        <testcase classname="src/core/client.test.ts" name="Gemini Client (client.ts) &gt; sendMessageStream &gt; Editor context delta &gt; &apos;sends delta when active file changes&apos;" time="0.017212638">
            <system-out>
[Agent] Starting new prompt: prompt-i...
[Agent] Turn 1 (model: test-model)

            </system-out>
            <failure message="this.config.getEffectiveContextLimit is not a function" type="TypeError">
TypeError: this.config.getEffectiveContextLimit is not a function
 ❯ TokenBudgetManager.getContextLimit src/core/client.ts:191:30
 ❯ TokenBudgetManager.evaluate src/core/tokenBudgetManager.ts:44:32
 ❯ GeminiClient.ensureRequestWithinBudget src/core/client.ts:850:38
 ❯ GeminiClient.sendMessageStream src/core/client.ts:651:39
 ❯ src/core/client.test.ts:1829:28
            </failure>
        </testcase>
        <testcase classname="src/core/client.test.ts" name="Gemini Client (client.ts) &gt; sendMessageStream &gt; Editor context delta &gt; &apos;sends delta when cursor line changes&apos;" time="0.010631524">
            <system-out>
[Agent] Starting new prompt: prompt-i...
[Agent] Turn 1 (model: test-model)

            </system-out>
            <failure message="this.config.getEffectiveContextLimit is not a function" type="TypeError">
TypeError: this.config.getEffectiveContextLimit is not a function
 ❯ TokenBudgetManager.getContextLimit src/core/client.ts:191:30
 ❯ TokenBudgetManager.evaluate src/core/tokenBudgetManager.ts:44:32
 ❯ GeminiClient.ensureRequestWithinBudget src/core/client.ts:850:38
 ❯ GeminiClient.sendMessageStream src/core/client.ts:651:39
 ❯ src/core/client.test.ts:1829:28
            </failure>
        </testcase>
        <testcase classname="src/core/client.test.ts" name="Gemini Client (client.ts) &gt; sendMessageStream &gt; Editor context delta &gt; &apos;sends delta when cursor character cha…&apos;" time="0.014541422">
            <system-out>
[Agent] Starting new prompt: prompt-i...
[Agent] Turn 1 (model: test-model)

            </system-out>
            <failure message="this.config.getEffectiveContextLimit is not a function" type="TypeError">
TypeError: this.config.getEffectiveContextLimit is not a function
 ❯ TokenBudgetManager.getContextLimit src/core/client.ts:191:30
 ❯ TokenBudgetManager.evaluate src/core/tokenBudgetManager.ts:44:32
 ❯ GeminiClient.ensureRequestWithinBudget src/core/client.ts:850:38
 ❯ GeminiClient.sendMessageStream src/core/client.ts:651:39
 ❯ src/core/client.test.ts:1829:28
            </failure>
        </testcase>
        <testcase classname="src/core/client.test.ts" name="Gemini Client (client.ts) &gt; sendMessageStream &gt; Editor context delta &gt; &apos;sends delta when selected text changes&apos;" time="0.011444158">
            <system-out>
[Agent] Starting new prompt: prompt-i...
[Agent] Turn 1 (model: test-model)

            </system-out>
            <failure message="this.config.getEffectiveContextLimit is not a function" type="TypeError">
TypeError: this.config.getEffectiveContextLimit is not a function
 ❯ TokenBudgetManager.getContextLimit src/core/client.ts:191:30
 ❯ TokenBudgetManager.evaluate src/core/tokenBudgetManager.ts:44:32
 ❯ GeminiClient.ensureRequestWithinBudget src/core/client.ts:850:38
 ❯ GeminiClient.sendMessageStream src/core/client.ts:651:39
 ❯ src/core/client.test.ts:1829:28
            </failure>
        </testcase>
        <testcase classname="src/core/client.test.ts" name="Gemini Client (client.ts) &gt; sendMessageStream &gt; Editor context delta &gt; &apos;sends delta when selected text is add…&apos;" time="0.01923931">
            <system-out>
[Agent] Starting new prompt: prompt-i...
[Agent] Turn 1 (model: test-model)

            </system-out>
            <failure message="this.config.getEffectiveContextLimit is not a function" type="TypeError">
TypeError: this.config.getEffectiveContextLimit is not a function
 ❯ TokenBudgetManager.getContextLimit src/core/client.ts:191:30
 ❯ TokenBudgetManager.evaluate src/core/tokenBudgetManager.ts:44:32
 ❯ GeminiClient.ensureRequestWithinBudget src/core/client.ts:850:38
 ❯ GeminiClient.sendMessageStream src/core/client.ts:651:39
 ❯ src/core/client.test.ts:1829:28
            </failure>
        </testcase>
        <testcase classname="src/core/client.test.ts" name="Gemini Client (client.ts) &gt; sendMessageStream &gt; Editor context delta &gt; &apos;sends delta when selected text is rem…&apos;" time="0.013668095">
            <system-out>
[Agent] Starting new prompt: prompt-i...
[Agent] Turn 1 (model: test-model)

            </system-out>
            <failure message="this.config.getEffectiveContextLimit is not a function" type="TypeError">
TypeError: this.config.getEffectiveContextLimit is not a function
 ❯ TokenBudgetManager.getContextLimit src/core/client.ts:191:30
 ❯ TokenBudgetManager.evaluate src/core/tokenBudgetManager.ts:44:32
 ❯ GeminiClient.ensureRequestWithinBudget src/core/client.ts:850:38
 ❯ GeminiClient.sendMessageStream src/core/client.ts:651:39
 ❯ src/core/client.test.ts:1829:28
            </failure>
        </testcase>
        <testcase classname="src/core/client.test.ts" name="Gemini Client (client.ts) &gt; sendMessageStream &gt; Editor context delta &gt; &apos;does not send context when nothing ch…&apos;" time="0.014091879">
            <system-out>
[Agent] Starting new prompt: prompt-i...
[Agent] Turn 1 (model: test-model)

            </system-out>
            <failure message="this.config.getEffectiveContextLimit is not a function" type="TypeError">
TypeError: this.config.getEffectiveContextLimit is not a function
 ❯ TokenBudgetManager.getContextLimit src/core/client.ts:191:30
 ❯ TokenBudgetManager.evaluate src/core/tokenBudgetManager.ts:44:32
 ❯ GeminiClient.ensureRequestWithinBudget src/core/client.ts:850:38
 ❯ GeminiClient.sendMessageStream src/core/client.ts:651:39
 ❯ src/core/client.test.ts:1829:28
            </failure>
        </testcase>
        <testcase classname="src/core/client.test.ts" name="Gemini Client (client.ts) &gt; sendMessageStream &gt; Editor context delta &gt; sends full context when history is cleared, even if editor state is unchanged" time="0.013755907">
            <system-out>
[Agent] Starting new prompt: prompt-i...
[Agent] Turn 1 (model: test-model)

            </system-out>
            <failure message="this.config.getEffectiveContextLimit is not a function" type="TypeError">
TypeError: this.config.getEffectiveContextLimit is not a function
 ❯ TokenBudgetManager.getContextLimit src/core/client.ts:191:30
 ❯ TokenBudgetManager.evaluate src/core/tokenBudgetManager.ts:44:32
 ❯ GeminiClient.ensureRequestWithinBudget src/core/client.ts:850:38
 ❯ GeminiClient.sendMessageStream src/core/client.ts:651:39
 ❯ src/core/client.test.ts:1898:26
            </failure>
        </testcase>
        <testcase classname="src/core/client.test.ts" name="Gemini Client (client.ts) &gt; sendMessageStream &gt; IDE context with pending tool calls &gt; should NOT add IDE context when a tool call is pending" time="0.02260421">
            <system-out>
[Agent] Starting new prompt: prompt-i...
[Agent] Turn 1 (model: test-model)

            </system-out>
            <failure message="this.config.getEffectiveContextLimit is not a function" type="TypeError">
TypeError: this.config.getEffectiveContextLimit is not a function
 ❯ TokenBudgetManager.getContextLimit src/core/client.ts:191:30
 ❯ TokenBudgetManager.evaluate src/core/tokenBudgetManager.ts:44:32
 ❯ GeminiClient.ensureRequestWithinBudget src/core/client.ts:850:38
 ❯ GeminiClient.sendMessageStream src/core/client.ts:651:39
 ❯ src/core/client.test.ts:1985:26
            </failure>
        </testcase>
        <testcase classname="src/core/client.test.ts" name="Gemini Client (client.ts) &gt; sendMessageStream &gt; IDE context with pending tool calls &gt; should add IDE context when no tool call is pending" time="0.012601651">
            <system-out>
[Agent] Starting new prompt: prompt-i...
[Agent] Turn 1 (model: test-model)

            </system-out>
            <failure message="this.config.getEffectiveContextLimit is not a function" type="TypeError">
TypeError: this.config.getEffectiveContextLimit is not a function
 ❯ TokenBudgetManager.getContextLimit src/core/client.ts:191:30
 ❯ TokenBudgetManager.evaluate src/core/tokenBudgetManager.ts:44:32
 ❯ GeminiClient.ensureRequestWithinBudget src/core/client.ts:850:38
 ❯ GeminiClient.sendMessageStream src/core/client.ts:651:39
 ❯ src/core/client.test.ts:2015:26
            </failure>
        </testcase>
        <testcase classname="src/core/client.test.ts" name="Gemini Client (client.ts) &gt; sendMessageStream &gt; IDE context with pending tool calls &gt; should send the latest IDE context on the next message after a skipped context" time="0.013560386">
            <system-out>
[Agent] Starting new prompt: prompt-i...
[Agent] Turn 1 (model: test-model)

            </system-out>
            <failure message="this.config.getEffectiveContextLimit is not a function" type="TypeError">
TypeError: this.config.getEffectiveContextLimit is not a function
 ❯ TokenBudgetManager.getContextLimit src/core/client.ts:191:30
 ❯ TokenBudgetManager.evaluate src/core/tokenBudgetManager.ts:44:32
 ❯ GeminiClient.ensureRequestWithinBudget src/core/client.ts:850:38
 ❯ GeminiClient.sendMessageStream src/core/client.ts:651:39
 ❯ src/core/client.test.ts:2066:26
            </failure>
        </testcase>
        <testcase classname="src/core/client.test.ts" name="Gemini Client (client.ts) &gt; sendMessageStream &gt; IDE context with pending tool calls &gt; should send a context DELTA on the next message after a skipped context" time="0.018365361">
            <system-out>
[Agent] Starting new prompt: prompt-i...
[Agent] Turn 1 (model: test-model)

            </system-out>
            <failure message="this.config.getEffectiveContextLimit is not a function" type="TypeError">
TypeError: this.config.getEffectiveContextLimit is not a function
 ❯ TokenBudgetManager.getContextLimit src/core/client.ts:191:30
 ❯ TokenBudgetManager.evaluate src/core/tokenBudgetManager.ts:44:32
 ❯ GeminiClient.ensureRequestWithinBudget src/core/client.ts:850:38
 ❯ GeminiClient.sendMessageStream src/core/client.ts:651:39
 ❯ src/core/client.test.ts:2159:26
            </failure>
        </testcase>
        <testcase classname="src/core/client.test.ts" name="Gemini Client (client.ts) &gt; sendMessageStream &gt; should not call checkNextSpeaker when turn.run() yields an error" time="0.013750368">
            <system-out>
[Agent] Starting new prompt: prompt-i...
[Agent] Turn 1 (model: test-model)

            </system-out>
            <failure message="this.config.getEffectiveContextLimit is not a function" type="TypeError">
TypeError: this.config.getEffectiveContextLimit is not a function
 ❯ TokenBudgetManager.getContextLimit src/core/client.ts:191:30
 ❯ TokenBudgetManager.evaluate src/core/tokenBudgetManager.ts:44:32
 ❯ GeminiClient.ensureRequestWithinBudget src/core/client.ts:850:38
 ❯ GeminiClient.sendMessageStream src/core/client.ts:651:39
 ❯ src/core/client.test.ts:2305:24
            </failure>
        </testcase>
        <testcase classname="src/core/client.test.ts" name="Gemini Client (client.ts) &gt; sendMessageStream &gt; should not call checkNextSpeaker when turn.run() yields a value then an error" time="0.020414525">
            <system-out>
[Agent] Starting new prompt: prompt-i...
[Agent] Turn 1 (model: test-model)

            </system-out>
            <failure message="this.config.getEffectiveContextLimit is not a function" type="TypeError">
TypeError: this.config.getEffectiveContextLimit is not a function
 ❯ TokenBudgetManager.getContextLimit src/core/client.ts:191:30
 ❯ TokenBudgetManager.evaluate src/core/tokenBudgetManager.ts:44:32
 ❯ GeminiClient.ensureRequestWithinBudget src/core/client.ts:850:38
 ❯ GeminiClient.sendMessageStream src/core/client.ts:651:39
 ❯ src/core/client.test.ts:2347:24
            </failure>
        </testcase>
        <testcase classname="src/core/client.test.ts" name="Gemini Client (client.ts) &gt; sendMessageStream &gt; does not run loop checks when skipLoopDetection is true" time="0.021316725">
            <system-out>
[Agent] Starting new prompt: prompt-i...
[Agent] Turn 1 (model: test-model)

            </system-out>
            <failure message="this.config.getEffectiveContextLimit is not a function" type="TypeError">
TypeError: this.config.getEffectiveContextLimit is not a function
 ❯ TokenBudgetManager.getContextLimit src/core/client.ts:191:30
 ❯ TokenBudgetManager.evaluate src/core/tokenBudgetManager.ts:44:32
 ❯ GeminiClient.ensureRequestWithinBudget src/core/client.ts:850:38
 ❯ GeminiClient.sendMessageStream src/core/client.ts:651:39
 ❯ src/core/client.test.ts:2393:24
            </failure>
        </testcase>
        <testcase classname="src/core/client.test.ts" name="Gemini Client (client.ts) &gt; sendMessageStream &gt; runs loop checks when skipLoopDetection is false" time="0.014386445">
            <system-out>
[Agent] Starting new prompt: prompt-i...
[Agent] Turn 1 (model: test-model)

            </system-out>
            <failure message="this.config.getEffectiveContextLimit is not a function" type="TypeError">
TypeError: this.config.getEffectiveContextLimit is not a function
 ❯ TokenBudgetManager.getContextLimit src/core/client.ts:191:30
 ❯ TokenBudgetManager.evaluate src/core/tokenBudgetManager.ts:44:32
 ❯ GeminiClient.ensureRequestWithinBudget src/core/client.ts:850:38
 ❯ GeminiClient.sendMessageStream src/core/client.ts:651:39
 ❯ src/core/client.test.ts:2440:24
            </failure>
        </testcase>
        <testcase classname="src/core/client.test.ts" name="Gemini Client (client.ts) &gt; generateContent &gt; should call generateContent with the correct parameters" time="0.01953087">
        </testcase>
        <testcase classname="src/core/client.test.ts" name="Gemini Client (client.ts) &gt; generateContent &gt; should use current model from config for content generation" time="0.023444716">
        </testcase>
        <testcase classname="src/core/client.test.ts" name="Gemini Client (client.ts) &gt; handleFlashFallback &gt; should use current model from config when checking for fallback" time="0.028016671">
        </testcase>
        <testcase classname="src/core/client.test.ts" name="Gemini Client (client.ts) &gt; setHistory &gt; should strip thought signatures when stripThoughts is true" time="0.020585622">
        </testcase>
        <testcase classname="src/core/client.test.ts" name="Gemini Client (client.ts) &gt; setHistory &gt; should not strip thought signatures when stripThoughts is false" time="0.015169936">
        </testcase>
        <testcase classname="src/core/client.test.ts" name="Gemini Client (client.ts) &gt; initialize &gt; should accept extraHistory parameter and pass it to startChat" time="0.026858335">
        </testcase>
        <testcase classname="src/core/client.test.ts" name="Gemini Client (client.ts) &gt; initialize &gt; should use empty array when no extraHistory is provided" time="0.021091248">
        </testcase>
        <testcase classname="src/core/client.test.ts" name="Gemini Client (client.ts) &gt; reinitialize &gt; should reinitialize with preserved user history" time="0.023146673">
        </testcase>
        <testcase classname="src/core/client.test.ts" name="Gemini Client (client.ts) &gt; reinitialize &gt; should not throw error when chat is not initialized" time="0.024385869">
        </testcase>
    </testsuite>
    <testsuite name="src/core/contentGenerator.test.ts" timestamp="2025-10-08T15:43:49.882Z" hostname="uby" tests="10" failures="0" errors="0" skipped="0" time="0.010537289">
        <testcase classname="src/core/contentGenerator.test.ts" name="createContentGenerator &gt; should create a CodeAssistContentGenerator" time="0.002428676">
        </testcase>
        <testcase classname="src/core/contentGenerator.test.ts" name="createContentGenerator &gt; should create a GoogleGenAI content generator" time="0.001679089">
        </testcase>
        <testcase classname="src/core/contentGenerator.test.ts" name="createContentGenerator &gt; should create a GoogleGenAI content generator with client install id logging disabled" time="0.000412594">
        </testcase>
        <testcase classname="src/core/contentGenerator.test.ts" name="createContentGeneratorConfig &gt; should configure for Gemini using GEMINI_API_KEY when set" time="0.001410852">
        </testcase>
        <testcase classname="src/core/contentGenerator.test.ts" name="createContentGeneratorConfig &gt; should not configure for Gemini if GEMINI_API_KEY is empty" time="0.000588058">
        </testcase>
        <testcase classname="src/core/contentGenerator.test.ts" name="createContentGeneratorConfig &gt; should configure for Vertex AI using GOOGLE_API_KEY when set" time="0.000531053">
        </testcase>
        <testcase classname="src/core/contentGenerator.test.ts" name="createContentGeneratorConfig &gt; should configure for Vertex AI using GCP project and location when set" time="0.000462036">
        </testcase>
        <testcase classname="src/core/contentGenerator.test.ts" name="createContentGeneratorConfig &gt; should not configure for Vertex AI if required env vars are empty" time="0.000417162">
        </testcase>
        <testcase classname="src/core/contentGenerator.test.ts" name="createContentGeneratorConfig &gt; should retain the config model for OpenAI when OPENAI_MODEL is not set" time="0.000506007">
        </testcase>
        <testcase classname="src/core/contentGenerator.test.ts" name="createContentGeneratorConfig &gt; should prefer OPENAI_MODEL when provided" time="0.000451786">
        </testcase>
    </testsuite>
    <testsuite name="src/core/coreToolScheduler.test.ts" timestamp="2025-10-08T15:43:49.882Z" hostname="uby" tests="24" failures="0" errors="0" skipped="0" time="0.25367218">
        <testcase classname="src/core/coreToolScheduler.test.ts" name="CoreToolScheduler &gt; should cancel a tool call if the signal is aborted before confirmation" time="0.038740705">
        </testcase>
        <testcase classname="src/core/coreToolScheduler.test.ts" name="CoreToolScheduler &gt; plan mode enforcement &gt; returns plan reminder and skips execution for edit tools" time="0.002547817">
        </testcase>
        <testcase classname="src/core/coreToolScheduler.test.ts" name="CoreToolScheduler &gt; plan mode enforcement &gt; allows read tools to execute in plan mode" time="0.012551508">
            <system-out>
[Tool] Starting: read_file (plan-2...)

[Tool] Completed: read_file in 2ms
[Tool] Success: read_file

            </system-out>
        </testcase>
        <testcase classname="src/core/coreToolScheduler.test.ts" name="CoreToolScheduler &gt; plan mode enforcement &gt; enforces shell command restrictions in plan mode" time="0.014366879">
            <system-out>
[Tool] Starting: run_shell_command (plan-she...)
[Tool] Args: {
  &quot;command&quot;: &quot;ls -la&quot;
}

[Tool] Completed: run_shell_command in 0ms
[Tool] Success: run_shell_command

            </system-out>
        </testcase>
        <testcase classname="src/core/coreToolScheduler.test.ts" name="CoreToolScheduler &gt; getToolSuggestion &gt; should suggest the top N closest tool names for a typo" time="0.00052427">
        </testcase>
        <testcase classname="src/core/coreToolScheduler.test.ts" name="CoreToolScheduler with payload &gt; should update args and diff and execute tool when payload is provided" time="0.004353981">
            <system-out>
[Tool] Starting: mockModifiableTool (1...)
[Tool] Args: {
  &quot;newContent&quot;: &quot;final version&quot;
}

[Tool] Completed: mockModifiableTool in 0ms
[Tool] Success: mockModifiableTool

            </system-out>
        </testcase>
        <testcase classname="src/core/coreToolScheduler.test.ts" name="convertToFunctionResponse &gt; should handle simple string llmContent" time="0.000306517">
        </testcase>
        <testcase classname="src/core/coreToolScheduler.test.ts" name="convertToFunctionResponse &gt; should handle llmContent as a single Part with text" time="0.000319051">
        </testcase>
        <testcase classname="src/core/coreToolScheduler.test.ts" name="convertToFunctionResponse &gt; should handle llmContent as a PartListUnion array with a single text Part" time="0.00023214">
        </testcase>
        <testcase classname="src/core/coreToolScheduler.test.ts" name="convertToFunctionResponse &gt; should handle llmContent with inlineData" time="0.000197516">
        </testcase>
        <testcase classname="src/core/coreToolScheduler.test.ts" name="convertToFunctionResponse &gt; should handle llmContent with fileData" time="0.000145339">
        </testcase>
        <testcase classname="src/core/coreToolScheduler.test.ts" name="convertToFunctionResponse &gt; should handle llmContent as an array of multiple Parts (text and inlineData)" time="0.00018374">
        </testcase>
        <testcase classname="src/core/coreToolScheduler.test.ts" name="convertToFunctionResponse &gt; should handle llmContent as an array with a single inlineData Part" time="0.000081511">
        </testcase>
        <testcase classname="src/core/coreToolScheduler.test.ts" name="convertToFunctionResponse &gt; should handle llmContent as a generic Part (not text, inlineData, or fileData)" time="0.000064299">
        </testcase>
        <testcase classname="src/core/coreToolScheduler.test.ts" name="convertToFunctionResponse &gt; should handle empty string llmContent" time="0.000049712">
        </testcase>
        <testcase classname="src/core/coreToolScheduler.test.ts" name="convertToFunctionResponse &gt; should handle llmContent as an empty array" time="0.000060121">
        </testcase>
        <testcase classname="src/core/coreToolScheduler.test.ts" name="convertToFunctionResponse &gt; should handle llmContent as a Part with undefined inlineData/fileData/text" time="0.000065491">
        </testcase>
        <testcase classname="src/core/coreToolScheduler.test.ts" name="CoreToolScheduler edit cancellation &gt; should preserve diff when an edit is cancelled" time="0.001284298">
        </testcase>
        <testcase classname="src/core/coreToolScheduler.test.ts" name="CoreToolScheduler YOLO mode &gt; should execute tool requiring confirmation directly without waiting" time="0.002737338">
            <system-out>
[Tool] Starting: mockTool (1...)
[Tool] Args: {
  &quot;param&quot;: &quot;value&quot;
}

[Tool] Completed: mockTool in 0ms
[Tool] Success: mockTool

            </system-out>
        </testcase>
        <testcase classname="src/core/coreToolScheduler.test.ts" name="CoreToolScheduler cancellation during executing with live output &gt; sets status to cancelled and preserves last output" time="0.103445299">
            <system-out>
[Tool] Starting: stream-tool (1...)
[Tool] Args: {
  &quot;id&quot;: &quot;x&quot;
}

[Tool] Completed: stream-tool in 51ms
[Tool] Cancelled: stream-tool

            </system-out>
        </testcase>
        <testcase classname="src/core/coreToolScheduler.test.ts" name="CoreToolScheduler request queueing &gt; should queue a request if another is running" time="0.013301467">
            <system-out>
[Tool] Starting: mockTool (1...)
[Tool] Args: {
  &quot;a&quot;: 1
}

[Tool] Completed: mockTool in 11ms
[Tool] Success: mockTool

[Tool] Starting: mockTool (2...)
[Tool] Args: {
  &quot;b&quot;: 2
}

[Tool] Completed: mockTool in 0ms
[Tool] Success: mockTool

            </system-out>
        </testcase>
        <testcase classname="src/core/coreToolScheduler.test.ts" name="CoreToolScheduler request queueing &gt; should auto-approve a tool call if it is on the allowedTools list" time="0.001999422">
            <system-out>
[Tool] Starting: mockTool (1...)
[Tool] Args: {
  &quot;param&quot;: &quot;value&quot;
}

[...]
        </testcase>
        <testcase classname="src/utils/request-tokenizer/textTokenizer.test.ts" name="TextTokenizer &gt; calculateTokens &gt; should use custom encoding when specified" time="0.000299093">
        </testcase>
        <testcase classname="src/utils/request-tokenizer/textTokenizer.test.ts" name="TextTokenizer &gt; calculateTokensBatch &gt; should process multiple texts and return token counts" time="0.000565277">
        </testcase>
        <testcase classname="src/utils/request-tokenizer/textTokenizer.test.ts" name="TextTokenizer &gt; calculateTokensBatch &gt; should handle empty array" time="0.000181136">
        </testcase>
        <testcase classname="src/utils/request-tokenizer/textTokenizer.test.ts" name="TextTokenizer &gt; calculateTokensBatch &gt; should handle array with empty strings" time="0.001035487">
        </testcase>
        <testcase classname="src/utils/request-tokenizer/textTokenizer.test.ts" name="TextTokenizer &gt; calculateTokensBatch &gt; should use fallback calculation when tiktoken fails to load" time="0.000500206">
        </testcase>
        <testcase classname="src/utils/request-tokenizer/textTokenizer.test.ts" name="TextTokenizer &gt; calculateTokensBatch &gt; should use fallback calculation when encoding fails during batch processing" time="0.000378">
        </testcase>
        <testcase classname="src/utils/request-tokenizer/textTokenizer.test.ts" name="TextTokenizer &gt; calculateTokensBatch &gt; should handle null and undefined values in batch" time="0.000217453">
        </testcase>
        <testcase classname="src/utils/request-tokenizer/textTokenizer.test.ts" name="TextTokenizer &gt; dispose &gt; should free tiktoken encoding when disposing" time="0.00036174">
        </testcase>
        <testcase classname="src/utils/request-tokenizer/textTokenizer.test.ts" name="TextTokenizer &gt; dispose &gt; should handle disposal when encoding is not initialized" time="0.001406394">
        </testcase>
        <testcase classname="src/utils/request-tokenizer/textTokenizer.test.ts" name="TextTokenizer &gt; dispose &gt; should handle disposal when encoding is null" time="0.000364054">
        </testcase>
        <testcase classname="src/utils/request-tokenizer/textTokenizer.test.ts" name="TextTokenizer &gt; dispose &gt; should handle errors during disposal gracefully" time="0.000381937">
        </testcase>
        <testcase classname="src/utils/request-tokenizer/textTokenizer.test.ts" name="TextTokenizer &gt; dispose &gt; should allow multiple calls to dispose" time="0.000259881">
        </testcase>
        <testcase classname="src/utils/request-tokenizer/textTokenizer.test.ts" name="TextTokenizer &gt; lazy initialization &gt; should not initialize tiktoken until first use" time="0.00019454">
        </testcase>
        <testcase classname="src/utils/request-tokenizer/textTokenizer.test.ts" name="TextTokenizer &gt; lazy initialization &gt; should initialize tiktoken on first calculateTokens call" time="0.000217223">
        </testcase>
        <testcase classname="src/utils/request-tokenizer/textTokenizer.test.ts" name="TextTokenizer &gt; lazy initialization &gt; should not reinitialize tiktoken on subsequent calls" time="0.000231549">
        </testcase>
        <testcase classname="src/utils/request-tokenizer/textTokenizer.test.ts" name="TextTokenizer &gt; lazy initialization &gt; should initialize tiktoken on first calculateTokensBatch call" time="0.000392076">
        </testcase>
        <testcase classname="src/utils/request-tokenizer/textTokenizer.test.ts" name="TextTokenizer &gt; edge cases &gt; should handle very short text" time="0.000933328">
        </testcase>
        <testcase classname="src/utils/request-tokenizer/textTokenizer.test.ts" name="TextTokenizer &gt; edge cases &gt; should handle text with only whitespace" time="0.000277814">
        </testcase>
        <testcase classname="src/utils/request-tokenizer/textTokenizer.test.ts" name="TextTokenizer &gt; edge cases &gt; should handle special characters and symbols" time="0.000223954">
        </testcase>
    </testsuite>
    <testsuite name="src/core/openaiContentGenerator/provider/dashscope.test.ts" timestamp="2025-10-08T15:43:49.985Z" hostname="uby" tests="33" failures="0" errors="0" skipped="0" time="0.014554717">
        <testcase classname="src/core/openaiContentGenerator/provider/dashscope.test.ts" name="DashScopeOpenAICompatibleProvider &gt; constructor &gt; should initialize with provided configs" time="0.002165549">
        </testcase>
        <testcase classname="src/core/openaiContentGenerator/provider/dashscope.test.ts" name="DashScopeOpenAICompatibleProvider &gt; isDashScopeProvider &gt; should return true for QWEN_OAUTH auth type" time="0.000505336">
        </testcase>
        <testcase classname="src/core/openaiContentGenerator/provider/dashscope.test.ts" name="DashScopeOpenAICompatibleProvider &gt; isDashScopeProvider &gt; should return true for DashScope domestic URL" time="0.00024269">
        </testcase>
        <testcase classname="src/core/openaiContentGenerator/provider/dashscope.test.ts" name="DashScopeOpenAICompatibleProvider &gt; isDashScopeProvider &gt; should return true for DashScope international URL" time="0.000191063">
        </testcase>
        <testcase classname="src/core/openaiContentGenerator/provider/dashscope.test.ts" name="DashScopeOpenAICompatibleProvider &gt; isDashScopeProvider &gt; should return false for non-DashScope configurations" time="0.000290327">
        </testcase>
        <testcase classname="src/core/openaiContentGenerator/provider/dashscope.test.ts" name="DashScopeOpenAICompatibleProvider &gt; buildHeaders &gt; should build DashScope-specific headers" time="0.001025769">
        </testcase>
        <testcase classname="src/core/openaiContentGenerator/provider/dashscope.test.ts" name="DashScopeOpenAICompatibleProvider &gt; buildHeaders &gt; should handle unknown CLI version" time="0.000260613">
        </testcase>
        <testcase classname="src/core/openaiContentGenerator/provider/dashscope.test.ts" name="DashScopeOpenAICompatibleProvider &gt; buildClient &gt; should create OpenAI client with DashScope configuration" time="0.001516798">
        </testcase>
        <testcase classname="src/core/openaiContentGenerator/provider/dashscope.test.ts" name="DashScopeOpenAICompatibleProvider &gt; buildClient &gt; should use default timeout and maxRetries when not provided" time="0.000547674">
        </testcase>
        <testcase classname="src/core/openaiContentGenerator/provider/dashscope.test.ts" name="DashScopeOpenAICompatibleProvider &gt; buildMetadata &gt; should build metadata with session and prompt IDs" time="0.000241617">
        </testcase>
        <testcase classname="src/core/openaiContentGenerator/provider/dashscope.test.ts" name="DashScopeOpenAICompatibleProvider &gt; buildMetadata &gt; should handle missing session ID" time="0.00020494">
        </testcase>
        <testcase classname="src/core/openaiContentGenerator/provider/dashscope.test.ts" name="DashScopeOpenAICompatibleProvider &gt; buildRequest &gt; should add cache control to system message only for non-streaming requests" time="0.001155229">
        </testcase>
        <testcase classname="src/core/openaiContentGenerator/provider/dashscope.test.ts" name="DashScopeOpenAICompatibleProvider &gt; buildRequest &gt; should add cache control to both system and last messages for streaming requests" time="0.000418826">
        </testcase>
        <testcase classname="src/core/openaiContentGenerator/provider/dashscope.test.ts" name="DashScopeOpenAICompatibleProvider &gt; buildRequest &gt; should include metadata in the request" time="0.000243571">
        </testcase>
        <testcase classname="src/core/openaiContentGenerator/provider/dashscope.test.ts" name="DashScopeOpenAICompatibleProvider &gt; buildRequest &gt; should preserve all original request parameters" time="0.00054554">
        </testcase>
        <testcase classname="src/core/openaiContentGenerator/provider/dashscope.test.ts" name="DashScopeOpenAICompatibleProvider &gt; buildRequest &gt; should skip cache control when disabled" time="0.000197907">
        </testcase>
        <testcase classname="src/core/openaiContentGenerator/provider/dashscope.test.ts" name="DashScopeOpenAICompatibleProvider &gt; buildRequest &gt; should handle messages with array content for streaming requests" time="0.000279077">
        </testcase>
        <testcase classname="src/core/openaiContentGenerator/provider/dashscope.test.ts" name="DashScopeOpenAICompatibleProvider &gt; buildRequest &gt; should handle empty messages array" time="0.000174733">
        </testcase>
        <testcase classname="src/core/openaiContentGenerator/provider/dashscope.test.ts" name="DashScopeOpenAICompatibleProvider &gt; buildRequest &gt; should handle messages without content for streaming requests" time="0.000146942">
        </testcase>
        <testcase classname="src/core/openaiContentGenerator/provider/dashscope.test.ts" name="DashScopeOpenAICompatibleProvider &gt; buildRequest &gt; should add cache control to last text item in mixed content for streaming requests" time="0.000191795">
        </testcase>
        <testcase classname="src/core/openaiContentGenerator/provider/dashscope.test.ts" name="DashScopeOpenAICompatibleProvider &gt; buildRequest &gt; should add empty text item with cache control if last item is not text for streaming requests" time="0.000158834">
        </testcase>
        <testcase classname="src/core/openaiContentGenerator/provider/dashscope.test.ts" name="DashScopeOpenAICompatibleProvider &gt; cache control edge cases &gt; should handle request with only system message" time="0.000174413">
        </testcase>
        <testcase classname="src/core/openaiContentGenerator/provider/dashscope.test.ts" name="DashScopeOpenAICompatibleProvider &gt; cache control edge cases &gt; should handle request without system message for streaming requests" time="0.000241046">
        </testcase>
        <testcase classname="src/core/openaiContentGenerator/provider/dashscope.test.ts" name="DashScopeOpenAICompatibleProvider &gt; cache control edge cases &gt; should handle empty content array for streaming requests" time="0.000168272">
        </testcase>
        <testcase classname="src/core/openaiContentGenerator/provider/dashscope.test.ts" name="DashScopeOpenAICompatibleProvider &gt; output token limits &gt; should limit max_tokens when it exceeds model limit for qwen3-coder-plus" time="0.000215108">
        </testcase>
        <testcase classname="src/core/openaiContentGenerator/provider/dashscope.test.ts" name="DashScopeOpenAICompatibleProvider &gt; output token limits &gt; should limit max_tokens when it exceeds model limit for qwen-vl-max-latest" time="0.000241578">
        </testcase>
        <testcase classname="src/core/openaiContentGenerator/provider/dashscope.test.ts" name="DashScopeOpenAICompatibleProvider &gt; output token limits &gt; should not modify max_tokens when it is within model limit" time="0.000214307">
        </testcase>
        <testcase classname="src/core/openaiContentGenerator/provider/dashscope.test.ts" name="DashScopeOpenAICompatibleProvider &gt; output token limits &gt; should not add max_tokens when not present in request" time="0.000126685">
        </testcase>
        <testcase classname="src/core/openaiContentGenerator/provider/dashscope.test.ts" name="DashScopeOpenAICompatibleProvider &gt; output token limits &gt; should handle null max_tokens parameter" time="0.000089716">
        </testcase>
        <testcase classname="src/core/openaiContentGenerator/provider/dashscope.test.ts" name="DashScopeOpenAICompatibleProvider &gt; output token limits &gt; should use default output limit for unknown models" time="0.000120924">
        </testcase>
        <testcase classname="src/core/openaiContentGenerator/provider/dashscope.test.ts" name="DashScopeOpenAICompatibleProvider &gt; output token limits &gt; should preserve other request parameters when limiting max_tokens" time="0.000183119">
        </testcase>
        <testcase classname="src/core/openaiContentGenerator/provider/dashscope.test.ts" name="DashScopeOpenAICompatibleProvider &gt; output token limits &gt; should work with vision models and output token limits" time="0.000117107">
        </testcase>
        <testcase classname="src/core/openaiContentGenerator/provider/dashscope.test.ts" name="DashScopeOpenAICompatibleProvider &gt; output token limits &gt; should handle streaming requests with output token limits" time="0.000112067">
        </testcase>
    </testsuite>
    <testsuite name="src/core/openaiContentGenerator/provider/default.test.ts" timestamp="2025-10-08T15:43:49.987Z" hostname="uby" tests="11" failures="0" errors="0" skipped="0" time="0.007005219">
        <testcase classname="src/core/openaiContentGenerator/provider/default.test.ts" name="DefaultOpenAICompatibleProvider &gt; constructor &gt; should initialize with provided configs" time="0.001464862">
        </testcase>
        <testcase classname="src/core/openaiContentGenerator/provider/default.test.ts" name="DefaultOpenAICompatibleProvider &gt; buildHeaders &gt; should build headers with User-Agent" time="0.000727878">
        </testcase>
        <testcase classname="src/core/openaiContentGenerator/provider/default.test.ts" name="DefaultOpenAICompatibleProvider &gt; buildHeaders &gt; should handle unknown CLI version" time="0.000193619">
        </testcase>
        <testcase classname="src/core/openaiContentGenerator/provider/default.test.ts" name="DefaultOpenAICompatibleProvider &gt; buildClient &gt; should create OpenAI client with correct configuration" time="0.000953996">
        </testcase>
        <testcase classname="src/core/openaiContentGenerator/provider/default.test.ts" name="DefaultOpenAICompatibleProvider &gt; buildClient &gt; should use default timeout and maxRetries when not provided" time="0.000257968">
        </testcase>
        <testcase classname="src/core/openaiContentGenerator/provider/default.test.ts" name="DefaultOpenAICompatibleProvider &gt; buildClient &gt; should include custom headers from buildHeaders" time="0.001093825">
        </testcase>
        <testcase classname="src/core/openaiContentGenerator/provider/default.test.ts" name="DefaultOpenAICompatibleProvider &gt; buildRequest &gt; should pass through all request parameters unchanged" time="0.000399199">
        </testcase>
        <testcase classname="src/core/openaiContentGenerator/provider/default.test.ts" name="DefaultOpenAICompatibleProvider &gt; buildRequest &gt; should preserve all sampling parameters" time="0.000279157">
        </testcase>
        <testcase classname="src/core/openaiContentGenerator/provider/default.test.ts" name="DefaultOpenAICompatibleProvider &gt; buildRequest &gt; should handle minimal request parameters" time="0.000111797">
        </testcase>
        <testcase classname="src/core/openaiContentGenerator/provider/default.test.ts" name="DefaultOpenAICompatibleProvider &gt; buildRequest &gt; should handle streaming requests" time="0.000117367">
        </testcase>
        <testcase classname="src/core/openaiContentGenerator/provider/default.test.ts" name="DefaultOpenAICompatibleProvider &gt; buildRequest &gt; should not modify the original request object" time="0.000119341">
        </testcase>
    </testsuite>
    <testsuite name="src/core/openaiContentGenerator/provider/lmstudio.test.ts" timestamp="2025-10-08T15:43:49.987Z" hostname="uby" tests="4" failures="0" errors="0" skipped="0" time="0.696796285">
        <testcase classname="src/core/openaiContentGenerator/provider/lmstudio.test.ts" name="LMStudioOpenAICompatibleProvider &gt; isLMStudioProvider &gt; should return true for LM Studio base URLs" time="0.002267428">
        </testcase>
        <testcase classname="src/core/openaiContentGenerator/provider/lmstudio.test.ts" name="LMStudioOpenAICompatibleProvider &gt; isLMStudioProvider &gt; should return false for non-LM Studio base URLs" time="0.000199179">
        </testcase>
        <testcase classname="src/core/openaiContentGenerator/provider/lmstudio.test.ts" name="LMStudioOpenAICompatibleProvider &gt; buildHeaders &gt; should remove User-Agent header for LM Studio compatibility" time="0.000374954">
        </testcase>
        <testcase classname="src/core/openaiContentGenerator/provider/lmstudio.test.ts" name="LMStudioOpenAICompatibleProvider &gt; unloadModel &gt; should attempt to unload the model without throwing an error" time="0.692565371">
        </testcase>
    </testsuite>
    <testsuite name="src/core/openaiContentGenerator/provider/openrouter.test.ts" timestamp="2025-10-08T15:43:49.987Z" hostname="uby" tests="12" failures="0" errors="0" skipped="0" time="0.011614603">
        <testcase classname="src/core/openaiContentGenerator/provider/openrouter.test.ts" name="OpenRouterOpenAICompatibleProvider &gt; constructor &gt; should extend DefaultOpenAICompatibleProvider" time="0.002941275">
        </testcase>
        <testcase classname="src/core/openaiContentGenerator/provider/openrouter.test.ts" name="OpenRouterOpenAICompatibleProvider &gt; isOpenRouterProvider &gt; should return true for openrouter.ai URLs" time="0.000505146">
        </testcase>
        <testcase classname="src/core/openaiContentGenerator/provider/openrouter.test.ts" name="OpenRouterOpenAICompatibleProvider &gt; isOpenRouterProvider &gt; should return false for non-openrouter URLs" time="0.000420529">
        </testcase>
        <testcase classname="src/core/openaiContentGenerator/provider/openrouter.test.ts" name="OpenRouterOpenAICompatibleProvider &gt; isOpenRouterProvider &gt; should handle missing baseUrl gracefully" time="0.000277644">
        </testcase>
        <testcase classname="src/core/openaiContentGenerator/provider/openrouter.test.ts" name="OpenRouterOpenAICompatibleProvider &gt; buildHeaders &gt; should include base headers from parent class" time="0.001167983">
        </testcase>
        <testcase classname="src/core/openaiContentGenerator/provider/openrouter.test.ts" name="OpenRouterOpenAICompatibleProvider &gt; buildHeaders &gt; should add OpenRouter-specific headers" time="0.000910997">
        </testcase>
        <testcase classname="src/core/openaiContentGenerator/provider/openrouter.test.ts" name="OpenRouterOpenAICompatibleProvider &gt; buildHeaders &gt; should override parent headers if there are conflicts" time="0.000477043">
        </testcase>
        <testcase classname="src/core/openaiContentGenerator/provider/openrouter.test.ts" name="OpenRouterOpenAICompatibleProvider &gt; buildHeaders &gt; should handle unknown CLI version from parent" time="0.000678576">
        </testcase>
        <testcase classname="src/core/openaiContentGenerator/provider/openrouter.test.ts" name="OpenRouterOpenAICompatibleProvider &gt; buildClient &gt; should inherit buildClient behavior from parent" time="0.000725623">
        </testcase>
        <testcase classname="src/core/openaiContentGenerator/provider/openrouter.test.ts" name="OpenRouterOpenAICompatibleProvider &gt; buildRequest &gt; should inherit buildRequest behavior from parent" time="0.001149719">
        </testcase>
        <testcase classname="src/core/openaiContentGenerator/provider/openrouter.test.ts" name="OpenRouterOpenAICompatibleProvider &gt; integration with parent class &gt; should properly call parent constructor" time="0.000592977">
        </testcase>
        <testcase classname="src/core/openaiContentGenerator/provider/openrouter.test.ts" name="OpenRouterOpenAICompatibleProvider &gt; integration with parent class &gt; should maintain parent functionality while adding OpenRouter specifics" time="0.000205009">
        </testcase>
    </testsuite>
</testsuites>
