<?xml version="1.0" encoding="UTF-8" ?>
<testsuites name="vitest tests" tests="2" failures="0" errors="0" time="0.00150808">
    <testsuite name="src/ui/commands/promptCommand.test.ts" timestamp="2026-02-11T13:08:38.576Z" hostname="uby" tests="2" failures="0" errors="0" skipped="0" time="0.00150808">
        <testcase classname="src/ui/commands/promptCommand.test.ts" name="promptCommand &gt; should have the correct name and description" time="0.000743966">
        </testcase>
        <testcase classname="src/ui/commands/promptCommand.test.ts" name="promptCommand &gt; should have an action function" time="0.000095156">
        </testcase>
    </testsuite>
</testsuites>
