<?xml version="1.0" encoding="UTF-8" ?>
<testsuites name="vitest tests" tests="1981" failures="4" errors="0" time="30.805807298">
    <testsuite name="src/gemini.test.tsx" timestamp="2025-10-05T22:46:09.439Z" hostname="uby" tests="8" failures="0" errors="0" skipped="0" time="0.019001503">
        <testcase classname="src/gemini.test.tsx" name="gemini.tsx main function &gt; should throw InvalidConfigurationError if settings have errors" time="0.004257688">
        </testcase>
        <testcase classname="src/gemini.test.tsx" name="gemini.tsx main function &gt; should log unhandled promise rejections and open debug console on first error" time="0.008388931">
        </testcase>
        <testcase classname="src/gemini.test.tsx" name="validateDnsResolutionOrder &gt; should return &quot;ipv4first&quot; when the input is &quot;ipv4first&quot;" time="0.00051405">
        </testcase>
        <testcase classname="src/gemini.test.tsx" name="validateDnsResolutionOrder &gt; should return &quot;verbatim&quot; when the input is &quot;verbatim&quot;" time="0.000224916">
        </testcase>
        <testcase classname="src/gemini.test.tsx" name="validateDnsResolutionOrder &gt; should return the default &quot;ipv4first&quot; when the input is undefined" time="0.000159835">
        </testcase>
        <testcase classname="src/gemini.test.tsx" name="validateDnsResolutionOrder &gt; should return the default &quot;ipv4first&quot; and log a warning for an invalid string" time="0.000271231">
        </testcase>
        <testcase classname="src/gemini.test.tsx" name="startInteractiveUI &gt; should render the UI with proper React context and exitOnCtrlC disabled" time="0.002362486">
        </testcase>
        <testcase classname="src/gemini.test.tsx" name="startInteractiveUI &gt; should perform all startup tasks in correct order" time="0.001003524">
        </testcase>
    </testsuite>
    <testsuite name="src/nonInteractiveCli.test.ts" timestamp="2025-10-05T22:46:09.441Z" hostname="uby" tests="7" failures="0" errors="0" skipped="0" time="0.019963259">
        <testcase classname="src/nonInteractiveCli.test.ts" name="runNonInteractive &gt; should process input and write text output" time="0.006617849">
        </testcase>
        <testcase classname="src/nonInteractiveCli.test.ts" name="runNonInteractive &gt; should handle a single tool call and respond" time="0.002536116">
        </testcase>
        <testcase classname="src/nonInteractiveCli.test.ts" name="runNonInteractive &gt; should handle error during tool execution and should send error back to the model" time="0.001225625">
        </testcase>
        <testcase classname="src/nonInteractiveCli.test.ts" name="runNonInteractive &gt; should exit with error if sendMessageStream throws initially" time="0.001878701">
        </testcase>
        <testcase classname="src/nonInteractiveCli.test.ts" name="runNonInteractive &gt; should not exit if a tool is not found, and should send error back to model" time="0.001916201">
        </testcase>
        <testcase classname="src/nonInteractiveCli.test.ts" name="runNonInteractive &gt; should exit when max session turns are exceeded" time="0.002172805">
        </testcase>
        <testcase classname="src/nonInteractiveCli.test.ts" name="runNonInteractive &gt; should preprocess @include commands before sending to the model" time="0.001949672">
        </testcase>
    </testsuite>
    <testsuite name="src/validateNonInterActiveAuth.test.ts" timestamp="2025-10-05T22:46:09.441Z" hostname="uby" tests="13" failures="0" errors="0" skipped="0" time="0.013395974">
        <testcase classname="src/validateNonInterActiveAuth.test.ts" name="validateNonInterActiveAuth &gt; exits if no auth type is configured or env vars set" time="0.005282491">
        </testcase>
        <testcase classname="src/validateNonInterActiveAuth.test.ts" name="validateNonInterActiveAuth &gt; uses LOGIN_WITH_GOOGLE if GOOGLE_GENAI_USE_GCA is set" time="0.001816206">
        </testcase>
        <testcase classname="src/validateNonInterActiveAuth.test.ts" name="validateNonInterActiveAuth &gt; uses USE_GEMINI if GEMINI_API_KEY is set" time="0.000560716">
        </testcase>
        <testcase classname="src/validateNonInterActiveAuth.test.ts" name="validateNonInterActiveAuth &gt; uses USE_OPENAI if OPENAI_API_KEY is set" time="0.000587676">
        </testcase>
        <testcase classname="src/validateNonInterActiveAuth.test.ts" name="validateNonInterActiveAuth &gt; uses configured QWEN_OAUTH if provided" time="0.000402113">
        </testcase>
        <testcase classname="src/validateNonInterActiveAuth.test.ts" name="validateNonInterActiveAuth &gt; uses USE_VERTEX_AI if GOOGLE_GENAI_USE_VERTEXAI is true (with GOOGLE_CLOUD_PROJECT and GOOGLE_CLOUD_LOCATION)" time="0.000375073">
        </testcase>
        <testcase classname="src/validateNonInterActiveAuth.test.ts" name="validateNonInterActiveAuth &gt; uses USE_VERTEX_AI if GOOGLE_GENAI_USE_VERTEXAI is true and GOOGLE_API_KEY is set" time="0.000334408">
        </testcase>
        <testcase classname="src/validateNonInterActiveAuth.test.ts" name="validateNonInterActiveAuth &gt; uses LOGIN_WITH_GOOGLE if GOOGLE_GENAI_USE_GCA is set, even with other env vars" time="0.000370905">
        </testcase>
        <testcase classname="src/validateNonInterActiveAuth.test.ts" name="validateNonInterActiveAuth &gt; uses USE_VERTEX_AI if both GEMINI_API_KEY and GOOGLE_GENAI_USE_VERTEXAI are set" time="0.000364855">
        </testcase>
        <testcase classname="src/validateNonInterActiveAuth.test.ts" name="validateNonInterActiveAuth &gt; uses USE_GEMINI if GOOGLE_GENAI_USE_VERTEXAI is false, GEMINI_API_KEY is set, and project/location are available" time="0.00037899">
        </testcase>
        <testcase classname="src/validateNonInterActiveAuth.test.ts" name="validateNonInterActiveAuth &gt; uses configuredAuthType if provided" time="0.000375794">
        </testcase>
        <testcase classname="src/validateNonInterActiveAuth.test.ts" name="validateNonInterActiveAuth &gt; exits if validateAuthMethod returns error" time="0.000497259">
        </testcase>
        <testcase classname="src/validateNonInterActiveAuth.test.ts" name="validateNonInterActiveAuth &gt; skips validation if useExternalAuth is true" time="0.000509091">
        </testcase>
    </testsuite>
    <testsuite name="src/commands/mcp.test.ts" timestamp="2025-10-05T22:46:09.442Z" hostname="uby" tests="3" failures="0" errors="0" skipped="0" time="0.007168857">
        <testcase classname="src/commands/mcp.test.ts" name="mcp command &gt; should have correct command definition" time="0.000987455">
        </testcase>
        <testcase classname="src/commands/mcp.test.ts" name="mcp command &gt; should have exactly one option (help flag)" time="0.00291725">
        </testcase>
        <testcase classname="src/commands/mcp.test.ts" name="mcp command &gt; should register add, remove, and list subcommands" time="0.002170871">
        </testcase>
    </testsuite>
    <testsuite name="src/config/auth.test.ts" timestamp="2025-10-05T22:46:09.442Z" hostname="uby" tests="8" failures="0" errors="0" skipped="0" time="0.006188145">
        <testcase classname="src/config/auth.test.ts" name="validateAuthMethod &gt; should return null for LOGIN_WITH_GOOGLE" time="0.002409523">
        </testcase>
        <testcase classname="src/config/auth.test.ts" name="validateAuthMethod &gt; should return null for CLOUD_SHELL" time="0.00070859">
        </testcase>
        <testcase classname="src/config/auth.test.ts" name="validateAuthMethod &gt; USE_GEMINI &gt; should return null if GEMINI_API_KEY is set" time="0.00040594">
        </testcase>
        <testcase classname="src/config/auth.test.ts" name="validateAuthMethod &gt; USE_GEMINI &gt; should return an error message if GEMINI_API_KEY is not set" time="0.000356158">
        </testcase>
        <testcase classname="src/config/auth.test.ts" name="validateAuthMethod &gt; USE_VERTEX_AI &gt; should return null if GOOGLE_CLOUD_PROJECT and GOOGLE_CLOUD_LOCATION are set" time="0.000230886">
        </testcase>
        <testcase classname="src/config/auth.test.ts" name="validateAuthMethod &gt; USE_VERTEX_AI &gt; should return null if GOOGLE_API_KEY is set" time="0.000242739">
        </testcase>
        <testcase classname="src/config/auth.test.ts" name="validateAuthMethod &gt; USE_VERTEX_AI &gt; should return an error message if no required environment variables are set" time="0.000170746">
        </testcase>
        <testcase classname="src/config/auth.test.ts" name="validateAuthMethod &gt; should return an error message for an invalid auth method" time="0.00048164">
        </testcase>
    </testsuite>
    <testsuite name="src/config/config.integration.test.ts" timestamp="2025-10-05T22:46:09.442Z" hostname="uby" tests="19" failures="0" errors="0" skipped="0" time="0.884535632">
        <testcase classname="src/config/config.integration.test.ts" name="Configuration Integration Tests &gt; File Filtering Configuration &gt; should load default file filtering settings" time="0.026306942">
        </testcase>
        <testcase classname="src/config/config.integration.test.ts" name="Configuration Integration Tests &gt; File Filtering Configuration &gt; should load custom file filtering settings from configuration" time="0.001424803">
        </testcase>
        <testcase classname="src/config/config.integration.test.ts" name="Configuration Integration Tests &gt; File Filtering Configuration &gt; should merge user and workspace file filtering settings" time="0.001319398">
        </testcase>
        <testcase classname="src/config/config.integration.test.ts" name="Configuration Integration Tests &gt; Configuration Integration &gt; should handle partial configuration objects gracefully" time="0.000825615">
        </testcase>
        <testcase classname="src/config/config.integration.test.ts" name="Configuration Integration Tests &gt; Configuration Integration &gt; should handle empty configuration objects gracefully" time="0.000821428">
        </testcase>
        <testcase classname="src/config/config.integration.test.ts" name="Configuration Integration Tests &gt; Configuration Integration &gt; should handle missing configuration sections gracefully" time="0.000784279">
        </testcase>
        <testcase classname="src/config/config.integration.test.ts" name="Configuration Integration Tests &gt; Real-world Configuration Scenarios &gt; should handle a security-focused configuration" time="0.003085311">
        </testcase>
        <testcase classname="src/config/config.integration.test.ts" name="Configuration Integration Tests &gt; Real-world Configuration Scenarios &gt; should handle a CI/CD environment configuration" time="0.002506071">
        </testcase>
        <testcase classname="src/config/config.integration.test.ts" name="Configuration Integration Tests &gt; Checkpointing Configuration &gt; should enable checkpointing when the setting is true" time="0.001355595">
        </testcase>
        <testcase classname="src/config/config.integration.test.ts" name="Configuration Integration Tests &gt; Extension Context Files &gt; should have an empty array for extension context files by default" time="0.001471519">
        </testcase>
        <testcase classname="src/config/config.integration.test.ts" name="Configuration Integration Tests &gt; Extension Context Files &gt; should correctly store and return extension context file paths" time="0.004344899">
        </testcase>
        <testcase classname="src/config/config.integration.test.ts" name="Configuration Integration Tests &gt; Approval Mode Integration Tests &gt; should parse --approval-mode=auto-edit correctly through the full argument parsing flow" time="0.776245676">
        </testcase>
        <testcase classname="src/config/config.integration.test.ts" name="Configuration Integration Tests &gt; Approval Mode Integration Tests &gt; should parse --approval-mode=plan correctly through the full argument parsing flow" time="0.002898345">
        </testcase>
        <testcase classname="src/config/config.integration.test.ts" name="Configuration Integration Tests &gt; Approval Mode Integration Tests &gt; should parse --approval-mode=yolo correctly through the full argument parsing flow" time="0.003322569">
        </testcase>
        <testcase classname="src/config/config.integration.test.ts" name="Configuration Integration Tests &gt; Approval Mode Integration Tests &gt; should parse --approval-mode=default correctly through the full argument parsing flow" time="0.004813053">
        </testcase>
        <testcase classname="src/config/config.integration.test.ts" name="Configuration Integration Tests &gt; Approval Mode Integration Tests &gt; should parse legacy --yolo flag correctly" time="0.004431189">
        </testcase>
        <testcase classname="src/config/config.integration.test.ts" name="Configuration Integration Tests &gt; Approval Mode Integration Tests &gt; should reject invalid approval mode values during argument parsing" time="0.021518193">
            <system-err>
Usage: qwen [options] [command]

Qwen Code - Launch an interactive CLI, use -p/--prompt for non-interactive mode

Commands:
  qwen      Launch Qwen Code  [default]
  qwen mcp  Manage MCP servers

Options:
  -m, --model                     Model  [string]
  -p, --prompt                    Prompt. Appended to input on stdin (if any).  [string]
  -i, --prompt-interactive        Execute the provided prompt and continue in interactive mode  [string]
  -s, --sandbox                   Run in sandbox?  [boolean]
      --sandbox-image             Sandbox image URI.  [string]
  -d, --debug                     Run in debug mode?  [boolean] [default: false]
  -a, --all-files                 Include ALL files in context?  [boolean] [default: false]
      --show-memory-usage         Show memory usage in status bar  [boolean] [default: false]
  -y, --yolo                      Automatically accept all actions (aka YOLO mode, see https://www.youtube.com/watch?v=xvFZjo5PgG0 for more details)?  [boolean] [default: false]
      --approval-mode             Set the approval mode: plan (plan only), default (prompt for approval), auto-edit (auto-approve edit tools), yolo (auto-approve all tools)  [string] [choices: &quot;plan&quot;, &quot;default&quot;, &quot;auto-edit&quot;, &quot;yolo&quot;]
      --telemetry                 Enable telemetry? This flag specifically controls if telemetry is sent. Other --telemetry-* flags set specific values but do not enable telemetry on their own.  [boolean]
      --telemetry-target          Set the telemetry target (local or gcp). Overrides settings files.  [string] [choices: &quot;local&quot;, &quot;gcp&quot;]
      --telemetry-otlp-endpoint   Set the OTLP endpoint for telemetry. Overrides environment variables and settings files.  [string]
      --telemetry-otlp-protocol   Set the OTLP protocol for telemetry (grpc or http). Overrides settings files.  [string] [choices: &quot;grpc&quot;, &quot;http&quot;]
      --telemetry-log-prompts     Enable or disable logging of user prompts for telemetry. Overrides settings files.  [boolean]
      --telemetry-outfile         Redirect all telemetry output to the specified file.  [string]
  -c, --checkpointing             Enables checkpointing of file edits  [boolean] [default: false]
      --experimental-acp          Starts the agent in ACP mode  [boolean]
      --allowed-mcp-server-names  Allowed MCP server names  [array]
      --allowed-tools             Tools that are allowed to run without confirmation  [array]
  -e, --extensions                A list of extensions to use. If not provided, all extensions are used.  [array]
  -l, --list-extensions           List all available extensions and exit.  [boolean]
      --proxy                     Proxy for qwen client, like schema://user:password@host:port  [string]
      --include-directories       Additional directories to include in the workspace (comma-separated or multiple --include-directories)  [array]
      --openai-logging            Enable logging of OpenAI API calls for debugging and analysis  [boolean]
      --openai-api-key            OpenAI API key to use for authentication  [string]
      --openai-base-url           OpenAI base URL (for custom endpoints)  [string]
      --tavily-api-key            Tavily API key for web search functionality  [string]
      --screen-reader             Enable screen reader mode for accessibility.  [boolean] [default: false]
      --vlm-switch-mode           Default behavior when images are detected in input. Values: once (one-time switch), session (switch for entire session), persist (continue with current model). Overrides settings files.  [string] [choices: &quot;once&quot;, &quot;session&quot;, &quot;persist&quot;]
  -v, --version                   Show version number  [boolean]
  -h, --help                      Show help  [boolean]

Invalid values:
  Argument: approval-mode, Given: &quot;invalid_mode&quot;, Choices: &quot;plan&quot;, &quot;default&quot;, &quot;auto-edit&quot;, &quot;yolo&quot;

            </system-err>
        </testcase>
        <testcase classname="src/config/config.integration.test.ts" name="Configuration Integration Tests &gt; Approval Mode Integration Tests &gt; should reject conflicting --yolo and --approval-mode flags" time="0.017506569">
            <system-err>
Usage: qwen [options] [command]

Qwen Code - Launch an interactive CLI, use -p/--prompt for non-interactive mode

Commands:
  qwen      Launch Qwen Code  [default]
  qwen mcp  Manage MCP servers

Options:
  -m, --model                     Model  [string]
  -p, --prompt                    Prompt. Appended to input on stdin (if any).  [string]
  -i, --prompt-interactive        Execute the provided prompt and continue in interactive mode  [string]
  -s, --sandbox                   Run in sandbox?  [boolean]
      --sandbox-image             Sandbox image URI.  [string]
  -d, --debug                     Run in debug mode?  [boolean] [default: false]
  -a, --all-files                 Include ALL files in context?  [boolean] [default: false]
      --show-memory-usage         Show memory usage in status bar  [boolean] [default: false]
  -y, --yolo                      Automatically accept all actions (aka YOLO mode, see https://www.youtube.com/watch?v=xvFZjo5PgG0 for more details)?  [boolean] [default: false]
      --approval-mode             Set the approval mode: plan (plan only), default (prompt for approval), auto-edit (auto-approve edit tools), yolo (auto-approve all tools)  [string] [choices: &quot;plan&quot;, &quot;default&quot;, &quot;auto-edit&quot;, &quot;yolo&quot;]
      --telemetry                 Enable telemetry? This flag specifically controls if telemetry is sent. Other --telemetry-* flags set specific values but do not enable telemetry on their own.  [boolean]
      --telemetry-target          Set the telemetry target (local or gcp). Overrides settings files.  [string] [choices: &quot;local&quot;, &quot;gcp&quot;]
      --telemetry-otlp-endpoint   Set the OTLP endpoint for telemetry. Overrides environment variables and settings files.  [string]
      --telemetry-otlp-protocol   Set the OTLP protocol for telemetry (grpc or http). Overrides settings files.  [string] [choices: &quot;grpc&quot;, &quot;http&quot;]
      --telemetry-log-prompts     Enable or disable logging of user prompts for telemetry. Overrides settings files.  [boolean]
      --telemetry-outfile         Redirect all telemetry output to the specified file.  [string]
  -c, --checkpointing             Enables checkpointing of file edits  [boolean] [default: false]
      --experimental-acp          Starts the agent in ACP mode  [boolean]
      --allowed-mcp-server-names  Allowed MCP server names  [array]
      --allowed-tools             Tools that are allowed to run without confirmation  [array]
  -e, --extensions                A list of extensions to use. If not provided, all extensions are used.  [array]
  -l, --list-extensions           List all available extensions and exit.  [boolean]
      --proxy                     Proxy for qwen client, like schema://user:password@host:port  [string]
      --include-directories       Additional directories to include in the workspace (comma-separated or multiple --include-directories)  [array]
      --openai-logging            Enable logging of OpenAI API calls for debugging and analysis  [boolean]
      --openai-api-key            OpenAI API key to use for authentication  [string]
      --openai-base-url           OpenAI base URL (for custom endpoints)  [string]
      --tavily-api-key            Tavily API key for web search functionality  [string]
      --screen-reader             Enable screen reader mode for accessibility.  [boolean] [default: false]
      --vlm-switch-mode           Default behavior when images are detected in input. Values: once (one-time switch), session (switch for entire session), persist (continue with current model). Overrides settings files.  [string] [choices: &quot;once&quot;, &quot;session&quot;, &quot;persist&quot;]
  -v, --version                   Show version number  [boolean]
  -h, --help                      Show help  [boolean]

Cannot use both --yolo (-y) and --approval-mode together. Use --approval-mode=yolo instead.

            </system-err>
        </testcase>
        <testcase classname="src/config/config.integration.test.ts" name="Configuration Integration Tests &gt; Approval Mode Integration Tests &gt; should handle backward compatibility with mixed scenarios" time="0.00510341">
        </testcase>
    </testsuite>
    <testsuite name="src/config/config.test.ts" timestamp="2025-10-05T22:46:09.443Z" hostname="uby" tests="125" failures="0" errors="0" skipped="1" time="0.579202277">
        <testcase classname="src/config/config.test.ts" name="parseArguments &gt; should throw an error when both --prompt and --prompt-interactive are used together" time="0.036680541">
        </testcase>
        <testcase classname="src/config/config.test.ts" name="parseArguments &gt; should throw an error when using short flags -p and -i together" time="0.018567621">
        </testcase>
        <testcase classname="src/config/config.test.ts" name="parseArguments &gt; should allow --prompt without --prompt-interactive" time="0.007338862">
        </testcase>
        <testcase classname="src/config/config.test.ts" name="parseArguments &gt; should allow --prompt-interactive without --prompt" time="0.005663205">
        </testcase>
        <testcase classname="src/config/config.test.ts" name="parseArguments &gt; should allow -i flag as alias for --prompt-interactive" time="0.004101249">
        </testcase>
        <testcase classname="src/config/config.test.ts" name="parseArguments &gt; should throw an error when both --yolo and --approval-mode are used together" time="0.012192741">
        </testcase>
        <testcase classname="src/config/config.test.ts" name="parseArguments &gt; should throw an error when using short flags -y and --approval-mode together" time="0.013028846">
        </testcase>
        <testcase classname="src/config/config.test.ts" name="parseArguments &gt; should allow --approval-mode without --yolo" time="0.003397088">
        </testcase>
        <testcase classname="src/config/config.test.ts" name="parseArguments &gt; should allow --yolo without --approval-mode" time="0.006031125">
        </testcase>
        <testcase classname="src/config/config.test.ts" name="parseArguments &gt; should reject invalid --approval-mode values" time="0.010846814">
        </testcase>
        <testcase classname="src/config/config.test.ts" name="loadCliConfig &gt; should set showMemoryUsage to true when --show-memory-usage flag is present" time="0.02513702">
        </testcase>
        <testcase classname="src/config/config.test.ts" name="loadCliConfig &gt; should set showMemoryUsage to false when --memory flag is not present" time="0.003938608">
        </testcase>
        <testcase classname="src/config/config.test.ts" name="loadCliConfig &gt; should set showMemoryUsage to false by default from settings if CLI flag is not present" time="0.004384993">
        </testcase>
        <testcase classname="src/config/config.test.ts" name="loadCliConfig &gt; should prioritize CLI flag over settings for showMemoryUsage (CLI true, settings false)" time="0.00309017">
        </testcase>
        <testcase classname="src/config/config.test.ts" name="loadCliConfig &gt; Proxy configuration &gt; should leave proxy to empty by default" time="0.003667858">
        </testcase>
        <testcase classname="src/config/config.test.ts" name="loadCliConfig &gt; Proxy configuration &gt; should set proxy to http://localhost:7890 according to environment variable [https_proxy]" time="0.003382129">
        </testcase>
        <testcase classname="src/config/config.test.ts" name="loadCliConfig &gt; Proxy configuration &gt; should set proxy to http://localhost:7890 according to environment variable [http_proxy]" time="0.003674089">
        </testcase>
        <testcase classname="src/config/config.test.ts" name="loadCliConfig &gt; Proxy configuration &gt; should set proxy to http://localhost:7890 according to environment variable [HTTPS_PROXY]" time="0.003427463">
        </testcase>
        <testcase classname="src/config/config.test.ts" name="loadCliConfig &gt; Proxy configuration &gt; should set proxy to http://localhost:7890 according to environment variable [HTTP_PROXY]" time="0.004045816">
        </testcase>
        <testcase classname="src/config/config.test.ts" name="loadCliConfig &gt; Proxy configuration &gt; should set proxy when --proxy flag is present" time="0.004240376">
        </testcase>
        <testcase classname="src/config/config.test.ts" name="loadCliConfig &gt; Proxy configuration &gt; should prioritize CLI flag over environment variable for proxy (CLI http://localhost:7890, environment variable http://localhost:7891)" time="0.00483282">
        </testcase>
        <testcase classname="src/config/config.test.ts" name="loadCliConfig telemetry &gt; should set telemetry to false by default when no flag or setting is present" time="0.006788474">
        </testcase>
        <testcase classname="src/config/config.test.ts" name="loadCliConfig telemetry &gt; should set telemetry to true when --telemetry flag is present" time="0.021363888">
        </testcase>
        <testcase classname="src/config/config.test.ts" name="loadCliConfig telemetry &gt; should set telemetry to false when --no-telemetry flag is present" time="0.002775038">
        </testcase>
        <testcase classname="src/config/config.test.ts" name="loadCliConfig telemetry &gt; should use telemetry value from settings if CLI flag is not present (settings true)" time="0.003624748">
        </testcase>
        <testcase classname="src/config/config.test.ts" name="loadCliConfig telemetry &gt; should use telemetry value from settings if CLI flag is not present (settings false)" time="0.003162283">
        </testcase>
        <testcase classname="src/config/config.test.ts" name="loadCliConfig telemetry &gt; should prioritize --telemetry CLI flag (true) over settings (false)" time="0.003657238">
        </testcase>
        <testcase classname="src/config/config.test.ts" name="loadCliConfig telemetry &gt; should prioritize --no-telemetry CLI flag (false) over settings (true)" time="0.003073369">
        </testcase>
        <testcase classname="src/config/config.test.ts" name="loadCliConfig telemetry &gt; should use telemetry OTLP endpoint from settings if CLI flag is not present" time="0.003011244">
        </testcase>
        <testcase classname="src/config/config.test.ts" name="loadCliConfig telemetry &gt; should prioritize --telemetry-otlp-endpoint CLI flag over settings" time="0.00371793">
        </testcase>
        <testcase classname="src/config/config.test.ts" name="loadCliConfig telemetry &gt; should use default endpoint if no OTLP endpoint is provided via CLI or settings" time="0.003680671">
        </testcase>
        <testcase classname="src/config/config.test.ts" name="loadCliConfig telemetry &gt; should use telemetry target from settings if CLI flag is not present" time="0.003432884">
        </testcase>
        <testcase classname="src/config/config.test.ts" name="loadCliConfig telemetry &gt; should prioritize --telemetry-target CLI flag over settings" time="0.002857441">
        </testcase>
        <testcase classname="src/config/config.test.ts" name="loadCliConfig telemetry &gt; should use default target if no target is provided via CLI or settings" time="0.004127116">
        </testcase>
        <testcase classname="src/config/config.test.ts" name="loadCliConfig telemetry &gt; should use telemetry log prompts from settings if CLI flag is not present" time="0.002978103">
        </testcase>
        <testcase classname="src/config/config.test.ts" name="loadCliConfig telemetry &gt; should prioritize --telemetry-log-prompts CLI flag (true) over settings (false)" time="0.003321869">
        </testcase>
        <testcase classname="src/config/config.test.ts" name="loadCliConfig telemetry &gt; should prioritize --no-telemetry-log-prompts CLI flag (false) over settings (true)" time="0.003984012">
        </testcase>
        <testcase classname="src/config/config.test.ts" name="loadCliConfig telemetry &gt; should use default log prompts (true) if no value is provided via CLI or settings" time="0.004562581">
        </testcase>
        <testcase classname="src/config/config.test.ts" name="loadCliConfig telemetry &gt; should use telemetry OTLP protocol from settings if CLI flag is not present" time="0.011787502">
        </testcase>
        <testcase classname="src/config/config.test.ts" name="loadCliConfig telemetry &gt; should prioritize --telemetry-otlp-protocol CLI flag over settings" time="0.003670332">
        </testcase>
        <testcase classname="src/config/config.test.ts" name="loadCliConfig telemetry &gt; should use default protocol if no OTLP protocol is provided via CLI or settings" time="0.003339631">
        </testcase>
        <testcase classname="src/config/config.test.ts" name="loadCliConfig telemetry &gt; should reject invalid --telemetry-otlp-protocol values" time="0.00898322">
        </testcase>
        <testcase classname="src/config/config.test.ts" name="Hierarchical Memory Loading (config.ts) - Placeholder Suite &gt; should pass extension context file paths to loadServerHierarchicalMemory" time="0.005099764">
        </testcase>
        <testcase classname="src/config/config.test.ts" name="Hierarchical Memory Loading (config.ts) - Placeholder Suite &gt; should correctly use mocked homedir for global path" time="0">
            <skipped/>
        </testcase>
        <testcase classname="src/config/config.test.ts" name="mergeMcpServers &gt; should not modify the original settings object" time="0.003854723">
        </testcase>
        <testcase classname="src/config/config.test.ts" name="loadCliConfig systemPromptMappings &gt; should use default systemPromptMappings when not provided in settings" time="0.001136841">
        </testcase>
        <testcase classname="src/config/config.test.ts" name="loadCliConfig systemPromptMappings &gt; should use custom systemPromptMappings when provided in settings" time="0.000826297">
        </testcase>
        <testcase classname="src/config/config.test.ts" name="mergeExcludeTools &gt; should merge excludeTools from settings and extensions" time="0.006427067">
        </testcase>
        <testcase classname="src/config/config.test.ts" name="mergeExcludeTools &gt; should handle overlapping excludeTools between settings and extensions" time="0.004422332">
        </testcase>
        <testcase classname="src/config/config.test.ts" name="mergeExcludeTools &gt; should handle overlapping excludeTools between extensions" time="0.003183623">
        </testcase>
        <testcase classname="src/config/config.test.ts" name="mergeExcludeTools &gt; should return an empty array when no excludeTools are specified and it is interactive" time="0.002973975">
        </testcase>
        <testcase classname="src/config/config.test.ts" name="mergeExcludeTools &gt; should return default excludes when no excludeTools are specified and it is not interactive" time="0.002961302">
        </testcase>
        <testcase classname="src/config/config.test.ts" name="mergeExcludeTools &gt; should handle settings with excludeTools but no extensions" time="0.002583164">
        </testcase>
        <testcase classname="src/config/config.test.ts" name="mergeExcludeTools &gt; should handle extensions with excludeTools but no settings" time="0.002807828">
        </testcase>
        <testcase classname="src/config/config.test.ts" name="mergeExcludeTools &gt; should not modify the original settings object" time="0.002970689">
        </testcase>
        <testcase classname="src/config/config.test.ts" name="Approval mode tool exclusion logic &gt; should exclude all interactive tools in non-interactive mode with default approval mode" time="0.003569205">
        </testcase>
        <testcase classname="src/config/config.test.ts" name="Approval mode tool exclusion logic &gt; should exclude all interactive tools in non-interactive mode with plan approval mode" time="0.002820442">
        </testcase>
        <testcase classname="src/config/config.test.ts" name="Approval mode tool exclusion logic &gt; should exclude all interactive tools in non-interactive mode with explicit default approval mode" time="0.002070857">
        </testcase>
        <testcase classname="src/config/config.test.ts" name="Approval mode tool exclusion logic &gt; should exclude only shell tools in non-interactive mode with auto-edit approval mode" time="0.00312285">
        </testcase>
        <testcase classname="src/config/config.test.ts" name="Approval mode tool exclusion logic &gt; should exclude no interactive tools in non-interactive mode with yolo approval mode" time="0.002831622">
        </testcase>
        <testcase classname="src/config/config.test.ts" name="Approval mode tool exclusion logic &gt; should exclude no interactive tools in non-interactive mode with legacy yolo flag" time="0.002674733">
        </testcase>
        <testcase classname="src/config/config.test.ts" name="Approval mode tool exclusion logic &gt; should not exclude interactive tools in interactive mode regardless of approval mode" time="0.014775083">
        </testcase>
        <testcase classname="src/config/config.test.ts" name="Approval mode tool exclusion logic &gt; should merge approval mode exclusions with settings exclusions in auto-edit mode" time="0.003178213">
        </testcase>
        <testcase classname="src/config/config.test.ts" name="Approval mode tool exclusion logic &gt; should throw an error for invalid approval mode values in loadCliConfig" time="0.000652396">
        </testcase>
        <testcase classname="src/config/config.test.ts" name="loadCliConfig with allowed-mcp-server-names &gt; should allow all MCP servers if the flag is not provided" time="0.003747996">
        </testcase>
        <testcase classname="src/config/config.test.ts" name="loadCliConfig with allowed-mcp-server-names &gt; should allow only the specified MCP server" time="0.003696511">
        </testcase>
        <testcase classname="src/config/config.test.ts" name="loadCliConfig with allowed-mcp-server-names &gt; should allow multiple specified MCP servers" time="0.008185636">
        </testcase>
        <testcase classname="src/config/config.test.ts" name="loadCliConfig with allowed-mcp-server-names &gt; should handle server names that do not exist" time="0.005576735">
        </testcase>
        <testcase classname="src/config/config.test.ts" name="loadCliConfig with allowed-mcp-server-names &gt; should allow no MCP servers if the flag is provided but empty" time="0.004125333">
        </testcase>
        <testcase classname="src/config/config.test.ts" name="loadCliConfig with allowed-mcp-server-names &gt; should read allowMCPServers from settings" time="0.003558596">
        </testcase>
        <testcase classname="src/config/config.test.ts" name="loadCliConfig with allowed-mcp-server-names &gt; should read excludeMCPServers from settings" time="0.003523401">
        </testcase>
        <testcase classname="src/config/config.test.ts" name="loadCliConfig with allowed-mcp-server-names &gt; should override allowMCPServers with excludeMCPServers if overlapping" time="0.003276775">
        </testcase>
        <testcase classname="src/config/config.test.ts" name="loadCliConfig with allowed-mcp-server-names &gt; should prioritize mcp server flag if set" time="0.002583083">
        </testcase>
        <testcase classname="src/config/config.test.ts" name="loadCliConfig with allowed-mcp-server-names &gt; should prioritize CLI flag over both allowed and excluded settings" time="0.003261176">
        </testcase>
        <testcase classname="src/config/config.test.ts" name="loadCliConfig extensions &gt; should not filter extensions if --extensions flag is not used" time="0.003012717">
        </testcase>
        <testcase classname="src/config/config.test.ts" name="loadCliConfig extensions &gt; should filter extensions if --extensions flag is used" time="0.003011786">
        </testcase>
        <testcase classname="src/config/config.test.ts" name="loadCliConfig model selection &gt; selects a model from settings.json if provided" time="0.002686064">
        </testcase>
        <testcase classname="src/config/config.test.ts" name="loadCliConfig model selection &gt; uses the default gemini model if nothing is set" time="0.001860838">
        </testcase>
        <testcase classname="src/config/config.test.ts" name="loadCliConfig model selection &gt; always prefers model from argvs" time="0.001995066">
        </testcase>
        <testcase classname="src/config/config.test.ts" name="loadCliConfig model selection &gt; selects the model from argvs if provided" time="0.001784888">
        </testcase>
        <testcase classname="src/config/config.test.ts" name="loadCliConfig folderTrustFeature &gt; should be false by default" time="0.002645949">
        </testcase>
        <testcase classname="src/config/config.test.ts" name="loadCliConfig folderTrustFeature &gt; should be true when settings.folderTrustFeature is true" time="0.002855176">
        </testcase>
        <testcase classname="src/config/config.test.ts" name="loadCliConfig folderTrust &gt; should be false if folderTrustFeature is false and folderTrust is false" time="0.002163578">
        </testcase>
        <testcase classname="src/config/config.test.ts" name="loadCliConfig folderTrust &gt; should be false if folderTrustFeature is true and folderTrust is false" time="0.002258674">
        </testcase>
        <testcase classname="src/config/config.test.ts" name="loadCliConfig folderTrust &gt; should be false if folderTrustFeature is false and folderTrust is true" time="0.002315188">
        </testcase>
        <testcase classname="src/config/config.test.ts" name="loadCliConfig folderTrust &gt; should be true when folderTrustFeature is true and folderTrust is true" time="0.00459423">
        </testcase>
        <testcase classname="src/config/config.test.ts" name="loadCliConfig with includeDirectories &gt; should combine and resolve paths from settings and CLI arguments" time="0.004106879">
        </testcase>
        <testcase classname="src/config/config.test.ts" name="loadCliConfig chatCompression &gt; should pass chatCompression settings to the core config" time="0.002470405">
        </testcase>
        <testcase classname="src/config/config.test.ts" name="loadCliConfig chatCompression &gt; should have undefined chatCompression if not in settings" time="0.002058714">
        </testcase>
        <testcase classname="src/config/config.test.ts" name="loadCliConfig useRipgrep &gt; should be false by default when useRipgrep is not set in settings" time="0.002316901">
        </testcase>
        <testcase classname="src/config/config.test.ts" name="loadCliConfig useRipgrep &gt; should be true when useRipgrep is set to true in settings" time="0.001991219">
        </testcase>
        <testcase classname="src/config/config.test.ts" name="loadCliConfig useRipgrep &gt; should be false when useRipgrep is explicitly set to false in settings" time="0.00200791">
        </testcase>
        <testcase classname="src/config/config.test.ts" name="loadCliConfig tool exclusions &gt; should not exclude interactive tools in interactive mode without YOLO" time="0.002912141">
        </testcase>
        <testcase classname="src/config/config.test.ts" name="loadCliConfig tool exclusions &gt; should not exclude interactive tools in interactive mode with YOLO" time="0.003009591">
        </testcase>
        <testcase classname="src/config/config.test.ts" name="loadCliConfig tool exclusions &gt; should exclude interactive tools in non-interactive mode without YOLO" time="0.003463961">
        </testcase>
        <testcase classname="src/config/config.test.ts" name="loadCliConfig tool exclusions &gt; should not exclude interactive tools in non-interactive mode with YOLO" time="0.003586868">
        </testcase>
        <testcase classname="src/config/config.test.ts" name="loadCliConfig interactive &gt; should be interactive if isTTY and no prompt" time="0.010378007">
        </testcase>
        <testcase classname="src/config/config.test.ts" name="loadCliConfig interactive &gt; should be interactive if prompt-interactive is set" time="0.003989311">
        </testcase>
        <testcase classname="src/config/config.test.ts" name="loadCliConfig interactive &gt; should not be interactive if not isTTY and no prompt" time="0.002517903">
        </testcase>
        <testcase classname="src/config/config.test.ts" name="loadCliConfig interactive &gt; should not be interactive if prompt is set" time="0.003154469">
        </testcase>
        <testcase classname="src/config/config.test.ts" name="loadCliConfig approval mode &gt; should default to DEFAULT approval mode when no flags are set" time="0.003301651">
        </testcase>
        <testcase classname="src/config/config.test.ts" name="loadCliConfig approval mode &gt; should set PLAN approval mode when --approval-mode=plan" time="0.003661486">
        </testcase>
        <testcase classname="src/config/config.test.ts" name="loadCliConfig approval mode &gt; should set YOLO approval mode when --yolo flag is used" time="0.003329923">
        </testcase>
        <testcase classname="src/config/config.test.ts" name="loadCliConfig approval mode &gt; should set YOLO approval mode when -y flag is used" time="0.003127198">
        </testcase>
        <testcase classname="src/config/config.test.ts" name="loadCliConfig approval mode &gt; should set DEFAULT approval mode when --approval-mode=default" time="0.003109897">
        </testcase>
        <testcase classname="src/config/config.test.ts" name="loadCliConfig approval mode &gt; should set AUTO_EDIT approval mode when --approval-mode=auto-edit" time="0.003782289">
        </testcase>
        <testcase classname="src/config/config.test.ts" name="loadCliConfig approval mode &gt; should set YOLO approval mode when --approval-mode=yolo" time="0.003709204">
        </testcase>
        <testcase classname="src/config/config.test.ts" name="loadCliConfig approval mode &gt; should use approval mode from settings when CLI flags are not provided" time="0.003885991">
        </testcase>
        <testcase classname="src/config/config.test.ts" name="loadCliConfig approval mode &gt; should normalize approval mode values from settings" time="0.003547846">
        </testcase>
        <testcase classname="src/config/config.test.ts" name="loadCliConfig approval mode &gt; should throw when approval mode in settings is invalid" time="0.00340395">
        </testcase>
        <testcase classname="src/config/config.test.ts" name="loadCliConfig approval mode &gt; should prioritize --approval-mode over --yolo when both would be valid (but validation prevents this)" time="0.003462999">
        </testcase>
        <testcase classname="src/config/config.test.ts" name="loadCliConfig approval mode &gt; should fall back to --yolo behavior when --approval-mode is not set" time="0.003281123">
        </testcase>
        <testcase classname="src/config/config.test.ts" name="loadCliConfig approval mode &gt; when folder is NOT trusted &gt; should override --approval-mode=yolo to DEFAULT" time="0.007897494">
            <system-err>
[WARN] Approval mode overridden to &quot;default&quot; because the current folder is not trusted.

            </system-err>
        </testcase>
        <testcase classname="src/config/config.test.ts" name="loadCliConfig approval mode &gt; when folder is NOT trusted &gt; should override --approval-mode=auto-edit to DEFAULT" time="0.003492003">
            <system-err>
[WARN] Approval mode overridden to &quot;default&quot; because the current folder is not trusted.

            </system-err>
        </testcase>
        <testcase classname="src/config/config.test.ts" name="loadCliConfig approval mode &gt; when folder is NOT trusted &gt; should override --yolo flag to DEFAULT" time="0.003902451">
            <system-err>
[WARN] Approval mode overridden to &quot;default&quot; because the current folder is not trusted.

            </system-err>
        </testcase>
        <testcase classname="src/config/config.test.ts" name="loadCliConfig approval mode &gt; when folder is NOT trusted &gt; should remain DEFAULT when --approval-mode=default" time="0.004849682">
        </testcase>
        <testcase classname="src/config/config.test.ts" name="loadCliConfig approval mode &gt; when folder is NOT trusted &gt; should allow PLAN approval mode in untrusted folders" time="0.00342531">
        </testcase>
        <testcase classname="src/config/config.test.ts" name="loadCliConfig trustedFolder &gt; should be correct for: feature disabled, folderTrust true, workspace trusted -&gt; behave as trusted" time="0.003269932">
        </testcase>
        <testcase classname="src/config/config.test.ts" name="loadCliConfig trustedFolder &gt; should be correct for: feature disabled, folderTrust true, workspace not trusted -&gt; behave as trusted" time="0.002789765">
        </testcase>
        <testcase classname="src/config/config.test.ts" name="loadCliConfig trustedFolder &gt; should be correct for: feature disabled, folderTrust false, workspace trusted -&gt; behave as trusted" time="0.002725235">
        </testcase>
        <testcase classname="src/config/config.test.ts" name="loadCliConfig trustedFolder &gt; should be correct for: feature on, folderTrust false, workspace trusted -&gt; behave as trusted" time="0.002652832">
        </testcase>
        <testcase classname="src/config/config.test.ts" name="loadCliConfig trustedFolder &gt; should be correct for: feature on, folderTrust false, workspace not trusted -&gt; behave as trusted" time="0.00267884">
        </testcase>
        <testcase classname="src/config/config.test.ts" name="loadCliConfig trustedFolder &gt; should be correct for: feature on, folderTrust on, workspace trusted -&gt; is trusted" time="0.002629098">
        </testcase>
        <testcase classname="src/config/config.test.ts" name="loadCliConfig trustedFolder &gt; should be correct for: feature on, folderTrust on, workspace NOT trusted -&gt; is NOT trusted" time="0.002838705">
        </testcase>
        <testcase classname="src/config/config.test.ts" name="loadCliConfig trustedFolder &gt; should be correct for: feature on, folderTrust on, workspace trust unknown -&gt; is unknown" time="0.002490482">
        </testcase>
    </testsuite>
    <testsuite name="src/config/extension.test.ts" timestamp="2025-10-05T22:46:09.448Z" hostname="uby" tests="26" failures="0" errors="0" skipped="0" time="0.070351239">
        <testcase classname="src/config/extension.test.ts" name="loadExtensions &gt; should include extension path in loaded extension" time="0.006452203">
        </testcase>
        <testcase classname="src/config/extension.test.ts" name="loadExtensions &gt; should load context file path when QWEN.md is present" time="0.002205485">
        </testcase>
        <testcase classname="src/config/extension.test.ts" name="loadExtensions &gt; should load context file path from the extension config" time="0.001305652">
        </testcase>
        <testcase classname="src/config/extension.test.ts" name="loadExtensions &gt; should filter out disabled extensions" time="0.002069464">
        </testcase>
        <testcase classname="src/config/extension.test.ts" name="loadExtensions &gt; should hydrate variables" time="0.001497978">
        </testcase>
        <testcase classname="src/config/extension.test.ts" name="annotateActiveExtensions &gt; should mark all extensions as active if no enabled extensions are provided" time="0.000580943">
        </testcase>
        <testcase classname="src/config/extension.test.ts" name="annotateActiveExtensions &gt; should mark only the enabled extensions as active" time="0.000469698">
        </testcase>
        <testcase classname="src/config/extension.test.ts" name="annotateActiveExtensions &gt; should mark all extensions as inactive when &quot;none&quot; is provided" time="0.000399699">
        </testcase>
        <testcase classname="src/config/extension.test.ts" name="annotateActiveExtensions &gt; should handle case-insensitivity" time="0.000315413">
        </testcase>
        <testcase classname="src/config/extension.test.ts" name="annotateActiveExtensions &gt; should log an error for unknown extensions" time="0.001008103">
        </testcase>
        <testcase classname="src/config/extension.test.ts" name="installExtension &gt; should install an extension from a local path" time="0.00983314">
        </testcase>
        <testcase classname="src/config/extension.test.ts" name="installExtension &gt; should throw an error if the extension already exists" time="0.003876994">
        </testcase>
        <testcase classname="src/config/extension.test.ts" name="installExtension &gt; should throw an error and cleanup if qwen-extension.json is missing" time="0.001813131">
            <system-err>
Warning: extension directory /tmp/qwen-code-test-home-yPriti/bad-extension does not contain a config file /tmp/qwen-code-test-home-yPriti/bad-extension/qwen-extension.json.

            </system-err>
        </testcase>
        <testcase classname="src/config/extension.test.ts" name="installExtension &gt; should install an extension from a git URL" time="0.003967281">
        </testcase>
        <testcase classname="src/config/extension.test.ts" name="uninstallExtension &gt; should uninstall an extension by name" time="0.002344132">
        </testcase>
        <testcase classname="src/config/extension.test.ts" name="uninstallExtension &gt; should uninstall an extension by name and retain existing extensions" time="0.001987212">
        </testcase>
        <testcase classname="src/config/extension.test.ts" name="uninstallExtension &gt; should throw an error if the extension does not exist" time="0.000522946">
        </testcase>
        <testcase classname="src/config/extension.test.ts" name="performWorkspaceExtensionMigration &gt; should install the extensions in the user directory" time="0.005692509">
        </testcase>
        <testcase classname="src/config/extension.test.ts" name="performWorkspaceExtensionMigration &gt; should return the names of failed installations" time="0.002986448">
        </testcase>
        <testcase classname="src/config/extension.test.ts" name="updateExtension &gt; should update a git-installed extension" time="0.007340214">
        </testcase>
        <testcase classname="src/config/extension.test.ts" name="disableExtension &gt; should disable an extension at the user scope" time="0.001700241">
        </testcase>
        <testcase classname="src/config/extension.test.ts" name="disableExtension &gt; should disable an extension at the workspace scope" time="0.001687919">
        </testcase>
        <testcase classname="src/config/extension.test.ts" name="disableExtension &gt; should handle disabling the same extension twice" time="0.001311794">
        </testcase>
        <testcase classname="src/config/extension.test.ts" name="disableExtension &gt; should throw an error if you request system scope" time="0.000635204">
        </testcase>
        <testcase classname="src/config/extension.test.ts" name="enableExtension &gt; should enable an extension at the user scope" time="0.003384904">
        </testcase>
        <testcase classname="src/config/extension.test.ts" name="enableExtension &gt; should enable an extension at the workspace scope" time="0.002654064">
        </testcase>
    </testsuite>
    <testsuite name="src/config/keyBindings.test.ts" timestamp="2025-10-05T22:46:09.448Z" hostname="uby" tests="3" failures="0" errors="0" skipped="0" time="0.007815191">
        <testcase classname="src/config/keyBindings.test.ts" name="keyBindings config &gt; defaultKeyBindings &gt; should have bindings for all commands" time="0.002475564">
        </testcase>
        <testcase classname="src/config/keyBindings.test.ts" name="keyBindings config &gt; defaultKeyBindings &gt; should have valid key binding structures" time="0.001794115">
        </testcase>
        <testcase classname="src/config/keyBindings.test.ts" name="keyBindings config &gt; defaultKeyBindings &gt; should export all required types" time="0.000197044">
        </testcase>
    </testsuite>
    <testsuite name="src/config/settings.test.ts" timestamp="2025-10-05T22:46:09.449Z" hostname="uby" tests="65" failures="0" errors="0" skipped="0" time="0.041839604">
        <testcase classname="src/config/settings.test.ts" name="Settings Loading and Merging &gt; loadSettings &gt; should load empty settings if no files exist" time="0.004272075">
        </testcase>
        <testcase classname="src/config/settings.test.ts" name="Settings Loading and Merging &gt; loadSettings &gt; should load system settings if only system file exists" time="0.002622757">
        </testcase>
        <testcase classname="src/config/settings.test.ts" name="Settings Loading and Merging &gt; loadSettings &gt; should load user settings if only user file exists" time="0.000932273">
        </testcase>
        <testcase classname="src/config/settings.test.ts" name="Settings Loading and Merging &gt; loadSettings &gt; should restore selected auth type when provider data is persisted in V1 format" time="0.00113653">
        </testcase>
        <testcase classname="src/config/settings.test.ts" name="Settings Loading and Merging &gt; loadSettings &gt; should load workspace settings if only workspace file exists" time="0.001007552">
        </testcase>
        <testcase classname="src/config/settings.test.ts" name="Settings Loading and Merging &gt; loadSettings &gt; should merge user and workspace settings, with workspace taking precedence" time="0.001307637">
        </testcase>
        <testcase classname="src/config/settings.test.ts" name="Settings Loading and Merging &gt; loadSettings &gt; should merge system, user and workspace settings, with system taking precedence over workspace, and workspace over user" time="0.001486998">
        </testcase>
        <testcase classname="src/config/settings.test.ts" name="Settings Loading and Merging &gt; loadSettings &gt; should correctly migrate a complex legacy (v1) settings file" time="0.001306614">
        </testcase>
        <testcase classname="src/config/settings.test.ts" name="Settings Loading and Merging &gt; loadSettings &gt; should correctly merge and migrate legacy array properties from multiple scopes" time="0.001267823">
        </testcase>
        <testcase classname="src/config/settings.test.ts" name="Settings Loading and Merging &gt; loadSettings &gt; should merge all settings files with the correct precedence" time="0.000798817">
        </testcase>
        <testcase classname="src/config/settings.test.ts" name="Settings Loading and Merging &gt; loadSettings &gt; should ignore folderTrust from workspace settings" time="0.00044395">
        </testcase>
        <testcase classname="src/config/settings.test.ts" name="Settings Loading and Merging &gt; loadSettings &gt; should use system folderTrust over user setting" time="0.000429925">
        </testcase>
        <testcase classname="src/config/settings.test.ts" name="Settings Loading and Merging &gt; loadSettings &gt; should handle contextFileName correctly when only in user settings" time="0.000333216">
        </testcase>
        <testcase classname="src/config/settings.test.ts" name="Settings Loading and Merging &gt; loadSettings &gt; should handle contextFileName correctly when only in workspace settings" time="0.000269328">
        </testcase>
        <testcase classname="src/config/settings.test.ts" name="Settings Loading and Merging &gt; loadSettings &gt; should handle excludedProjectEnvVars correctly when only in user settings" time="0.000333196">
        </testcase>
        <testcase classname="src/config/settings.test.ts" name="Settings Loading and Merging &gt; loadSettings &gt; should handle excludedProjectEnvVars correctly when only in workspace settings" time="0.000234975">
        </testcase>
        <testcase classname="src/config/settings.test.ts" name="Settings Loading and Merging &gt; loadSettings &gt; should merge excludedProjectEnvVars with workspace taking precedence over user" time="0.000333136">
        </testcase>
        <testcase classname="src/config/settings.test.ts" name="Settings Loading and Merging &gt; loadSettings &gt; should default contextFileName to undefined if not in any settings file" time="0.000299714">
        </testcase>
        <testcase classname="src/config/settings.test.ts" name="Settings Loading and Merging &gt; loadSettings &gt; should load telemetry setting from user settings" time="0.000237409">
        </testcase>
        <testcase classname="src/config/settings.test.ts" name="Settings Loading and Merging &gt; loadSettings &gt; should load telemetry setting from workspace settings" time="0.000333526">
        </testcase>
        <testcase classname="src/config/settings.test.ts" name="Settings Loading and Merging &gt; loadSettings &gt; should prioritize workspace telemetry setting over user setting" time="0.000339958">
        </testcase>
        <testcase classname="src/config/settings.test.ts" name="Settings Loading and Merging &gt; loadSettings &gt; should have telemetry as undefined if not in any settings file" time="0.000224245">
        </testcase>
        <testcase classname="src/config/settings.test.ts" name="Settings Loading and Merging &gt; loadSettings &gt; should merge MCP servers correctly, with workspace taking precedence" time="0.001029823">
        </testcase>
        <testcase classname="src/config/settings.test.ts" name="Settings Loading and Merging &gt; loadSettings &gt; should handle MCP servers when only in user settings" time="0.000446976">
        </testcase>
        <testcase classname="src/config/settings.test.ts" name="Settings Loading and Merging &gt; loadSettings &gt; should handle MCP servers when only in workspace settings" time="0.000470259">
        </testcase>
        <testcase classname="src/config/settings.test.ts" name="Settings Loading and Merging &gt; loadSettings &gt; should have mcpServers as empty object if not in any settings file" time="0.000477222">
        </testcase>
        <testcase classname="src/config/settings.test.ts" name="Settings Loading and Merging &gt; loadSettings &gt; should merge MCP servers from system, user, and workspace with system taking precedence" time="0.000531812">
        </testcase>
        <testcase classname="src/config/settings.test.ts" name="Settings Loading and Merging &gt; loadSettings &gt; should merge mcp allowed/excluded lists with system taking precedence over workspace" time="0.000429234">
        </testcase>
        <testcase classname="src/config/settings.test.ts" name="Settings Loading and Merging &gt; loadSettings &gt; should merge chatCompression settings, with workspace taking precedence" time="0.001721431">
            <system-out>
{ contextPercentageThreshold: [33m0.5[39m }

            </system-out>
        </testcase>
        <testcase classname="src/config/settings.test.ts" name="Settings Loading and Merging &gt; loadSettings &gt; should handle chatCompression when only in user settings" time="0.000476661">
        </testcase>
        <testcase classname="src/config/settings.test.ts" name="Settings Loading and Merging &gt; loadSettings &gt; should have chatCompression as an empty object if not in any settings file" time="0.000214316">
        </testcase>
        <testcase classname="src/config/settings.test.ts" name="Settings Loading and Merging &gt; loadSettings &gt; should ignore chatCompression if contextPercentageThreshold is invalid" time="0.000675909">
        </testcase>
        <testcase classname="src/config/settings.test.ts" name="Settings Loading and Merging &gt; loadSettings &gt; should deep merge chatCompression settings" time="0.000328056">
        </testcase>
        <testcase classname="src/config/settings.test.ts" name="Settings Loading and Merging &gt; loadSettings &gt; should merge includeDirectories from all scopes" time="0.000472884">
        </testcase>
        <testcase classname="src/config/settings.test.ts" name="Settings Loading and Merging &gt; loadSettings &gt; should handle JSON parsing errors gracefully" time="0.001080297">
        </testcase>
        <testcase classname="src/config/settings.test.ts" name="Settings Loading and Merging &gt; loadSettings &gt; should resolve environment variables in user settings" time="0.000450763">
        </testcase>
        <testcase classname="src/config/settings.test.ts" name="Settings Loading and Merging &gt; loadSettings &gt; should resolve environment variables in workspace settings" time="0.000403806">
        </testcase>
        <testcase classname="src/config/settings.test.ts" name="Settings Loading and Merging &gt; loadSettings &gt; should correctly resolve and merge env variables from different scopes" time="0.000681931">
        </testcase>
        <testcase classname="src/config/settings.test.ts" name="Settings Loading and Merging &gt; loadSettings &gt; should correctly merge dnsResolutionOrder with workspace taking precedence" time="0.000399649">
        </testcase>
        <testcase classname="src/config/settings.test.ts" name="Settings Loading and Merging &gt; loadSettings &gt; should use user dnsResolutionOrder if workspace is not defined" time="0.000273936">
        </testcase>
        <testcase classname="src/config/settings.test.ts" name="Settings Loading and Merging &gt; loadSettings &gt; should leave unresolved environment variables as is" time="0.000289575">
        </testcase>
        <testcase classname="src/config/settings.test.ts" name="Settings Loading and Merging &gt; loadSettings &gt; should resolve multiple environment variables in a single string" time="0.000323087">
        </testcase>
        <testcase classname="src/config/settings.test.ts" name="Settings Loading and Merging &gt; loadSettings &gt; should resolve environment variables in arrays" time="0.000379051">
        </testcase>
        <testcase classname="src/config/settings.test.ts" name="Settings Loading and Merging &gt; loadSettings &gt; should correctly pass through null, boolean, and number types, and handle undefined properties" time="0.000606902">
        </testcase>
        <testcase classname="src/config/settings.test.ts" name="Settings Loading and Merging &gt; loadSettings &gt; should resolve multiple concatenated environment variables in a single string value" time="0.000335551">
        </testcase>
        <testcase classname="src/config/settings.test.ts" name="Settings Loading and Merging &gt; loadSettings &gt; when QWEN_CODE_SYSTEM_SETTINGS_PATH is set &gt; should load system settings from the path specified in the environment variable" time="0.00071983">
        </testcase>
        <testcase classname="src/config/settings.test.ts" name="Settings Loading and Merging &gt; excludedProjectEnvVars integration &gt; should exclude DEBUG and DEBUG_MODE from project .env files by default" time="0.000556027">
        </testcase>
        <testcase classname="src/config/settings.test.ts" name="Settings Loading and Merging &gt; excludedProjectEnvVars integration &gt; should respect custom excludedProjectEnvVars from user settings" time="0.000511806">
        </testcase>
        <testcase classname="src/config/settings.test.ts" name="Settings Loading and Merging &gt; excludedProjectEnvVars integration &gt; should merge excludedProjectEnvVars with workspace taking precedence" time="0.000506215">
        </testcase>
        <testcase classname="src/config/settings.test.ts" name="Settings Loading and Merging &gt; with workspace trust &gt; should merge workspace settings when workspace is trusted" time="0.000441315">
        </testcase>
        <testcase classname="src/config/settings.test.ts" name="Settings Loading and Merging &gt; with workspace trust &gt; should NOT merge workspace settings when workspace is not trusted" time="0.000384701">
        </testcase>
        <testcase classname="src/config/settings.test.ts" name="Settings Loading and Merging &gt; migrateSettingsToV1 &gt; should handle an empty object" time="0.000513048">
        </testcase>
        <testcase classname="src/config/settings.test.ts" name="Settings Loading and Merging &gt; migrateSettingsToV1 &gt; should migrate a simple v2 settings object to v1" time="0.000371877">
        </testcase>
        <testcase classname="src/config/settings.test.ts" name="Settings Loading and Merging &gt; migrateSettingsToV1 &gt; should handle nested properties correctly" time="0.000201523">
        </testcase>
        <testcase classname="src/config/settings.test.ts" name="Settings Loading and Merging &gt; migrateSettingsToV1 &gt; should preserve security auth provider configuration" time="0.000203236">
        </testcase>
        <testcase classname="src/config/settings.test.ts" name="Settings Loading and Merging &gt; migrateSettingsToV1 &gt; should preserve mcpServers at the top level" time="0.000165426">
        </testcase>
        <testcase classname="src/config/settings.test.ts" name="Settings Loading and Merging &gt; migrateSettingsToV1 &gt; should carry over unrecognized top-level properties" time="0.000151349">
        </testcase>
        <testcase classname="src/config/settings.test.ts" name="Settings Loading and Merging &gt; migrateSettingsToV1 &gt; should handle a complex object with mixed properties" time="0.000239442">
        </testcase>
        <testcase classname="src/config/settings.test.ts" name="Settings Loading and Merging &gt; migrateSettingsToV1 &gt; should not migrate a v1 settings object" time="0.000148084">
        </testcase>
        <testcase classname="src/config/settings.test.ts" name="Settings Loading and Merging &gt; migrateSettingsToV1 &gt; should migrate a full v2 settings object to v1" time="0.000314091">
        </testcase>
        <testcase classname="src/config/settings.test.ts" name="Settings Loading and Merging &gt; migrateSettingsToV1 &gt; should handle partial v2 settings" time="0.000151059">
        </testcase>
        <testcase classname="src/config/settings.test.ts" name="Settings Loading and Merging &gt; migrateSettingsToV1 &gt; should handle settings with different data types" time="0.00030275">
        </testcase>
        <testcase classname="src/config/settings.test.ts" name="Settings Loading and Merging &gt; migrateSettingsToV1 &gt; should preserve unrecognized top-level keys" time="0.00018438">
        </testcase>
        <testcase classname="src/config/settings.test.ts" name="Settings Loading and Merging &gt; migrateSettingsToV1 &gt; should handle an empty v2 settings object" time="0.000133116">
        </testcase>
        <testcase classname="src/config/settings.test.ts" name="Settings Loading and Merging &gt; migrateSettingsToV1 &gt; should correctly handle mcpServers at the top level" time="0.00025981">
        </testcase>
    </testsuite>
    <testsuite name="src/config/settingsSchema.test.ts" timestamp="2025-10-05T22:46:09.451Z" hostname="uby" tests="14" failures="0" errors="0" skipped="0" time="0.008490409">
        <testcase classname="src/config/settingsSchema.test.ts" name="SettingsSchema &gt; SETTINGS_SCHEMA &gt; should contain all expected top-level settings" time="0.001046052">
        </testcase>
        <testcase classname="src/config/settingsSchema.test.ts" name="SettingsSchema &gt; SETTINGS_SCHEMA &gt; should have correct structure for each setting" time="0.002608481">
        </testcase>
        <testcase classname="src/config/settingsSchema.test.ts" name="SettingsSchema &gt; SETTINGS_SCHEMA &gt; should have correct nested setting structure" time="0.000480478">
        </testcase>
        <testcase classname="src/config/settingsSchema.test.ts" name="SettingsSchema &gt; SETTINGS_SCHEMA &gt; should have accessibility nested properties" time="0.000147683">
        </testcase>
        <testcase classname="src/config/settingsSchema.test.ts" name="SettingsSchema &gt; SETTINGS_SCHEMA &gt; should have checkpointing nested properties" time="0.000124349">
        </testcase>
        <testcase classname="src/config/settingsSchema.test.ts" name="SettingsSchema &gt; SETTINGS_SCHEMA &gt; should have fileFiltering nested properties" time="0.000100416">
        </testcase>
        <testcase classname="src/config/settingsSchema.test.ts" name="SettingsSchema &gt; SETTINGS_SCHEMA &gt; should have unique categories" time="0.001038669">
        </testcase>
        <testcase classname="src/config/settingsSchema.test.ts" name="SettingsSchema &gt; SETTINGS_SCHEMA &gt; should have consistent default values for boolean settings" time="0.000757259">
        </testcase>
        <testcase classname="src/config/settingsSchema.test.ts" name="SettingsSchema &gt; SETTINGS_SCHEMA &gt; should have showInDialog property configured" time="0.000235856">
        </testcase>
        <testcase classname="src/config/settingsSchema.test.ts" name="SettingsSchema &gt; SETTINGS_SCHEMA &gt; should infer Settings type correctly" time="0.00054665">
        </testcase>
        <testcase classname="src/config/settingsSchema.test.ts" name="SettingsSchema &gt; SETTINGS_SCHEMA &gt; should have includeDirectories setting in schema" time="0.00010307">
        </testcase>
        <testcase classname="src/config/settingsSchema.test.ts" name="SettingsSchema &gt; SETTINGS_SCHEMA &gt; should have loadMemoryFromIncludeDirectories setting in schema" time="0.000063377">
        </testcase>
        <testcase classname="src/config/settingsSchema.test.ts" name="SettingsSchema &gt; SETTINGS_SCHEMA &gt; should have folderTrustFeature setting in schema" time="0.000068045">
        </testcase>
        <testcase classname="src/config/settingsSchema.test.ts" name="SettingsSchema &gt; SETTINGS_SCHEMA &gt; should have debugKeystrokeLogging setting in schema" time="0.000079888">
        </testcase>
    </testsuite>
    <testsuite name="src/config/trustedFolders.test.ts" timestamp="2025-10-05T22:46:09.451Z" hostname="uby" tests="12" failures="0" errors="0" skipped="0" time="0.010964501">
        <testcase classname="src/config/trustedFolders.test.ts" name="Trusted Folders Loading &gt; should load empty rules if no files exist" time="0.002852661">
        </testcase>
        <testcase classname="src/config/trustedFolders.test.ts" name="Trusted Folders Loading &gt; should load user rules if only user file exists" time="0.000820606">
        </testcase>
        <testcase classname="src/config/trustedFolders.test.ts" name="Trusted Folders Loading &gt; should handle JSON parsing errors gracefully" time="0.000657545">
        </testcase>
        <testcase classname="src/config/trustedFolders.test.ts" name="Trusted Folders Loading &gt; setValue should update the user config and save it" time="0.001381393">
        </testcase>
        <testcase classname="src/config/trustedFolders.test.ts" name="isWorkspaceTrusted &gt; should return true for a directly trusted folder" time="0.001447304">
        </testcase>
        <testcase classname="src/config/trustedFolders.test.ts" name="isWorkspaceTrusted &gt; should return true for a child of a trusted folder" time="0.000311355">
        </testcase>
        <testcase classname="src/config/trustedFolders.test.ts" name="isWorkspaceTrusted &gt; should return true for a child of a trusted parent folder" time="0.000247477">
        </testcase>
        <testcase classname="src/config/trustedFolders.test.ts" name="isWorkspaceTrusted &gt; should return false for a directly untrusted folder" time="0.000254299">
        </testcase>
        <testcase classname="src/config/trustedFolders.test.ts" name="isWorkspaceTrusted &gt; should return undefined for a child of an untrusted folder" time="0.000263978">
        </testcase>
        <testcase classname="src/config/trustedFolders.test.ts" name="isWorkspaceTrusted &gt; should return undefined when no rules match" time="0.000216309">
        </testcase>
        <testcase classname="src/config/trustedFolders.test.ts" name="isWorkspaceTrusted &gt; should prioritize trust over distrust" time="0.000201593">
        </testcase>
        <testcase classname="src/config/trustedFolders.test.ts" name="isWorkspaceTrusted &gt; should handle path normalization" time="0.000250503">
        </testcase>
    </testsuite>
    <testsuite name="src/services/BuiltinCommandLoader.test.ts" timestamp="2025-10-05T22:46:09.452Z" hostname="uby" tests="4" failures="0" errors="0" skipped="0" time="0.006340487">
        <testcase classname="src/services/BuiltinCommandLoader.test.ts" name="BuiltinCommandLoader &gt; should correctly pass the config object to command factory functions" time="0.003512591">
        </testcase>
        <testcase classname="src/services/BuiltinCommandLoader.test.ts" name="BuiltinCommandLoader &gt; should filter out null command definitions returned by factories" time="0.000450532">
        </testcase>
        <testcase classname="src/services/BuiltinCommandLoader.test.ts" name="BuiltinCommandLoader &gt; should handle a null config gracefully when calling factories" time="0.00044356">
        </testcase>
        <testcase classname="src/services/BuiltinCommandLoader.test.ts" name="BuiltinCommandLoader &gt; should return a list of all loaded commands" time="0.000429453">
        </testcase>
    </testsuite>
    <testsuite name="src/services/CommandService.test.ts" timestamp="2025-10-05T22:46:09.452Z" hostname="uby" tests="11" failures="0" errors="0" skipped="0" time="0.012835879">
        <testcase classname="src/services/CommandService.test.ts" name="CommandService &gt; should load commands from a single loader" time="0.003478768">
        </testcase>
        <testcase classname="src/services/CommandService.test.ts" name="CommandService &gt; should aggregate commands from multiple loaders" time="0.000961347">
        </testcase>
        <testcase classname="src/services/CommandService.test.ts" name="CommandService &gt; should override commands from earlier loaders with those from later loaders" time="0.000916774">
        </testcase>
        <testcase classname="src/services/CommandService.test.ts" name="CommandService &gt; should handle loaders that return an empty array of commands gracefully" time="0.000486799">
        </testcase>
        <testcase classname="src/services/CommandService.test.ts" name="CommandService &gt; should load commands from successful loaders even if one fails" time="0.000983036">
        </testcase>
        <testcase classname="src/services/CommandService.test.ts" name="CommandService &gt; getCommands should return a readonly array that cannot be mutated" time="0.000689384">
        </testcase>
        <testcase classname="src/services/CommandService.test.ts" name="CommandService &gt; should pass the abort signal to all loaders" time="0.00155879">
        </testcase>
        <testcase classname="src/services/CommandService.test.ts" name="CommandService &gt; should rename extension commands when they conflict" time="0.001030043">
        </testcase>
        <testcase classname="src/services/CommandService.test.ts" name="CommandService &gt; should handle user/project command override correctly" time="0.000444422">
        </testcase>
        <testcase classname="src/services/CommandService.test.ts" name="CommandService &gt; should handle secondary conflicts when renaming extension commands" time="0.000401082">
        </testcase>
        <testcase classname="src/services/CommandService.test.ts" name="CommandService &gt; should handle multiple secondary conflicts with incrementing suffixes" time="0.000523507">
        </testcase>
    </testsuite>
    <testsuite name="src/services/FileCommandLoader.test.ts" timestamp="2025-10-05T22:46:09.452Z" hostname="uby" tests="36" failures="0" errors="0" skipped="0" time="0.129030431">
        <testcase classname="src/services/FileCommandLoader.test.ts" name="FileCommandLoader &gt; loads a single command from a file" time="0.024415427">
        </testcase>
        <testcase classname="src/services/FileCommandLoader.test.ts" name="FileCommandLoader &gt; loads commands from a symlinked directory" time="0.003675432">
        </testcase>
        <testcase classname="src/services/FileCommandLoader.test.ts" name="FileCommandLoader &gt; loads commands from a symlinked subdirectory" time="0.003062158">
        </testcase>
        <testcase classname="src/services/FileCommandLoader.test.ts" name="FileCommandLoader &gt; loads multiple commands" time="0.002504207">
        </testcase>
        <testcase classname="src/services/FileCommandLoader.test.ts" name="FileCommandLoader &gt; creates deeply nested namespaces correctly" time="0.007508935">
        </testcase>
        <testcase classname="src/services/FileCommandLoader.test.ts" name="FileCommandLoader &gt; creates namespaces from nested directories" time="0.012358537">
        </testcase>
        <testcase classname="src/services/FileCommandLoader.test.ts" name="FileCommandLoader &gt; returns both user and project commands in order" time="0.006378487">
        </testcase>
        <testcase classname="src/services/FileCommandLoader.test.ts" name="FileCommandLoader &gt; ignores files with TOML syntax errors" time="0.003607036">
            <system-err>
[FileCommandLoader] Failed to parse TOML file /home/atmandk/.qwen/commands/invalid.toml: Invalid character, expected &quot;=&quot; at row 1, col 7, pos 6:
1&gt; this is not valid toml
         ^



            </system-err>
        </testcase>
        <testcase classname="src/services/FileCommandLoader.test.ts" name="FileCommandLoader &gt; ignores files that are semantically invalid (missing prompt)" time="0.003453441">
            <system-err>
[FileCommandLoader] Skipping invalid command file: /home/atmandk/.qwen/commands/no_prompt.toml. Validation errors: {
  formErrors: [],
  fieldErrors: { prompt: [ [32m&quot;The &apos;prompt&apos; field is required.&quot;[39m ] }
}

            </system-err>
        </testcase>
        <testcase classname="src/services/FileCommandLoader.test.ts" name="FileCommandLoader &gt; handles filename edge cases correctly" time="0.001903868">
        </testcase>
        <testcase classname="src/services/FileCommandLoader.test.ts" name="FileCommandLoader &gt; handles file system errors gracefully" time="0.001108058">
        </testcase>
[...]
        </testcase>
        <testcase classname="src/ui/components/shared/text-buffer.test.ts" name="Unicode helper functions &gt; findNextWordStartInLine with Unicode &gt; should handle precomposed characters with diacritics" time="0.000088263">
        </testcase>
        <testcase classname="src/ui/components/shared/text-buffer.test.ts" name="Unicode helper functions &gt; isWordCharStrict with Unicode &gt; should return true for ASCII word characters" time="0.000122326">
        </testcase>
        <testcase classname="src/ui/components/shared/text-buffer.test.ts" name="Unicode helper functions &gt; isWordCharStrict with Unicode &gt; should return false for punctuation" time="0.000055643">
        </testcase>
        <testcase classname="src/ui/components/shared/text-buffer.test.ts" name="Unicode helper functions &gt; isWordCharStrict with Unicode &gt; should return true for non-Latin scripts" time="0.000043691">
        </testcase>
        <testcase classname="src/ui/components/shared/text-buffer.test.ts" name="Unicode helper functions &gt; isWordCharStrict with Unicode &gt; should return false for whitespace" time="0.000042027">
        </testcase>
        <testcase classname="src/ui/components/shared/text-buffer.test.ts" name="Unicode helper functions &gt; cpLen with Unicode &gt; should handle combining characters" time="0.000053349">
        </testcase>
        <testcase classname="src/ui/components/shared/text-buffer.test.ts" name="Unicode helper functions &gt; cpLen with Unicode &gt; should handle Chinese and Arabic text" time="0.000040875">
        </testcase>
    </testsuite>
    <testsuite name="src/ui/components/shared/vim-buffer-actions.test.ts" timestamp="2025-10-05T22:46:09.518Z" hostname="uby" tests="74" failures="0" errors="0" skipped="0" time="0.018523018">
        <testcase classname="src/ui/components/shared/vim-buffer-actions.test.ts" name="vim-buffer-actions &gt; Movement commands &gt; vim_move_left &gt; should move cursor left by count" time="0.00271685">
        </testcase>
        <testcase classname="src/ui/components/shared/vim-buffer-actions.test.ts" name="vim-buffer-actions &gt; Movement commands &gt; vim_move_left &gt; should not move past beginning of line" time="0.000264018">
        </testcase>
        <testcase classname="src/ui/components/shared/vim-buffer-actions.test.ts" name="vim-buffer-actions &gt; Movement commands &gt; vim_move_left &gt; should wrap to previous line when at beginning" time="0.000200801">
        </testcase>
        <testcase classname="src/ui/components/shared/vim-buffer-actions.test.ts" name="vim-buffer-actions &gt; Movement commands &gt; vim_move_left &gt; should handle multiple line wrapping" time="0.000123568">
        </testcase>
        <testcase classname="src/ui/components/shared/vim-buffer-actions.test.ts" name="vim-buffer-actions &gt; Movement commands &gt; vim_move_left &gt; should correctly handle h/l movement between lines" time="0.000200962">
        </testcase>
        <testcase classname="src/ui/components/shared/vim-buffer-actions.test.ts" name="vim-buffer-actions &gt; Movement commands &gt; vim_move_right &gt; should move cursor right by count" time="0.00035751">
        </testcase>
        <testcase classname="src/ui/components/shared/vim-buffer-actions.test.ts" name="vim-buffer-actions &gt; Movement commands &gt; vim_move_right &gt; should not move past last character of line" time="0.00017887">
        </testcase>
        <testcase classname="src/ui/components/shared/vim-buffer-actions.test.ts" name="vim-buffer-actions &gt; Movement commands &gt; vim_move_right &gt; should wrap to next line when at end" time="0.000188869">
        </testcase>
        <testcase classname="src/ui/components/shared/vim-buffer-actions.test.ts" name="vim-buffer-actions &gt; Movement commands &gt; vim_move_right &gt; should skip over combining marks to avoid cursor disappearing" time="0.000374763">
        </testcase>
        <testcase classname="src/ui/components/shared/vim-buffer-actions.test.ts" name="vim-buffer-actions &gt; Movement commands &gt; vim_move_up &gt; should move cursor up by count" time="0.00015705">
        </testcase>
        <testcase classname="src/ui/components/shared/vim-buffer-actions.test.ts" name="vim-buffer-actions &gt; Movement commands &gt; vim_move_up &gt; should not move past first line" time="0.000127005">
        </testcase>
        <testcase classname="src/ui/components/shared/vim-buffer-actions.test.ts" name="vim-buffer-actions &gt; Movement commands &gt; vim_move_up &gt; should adjust column for shorter lines" time="0.00011907">
        </testcase>
        <testcase classname="src/ui/components/shared/vim-buffer-actions.test.ts" name="vim-buffer-actions &gt; Movement commands &gt; vim_move_down &gt; should move cursor down by count" time="0.000122917">
        </testcase>
        <testcase classname="src/ui/components/shared/vim-buffer-actions.test.ts" name="vim-buffer-actions &gt; Movement commands &gt; vim_move_down &gt; should not move past last line" time="0.000098732">
        </testcase>
        <testcase classname="src/ui/components/shared/vim-buffer-actions.test.ts" name="vim-buffer-actions &gt; Movement commands &gt; vim_move_word_forward &gt; should move to start of next word" time="0.001164612">
        </testcase>
        <testcase classname="src/ui/components/shared/vim-buffer-actions.test.ts" name="vim-buffer-actions &gt; Movement commands &gt; vim_move_word_forward &gt; should handle multiple words" time="0.000145359">
        </testcase>
        <testcase classname="src/ui/components/shared/vim-buffer-actions.test.ts" name="vim-buffer-actions &gt; Movement commands &gt; vim_move_word_forward &gt; should handle punctuation correctly" time="0.000089044">
        </testcase>
        <testcase classname="src/ui/components/shared/vim-buffer-actions.test.ts" name="vim-buffer-actions &gt; Movement commands &gt; vim_move_word_forward &gt; should move across empty lines when starting from within a word" time="0.000096889">
        </testcase>
        <testcase classname="src/ui/components/shared/vim-buffer-actions.test.ts" name="vim-buffer-actions &gt; Movement commands &gt; vim_move_word_backward &gt; should move to start of previous word" time="0.000219386">
        </testcase>
        <testcase classname="src/ui/components/shared/vim-buffer-actions.test.ts" name="vim-buffer-actions &gt; Movement commands &gt; vim_move_word_backward &gt; should handle multiple words" time="0.000183839">
        </testcase>
        <testcase classname="src/ui/components/shared/vim-buffer-actions.test.ts" name="vim-buffer-actions &gt; Movement commands &gt; vim_move_word_end &gt; should move to end of current word" time="0.0002866">
        </testcase>
        <testcase classname="src/ui/components/shared/vim-buffer-actions.test.ts" name="vim-buffer-actions &gt; Movement commands &gt; vim_move_word_end &gt; should move to end of next word if already at word end" time="0.00008117">
        </testcase>
        <testcase classname="src/ui/components/shared/vim-buffer-actions.test.ts" name="vim-buffer-actions &gt; Movement commands &gt; vim_move_word_end &gt; should move across empty lines when at word end" time="0.000078776">
        </testcase>
        <testcase classname="src/ui/components/shared/vim-buffer-actions.test.ts" name="vim-buffer-actions &gt; Movement commands &gt; vim_move_word_end &gt; should handle consecutive word-end movements across empty lines" time="0.000167639">
        </testcase>
        <testcase classname="src/ui/components/shared/vim-buffer-actions.test.ts" name="vim-buffer-actions &gt; Movement commands &gt; vim_move_word_end &gt; should handle combining characters - advance from end of base character" time="0.000306667">
        </testcase>
        <testcase classname="src/ui/components/shared/vim-buffer-actions.test.ts" name="vim-buffer-actions &gt; Movement commands &gt; vim_move_word_end &gt; should handle precomposed characters with diacritics" time="0.000142894">
        </testcase>
        <testcase classname="src/ui/components/shared/vim-buffer-actions.test.ts" name="vim-buffer-actions &gt; Movement commands &gt; Position commands &gt; vim_move_to_line_start should move to column 0" time="0.000094424">
        </testcase>
        <testcase classname="src/ui/components/shared/vim-buffer-actions.test.ts" name="vim-buffer-actions &gt; Movement commands &gt; Position commands &gt; vim_move_to_line_end should move to last character" time="0.000077473">
        </testcase>
        <testcase classname="src/ui/components/shared/vim-buffer-actions.test.ts" name="vim-buffer-actions &gt; Movement commands &gt; Position commands &gt; vim_move_to_first_nonwhitespace should skip leading whitespace" time="0.000074568">
        </testcase>
        <testcase classname="src/ui/components/shared/vim-buffer-actions.test.ts" name="vim-buffer-actions &gt; Movement commands &gt; Position commands &gt; vim_move_to_first_line should move to row 0" time="0.000076852">
        </testcase>
        <testcase classname="src/ui/components/shared/vim-buffer-actions.test.ts" name="vim-buffer-actions &gt; Movement commands &gt; Position commands &gt; vim_move_to_last_line should move to last row" time="0.000289896">
        </testcase>
        <testcase classname="src/ui/components/shared/vim-buffer-actions.test.ts" name="vim-buffer-actions &gt; Movement commands &gt; Position commands &gt; vim_move_to_line should move to specific line" time="0.000137734">
        </testcase>
        <testcase classname="src/ui/components/shared/vim-buffer-actions.test.ts" name="vim-buffer-actions &gt; Movement commands &gt; Position commands &gt; vim_move_to_line should clamp to valid range" time="0.000070991">
        </testcase>
        <testcase classname="src/ui/components/shared/vim-buffer-actions.test.ts" name="vim-buffer-actions &gt; Edit commands &gt; vim_delete_char &gt; should delete single character" time="0.000505804">
        </testcase>
        <testcase classname="src/ui/components/shared/vim-buffer-actions.test.ts" name="vim-buffer-actions &gt; Edit commands &gt; vim_delete_char &gt; should delete multiple characters" time="0.000166447">
        </testcase>
        <testcase classname="src/ui/components/shared/vim-buffer-actions.test.ts" name="vim-buffer-actions &gt; Edit commands &gt; vim_delete_char &gt; should not delete past end of line" time="0.000123868">
        </testcase>
        <testcase classname="src/ui/components/shared/vim-buffer-actions.test.ts" name="vim-buffer-actions &gt; Edit commands &gt; vim_delete_char &gt; should do nothing at end of line" time="0.000112648">
        </testcase>
        <testcase classname="src/ui/components/shared/vim-buffer-actions.test.ts" name="vim-buffer-actions &gt; Edit commands &gt; vim_delete_word_forward &gt; should delete from cursor to next word start" time="0.000217262">
        </testcase>
        <testcase classname="src/ui/components/shared/vim-buffer-actions.test.ts" name="vim-buffer-actions &gt; Edit commands &gt; vim_delete_word_forward &gt; should delete multiple words" time="0.000171336">
        </testcase>
        <testcase classname="src/ui/components/shared/vim-buffer-actions.test.ts" name="vim-buffer-actions &gt; Edit commands &gt; vim_delete_word_forward &gt; should delete to end if no more words" time="0.00014072">
        </testcase>
        <testcase classname="src/ui/components/shared/vim-buffer-actions.test.ts" name="vim-buffer-actions &gt; Edit commands &gt; vim_delete_word_backward &gt; should delete from cursor to previous word start" time="0.000122987">
        </testcase>
        <testcase classname="src/ui/components/shared/vim-buffer-actions.test.ts" name="vim-buffer-actions &gt; Edit commands &gt; vim_delete_word_backward &gt; should delete multiple words backward" time="0.000083685">
        </testcase>
        <testcase classname="src/ui/components/shared/vim-buffer-actions.test.ts" name="vim-buffer-actions &gt; Edit commands &gt; vim_delete_line &gt; should delete current line" time="0.000572167">
        </testcase>
        <testcase classname="src/ui/components/shared/vim-buffer-actions.test.ts" name="vim-buffer-actions &gt; Edit commands &gt; vim_delete_line &gt; should delete multiple lines" time="0.000110705">
        </testcase>
        <testcase classname="src/ui/components/shared/vim-buffer-actions.test.ts" name="vim-buffer-actions &gt; Edit commands &gt; vim_delete_line &gt; should leave empty line when deleting all lines" time="0.000115934">
        </testcase>
        <testcase classname="src/ui/components/shared/vim-buffer-actions.test.ts" name="vim-buffer-actions &gt; Edit commands &gt; vim_delete_to_end_of_line &gt; should delete from cursor to end of line" time="0.000107138">
        </testcase>
        <testcase classname="src/ui/components/shared/vim-buffer-actions.test.ts" name="vim-buffer-actions &gt; Edit commands &gt; vim_delete_to_end_of_line &gt; should do nothing at end of line" time="0.000073556">
        </testcase>
        <testcase classname="src/ui/components/shared/vim-buffer-actions.test.ts" name="vim-buffer-actions &gt; Insert mode commands &gt; vim_insert_at_cursor &gt; should not change cursor position" time="0.000085378">
        </testcase>
        <testcase classname="src/ui/components/shared/vim-buffer-actions.test.ts" name="vim-buffer-actions &gt; Insert mode commands &gt; vim_append_at_cursor &gt; should move cursor right by one" time="0.000082412">
        </testcase>
        <testcase classname="src/ui/components/shared/vim-buffer-actions.test.ts" name="vim-buffer-actions &gt; Insert mode commands &gt; vim_append_at_cursor &gt; should not move past end of line" time="0.000060692">
        </testcase>
        <testcase classname="src/ui/components/shared/vim-buffer-actions.test.ts" name="vim-buffer-actions &gt; Insert mode commands &gt; vim_append_at_line_end &gt; should move cursor to end of line" time="0.000059851">
        </testcase>
        <testcase classname="src/ui/components/shared/vim-buffer-actions.test.ts" name="vim-buffer-actions &gt; Insert mode commands &gt; vim_insert_at_line_start &gt; should move to first non-whitespace character" time="0.000062285">
        </testcase>
        <testcase classname="src/ui/components/shared/vim-buffer-actions.test.ts" name="vim-buffer-actions &gt; Insert mode commands &gt; vim_insert_at_line_start &gt; should move to column 0 for line with only whitespace" time="0.000068477">
        </testcase>
        <testcase classname="src/ui/components/shared/vim-buffer-actions.test.ts" name="vim-buffer-actions &gt; Insert mode commands &gt; vim_open_line_below &gt; should insert a new line below the current one" time="0.000157602">
        </testcase>
        <testcase classname="src/ui/components/shared/vim-buffer-actions.test.ts" name="vim-buffer-actions &gt; Insert mode commands &gt; vim_open_line_above &gt; should insert a new line above the current one" time="0.000129238">
        </testcase>
        <testcase classname="src/ui/components/shared/vim-buffer-actions.test.ts" name="vim-buffer-actions &gt; Insert mode commands &gt; vim_escape_insert_mode &gt; should move cursor left" time="0.000079327">
        </testcase>
        <testcase classname="src/ui/components/shared/vim-buffer-actions.test.ts" name="vim-buffer-actions &gt; Insert mode commands &gt; vim_escape_insert_mode &gt; should not move past beginning of line" time="0.000072844">
        </testcase>
        <testcase classname="src/ui/components/shared/vim-buffer-actions.test.ts" name="vim-buffer-actions &gt; Change commands &gt; vim_change_word_forward &gt; should delete from cursor to next word start" time="0.000166137">
        </testcase>
        <testcase classname="src/ui/components/shared/vim-buffer-actions.test.ts" name="vim-buffer-actions &gt; Change commands &gt; vim_change_line &gt; should delete entire line content" time="0.000246476">
        </testcase>
        <testcase classname="src/ui/components/shared/vim-buffer-actions.test.ts" name="vim-buffer-actions &gt; Change commands &gt; vim_change_movement &gt; should change characters to the left" time="0.000153323">
        </testcase>
        <testcase classname="src/ui/components/shared/vim-buffer-actions.test.ts" name="vim-buffer-actions &gt; Change commands &gt; vim_change_movement &gt; should change characters to the right" time="0.000137645">
        </testcase>
        <testcase classname="src/ui/components/shared/vim-buffer-actions.test.ts" name="vim-buffer-actions &gt; Change commands &gt; vim_change_movement &gt; should change multiple lines down" time="0.000168341">
        </testcase>
        <testcase classname="src/ui/components/shared/vim-buffer-actions.test.ts" name="vim-buffer-actions &gt; Edge cases &gt; should handle empty text" time="0.000110464">
        </testcase>
        <testcase classname="src/ui/components/shared/vim-buffer-actions.test.ts" name="vim-buffer-actions &gt; Edge cases &gt; should handle single character line" time="0.00007573">
        </testcase>
        <testcase classname="src/ui/components/shared/vim-buffer-actions.test.ts" name="vim-buffer-actions &gt; Edge cases &gt; should handle empty lines in multi-line text" time="0.000100485">
        </testcase>
        <testcase classname="src/ui/components/shared/vim-buffer-actions.test.ts" name="vim-buffer-actions &gt; Edge cases &gt; should preserve undo stack in operations" time="0.000890846">
        </testcase>
        <testcase classname="src/ui/components/shared/vim-buffer-actions.test.ts" name="vim-buffer-actions &gt; UTF-32 character handling in word/line operations &gt; Right-to-left text handling &gt; should handle Arabic text in word movements" time="0.000509481">
        </testcase>
        <testcase classname="src/ui/components/shared/vim-buffer-actions.test.ts" name="vim-buffer-actions &gt; UTF-32 character handling in word/line operations &gt; Chinese character handling &gt; should handle Chinese characters in word movements" time="0.000144868">
        </testcase>
        <testcase classname="src/ui/components/shared/vim-buffer-actions.test.ts" name="vim-buffer-actions &gt; UTF-32 character handling in word/line operations &gt; Mixed script handling &gt; should handle mixed Latin and non-Latin scripts with word end commands" time="0.000128367">
        </testcase>
        <testcase classname="src/ui/components/shared/vim-buffer-actions.test.ts" name="vim-buffer-actions &gt; UTF-32 character handling in word/line operations &gt; Mixed script handling &gt; should handle mixed Latin and non-Latin scripts with word forward commands" time="0.00011889">
        </testcase>
        <testcase classname="src/ui/components/shared/vim-buffer-actions.test.ts" name="vim-buffer-actions &gt; UTF-32 character handling in word/line operations &gt; Mixed script handling &gt; should handle mixed Latin and non-Latin scripts with word backward commands" time="0.00010841">
        </testcase>
        <testcase classname="src/ui/components/shared/vim-buffer-actions.test.ts" name="vim-buffer-actions &gt; UTF-32 character handling in word/line operations &gt; Mixed script handling &gt; should handle Unicode block characters consistently with w and e commands" time="0.000207183">
        </testcase>
        <testcase classname="src/ui/components/shared/vim-buffer-actions.test.ts" name="vim-buffer-actions &gt; UTF-32 character handling in word/line operations &gt; Mixed script handling &gt; should handle strings starting with Chinese characters" time="0.000144748">
        </testcase>
        <testcase classname="src/ui/components/shared/vim-buffer-actions.test.ts" name="vim-buffer-actions &gt; UTF-32 character handling in word/line operations &gt; Mixed script handling &gt; should handle strings starting with Arabic characters" time="0.00019468">
        </testcase>
    </testsuite>
</testsuites>
