<?xml version="1.0" encoding="UTF-8" ?>
<testsuites name="vitest tests" tests="7" failures="4" errors="0" time="0.010117112">
    <testsuite name="src/ui/commands/researchCommand.test.ts" timestamp="2025-10-24T21:58:59.899Z" hostname="uby" tests="7" failures="4" errors="0" skipped="0" time="0.010117112">
        <testcase classname="src/ui/commands/researchCommand.test.ts" name="researchCommand &gt; should be defined with correct properties" time="0.001518687">
        </testcase>
        <testcase classname="src/ui/commands/researchCommand.test.ts" name="researchCommand &gt; should handle quoted query with mode" time="0.005357273">
            <failure message="expected &apos;error&apos; to be &apos;info&apos; // Object.is equality" type="AssertionError">
AssertionError: expected &apos;error&apos; to be &apos;info&apos; // Object.is equality

Expected: &quot;info&quot;
Received: &quot;error&quot;

 ❯ src/ui/commands/researchCommand.test.ts:70:34
            </failure>
        </testcase>
        <testcase classname="src/ui/commands/researchCommand.test.ts" name="researchCommand &gt; should handle single quoted query with mode" time="0.000680999">
            <failure message="expected &apos;error&apos; to be &apos;info&apos; // Object.is equality" type="AssertionError">
AssertionError: expected &apos;error&apos; to be &apos;info&apos; // Object.is equality

Expected: &quot;info&quot;
Received: &quot;error&quot;

 ❯ src/ui/commands/researchCommand.test.ts:86:34
            </failure>
        </testcase>
        <testcase classname="src/ui/commands/researchCommand.test.ts" name="researchCommand &gt; should handle query without mode (default to balanced)" time="0.000508861">
            <failure message="expected &apos;error&apos; to be &apos;info&apos; // Object.is equality" type="AssertionError">
AssertionError: expected &apos;error&apos; to be &apos;info&apos; // Object.is equality

Expected: &quot;info&quot;
Received: &quot;error&quot;

 ❯ src/ui/commands/researchCommand.test.ts:102:34
            </failure>
        </testcase>
        <testcase classname="src/ui/commands/researchCommand.test.ts" name="researchCommand &gt; should handle unquoted query (splits on spaces)" time="0.000451684">
            <failure message="expected &apos;error&apos; to be &apos;info&apos; // Object.is equality" type="AssertionError">
AssertionError: expected &apos;error&apos; to be &apos;info&apos; // Object.is equality

Expected: &quot;info&quot;
Received: &quot;error&quot;

 ❯ src/ui/commands/researchCommand.test.ts:118:34
            </failure>
        </testcase>
        <testcase classname="src/ui/commands/researchCommand.test.ts" name="researchCommand &gt; should return error for empty query" time="0.000453919">
        </testcase>
        <testcase classname="src/ui/commands/researchCommand.test.ts" name="researchCommand &gt; should return error for only mode without query" time="0.000345438">
        </testcase>
    </testsuite>
</testsuites>
