<?xml version="1.0" encoding="UTF-8" ?>
<testsuites name="vitest tests" tests="1989" failures="25" errors="0" time="29.77828964">
    <testsuite name="src/gemini.test.tsx" timestamp="2025-10-09T09:06:18.927Z" hostname="uby" tests="8" failures="0" errors="0" skipped="0" time="0.01828402">
        <testcase classname="src/gemini.test.tsx" name="gemini.tsx main function &gt; should throw InvalidConfigurationError if settings have errors" time="0.004380568">
        </testcase>
        <testcase classname="src/gemini.test.tsx" name="gemini.tsx main function &gt; should log unhandled promise rejections and open debug console on first error" time="0.008187445">
        </testcase>
        <testcase classname="src/gemini.test.tsx" name="validateDnsResolutionOrder &gt; should return &quot;ipv4first&quot; when the input is &quot;ipv4first&quot;" time="0.000485146">
        </testcase>
        <testcase classname="src/gemini.test.tsx" name="validateDnsResolutionOrder &gt; should return &quot;verbatim&quot; when the input is &quot;verbatim&quot;" time="0.000163342">
        </testcase>
        <testcase classname="src/gemini.test.tsx" name="validateDnsResolutionOrder &gt; should return the default &quot;ipv4first&quot; when the input is undefined" time="0.000125122">
        </testcase>
        <testcase classname="src/gemini.test.tsx" name="validateDnsResolutionOrder &gt; should return the default &quot;ipv4first&quot; and log a warning for an invalid string" time="0.000229233">
        </testcase>
        <testcase classname="src/gemini.test.tsx" name="startInteractiveUI &gt; should render the UI with proper React context and exitOnCtrlC disabled" time="0.002201078">
        </testcase>
        <testcase classname="src/gemini.test.tsx" name="startInteractiveUI &gt; should perform all startup tasks in correct order" time="0.000685888">
        </testcase>
    </testsuite>
    <testsuite name="src/nonInteractiveCli.test.ts" timestamp="2025-10-09T09:06:18.928Z" hostname="uby" tests="7" failures="0" errors="0" skipped="0" time="0.018627004">
        <testcase classname="src/nonInteractiveCli.test.ts" name="runNonInteractive &gt; should process input and write text output" time="0.007429364">
        </testcase>
        <testcase classname="src/nonInteractiveCli.test.ts" name="runNonInteractive &gt; should handle a single tool call and respond" time="0.00222871">
        </testcase>
        <testcase classname="src/nonInteractiveCli.test.ts" name="runNonInteractive &gt; should handle error during tool execution and should send error back to the model" time="0.001429943">
        </testcase>
        <testcase classname="src/nonInteractiveCli.test.ts" name="runNonInteractive &gt; should exit with error if sendMessageStream throws initially" time="0.001382266">
        </testcase>
        <testcase classname="src/nonInteractiveCli.test.ts" name="runNonInteractive &gt; should not exit if a tool is not found, and should send error back to model" time="0.001768289">
        </testcase>
        <testcase classname="src/nonInteractiveCli.test.ts" name="runNonInteractive &gt; should exit when max session turns are exceeded" time="0.00152546">
        </testcase>
        <testcase classname="src/nonInteractiveCli.test.ts" name="runNonInteractive &gt; should preprocess @include commands before sending to the model" time="0.001402552">
        </testcase>
    </testsuite>
    <testsuite name="src/validateNonInterActiveAuth.test.ts" timestamp="2025-10-09T09:06:18.929Z" hostname="uby" tests="14" failures="0" errors="0" skipped="0" time="0.02529519">
        <testcase classname="src/validateNonInterActiveAuth.test.ts" name="validateNonInterActiveAuth &gt; exits if no auth type is configured or env vars set" time="0.011977411">
        </testcase>
        <testcase classname="src/validateNonInterActiveAuth.test.ts" name="validateNonInterActiveAuth &gt; uses LOGIN_WITH_GOOGLE if GOOGLE_GENAI_USE_GCA is set" time="0.00249935">
        </testcase>
        <testcase classname="src/validateNonInterActiveAuth.test.ts" name="validateNonInterActiveAuth &gt; uses USE_GEMINI if GEMINI_API_KEY is set" time="0.001003445">
        </testcase>
        <testcase classname="src/validateNonInterActiveAuth.test.ts" name="validateNonInterActiveAuth &gt; uses USE_OPENAI if OPENAI_API_KEY is set" time="0.001494703">
        </testcase>
        <testcase classname="src/validateNonInterActiveAuth.test.ts" name="validateNonInterActiveAuth &gt; uses configured QWEN_OAUTH if provided" time="0.000552051">
        </testcase>
        <testcase classname="src/validateNonInterActiveAuth.test.ts" name="validateNonInterActiveAuth &gt; normalizes openrouter string auth type to USE_OPENAI" time="0.000606371">
        </testcase>
        <testcase classname="src/validateNonInterActiveAuth.test.ts" name="validateNonInterActiveAuth &gt; uses USE_VERTEX_AI if GOOGLE_GENAI_USE_VERTEXAI is true (with GOOGLE_CLOUD_PROJECT and GOOGLE_CLOUD_LOCATION)" time="0.000484696">
        </testcase>
        <testcase classname="src/validateNonInterActiveAuth.test.ts" name="validateNonInterActiveAuth &gt; uses USE_VERTEX_AI if GOOGLE_GENAI_USE_VERTEXAI is true and GOOGLE_API_KEY is set" time="0.000763632">
        </testcase>
        <testcase classname="src/validateNonInterActiveAuth.test.ts" name="validateNonInterActiveAuth &gt; uses LOGIN_WITH_GOOGLE if GOOGLE_GENAI_USE_GCA is set, even with other env vars" time="0.000841265">
        </testcase>
        <testcase classname="src/validateNonInterActiveAuth.test.ts" name="validateNonInterActiveAuth &gt; uses USE_VERTEX_AI if both GEMINI_API_KEY and GOOGLE_GENAI_USE_VERTEXAI are set" time="0.000509933">
        </testcase>
        <testcase classname="src/validateNonInterActiveAuth.test.ts" name="validateNonInterActiveAuth &gt; uses USE_GEMINI if GOOGLE_GENAI_USE_VERTEXAI is false, GEMINI_API_KEY is set, and project/location are available" time="0.000634292">
        </testcase>
        <testcase classname="src/validateNonInterActiveAuth.test.ts" name="validateNonInterActiveAuth &gt; uses configuredAuthType if provided" time="0.000407142">
        </testcase>
        <testcase classname="src/validateNonInterActiveAuth.test.ts" name="validateNonInterActiveAuth &gt; exits if validateAuthMethod returns error" time="0.000877422">
        </testcase>
        <testcase classname="src/validateNonInterActiveAuth.test.ts" name="validateNonInterActiveAuth &gt; skips validation if useExternalAuth is true" time="0.000760035">
        </testcase>
    </testsuite>
    <testsuite name="src/config/auth.test.ts" timestamp="2025-10-09T09:06:18.929Z" hostname="uby" tests="11" failures="0" errors="0" skipped="0" time="0.009778295">
        <testcase classname="src/config/auth.test.ts" name="validateAuthMethod &gt; should return null for LOGIN_WITH_GOOGLE" time="0.003780488">
        </testcase>
        <testcase classname="src/config/auth.test.ts" name="validateAuthMethod &gt; should return null for CLOUD_SHELL" time="0.000665319">
        </testcase>
        <testcase classname="src/config/auth.test.ts" name="validateAuthMethod &gt; USE_GEMINI &gt; should return null if GEMINI_API_KEY is set" time="0.000552431">
        </testcase>
        <testcase classname="src/config/auth.test.ts" name="validateAuthMethod &gt; USE_GEMINI &gt; should return an error message if GEMINI_API_KEY is not set" time="0.000522906">
        </testcase>
        <testcase classname="src/config/auth.test.ts" name="validateAuthMethod &gt; USE_VERTEX_AI &gt; should return null if GOOGLE_CLOUD_PROJECT and GOOGLE_CLOUD_LOCATION are set" time="0.000465721">
        </testcase>
        <testcase classname="src/config/auth.test.ts" name="validateAuthMethod &gt; USE_VERTEX_AI &gt; should return null if GOOGLE_API_KEY is set" time="0.000377999">
        </testcase>
        <testcase classname="src/config/auth.test.ts" name="validateAuthMethod &gt; USE_VERTEX_AI &gt; should return an error message if no required environment variables are set" time="0.000398747">
        </testcase>
        <testcase classname="src/config/auth.test.ts" name="validateAuthMethod &gt; should return an error message for an invalid auth method" time="0.00035156">
        </testcase>
        <testcase classname="src/config/auth.test.ts" name="validateAuthMethod &gt; OpenAI-compatible providers &gt; normalizes openrouter to USE_OPENAI" time="0.000394559">
        </testcase>
        <testcase classname="src/config/auth.test.ts" name="validateAuthMethod &gt; OpenAI-compatible providers &gt; requires OPENAI_API_KEY for openrouter" time="0.000525271">
        </testcase>
        <testcase classname="src/config/auth.test.ts" name="validateAuthMethod &gt; OpenAI-compatible providers &gt; accepts lmstudio when OPENAI_API_KEY is set" time="0.000339458">
        </testcase>
    </testsuite>
    <testsuite name="src/config/config.integration.test.ts" timestamp="2025-10-09T09:06:18.930Z" hostname="uby" tests="19" failures="0" errors="0" skipped="0" time="0.786865028">
        <testcase classname="src/config/config.integration.test.ts" name="Configuration Integration Tests &gt; File Filtering Configuration &gt; should load default file filtering settings" time="0.028150438">
        </testcase>
        <testcase classname="src/config/config.integration.test.ts" name="Configuration Integration Tests &gt; File Filtering Configuration &gt; should load custom file filtering settings from configuration" time="0.001301235">
        </testcase>
        <testcase classname="src/config/config.integration.test.ts" name="Configuration Integration Tests &gt; File Filtering Configuration &gt; should merge user and workspace file filtering settings" time="0.000818864">
        </testcase>
        <testcase classname="src/config/config.integration.test.ts" name="Configuration Integration Tests &gt; Configuration Integration &gt; should handle partial configuration objects gracefully" time="0.000591945">
        </testcase>
        <testcase classname="src/config/config.integration.test.ts" name="Configuration Integration Tests &gt; Configuration Integration &gt; should handle empty configuration objects gracefully" time="0.000713519">
        </testcase>
        <testcase classname="src/config/config.integration.test.ts" name="Configuration Integration Tests &gt; Configuration Integration &gt; should handle missing configuration sections gracefully" time="0.00061116">
        </testcase>
        <testcase classname="src/config/config.integration.test.ts" name="Configuration Integration Tests &gt; Real-world Configuration Scenarios &gt; should handle a security-focused configuration" time="0.000613324">
        </testcase>
        <testcase classname="src/config/config.integration.test.ts" name="Configuration Integration Tests &gt; Real-world Configuration Scenarios &gt; should handle a CI/CD environment configuration" time="0.00070315">
        </testcase>
        <testcase classname="src/config/config.integration.test.ts" name="Configuration Integration Tests &gt; Checkpointing Configuration &gt; should enable checkpointing when the setting is true" time="0.001314991">
        </testcase>
        <testcase classname="src/config/config.integration.test.ts" name="Configuration Integration Tests &gt; Extension Context Files &gt; should have an empty array for extension context files by default" time="0.001277121">
        </testcase>
        <testcase classname="src/config/config.integration.test.ts" name="Configuration Integration Tests &gt; Extension Context Files &gt; should correctly store and return extension context file paths" time="0.000889324">
        </testcase>
        <testcase classname="src/config/config.integration.test.ts" name="Configuration Integration Tests &gt; Approval Mode Integration Tests &gt; should parse --approval-mode=auto-edit correctly through the full argument parsing flow" time="0.695597313">
        </testcase>
        <testcase classname="src/config/config.integration.test.ts" name="Configuration Integration Tests &gt; Approval Mode Integration Tests &gt; should parse --approval-mode=plan correctly through the full argument parsing flow" time="0.004786448">
        </testcase>
        <testcase classname="src/config/config.integration.test.ts" name="Configuration Integration Tests &gt; Approval Mode Integration Tests &gt; should parse --approval-mode=yolo correctly through the full argument parsing flow" time="0.004250988">
        </testcase>
        <testcase classname="src/config/config.integration.test.ts" name="Configuration Integration Tests &gt; Approval Mode Integration Tests &gt; should parse --approval-mode=default correctly through the full argument parsing flow" time="0.003903576">
        </testcase>
        <testcase classname="src/config/config.integration.test.ts" name="Configuration Integration Tests &gt; Approval Mode Integration Tests &gt; should parse legacy --yolo flag correctly" time="0.003520759">
        </testcase>
        <testcase classname="src/config/config.integration.test.ts" name="Configuration Integration Tests &gt; Approval Mode Integration Tests &gt; should reject invalid approval mode values during argument parsing" time="0.02042661">
            <system-err>
Usage: qwen [options] [command]

Qwen Code - Launch an interactive CLI, use -p/--prompt for non-interactive mode

Commands:
  qwen      Launch Qwen Code  [default]
  qwen mcp  Manage MCP servers

Options:
  -m, --model                     Model  [string]
  -p, --prompt                    Prompt. Appended to input on stdin (if any).  [string]
  -i, --prompt-interactive        Execute the provided prompt and continue in interactive mode  [string]
  -s, --sandbox                   Run in sandbox?  [boolean]
      --sandbox-image             Sandbox image URI.  [string]
  -d, --debug                     Run in debug mode?  [boolean] [default: false]
  -a, --all-files                 Include ALL files in context?  [boolean] [default: false]
      --show-memory-usage         Show memory usage in status bar  [boolean] [default: false]
  -y, --yolo                      Automatically accept all actions (aka YOLO mode, see https://www.youtube.com/watch?v=xvFZjo5PgG0 for more details)?  [boolean] [default: false]
      --approval-mode             Set the approval mode: plan (plan only), default (prompt for approval), auto-edit (auto-approve edit tools), yolo (auto-approve all tools)  [string] [choices: &quot;plan&quot;, &quot;default&quot;, &quot;auto-edit&quot;, &quot;yolo&quot;]
      --telemetry                 Enable telemetry? This flag specifically controls if telemetry is sent. Other --telemetry-* flags set specific values but do not enable telemetry on their own.  [boolean]
      --telemetry-target          Set the telemetry target (local or gcp). Overrides settings files.  [string] [choices: &quot;local&quot;, &quot;gcp&quot;]
      --telemetry-otlp-endpoint   Set the OTLP endpoint for telemetry. Overrides environment variables and settings files.  [string]
      --telemetry-otlp-protocol   Set the OTLP protocol for telemetry (grpc or http). Overrides settings files.  [string] [choices: &quot;grpc&quot;, &quot;http&quot;]
      --telemetry-log-prompts     Enable or disable logging of user prompts for telemetry. Overrides settings files.  [boolean]
      --telemetry-outfile         Redirect all telemetry output to the specified file.  [string]
  -c, --checkpointing             Enables checkpointing of file edits  [boolean] [default: false]
      --experimental-acp          Starts the agent in ACP mode  [boolean]
      --allowed-mcp-server-names  Allowed MCP server names  [array]
      --allowed-tools             Tools that are allowed to run without confirmation  [array]
  -e, --extensions                A list of extensions to use. If not provided, all extensions are used.  [array]
  -l, --list-extensions           List all available extensions and exit.  [boolean]
      --proxy                     Proxy for qwen client, like schema://user:password@host:port  [string]
      --include-directories       Additional directories to include in the workspace (comma-separated or multiple --include-directories)  [array]
      --openai-logging            Enable logging of OpenAI API calls for debugging and analysis  [boolean]
      --openai-api-key            OpenAI API key to use for authentication  [string]
      --openai-base-url           OpenAI base URL (for custom endpoints)  [string]
      --tavily-api-key            Tavily API key for web search functionality  [string]
      --screen-reader             Enable screen reader mode for accessibility.  [boolean] [default: false]
      --vlm-switch-mode           Default behavior when images are detected in input. Values: once (one-time switch), session (switch for entire session), persist (continue with current model). Overrides settings files.  [string] [choices: &quot;once&quot;, &quot;session&quot;, &quot;persist&quot;]
  -v, --version                   Show version number  [boolean]
  -h, --help                      Show help  [boolean]

Invalid values:
  Argument: approval-mode, Given: &quot;invalid_mode&quot;, Choices: &quot;plan&quot;, &quot;default&quot;, &quot;auto-edit&quot;, &quot;yolo&quot;

            </system-err>
        </testcase>
        <testcase classname="src/config/config.integration.test.ts" name="Configuration Integration Tests &gt; Approval Mode Integration Tests &gt; should reject conflicting --yolo and --approval-mode flags" time="0.009831645">
            <system-err>
Usage: qwen [options] [command]

Qwen Code - Launch an interactive CLI, use -p/--prompt for non-interactive mode

Commands:
  qwen      Launch Qwen Code  [default]
  qwen mcp  Manage MCP servers

Options:
  -m, --model                     Model  [string]
  -p, --prompt                    Prompt. Appended to input on stdin (if any).  [string]
  -i, --prompt-interactive        Execute the provided prompt and continue in interactive mode  [string]
  -s, --sandbox                   Run in sandbox?  [boolean]
      --sandbox-image             Sandbox image URI.  [string]
  -d, --debug                     Run in debug mode?  [boolean] [default: false]
  -a, --all-files                 Include ALL files in context?  [boolean] [default: false]
      --show-memory-usage         Show memory usage in status bar  [boolean] [default: false]
  -y, --yolo                      Automatically accept all actions (aka YOLO mode, see https://www.youtube.com/watch?v=xvFZjo5PgG0 for more details)?  [boolean] [default: false]
      --approval-mode             Set the approval mode: plan (plan only), default (prompt for approval), auto-edit (auto-approve edit tools), yolo (auto-approve all tools)  [string] [choices: &quot;plan&quot;, &quot;default&quot;, &quot;auto-edit&quot;, &quot;yolo&quot;]
      --telemetry                 Enable telemetry? This flag specifically controls if telemetry is sent. Other --telemetry-* flags set specific values but do not enable telemetry on their own.  [boolean]
      --telemetry-target          Set the telemetry target (local or gcp). Overrides settings files.  [string] [choices: &quot;local&quot;, &quot;gcp&quot;]
      --telemetry-otlp-endpoint   Set the OTLP endpoint for telemetry. Overrides environment variables and settings files.  [string]
      --telemetry-otlp-protocol   Set the OTLP protocol for telemetry (grpc or http). Overrides settings files.  [string] [choices: &quot;grpc&quot;, &quot;http&quot;]
      --telemetry-log-prompts     Enable or disable logging of user prompts for telemetry. Overrides settings files.  [boolean]
      --telemetry-outfile         Redirect all telemetry output to the specified file.  [string]
  -c, --checkpointing             Enables checkpointing of file edits  [boolean] [default: false]
      --experimental-acp          Starts the agent in ACP mode  [boolean]
      --allowed-mcp-server-names  Allowed MCP server names  [array]
      --allowed-tools             Tools that are allowed to run without confirmation  [array]
  -e, --extensions                A list of extensions to use. If not provided, all extensions are used.  [array]
  -l, --list-extensions           List all available extensions and exit.  [boolean]
      --proxy                     Proxy for qwen client, like schema://user:password@host:port  [string]
      --include-directories       Additional directories to include in the workspace (comma-separated or multiple --include-directories)  [array]
      --openai-logging            Enable logging of OpenAI API calls for debugging and analysis  [boolean]
      --openai-api-key            OpenAI API key to use for authentication  [string]
      --openai-base-url           OpenAI base URL (for custom endpoints)  [string]
      --tavily-api-key            Tavily API key for web search functionality  [string]
      --screen-reader             Enable screen reader mode for accessibility.  [boolean] [default: false]
      --vlm-switch-mode           Default behavior when images are detected in input. Values: once (one-time switch), session (switch for entire session), persist (continue with current model). Overrides settings files.  [string] [choices: &quot;once&quot;, &quot;session&quot;, &quot;persist&quot;]
  -v, --version                   Show version number  [boolean]
  -h, --help                      Show help  [boolean]

Cannot use both --yolo (-y) and --approval-mode together. Use --approval-mode=yolo instead.

            </system-err>
        </testcase>
        <testcase classname="src/config/config.integration.test.ts" name="Configuration Integration Tests &gt; Approval Mode Integration Tests &gt; should handle backward compatibility with mixed scenarios" time="0.00353281">
        </testcase>
    </testsuite>
    <testsuite name="src/config/config.test.ts" timestamp="2025-10-09T09:06:18.931Z" hostname="uby" tests="125" failures="0" errors="0" skipped="1" time="0.491584898">
        <testcase classname="src/config/config.test.ts" name="parseArguments &gt; should throw an error when both --prompt and --prompt-interactive are used together" time="0.029621087">
        </testcase>
        <testcase classname="src/config/config.test.ts" name="parseArguments &gt; should throw an error when using short flags -p and -i together" time="0.019667597">
        </testcase>
        <testcase classname="src/config/config.test.ts" name="parseArguments &gt; should allow --prompt without --prompt-interactive" time="0.003306663">
        </testcase>
        <testcase classname="src/config/config.test.ts" name="parseArguments &gt; should allow --prompt-interactive without --prompt" time="0.003886345">
        </testcase>
        <testcase classname="src/config/config.test.ts" name="parseArguments &gt; should allow -i flag as alias for --prompt-interactive" time="0.003300432">
        </testcase>
        <testcase classname="src/config/config.test.ts" name="parseArguments &gt; should throw an error when both --yolo and --approval-mode are used together" time="0.010352136">
        </testcase>
        <testcase classname="src/config/config.test.ts" name="parseArguments &gt; should throw an error when using short flags -y and --approval-mode together" time="0.013609398">
        </testcase>
        <testcase classname="src/config/config.test.ts" name="parseArguments &gt; should allow --approval-mode without --yolo" time="0.003349441">
        </testcase>
        <testcase classname="src/config/config.test.ts" name="parseArguments &gt; should allow --yolo without --approval-mode" time="0.003474914">
        </testcase>
        <testcase classname="src/config/config.test.ts" name="parseArguments &gt; should reject invalid --approval-mode values" time="0.010037304">
        </testcase>
        <testcase classname="src/config/config.test.ts" name="loadCliConfig &gt; should set showMemoryUsage to true when --show-memory-usage flag is present" time="0.02165451">
        </testcase>
        <testcase classname="src/config/config.test.ts" name="loadCliConfig &gt; should set showMemoryUsage to false when --memory flag is not present" time="0.006390874">
        </testcase>
        <testcase classname="src/config/config.test.ts" name="loadCliConfig &gt; should set showMemoryUsage to false by default from settings if CLI flag is not present" time="0.003595677">
        </testcase>
        <testcase classname="src/config/config.test.ts" name="loadCliConfig &gt; should prioritize CLI flag over settings for showMemoryUsage (CLI true, settings false)" time="0.002204225">
        </testcase>
        <testcase classname="src/config/config.test.ts" name="loadCliConfig &gt; Proxy configuration &gt; should leave proxy to empty by default" time="0.001897618">
        </testcase>
        <testcase classname="src/config/config.test.ts" name="loadCliConfig &gt; Proxy configuration &gt; should set proxy to http://localhost:7890 according to environment variable [https_proxy]" time="0.001835503">
        </testcase>
        <testcase classname="src/config/config.test.ts" name="loadCliConfig &gt; Proxy configuration &gt; should set proxy to http://localhost:7890 according to environment variable [http_proxy]" time="0.001581855">
        </testcase>
        <testcase classname="src/config/config.test.ts" name="loadCliConfig &gt; Proxy configuration &gt; should set proxy to http://localhost:7890 according to environment variable [HTTPS_PROXY]" time="0.002371904">
        </testcase>
        <testcase classname="src/config/config.test.ts" name="loadCliConfig &gt; Proxy configuration &gt; should set proxy to http://localhost:7890 according to environment variable [HTTP_PROXY]" time="0.002756606">
        </testcase>
        <testcase classname="src/config/config.test.ts" name="loadCliConfig &gt; Proxy configuration &gt; should set proxy when --proxy flag is present" time="0.00261847">
        </testcase>
        <testcase classname="src/config/config.test.ts" name="loadCliConfig &gt; Proxy configuration &gt; should prioritize CLI flag over environment variable for proxy (CLI http://localhost:7890, environment variable http://localhost:7891)" time="0.002294051">
        </testcase>
        <testcase classname="src/config/config.test.ts" name="loadCliConfig telemetry &gt; should set telemetry to false by default when no flag or setting is present" time="0.002102126">
        </testcase>
        <testcase classname="src/config/config.test.ts" name="loadCliConfig telemetry &gt; should set telemetry to true when --telemetry flag is present" time="0.015351048">
        </testcase>
        <testcase classname="src/config/config.test.ts" name="loadCliConfig telemetry &gt; should set telemetry to false when --no-telemetry flag is present" time="0.004147928">
        </testcase>
        <testcase classname="src/config/config.test.ts" name="loadCliConfig telemetry &gt; should use telemetry value from settings if CLI flag is not present (settings true)" time="0.003735645">
        </testcase>
        <testcase classname="src/config/config.test.ts" name="loadCliConfig telemetry &gt; should use telemetry value from settings if CLI flag is not present (settings false)" time="0.003135836">
        </testcase>
        <testcase classname="src/config/config.test.ts" name="loadCliConfig telemetry &gt; should prioritize --telemetry CLI flag (true) over settings (false)" time="0.003558278">
        </testcase>
        <testcase classname="src/config/config.test.ts" name="loadCliConfig telemetry &gt; should prioritize --no-telemetry CLI flag (false) over settings (true)" time="0.00242896">
        </testcase>
        <testcase classname="src/config/config.test.ts" name="loadCliConfig telemetry &gt; should use telemetry OTLP endpoint from settings if CLI flag is not present" time="0.002554031">
        </testcase>
        <testcase classname="src/config/config.test.ts" name="loadCliConfig telemetry &gt; should prioritize --telemetry-otlp-endpoint CLI flag over settings" time="0.002224592">
        </testcase>
        <testcase classname="src/config/config.test.ts" name="loadCliConfig telemetry &gt; should use default endpoint if no OTLP endpoint is provided via CLI or settings" time="0.002603723">
        </testcase>
        <testcase classname="src/config/config.test.ts" name="loadCliConfig telemetry &gt; should use telemetry target from settings if CLI flag is not present" time="0.003813781">
        </testcase>
        <testcase classname="src/config/config.test.ts" name="loadCliConfig telemetry &gt; should prioritize --telemetry-target CLI flag over settings" time="0.003098588">
        </testcase>
        <testcase classname="src/config/config.test.ts" name="loadCliConfig telemetry &gt; should use default target if no target is provided via CLI or settings" time="0.00362428">
        </testcase>
        <testcase classname="src/config/config.test.ts" name="loadCliConfig telemetry &gt; should use telemetry log prompts from settings if CLI flag is not present" time="0.003086946">
        </testcase>
        <testcase classname="src/config/config.test.ts" name="loadCliConfig telemetry &gt; should prioritize --telemetry-log-prompts CLI flag (true) over settings (false)" time="0.002673993">
        </testcase>
        <testcase classname="src/config/config.test.ts" name="loadCliConfig telemetry &gt; should prioritize --no-telemetry-log-prompts CLI flag (false) over settings (true)" time="0.003212709">
        </testcase>
        <testcase classname="src/config/config.test.ts" name="loadCliConfig telemetry &gt; should use default log prompts (true) if no value is provided via CLI or settings" time="0.012369566">
        </testcase>
        <testcase classname="src/config/config.test.ts" name="loadCliConfig telemetry &gt; should use telemetry OTLP protocol from settings if CLI flag is not present" time="0.003055999">
        </testcase>
        <testcase classname="src/config/config.test.ts" name="loadCliConfig telemetry &gt; should prioritize --telemetry-otlp-protocol CLI flag over settings" time="0.003084692">
        </testcase>
        <testcase classname="src/config/config.test.ts" name="loadCliConfig telemetry &gt; should use default protocol if no OTLP protocol is provided via CLI or settings" time="0.002939754">
        </testcase>
        <testcase classname="src/config/config.test.ts" name="loadCliConfig telemetry &gt; should reject invalid --telemetry-otlp-protocol values" time="0.008475588">
        </testcase>
        <testcase classname="src/config/config.test.ts" name="Hierarchical Memory Loading (config.ts) - Placeholder Suite &gt; should pass extension context file paths to loadServerHierarchicalMemory" time="0.00388439">
        </testcase>
        <testcase classname="src/config/config.test.ts" name="Hierarchical Memory Loading (config.ts) - Placeholder Suite &gt; should correctly use mocked homedir for global path" time="0">
            <skipped/>
        </testcase>
        <testcase classname="src/config/config.test.ts" name="mergeMcpServers &gt; should not modify the original settings object" time="0.003033167">
        </testcase>
        <testcase classname="src/config/config.test.ts" name="loadCliConfig systemPromptMappings &gt; should use default systemPromptMappings when not provided in settings" time="0.000718718">
        </testcase>
        <testcase classname="src/config/config.test.ts" name="loadCliConfig systemPromptMappings &gt; should use custom systemPromptMappings when provided in settings" time="0.0003948">
        </testcase>
        <testcase classname="src/config/config.test.ts" name="mergeExcludeTools &gt; should merge excludeTools from settings and extensions" time="0.002863553">
        </testcase>
        <testcase classname="src/config/config.test.ts" name="mergeExcludeTools &gt; should handle overlapping excludeTools between settings and extensions" time="0.002655259">
        </testcase>
        <testcase classname="src/config/config.test.ts" name="mergeExcludeTools &gt; should handle overlapping excludeTools between extensions" time="0.001760565">
        </testcase>
        <testcase classname="src/config/config.test.ts" name="mergeExcludeTools &gt; should return an empty array when no excludeTools are specified and it is interactive" time="0.001746308">
        </testcase>
        <testcase classname="src/config/config.test.ts" name="mergeExcludeTools &gt; should return default excludes when no excludeTools are specified and it is not interactive" time="0.002068464">
        </testcase>
        <testcase classname="src/config/config.test.ts" name="mergeExcludeTools &gt; should handle settings with excludeTools but no extensions" time="0.002296656">
        </testcase>
        <testcase classname="src/config/config.test.ts" name="mergeExcludeTools &gt; should handle extensions with excludeTools but no settings" time="0.001896667">
        </testcase>
        <testcase classname="src/config/config.test.ts" name="mergeExcludeTools &gt; should not modify the original settings object" time="0.002406438">
        </testcase>
        <testcase classname="src/config/config.test.ts" name="Approval mode tool exclusion logic &gt; should exclude all interactive tools in non-interactive mode with default approval mode" time="0.002944133">
        </testcase>
        <testcase classname="src/config/config.test.ts" name="Approval mode tool exclusion logic &gt; should exclude all interactive tools in non-interactive mode with plan approval mode" time="0.003320619">
        </testcase>
        <testcase classname="src/config/config.test.ts" name="Approval mode tool exclusion logic &gt; should exclude all interactive tools in non-interactive mode with explicit default approval mode" time="0.00267815">
        </testcase>
        <testcase classname="src/config/config.test.ts" name="Approval mode tool exclusion logic &gt; should exclude only shell tools in non-interactive mode with auto-edit approval mode" time="0.002872329">
        </testcase>
        <testcase classname="src/config/config.test.ts" name="Approval mode tool exclusion logic &gt; should exclude no interactive tools in non-interactive mode with yolo approval mode" time="0.003114918">
        </testcase>
        <testcase classname="src/config/config.test.ts" name="Approval mode tool exclusion logic &gt; should exclude no interactive tools in non-interactive mode with legacy yolo flag" time="0.001967758">
        </testcase>
        <testcase classname="src/config/config.test.ts" name="Approval mode tool exclusion logic &gt; should not exclude interactive tools in interactive mode regardless of approval mode" time="0.01470859">
        </testcase>
        <testcase classname="src/config/config.test.ts" name="Approval mode tool exclusion logic &gt; should merge approval mode exclusions with settings exclusions in auto-edit mode" time="0.00215848">
        </testcase>
        <testcase classname="src/config/config.test.ts" name="Approval mode tool exclusion logic &gt; should throw an error for invalid approval mode values in loadCliConfig" time="0.000431517">
        </testcase>
        <testcase classname="src/config/config.test.ts" name="loadCliConfig with allowed-mcp-server-names &gt; should allow all MCP servers if the flag is not provided" time="0.002928834">
        </testcase>
        <testcase classname="src/config/config.test.ts" name="loadCliConfig with allowed-mcp-server-names &gt; should allow only the specified MCP server" time="0.003211677">
        </testcase>
        <testcase classname="src/config/config.test.ts" name="loadCliConfig with allowed-mcp-server-names &gt; should allow multiple specified MCP servers" time="0.002929255">
        </testcase>
        <testcase classname="src/config/config.test.ts" name="loadCliConfig with allowed-mcp-server-names &gt; should handle server names that do not exist" time="0.002914377">
        </testcase>
        <testcase classname="src/config/config.test.ts" name="loadCliConfig with allowed-mcp-server-names &gt; should allow no MCP servers if the flag is provided but empty" time="0.002651001">
        </testcase>
        <testcase classname="src/config/config.test.ts" name="loadCliConfig with allowed-mcp-server-names &gt; should read allowMCPServers from settings" time="0.002805176">
        </testcase>
        <testcase classname="src/config/config.test.ts" name="loadCliConfig with allowed-mcp-server-names &gt; should read excludeMCPServers from settings" time="0.002730798">
        </testcase>
        <testcase classname="src/config/config.test.ts" name="loadCliConfig with allowed-mcp-server-names &gt; should override allowMCPServers with excludeMCPServers if overlapping" time="0.002293149">
        </testcase>
        <testcase classname="src/config/config.test.ts" name="loadCliConfig with allowed-mcp-server-names &gt; should prioritize mcp server flag if set" time="0.002839298">
        </testcase>
        <testcase classname="src/config/config.test.ts" name="loadCliConfig with allowed-mcp-server-names &gt; should prioritize CLI flag over both allowed and excluded settings" time="0.002717583">
        </testcase>
        <testcase classname="src/config/config.test.ts" name="loadCliConfig extensions &gt; should not filter extensions if --extensions flag is not used" time="0.002185811">
        </testcase>
        <testcase classname="src/config/config.test.ts" name="loadCliConfig extensions &gt; should filter extensions if --extensions flag is used" time="0.001894722">
        </testcase>
        <testcase classname="src/config/config.test.ts" name="loadCliConfig model selection &gt; selects a model from settings.json if provided" time="0.001558731">
        </testcase>
        <testcase classname="src/config/config.test.ts" name="loadCliConfig model selection &gt; uses the default gemini model if nothing is set" time="0.001504612">
        </testcase>
        <testcase classname="src/config/config.test.ts" name="loadCliConfig model selection &gt; always prefers model from argvs" time="0.002406959">
        </testcase>
        <testcase classname="src/config/config.test.ts" name="loadCliConfig model selection &gt; selects the model from argvs if provided" time="0.002844749">
        </testcase>
        <testcase classname="src/config/config.test.ts" name="loadCliConfig folderTrustFeature &gt; should be false by default" time="0.002983505">
        </testcase>
        <testcase classname="src/config/config.test.ts" name="loadCliConfig folderTrustFeature &gt; should be true when settings.folderTrustFeature is true" time="0.002574589">
        </testcase>
        <testcase classname="src/config/config.test.ts" name="loadCliConfig folderTrust &gt; should be false if folderTrustFeature is false and folderTrust is false" time="0.002469636">
        </testcase>
        <testcase classname="src/config/config.test.ts" name="loadCliConfig folderTrust &gt; should be false if folderTrustFeature is true and folderTrust is false" time="0.003295733">
        </testcase>
        <testcase classname="src/config/config.test.ts" name="loadCliConfig folderTrust &gt; should be false if folderTrustFeature is false and folderTrust is true" time="0.002487047">
        </testcase>
        <testcase classname="src/config/config.test.ts" name="loadCliConfig folderTrust &gt; should be true when folderTrustFeature is true and folderTrust is true" time="0.002524096">
        </testcase>
        <testcase classname="src/config/config.test.ts" name="loadCliConfig with includeDirectories &gt; should combine and resolve paths from settings and CLI arguments" time="0.003879842">
        </testcase>
        <testcase classname="src/config/config.test.ts" name="loadCliConfig chatCompression &gt; should pass chatCompression settings to the core config" time="0.003260116">
        </testcase>
        <testcase classname="src/config/config.test.ts" name="loadCliConfig chatCompression &gt; should have undefined chatCompression if not in settings" time="0.004645177">
        </testcase>
        <testcase classname="src/config/config.test.ts" name="loadCliConfig useRipgrep &gt; should be false by default when useRipgrep is not set in settings" time="0.002676097">
        </testcase>
        <testcase classname="src/config/config.test.ts" name="loadCliConfig useRipgrep &gt; should be true when useRipgrep is set to true in settings" time="0.002606538">
        </testcase>
        <testcase classname="src/config/config.test.ts" name="loadCliConfig useRipgrep &gt; should be false when useRipgrep is explicitly set to false in settings" time="0.002512114">
        </testcase>
        <testcase classname="src/config/config.test.ts" name="loadCliConfig tool exclusions &gt; should not exclude interactive tools in interactive mode without YOLO" time="0.002773547">
        </testcase>
        <testcase classname="src/config/config.test.ts" name="loadCliConfig tool exclusions &gt; should not exclude interactive tools in interactive mode with YOLO" time="0.002759341">
        </testcase>
        <testcase classname="src/config/config.test.ts" name="loadCliConfig tool exclusions &gt; should exclude interactive tools in non-interactive mode without YOLO" time="0.011847572">
        </testcase>
        <testcase classname="src/config/config.test.ts" name="loadCliConfig tool exclusions &gt; should not exclude interactive tools in non-interactive mode with YOLO" time="0.003811025">
        </testcase>
        <testcase classname="src/config/config.test.ts" name="loadCliConfig interactive &gt; should be interactive if isTTY and no prompt" time="0.003413229">
        </testcase>
        <testcase classname="src/config/config.test.ts" name="loadCliConfig interactive &gt; should be interactive if prompt-interactive is set" time="0.002724306">
        </testcase>
        <testcase classname="src/config/config.test.ts" name="loadCliConfig interactive &gt; should not be interactive if not isTTY and no prompt" time="0.002404044">
        </testcase>
        <testcase classname="src/config/config.test.ts" name="loadCliConfig interactive &gt; should not be interactive if prompt is set" time="0.003321941">
        </testcase>
        <testcase classname="src/config/config.test.ts" name="loadCliConfig approval mode &gt; should default to DEFAULT approval mode when no flags are set" time="0.002936158">
        </testcase>
        <testcase classname="src/config/config.test.ts" name="loadCliConfig approval mode &gt; should set PLAN approval mode when --approval-mode=plan" time="0.004005405">
        </testcase>
        <testcase classname="src/config/config.test.ts" name="loadCliConfig approval mode &gt; should set YOLO approval mode when --yolo flag is used" time="0.002579028">
        </testcase>
        <testcase classname="src/config/config.test.ts" name="loadCliConfig approval mode &gt; should set YOLO approval mode when -y flag is used" time="0.002703418">
        </testcase>
        <testcase classname="src/config/config.test.ts" name="loadCliConfig approval mode &gt; should set DEFAULT approval mode when --approval-mode=default" time="0.002854256">
        </testcase>
        <testcase classname="src/config/config.test.ts" name="loadCliConfig approval mode &gt; should set AUTO_EDIT approval mode when --approval-mode=auto-edit" time="0.002999555">
        </testcase>
        <testcase classname="src/config/config.test.ts" name="loadCliConfig approval mode &gt; should set YOLO approval mode when --approval-mode=yolo" time="0.003113165">
        </testcase>
        <testcase classname="src/config/config.test.ts" name="loadCliConfig approval mode &gt; should use approval mode from settings when CLI flags are not provided" time="0.002727903">
        </testcase>
        <testcase classname="src/config/config.test.ts" name="loadCliConfig approval mode &gt; should normalize approval mode values from settings" time="0.002756596">
        </testcase>
        <testcase classname="src/config/config.test.ts" name="loadCliConfig approval mode &gt; should throw when approval mode in settings is invalid" time="0.002858745">
        </testcase>
        <testcase classname="src/config/config.test.ts" name="loadCliConfig approval mode &gt; should prioritize --approval-mode over --yolo when both would be valid (but validation prevents this)" time="0.002648156">
        </testcase>
        <testcase classname="src/config/config.test.ts" name="loadCliConfig approval mode &gt; should fall back to --yolo behavior when --approval-mode is not set" time="0.00253715">
        </testcase>
        <testcase classname="src/config/config.test.ts" name="loadCliConfig approval mode &gt; when folder is NOT trusted &gt; should override --approval-mode=yolo to DEFAULT" time="0.003855868">
            <system-err>
[WARN] Approval mode overridden to &quot;default&quot; because the current folder is not trusted.

            </system-err>
        </testcase>
        <testcase classname="src/config/config.test.ts" name="loadCliConfig approval mode &gt; when folder is NOT trusted &gt; should override --approval-mode=auto-edit to DEFAULT" time="0.00379756">
            <system-err>
[WARN] Approval mode overridden to &quot;default&quot; because the current folder is not trusted.

            </system-err>
        </testcase>
        <testcase classname="src/config/config.test.ts" name="loadCliConfig approval mode &gt; when folder is NOT trusted &gt; should override --yolo flag to DEFAULT" time="0.003200406">
            <system-err>
[WARN] Approval mode overridden to &quot;default&quot; because the current folder is not trusted.

            </system-err>
        </testcase>
        <testcase classname="src/config/config.test.ts" name="loadCliConfig approval mode &gt; when folder is NOT trusted &gt; should remain DEFAULT when --approval-mode=default" time="0.003027617">
        </testcase>
        <testcase classname="src/config/config.test.ts" name="loadCliConfig approval mode &gt; when folder is NOT trusted &gt; should allow PLAN approval mode in untrusted folders" time="0.002926079">
        </testcase>
        <testcase classname="src/config/config.test.ts" name="loadCliConfig trustedFolder &gt; should be correct for: feature disabled, folderTrust true, workspace trusted -&gt; behave as trusted" time="0.003336478">
        </testcase>
        <testcase classname="src/config/config.test.ts" name="loadCliConfig trustedFolder &gt; should be correct for: feature disabled, folderTrust true, workspace not trusted -&gt; behave as trusted" time="0.005573212">
        </testcase>
        <testcase classname="src/config/config.test.ts" name="loadCliConfig trustedFolder &gt; should be correct for: feature disabled, folderTrust false, workspace trusted -&gt; behave as trusted" time="0.002277821">
        </testcase>
        <testcase classname="src/config/config.test.ts" name="loadCliConfig trustedFolder &gt; should be correct for: feature on, folderTrust false, workspace trusted -&gt; behave as trusted" time="0.001838759">
        </testcase>
        <testcase classname="src/config/config.test.ts" name="loadCliConfig trustedFolder &gt; should be correct for: feature on, folderTrust false, workspace not trusted -&gt; behave as trusted" time="0.002731489">
        </testcase>
        <testcase classname="src/config/config.test.ts" name="loadCliConfig trustedFolder &gt; should be correct for: feature on, folderTrust on, workspace trusted -&gt; is trusted" time="0.002543151">
        </testcase>
        <testcase classname="src/config/config.test.ts" name="loadCliConfig trustedFolder &gt; should be correct for: feature on, folderTrust on, workspace NOT trusted -&gt; is NOT trusted" time="0.002528223">
        </testcase>
        <testcase classname="src/config/config.test.ts" name="loadCliConfig trustedFolder &gt; should be correct for: feature on, folderTrust on, workspace trust unknown -&gt; is unknown" time="0.002946838">
        </testcase>
    </testsuite>
    <testsuite name="src/config/extension.test.ts" timestamp="2025-10-09T09:06:18.934Z" hostname="uby" tests="26" failures="0" errors="0" skipped="0" time="0.065243939">
        <testcase classname="src/config/extension.test.ts" name="loadExtensions &gt; should include extension path in loaded extension" time="0.007328126">
        </testcase>
        <testcase classname="src/config/extension.test.ts" name="loadExtensions &gt; should load context file path when QWEN.md is present" time="0.002110882">
        </testcase>
        <testcase classname="src/config/extension.test.ts" name="loadExtensions &gt; should load context file path from the extension config" time="0.000961668">
        </testcase>
        <testcase classname="src/config/extension.test.ts" name="loadExtensions &gt; should filter out disabled extensions" time="0.00172579">
        </testcase>
        <testcase classname="src/config/extension.test.ts" name="loadExtensions &gt; should hydrate variables" time="0.00091434">
        </testcase>
        <testcase classname="src/config/extension.test.ts" name="annotateActiveExtensions &gt; should mark all extensions as active if no enabled extensions are provided" time="0.000405079">
        </testcase>
        <testcase classname="src/config/extension.test.ts" name="annotateActiveExtensions &gt; should mark only the enabled extensions as active" time="0.000386554">
        </testcase>
        <testcase classname="src/config/extension.test.ts" name="annotateActiveExtensions &gt; should mark all extensions as inactive when &quot;none&quot; is provided" time="0.000318109">
        </testcase>
        <testcase classname="src/config/extension.test.ts" name="annotateActiveExtensions &gt; should handle case-insensitivity" time="0.000277212">
        </testcase>
        <testcase classname="src/config/extension.test.ts" name="annotateActiveExtensions &gt; should log an error for unknown extensions" time="0.000851974">
        </testcase>
        <testcase classname="src/config/extension.test.ts" name="installExtension &gt; should install an extension from a local path" time="0.011153028">
        </testcase>
        <testcase classname="src/config/extension.test.ts" name="installExtension &gt; should throw an error if the extension already exists" time="0.004269543">
        </testcase>
        <testcase classname="src/config/extension.test.ts" name="installExtension &gt; should throw an error and cleanup if qwen-extension.json is missing" time="0.001794196">
            <system-err>
Warning: extension directory /tmp/qwen-code-test-home-1I2GNC/bad-extension does not contain a config file /tmp/qwen-code-test-home-1I2GNC/bad-extension/qwen-extension.json.

            </system-err>
        </testcase>
        <testcase classname="src/config/extension.test.ts" name="installExtension &gt; should install an extension from a git URL" time="0.004689108">
        </testcase>
        <testcase classname="src/config/extension.test.ts" name="uninstallExtension &gt; should uninstall an extension by name" time="0.002578777">
        </testcase>
        <testcase classname="src/config/extension.test.ts" name="uninstallExtension &gt; should uninstall an extension by name and retain existing extensions" time="0.002377706">
        </testcase>
        <testcase classname="src/config/extension.test.ts" name="uninstallExtension &gt; should throw an error if the extension does not exist" time="0.000549306">
        </testcase>
        <testcase classname="src/config/extension.test.ts" name="performWorkspaceExtensionMigration &gt; should install the extensions in the user directory" time="0.004989905">
        </testcase>
        <testcase classname="src/config/extension.test.ts" name="performWorkspaceExtensionMigration &gt; should return the names of failed installations" time="0.001947871">
        </testcase>
        <testcase classname="src/config/extension.test.ts" name="updateExtension &gt; should update a git-installed extension" time="0.00655664">
        </testcase>
        <testcase classname="src/config/extension.test.ts" name="disableExtension &gt; should disable an extension at the user scope" time="0.001166687">
        </testcase>
        <testcase classname="src/config/extension.test.ts" name="disableExtension &gt; should disable an extension at the workspace scope" time="0.00098998">
        </testcase>
        <testcase classname="src/config/extension.test.ts" name="disableExtension &gt; should handle disabling the same extension twice" time="0.000673706">
        </testcase>
        <testcase classname="src/config/extension.test.ts" name="disableExtension &gt; should throw an error if you request system scope" time="0.000463096">
        </testcase>
        <testcase classname="src/config/extension.test.ts" name="enableExtension &gt; should enable an extension at the user scope" time="0.001949344">
        </testcase>
        <testcase classname="src/config/extension.test.ts" name="enableExtension &gt; should enable an extension at the workspace scope" time="0.001662423">
        </testcase>
    </testsuite>
    <testsuite name="src/config/keyBindings.test.ts" timestamp="2025-10-09T09:06:18.935Z" hostname="uby" tests="3" failures="0" errors="0" skipped="0" time="0.006518861">
        <testcase classname="src/config/keyBindings.test.ts" name="keyBindings config &gt; defaultKeyBindings &gt; should have bindings for all commands" time="0.002851522">
        </testcase>
        <testcase classname="src/config/keyBindings.test.ts" name="keyBindings config &gt; defaultKeyBindings &gt; should have valid key binding structures" time="0.002190088">
        </testcase>
        <testcase classname="src/config/keyBindings.test.ts" name="keyBindings config &gt; defaultKeyBindings &gt; should export all required types" time="0.000177919">
        </testcase>
    </testsuite>
    <testsuite name="src/config/settings.test.ts" timestamp="2025-10-09T09:06:18.935Z" hostname="uby" tests="65" failures="0" errors="0" skipped="0" time="0.043733195">
        <testcase classname="src/config/settings.test.ts" name="Settings Loading and Merging &gt; loadSettings &gt; should load empty settings if no files exist" time="0.004665725">
        </testcase>
        <testcase classname="src/config/settings.test.ts" name="Settings Loading and Merging &gt; loadSettings &gt; should load system settings if only system file exists" time="0.002352299">
        </testcase>
        <testcase classname="src/config/settings.test.ts" name="Settings Loading and Merging &gt; loadSettings &gt; should load user settings if only user file exists" time="0.00083305">
        </testcase>
        <testcase classname="src/config/settings.test.ts" name="Settings Loading and Merging &gt; loadSettings &gt; should restore selected auth type when provider data is persisted in V1 format" time="0.001131081">
        </testcase>
        <testcase classname="src/config/settings.test.ts" name="Settings Loading and Merging &gt; loadSettings &gt; should load workspace settings if only workspace file exists" time="0.000926233">
        </testcase>
        <testcase classname="src/config/settings.test.ts" name="Settings Loading and Merging &gt; loadSettings &gt; should merge user and workspace settings, with workspace taking precedence" time="0.001076961">
        </testcase>
        <testcase classname="src/config/settings.test.ts" name="Settings Loading and Merging &gt; loadSettings &gt; should merge system, user and workspace settings, with system taking precedence over workspace, and workspace over user" time="0.001229543">
        </testcase>
        <testcase classname="src/config/settings.test.ts" name="Settings Loading and Merging &gt; loadSettings &gt; should correctly migrate a complex legacy (v1) settings file" time="0.001235083">
        </testcase>
        <testcase classname="src/config/settings.test.ts" name="Settings Loading and Merging &gt; loadSettings &gt; should correctly merge and migrate legacy array properties from multiple scopes" time="0.001429582">
        </testcase>
        <testcase classname="src/config/settings.test.ts" name="Settings Loading and Merging &gt; loadSettings &gt; should merge all settings files with the correct precedence" time="0.000819605">
        </testcase>
        <testcase classname="src/config/settings.test.ts" name="Settings Loading and Merging &gt; loadSettings &gt; should ignore folderTrust from workspace settings" time="0.00037344">
        </testcase>
        <testcase classname="src/config/settings.test.ts" name="Settings Loading and Merging &gt; loadSettings &gt; should use system folderTrust over user setting" time="0.000295567">
        </testcase>
        <testcase classname="src/config/settings.test.ts" name="Settings Loading and Merging &gt; loadSettings &gt; should handle contextFileName correctly when only in user settings" time="0.00028145">
        </testcase>
        <testcase classname="src/config/settings.test.ts" name="Settings Loading and Merging &gt; loadSettings &gt; should handle contextFileName correctly when only in workspace settings" time="0.000738385">
        </testcase>
        <testcase classname="src/config/settings.test.ts" name="Settings Loading and Merging &gt; loadSettings &gt; should handle excludedProjectEnvVars correctly when only in user settings" time="0.000377037">
        </testcase>
        <testcase classname="src/config/settings.test.ts" name="Settings Loading and Merging &gt; loadSettings &gt; should handle excludedProjectEnvVars correctly when only in workspace settings" time="0.000268756">
        </testcase>
        <testcase classname="src/config/settings.test.ts" name="Settings Loading and Merging &gt; loadSettings &gt; should merge excludedProjectEnvVars with workspace taking precedence over user" time="0.000365125">
        </testcase>
        <testcase classname="src/config/settings.test.ts" name="Settings Loading and Merging &gt; loadSettings &gt; should default contextFileName to undefined if not in any settings file" time="0.000378791">
        </testcase>
        <testcase classname="src/config/settings.test.ts" name="Settings Loading and Merging &gt; loadSettings &gt; should load telemetry setting from user settings" time="0.000300075">
        </testcase>
        <testcase classname="src/config/settings.test.ts" name="Settings Loading and Merging &gt; loadSettings &gt; should load telemetry setting from workspace settings" time="0.000683744">
        </testcase>
        <testcase classname="src/config/settings.test.ts" name="Settings Loading and Merging &gt; loadSettings &gt; should prioritize workspace telemetry setting over user setting" time="0.000342814">
        </testcase>
        <testcase classname="src/config/settings.test.ts" name="Settings Loading and Merging &gt; loadSettings &gt; should have telemetry as undefined if not in any settings file" time="0.000247618">
        </testcase>
        <testcase classname="src/config/settings.test.ts" name="Settings Loading and Merging &gt; loadSettings &gt; should merge MCP servers correctly, with workspace taking precedence" time="0.002112145">
        </testcase>
        <testcase classname="src/config/settings.test.ts" name="Settings Loading and Merging &gt; loadSettings &gt; should handle MCP servers when only in user settings" time="0.000408035">
        </testcase>
        <testcase classname="src/config/settings.test.ts" name="Settings Loading and Merging &gt; loadSettings &gt; should handle MCP servers when only in workspace settings" time="0.000294685">
        </testcase>
        <testcase classname="src/config/settings.test.ts" name="Settings Loading and Merging &gt; loadSettings &gt; should have mcpServers as empty object if not in any settings file" time="0.000252467">
        </testcase>
        <testcase classname="src/config/settings.test.ts" name="Settings Loading and Merging &gt; loadSettings &gt; should merge MCP servers from system, user, and workspace with system taking precedence" time="0.000483964">
        </testcase>
        <testcase classname="src/config/settings.test.ts" name="Settings Loading and Merging &gt; loadSettings &gt; should merge mcp allowed/excluded lists with system taking precedence over workspace" time="0.000429615">
        </testcase>
        <testcase classname="src/config/settings.test.ts" name="Settings Loading and Merging &gt; loadSettings &gt; should merge chatCompression settings, with workspace taking precedence" time="0.001578979">
            <system-out>
{ contextPercentageThreshold: [33m0.5[39m }

            </system-out>
        </testcase>
        <testcase classname="src/config/settings.test.ts" name="Settings Loading and Merging &gt; loadSettings &gt; should handle chatCompression when only in user settings" time="0.000358272">
        </testcase>
        <testcase classname="src/config/settings.test.ts" name="Settings Loading and Merging &gt; loadSettings &gt; should have chatCompression as an empty object if not in any settings file" time="0.000207334">
        </testcase>
        <testcase classname="src/config/settings.test.ts" name="Settings Loading and Merging &gt; loadSettings &gt; should ignore chatCompression if contextPercentageThreshold is invalid" time="0.000564594">
        </testcase>
        <testcase classname="src/config/settings.test.ts" name="Settings Loading and Merging &gt; loadSettings &gt; should deep merge chatCompression settings" time="0.000323407">
        </testcase>
        <testcase classname="src/config/settings.test.ts" name="Settings Loading and Merging &gt; loadSettings &gt; should merge includeDirectories from all scopes" time="0.000694734">
        </testcase>
        <testcase classname="src/config/settings.test.ts" name="Settings Loading and Merging &gt; loadSettings &gt; should handle JSON parsing errors gracefully" time="0.001638649">
        </testcase>
        <testcase classname="src/config/settings.test.ts" name="Settings Loading and Merging &gt; loadSettings &gt; should resolve environment variables in user settings" time="0.000603996">
        </testcase>
        <testcase classname="src/config/settings.test.ts" name="Settings Loading and Merging &gt; loadSettings &gt; should resolve environment variables in workspace settings" time="0.000509282">
        </testcase>
        <testcase classname="src/config/settings.test.ts" name="Settings Loading and Merging &gt; loadSettings &gt; should correctly resolve and merge env variables from different scopes" time="0.000694324">
        </testcase>
        <testcase classname="src/config/settings.test.ts" name="Settings Loading and Merging &gt; loadSettings &gt; should correctly merge dnsResolutionOrder with workspace taking precedence" time="0.000425557">
        </testcase>
        <testcase classname="src/config/settings.test.ts" name="Settings Loading and Merging &gt; loadSettings &gt; should use user dnsResolutionOrder if workspace is not defined" time="0.000286089">
        </testcase>
        <testcase classname="src/config/settings.test.ts" name="Settings Loading and Merging &gt; loadSettings &gt; should leave unresolved environment variables as is" time="0.000349757">
        </testcase>
        <testcase classname="src/config/settings.test.ts" name="Settings Loading and Merging &gt; loadSettings &gt; should resolve multiple environment variables in a single string" time="0.000362119">
        </testcase>
        <testcase classname="src/config/settings.test.ts" name="Settings Loading and Merging &gt; loadSettings &gt; should resolve environment variables in arrays" time="0.000315864">
        </testcase>
        <testcase classname="src/config/settings.test.ts" name="Settings Loading and Merging &gt; loadSettings &gt; should correctly pass through null, boolean, and number types, and handle undefined properties" time="0.000438861">
        </testcase>
        <testcase classname="src/config/settings.test.ts" name="Settings Loading and Merging &gt; loadSettings &gt; should resolve multiple concatenated environment variables in a single string value" time="0.000257757">
        </testcase>
        <testcase classname="src/config/settings.test.ts" name="Settings Loading and Merging &gt; loadSettings &gt; when QWEN_CODE_SYSTEM_SETTINGS_PATH is set &gt; should load system settings from the path specified in the environment variable" time="0.000636717">
        </testcase>
        <testcase classname="src/config/settings.test.ts" name="Settings Loading and Merging &gt; excludedProjectEnvVars integration &gt; should exclude DEBUG and DEBUG_MODE from project .env files by default" time="0.000486689">
        </testcase>
        <testcase classname="src/config/settings.test.ts" name="Settings Loading and Merging &gt; excludedProjectEnvVars integration &gt; should respect custom excludedProjectEnvVars from user settings" time="0.00045443">
        </testcase>
        <testcase classname="src/config/settings.test.ts" name="Settings Loading and Merging &gt; excludedProjectEnvVars integration &gt; should merge excludedProjectEnvVars with workspace taking precedence" time="0.000451875">
        </testcase>
        <testcase classname="src/config/settings.test.ts" name="Settings Loading and Merging &gt; with workspace trust &gt; should merge workspace settings when workspace is trusted" time="0.000444201">
        </testcase>
        <testcase classname="src/config/settings.test.ts" name="Settings Loading and Merging &gt; with workspace trust &gt; should NOT merge workspace settings when workspace is not trusted" time="0.000457185">
        </testcase>
        <testcase classname="src/config/settings.test.ts" name="Settings Loading and Merging &gt; migrateSettingsToV1 &gt; should handle an empty object" time="0.001000179">
        </testcase>
        <testcase classname="src/config/settings.test.ts" name="Settings Loading and Merging &gt; migrateSettingsToV1 &gt; should migrate a simple v2 settings object to v1" time="0.000362039">
        </testcase>
        <testcase classname="src/config/settings.test.ts" name="Settings Loading and Merging &gt; migrateSettingsToV1 &gt; should handle nested properties correctly" time="0.00022701">
        </testcase>
        <testcase classname="src/config/settings.test.ts" name="Settings Loading and Merging &gt; migrateSettingsToV1 &gt; should preserve security auth provider configuration" time="0.000219405">
        </testcase>
        <testcase classname="src/config/settings.test.ts" name="Settings Loading and Merging &gt; migrateSettingsToV1 &gt; should preserve mcpServers at the top level" time="0.000156449">
        </testcase>
        <testcase classname="src/config/settings.test.ts" name="Settings Loading and Merging &gt; migrateSettingsToV1 &gt; should carry over unrecognized top-level properties" time="0.000161528">
        </testcase>
        <testcase classname="src/config/settings.test.ts" name="Settings Loading and Merging &gt; migrateSettingsToV1 &gt; should handle a complex object with mixed properties" time="0.000270901">
        </testcase>
        <testcase classname="src/config/settings.test.ts" name="Settings Loading and Merging &gt; migrateSettingsToV1 &gt; should not migrate a v1 settings object" time="0.000194329">
        </testcase>
        <testcase classname="src/config/settings.test.ts" name="Settings Loading and Merging &gt; migrateSettingsToV1 &gt; should migrate a full v2 settings object to v1" time="0.000296428">
        </testcase>
        <testcase classname="src/config/settings.test.ts" name="Settings Loading and Merging &gt; migrateSettingsToV1 &gt; should handle partial v2 settings" time="0.000140951">
        </testcase>
        <testcase classname="src/config/settings.test.ts" name="Settings Loading and Merging &gt; migrateSettingsToV1 &gt; should handle settings with different data types" time="0.000471221">
        </testcase>
        <testcase classname="src/config/settings.test.ts" name="Settings Loading and Merging &gt; migrateSettingsToV1 &gt; should preserve unrecognized top-level keys" time="0.000230627">
        </testcase>
        <testcase classname="src/config/settings.test.ts" name="Settings Loading and Merging &gt; migrateSettingsToV1 &gt; should handle an empty v2 settings object" time="0.000164845">
        </testcase>
        <testcase classname="src/config/settings.test.ts" name="Settings Loading and Merging &gt; migrateSettingsToV1 &gt; should correctly handle mcpServers at the top level" time="0.000219766">
        </testcase>
    </testsuite>
    <testsuite name="src/config/settingsSchema.test.ts" timestamp="2025-10-09T09:06:18.937Z" hostname="uby" tests="14" failures="0" errors="0" skipped="0" time="0.007123699">
        <testcase classname="src/config/settingsSchema.test.ts" name="SettingsSchema &gt; SETTINGS_SCHEMA &gt; should contain all expected top-level settings" time="0.001185492">
        </testcase>
        <testcase classname="src/config/settingsSchema.test.ts" name="SettingsSchema &gt; SETTINGS_SCHEMA &gt; should have correct structure for each setting" time="0.001745597">
        </testcase>
        <testcase classname="src/config/settingsSchema.test.ts" name="SettingsSchema &gt; SETTINGS_SCHEMA &gt; should have correct nested setting structure" time="0.000281541">
        </testcase>
        <testcase classname="src/config/settingsSchema.test.ts" name="SettingsSchema &gt; SETTINGS_SCHEMA &gt; should have accessibility nested properties" time="0.000063267">
        </testcase>
        <testcase classname="src/config/settingsSchema.test.ts" name="SettingsSchema &gt; SETTINGS_SCHEMA &gt; should have checkpointing nested properties" time="0.000052867">
        </testcase>
        <testcase classname="src/config/settingsSchema.test.ts" name="SettingsSchema &gt; SETTINGS_SCHEMA &gt; should have fileFiltering nested properties" time="0.000050894">
        </testcase>
        <testcase classname="src/config/settingsSchema.test.ts" name="SettingsSchema &gt; SETTINGS_SCHEMA &gt; should have unique categories" time="0.000721494">
        </testcase>
        <testcase classname="src/config/settingsSchema.test.ts" name="SettingsSchema &gt; SETTINGS_SCHEMA &gt; should have consistent default values for boolean settings" time="0.000648499">
        </testcase>
        <testcase classname="src/config/settingsSchema.test.ts" name="SettingsSchema &gt; SETTINGS_SCHEMA &gt; should have showInDialog property configured" time="0.00021111">
        </testcase>
        <testcase classname="src/config/settingsSchema.test.ts" name="SettingsSchema &gt; SETTINGS_SCHEMA &gt; should infer Settings type correctly" time="0.000474036">
        </testcase>
        <testcase classname="src/config/settingsSchema.test.ts" name="SettingsSchema &gt; SETTINGS_SCHEMA &gt; should have includeDirectories setting in schema" time="0.000093262">
        </testcase>
        <testcase classname="src/config/settingsSchema.test.ts" name="SettingsSchema &gt; SETTINGS_SCHEMA &gt; should have loadMemoryFromIncludeDirectories setting in schema" time="0.000057085">
        </testcase>
        <testcase classname="src/config/settingsSchema.test.ts" name="SettingsSchema &gt; SETTINGS_SCHEMA &gt; should have folderTrustFeature setting in schema" time="0.000090287">
        </testcase>
        <testcase classname="src/config/settingsSchema.test.ts" name="SettingsSchema &gt; SETTINGS_SCHEMA &gt; should have debugKeystrokeLogging setting in schema" time="0.00012415">
        </testcase>
    </testsuite>
    <testsuite name="src/config/trustedFolders.test.ts" timestamp="2025-10-09T09:06:18.938Z" hostname="uby" tests="12" failures="0" errors="0" skipped="0" time="0.009903518">
        <testcase classname="src/config/trustedFolders.test.ts" name="Trusted Folders Loading &gt; should load empty rules if no files exist" time="0.002918946">
        </testcase>
        <testcase classname="src/config/trustedFolders.test.ts" name="Trusted Folders Loading &gt; should load user rules if only user file exists" time="0.000818052">
        </testcase>
        <testcase classname="src/config/trustedFolders.test.ts" name="Trusted Folders Loading &gt; should handle JSON parsing errors gracefully" time="0.00080626">
        </testcase>
        <testcase classname="src/config/trustedFolders.test.ts" name="Trusted Folders Loading &gt; setValue should update the user config and save it" time="0.001258075">
        </testcase>
        <testcase classname="src/config/trustedFolders.test.ts" name="isWorkspaceTrusted &gt; should return true for a directly trusted folder" time="0.001086168">
        </testcase>
        <testcase classname="src/config/trustedFolders.test.ts" name="isWorkspaceTrusted &gt; should return true for a child of a trusted folder" time="0.000287652">
        </testcase>
        <testcase classname="src/config/trustedFolders.test.ts" name="isWorkspaceTrusted &gt; should return true for a child of a trusted parent folder" time="0.000157591">
        </testcase>
        <testcase classname="src/config/trustedFolders.test.ts" name="isWorkspaceTrusted &gt; should return false for a directly untrusted folder" time="0.000120062">
        </testcase>
        <testcase classname="src/config/trustedFolders.test.ts" name="isWorkspaceTrusted &gt; should return undefined for a child of an untrusted folder" time="0.000231098">
        </testcase>
        <testcase classname="src/config/trustedFolders.test.ts" name="isWorkspaceTrusted &gt; should return undefined when no rules match" time="0.000208235">
        </testcase>
        <testcase classname="src/config/trustedFolders.test.ts" name="isWorkspaceTrusted &gt; should prioritize trust over distrust" time="0.000152241">
        </testcase>
        <testcase classname="src/config/trustedFolders.test.ts" name="isWorkspaceTrusted &gt; should handle path normalization" time="0.000215869">
        </testcase>
    </testsuite>
    <testsuite name="src/services/BuiltinCommandLoader.test.ts" timestamp="2025-10-09T09:06:18.938Z" hostname="uby" tests="4" failures="0" errors="0" skipped="0" time="0.009040091">
        <testcase classname="src/services/BuiltinCommandLoader.test.ts" name="BuiltinCommandLoader &gt; should correctly pass the config object to command factory functions" time="0.005860083">
        </testcase>
        <testcase classname="src/services/BuiltinCommandLoader.test.ts" name="BuiltinCommandLoader &gt; should filter out null command definitions returned by factories" time="0.000724439">
        </testcase>
        <testcase classname="src/services/BuiltinCommandLoader.test.ts" name="BuiltinCommandLoader &gt; should handle a null config gracefully when calling factories" time="0.000425927">
        </testcase>
        <testcase classname="src/services/BuiltinCommandLoader.test.ts" name="BuiltinCommandLoader &gt; should return a list of all loaded commands" time="0.000619285">
        </testcase>
    </testsuite>
    <testsuite name="src/services/CommandService.test.ts" timestamp="2025-10-09T09:06:18.938Z" hostname="uby" tests="11" failures="0" errors="0" skipped="0" time="0.009045702">
        <testcase classname="src/services/CommandService.test.ts" name="CommandService &gt; should load commands from a single loader" time="0.002836463">
        </testcase>
        <testcase classname="src/services/CommandService.test.ts" name="CommandService &gt; should aggregate commands from multiple loaders" time="0.00035191">
        </testcase>
        <testcase classname="src/services/CommandService.test.ts" name="CommandService &gt; should override commands from earlier loaders with those from later loaders" time="0.00053552">
        </testcase>
        <testcase classname="src/services/CommandService.test.ts" name="CommandService &gt; should handle loaders that return an empty array of commands gracefully" time="0.000593588">
        </testcase>
        <testcase classname="src/services/CommandService.test.ts" name="CommandService &gt; should load commands from successful loaders even if one fails" time="0.000805499">
        </testcase>
        <testcase classname="src/services/CommandService.test.ts" name="CommandService &gt; getCommands should return a readonly array that cannot be mutated" time="0.00056301">
        </testcase>
        <testcase classname="src/services/CommandService.test.ts" name="CommandService &gt; should pass the abort signal to all loaders" time="0.001086709">
        </testcase>
        <testcase classname="src/services/CommandService.test.ts" name="CommandService &gt; should rename extension commands when they conflict" time="0.000433301">
        </testcase>
        <testcase classname="src/services/CommandService.test.ts" name="CommandService &gt; should handle user/project command override correctly" time="0.00032454">
        </testcase>
        <testcase classname="src/services/CommandService.test.ts" name="CommandService &gt; should handle secondary conflicts when renaming extension commands" time="0.00028171">
        </testcase>
        <testcase classname="src/services/CommandService.test.ts" name="CommandService &gt; should handle multiple secondary conflicts with incrementing suffixes" time="0.000228532">
        </testcase>
    </testsuite>
    <testsuite name="src/services/FileCommandLoader.test.ts" timestamp="2025-10-09T09:06:18.939Z" hostname="uby" tests="36" failures="0" errors="0" skipped="0" time="0.095305611">
        <testcase classname="src/services/FileCommandLoader.test.ts" name="FileCommandLoader &gt; loads a single command from a file" time="0.022149295">
        </testcase>
        <testcase classname="src/services/FileCommandLoader.test.ts" name="FileCommandLoader &gt; loads commands from a symlinked directory" time="0.003290492">
        </testcase>
        <testcase classname="src/services/FileCommandLoader.test.ts" name="FileCommandLoader &gt; loads commands from a symlinked subdirectory" time="0.002296395">
        </testcase>
        <testcase classname="src/services/FileCommandLoader.test.ts" name="FileCommandLoader &gt; loads multiple commands" time="0.001807982">
        </testcase>
        <testcase classname="src/services/FileCommandLoader.test.ts" name="FileCommandLoader &gt; creates deeply nested namespaces correctly" time="0.00231521">
        </testcase>
        <testcase classname="src/services/FileCommandLoader.test.ts" name="FileCommandLoader &gt; creates namespaces from nested directories" time="0.001873123">
        </testcase>
        <testcase classname="src/services/FileCommandLoader.test.ts" name="FileCommandLoader &gt; returns both user and project commands in order" time="0.00276433">
        </testcase>
        <testcase classname="src/services/FileCommandLoader.test.ts" name="FileCommandLoader &gt; ignores files with TOML syntax errors" time="0.002932681">
            <system-err>
[FileCommandLoader] Failed to parse TOML file /home/atmandk/.qwen/commands/invalid.toml: Invalid character, expected &quot;=&quot; at row 1, col 7, pos 6:
1&gt; this is not valid toml
         ^



            </system-err>
        </testcase>
        <testcase classname="src/services/FileCommandLoader.test.ts" name="FileCommandLoader &gt; ignores files that are semantically invalid (missing prompt)" time="0.002988274">
            <system-err>
[FileCommandLoader] Skipping invalid command file: /home/atmandk/.qwen/commands/no_prompt.toml. Validation errors: {
  formErrors: [],
  fieldErrors: { prompt: [ [32m&quot;The &apos;prompt&apos; field is required.&quot;[39m ] }
}

            </system-err>
        </testcase>
        <testcase classname="src/services/FileCommandLoader.test.ts" name="FileCommandLoader &gt; handles filename edge cases correctly" time="0.001328777">
        </testcase>
        <testcase classname="src/services/FileCommandLoader.test.ts" name="FileCommandLoader &gt; handles file system errors gracefully" time="0.000809887">
[...]
        </testcase>
        <testcase classname="src/ui/components/shared/vim-buffer-actions.test.ts" name="vim-buffer-actions &gt; Insert mode commands &gt; vim_open_line_below &gt; should insert a new line below the current one" time="0.000186625">
        </testcase>
        <testcase classname="src/ui/components/shared/vim-buffer-actions.test.ts" name="vim-buffer-actions &gt; Insert mode commands &gt; vim_open_line_above &gt; should insert a new line above the current one" time="0.000152673">
        </testcase>
        <testcase classname="src/ui/components/shared/vim-buffer-actions.test.ts" name="vim-buffer-actions &gt; Insert mode commands &gt; vim_escape_insert_mode &gt; should move cursor left" time="0.000074869">
        </testcase>
        <testcase classname="src/ui/components/shared/vim-buffer-actions.test.ts" name="vim-buffer-actions &gt; Insert mode commands &gt; vim_escape_insert_mode &gt; should not move past beginning of line" time="0.00006492">
        </testcase>
        <testcase classname="src/ui/components/shared/vim-buffer-actions.test.ts" name="vim-buffer-actions &gt; Change commands &gt; vim_change_word_forward &gt; should delete from cursor to next word start" time="0.00040015">
        </testcase>
        <testcase classname="src/ui/components/shared/vim-buffer-actions.test.ts" name="vim-buffer-actions &gt; Change commands &gt; vim_change_line &gt; should delete entire line content" time="0.000313219">
        </testcase>
        <testcase classname="src/ui/components/shared/vim-buffer-actions.test.ts" name="vim-buffer-actions &gt; Change commands &gt; vim_change_movement &gt; should change characters to the left" time="0.000111506">
        </testcase>
        <testcase classname="src/ui/components/shared/vim-buffer-actions.test.ts" name="vim-buffer-actions &gt; Change commands &gt; vim_change_movement &gt; should change characters to the right" time="0.000084206">
        </testcase>
        <testcase classname="src/ui/components/shared/vim-buffer-actions.test.ts" name="vim-buffer-actions &gt; Change commands &gt; vim_change_movement &gt; should change multiple lines down" time="0.000224846">
        </testcase>
        <testcase classname="src/ui/components/shared/vim-buffer-actions.test.ts" name="vim-buffer-actions &gt; Edge cases &gt; should handle empty text" time="0.000073356">
        </testcase>
        <testcase classname="src/ui/components/shared/vim-buffer-actions.test.ts" name="vim-buffer-actions &gt; Edge cases &gt; should handle single character line" time="0.000042759">
        </testcase>
        <testcase classname="src/ui/components/shared/vim-buffer-actions.test.ts" name="vim-buffer-actions &gt; Edge cases &gt; should handle empty lines in multi-line text" time="0.00005361">
        </testcase>
        <testcase classname="src/ui/components/shared/vim-buffer-actions.test.ts" name="vim-buffer-actions &gt; Edge cases &gt; should preserve undo stack in operations" time="0.000767098">
        </testcase>
        <testcase classname="src/ui/components/shared/vim-buffer-actions.test.ts" name="vim-buffer-actions &gt; UTF-32 character handling in word/line operations &gt; Right-to-left text handling &gt; should handle Arabic text in word movements" time="0.000387747">
        </testcase>
        <testcase classname="src/ui/components/shared/vim-buffer-actions.test.ts" name="vim-buffer-actions &gt; UTF-32 character handling in word/line operations &gt; Chinese character handling &gt; should handle Chinese characters in word movements" time="0.000103441">
        </testcase>
        <testcase classname="src/ui/components/shared/vim-buffer-actions.test.ts" name="vim-buffer-actions &gt; UTF-32 character handling in word/line operations &gt; Mixed script handling &gt; should handle mixed Latin and non-Latin scripts with word end commands" time="0.00008099">
        </testcase>
        <testcase classname="src/ui/components/shared/vim-buffer-actions.test.ts" name="vim-buffer-actions &gt; UTF-32 character handling in word/line operations &gt; Mixed script handling &gt; should handle mixed Latin and non-Latin scripts with word forward commands" time="0.000083935">
        </testcase>
        <testcase classname="src/ui/components/shared/vim-buffer-actions.test.ts" name="vim-buffer-actions &gt; UTF-32 character handling in word/line operations &gt; Mixed script handling &gt; should handle mixed Latin and non-Latin scripts with word backward commands" time="0.000127415">
        </testcase>
        <testcase classname="src/ui/components/shared/vim-buffer-actions.test.ts" name="vim-buffer-actions &gt; UTF-32 character handling in word/line operations &gt; Mixed script handling &gt; should handle Unicode block characters consistently with w and e commands" time="0.000247427">
        </testcase>
        <testcase classname="src/ui/components/shared/vim-buffer-actions.test.ts" name="vim-buffer-actions &gt; UTF-32 character handling in word/line operations &gt; Mixed script handling &gt; should handle strings starting with Chinese characters" time="0.000196704">
        </testcase>
        <testcase classname="src/ui/components/shared/vim-buffer-actions.test.ts" name="vim-buffer-actions &gt; UTF-32 character handling in word/line operations &gt; Mixed script handling &gt; should handle strings starting with Arabic characters" time="0.00012974">
        </testcase>
    </testsuite>
    <testsuite name="src/ui/components/messages/DiffRenderer.test.tsx" timestamp="2025-10-09T09:06:18.999Z" hostname="uby" tests="13" failures="0" errors="0" skipped="0" time="0.289233383">
        <testcase classname="src/ui/components/messages/DiffRenderer.test.tsx" name="&lt;OverflowProvider&gt;&lt;DiffRenderer /&gt;&lt;/OverflowProvider&gt; &gt; should call colorizeCode with correct language for new file with known extension" time="0.041979593">
        </testcase>
        <testcase classname="src/ui/components/messages/DiffRenderer.test.tsx" name="&lt;OverflowProvider&gt;&lt;DiffRenderer /&gt;&lt;/OverflowProvider&gt; &gt; should call colorizeCode with null language for new file with unknown extension" time="0.116857361">
        </testcase>
        <testcase classname="src/ui/components/messages/DiffRenderer.test.tsx" name="&lt;OverflowProvider&gt;&lt;DiffRenderer /&gt;&lt;/OverflowProvider&gt; &gt; should call colorizeCode with null language for new file if no filename is provided" time="0.012180276">
        </testcase>
        <testcase classname="src/ui/components/messages/DiffRenderer.test.tsx" name="&lt;OverflowProvider&gt;&lt;DiffRenderer /&gt;&lt;/OverflowProvider&gt; &gt; should render diff content for existing file (not calling colorizeCode directly for the whole block)" time="0.004769176">
        </testcase>
        <testcase classname="src/ui/components/messages/DiffRenderer.test.tsx" name="&lt;OverflowProvider&gt;&lt;DiffRenderer /&gt;&lt;/OverflowProvider&gt; &gt; should handle diff with only header and no changes" time="0.004562374">
        </testcase>
        <testcase classname="src/ui/components/messages/DiffRenderer.test.tsx" name="&lt;OverflowProvider&gt;&lt;DiffRenderer /&gt;&lt;/OverflowProvider&gt; &gt; should handle empty diff content" time="0.001561136">
        </testcase>
        <testcase classname="src/ui/components/messages/DiffRenderer.test.tsx" name="&lt;OverflowProvider&gt;&lt;DiffRenderer /&gt;&lt;/OverflowProvider&gt; &gt; should render a gap indicator for skipped lines" time="0.006879077">
        </testcase>
        <testcase classname="src/ui/components/messages/DiffRenderer.test.tsx" name="&lt;OverflowProvider&gt;&lt;DiffRenderer /&gt;&lt;/OverflowProvider&gt; &gt; should not render a gap indicator for small gaps (&lt;= MAX_CONTEXT_LINES_WITHOUT_GAP)" time="0.010504999">
        </testcase>
        <testcase classname="src/ui/components/messages/DiffRenderer.test.tsx" name="&lt;OverflowProvider&gt;&lt;DiffRenderer /&gt;&lt;/OverflowProvider&gt; &gt; should correctly render a diff with multiple hunks and a gap indicator &gt; with terminalWidth 80 and height undefined" time="0.017702575">
        </testcase>
        <testcase classname="src/ui/components/messages/DiffRenderer.test.tsx" name="&lt;OverflowProvider&gt;&lt;DiffRenderer /&gt;&lt;/OverflowProvider&gt; &gt; should correctly render a diff with multiple hunks and a gap indicator &gt; with terminalWidth 80 and height 6" time="0.010975519">
        </testcase>
        <testcase classname="src/ui/components/messages/DiffRenderer.test.tsx" name="&lt;OverflowProvider&gt;&lt;DiffRenderer /&gt;&lt;/OverflowProvider&gt; &gt; should correctly render a diff with multiple hunks and a gap indicator &gt; with terminalWidth 30 and height 6" time="0.007927525">
        </testcase>
        <testcase classname="src/ui/components/messages/DiffRenderer.test.tsx" name="&lt;OverflowProvider&gt;&lt;DiffRenderer /&gt;&lt;/OverflowProvider&gt; &gt; should correctly render a diff with a SVN diff format" time="0.023747158">
        </testcase>
        <testcase classname="src/ui/components/messages/DiffRenderer.test.tsx" name="&lt;OverflowProvider&gt;&lt;DiffRenderer /&gt;&lt;/OverflowProvider&gt; &gt; should correctly render a new file with no file extension correctly" time="0.027244694">
        </testcase>
    </testsuite>
    <testsuite name="src/ui/components/messages/ToolConfirmationMessage.test.tsx" timestamp="2025-10-09T09:06:18.999Z" hostname="uby" tests="15" failures="0" errors="0" skipped="0" time="0.15588635">
        <testcase classname="src/ui/components/messages/ToolConfirmationMessage.test.tsx" name="ToolConfirmationMessage &gt; should not display urls if prompt and url are the same" time="0.043138105">
        </testcase>
        <testcase classname="src/ui/components/messages/ToolConfirmationMessage.test.tsx" name="ToolConfirmationMessage &gt; should display urls if prompt and url are different" time="0.010254857">
        </testcase>
        <testcase classname="src/ui/components/messages/ToolConfirmationMessage.test.tsx" name="ToolConfirmationMessage &gt; should render plan confirmation with markdown plan content" time="0.007945969">
        </testcase>
        <testcase classname="src/ui/components/messages/ToolConfirmationMessage.test.tsx" name="ToolConfirmationMessage &gt; with folder trust &gt; &apos;for edit confirmations&apos; &gt; should show &quot;allow always&quot; when folder is trusted" time="0.00862261">
        </testcase>
        <testcase classname="src/ui/components/messages/ToolConfirmationMessage.test.tsx" name="ToolConfirmationMessage &gt; with folder trust &gt; &apos;for edit confirmations&apos; &gt; should show &quot;allow always&quot; when folder trust is undefined" time="0.008094243">
        </testcase>
        <testcase classname="src/ui/components/messages/ToolConfirmationMessage.test.tsx" name="ToolConfirmationMessage &gt; with folder trust &gt; &apos;for edit confirmations&apos; &gt; should NOT show &quot;allow always&quot; when folder is untrusted" time="0.007592936">
        </testcase>
        <testcase classname="src/ui/components/messages/ToolConfirmationMessage.test.tsx" name="ToolConfirmationMessage &gt; with folder trust &gt; &apos;for exec confirmations&apos; &gt; should show &quot;allow always&quot; when folder is trusted" time="0.006974813">
        </testcase>
        <testcase classname="src/ui/components/messages/ToolConfirmationMessage.test.tsx" name="ToolConfirmationMessage &gt; with folder trust &gt; &apos;for exec confirmations&apos; &gt; should show &quot;allow always&quot; when folder trust is undefined" time="0.005113102">
        </testcase>
        <testcase classname="src/ui/components/messages/ToolConfirmationMessage.test.tsx" name="ToolConfirmationMessage &gt; with folder trust &gt; &apos;for exec confirmations&apos; &gt; should NOT show &quot;allow always&quot; when folder is untrusted" time="0.00531172">
        </testcase>
        <testcase classname="src/ui/components/messages/ToolConfirmationMessage.test.tsx" name="ToolConfirmationMessage &gt; with folder trust &gt; &apos;for info confirmations&apos; &gt; should show &quot;allow always&quot; when folder is trusted" time="0.006027552">
        </testcase>
        <testcase classname="src/ui/components/messages/ToolConfirmationMessage.test.tsx" name="ToolConfirmationMessage &gt; with folder trust &gt; &apos;for info confirmations&apos; &gt; should show &quot;allow always&quot; when folder trust is undefined" time="0.006495708">
        </testcase>
        <testcase classname="src/ui/components/messages/ToolConfirmationMessage.test.tsx" name="ToolConfirmationMessage &gt; with folder trust &gt; &apos;for info confirmations&apos; &gt; should NOT show &quot;allow always&quot; when folder is untrusted" time="0.004824128">
        </testcase>
        <testcase classname="src/ui/components/messages/ToolConfirmationMessage.test.tsx" name="ToolConfirmationMessage &gt; with folder trust &gt; &apos;for mcp confirmations&apos; &gt; should show &quot;allow always&quot; when folder is trusted" time="0.018259865">
        </testcase>
        <testcase classname="src/ui/components/messages/ToolConfirmationMessage.test.tsx" name="ToolConfirmationMessage &gt; with folder trust &gt; &apos;for mcp confirmations&apos; &gt; should show &quot;allow always&quot; when folder trust is undefined" time="0.010342749">
        </testcase>
        <testcase classname="src/ui/components/messages/ToolConfirmationMessage.test.tsx" name="ToolConfirmationMessage &gt; with folder trust &gt; &apos;for mcp confirmations&apos; &gt; should NOT show &quot;allow always&quot; when folder is untrusted" time="0.004075484">
        </testcase>
    </testsuite>
    <testsuite name="src/ui/components/messages/ToolGroupMessage.test.tsx" timestamp="2025-10-09T09:06:18.999Z" hostname="uby" tests="14" failures="0" errors="0" skipped="0" time="0.11592091">
        <testcase classname="src/ui/components/messages/ToolGroupMessage.test.tsx" name="&lt;ToolGroupMessage /&gt; &gt; Golden Snapshots &gt; renders single successful tool call" time="0.023836543">
        </testcase>
        <testcase classname="src/ui/components/messages/ToolGroupMessage.test.tsx" name="&lt;ToolGroupMessage /&gt; &gt; Golden Snapshots &gt; renders multiple tool calls with different statuses" time="0.007353895">
        </testcase>
        <testcase classname="src/ui/components/messages/ToolGroupMessage.test.tsx" name="&lt;ToolGroupMessage /&gt; &gt; Golden Snapshots &gt; renders tool call awaiting confirmation" time="0.005055976">
        </testcase>
        <testcase classname="src/ui/components/messages/ToolGroupMessage.test.tsx" name="&lt;ToolGroupMessage /&gt; &gt; Golden Snapshots &gt; renders shell command with yellow border" time="0.003021195">
        </testcase>
        <testcase classname="src/ui/components/messages/ToolGroupMessage.test.tsx" name="&lt;ToolGroupMessage /&gt; &gt; Golden Snapshots &gt; renders mixed tool calls including shell command" time="0.005894025">
        </testcase>
        <testcase classname="src/ui/components/messages/ToolGroupMessage.test.tsx" name="&lt;ToolGroupMessage /&gt; &gt; Golden Snapshots &gt; renders with limited terminal height" time="0.005267347">
        </testcase>
        <testcase classname="src/ui/components/messages/ToolGroupMessage.test.tsx" name="&lt;ToolGroupMessage /&gt; &gt; Golden Snapshots &gt; renders when not focused" time="0.004347267">
        </testcase>
        <testcase classname="src/ui/components/messages/ToolGroupMessage.test.tsx" name="&lt;ToolGroupMessage /&gt; &gt; Golden Snapshots &gt; renders with narrow terminal width" time="0.009602592">
        </testcase>
        <testcase classname="src/ui/components/messages/ToolGroupMessage.test.tsx" name="&lt;ToolGroupMessage /&gt; &gt; Golden Snapshots &gt; renders empty tool calls array" time="0.005491412">
        </testcase>
        <testcase classname="src/ui/components/messages/ToolGroupMessage.test.tsx" name="&lt;ToolGroupMessage /&gt; &gt; Border Color Logic &gt; uses yellow border when tools are pending" time="0.004152607">
        </testcase>
        <testcase classname="src/ui/components/messages/ToolGroupMessage.test.tsx" name="&lt;ToolGroupMessage /&gt; &gt; Border Color Logic &gt; uses yellow border for shell commands even when successful" time="0.007823322">
        </testcase>
        <testcase classname="src/ui/components/messages/ToolGroupMessage.test.tsx" name="&lt;ToolGroupMessage /&gt; &gt; Border Color Logic &gt; uses gray border when all tools are successful and no shell commands" time="0.010075746">
        </testcase>
        <testcase classname="src/ui/components/messages/ToolGroupMessage.test.tsx" name="&lt;ToolGroupMessage /&gt; &gt; Height Calculation &gt; calculates available height correctly with multiple tools with results" time="0.013572911">
        </testcase>
        <testcase classname="src/ui/components/messages/ToolGroupMessage.test.tsx" name="&lt;ToolGroupMessage /&gt; &gt; Confirmation Handling &gt; shows confirmation dialog for first confirming tool only" time="0.00804389">
        </testcase>
    </testsuite>
    <testsuite name="src/ui/components/messages/ToolMessage.test.tsx" timestamp="2025-10-09T09:06:19.000Z" hostname="uby" tests="12" failures="0" errors="0" skipped="0" time="0.071612903">
        <testcase classname="src/ui/components/messages/ToolMessage.test.tsx" name="&lt;ToolMessage /&gt; &gt; renders basic tool information" time="0.024919435">
        </testcase>
        <testcase classname="src/ui/components/messages/ToolMessage.test.tsx" name="&lt;ToolMessage /&gt; &gt; ToolStatusIndicator rendering &gt; shows ✓ for Success status" time="0.003583785">
        </testcase>
        <testcase classname="src/ui/components/messages/ToolMessage.test.tsx" name="&lt;ToolMessage /&gt; &gt; ToolStatusIndicator rendering &gt; shows o for Pending status" time="0.003096434">
        </testcase>
        <testcase classname="src/ui/components/messages/ToolMessage.test.tsx" name="&lt;ToolMessage /&gt; &gt; ToolStatusIndicator rendering &gt; shows ? for Confirming status" time="0.003075305">
        </testcase>
        <testcase classname="src/ui/components/messages/ToolMessage.test.tsx" name="&lt;ToolMessage /&gt; &gt; ToolStatusIndicator rendering &gt; shows - for Canceled status" time="0.002419903">
        </testcase>
        <testcase classname="src/ui/components/messages/ToolMessage.test.tsx" name="&lt;ToolMessage /&gt; &gt; ToolStatusIndicator rendering &gt; shows x for Error status" time="0.00305641">
        </testcase>
        <testcase classname="src/ui/components/messages/ToolMessage.test.tsx" name="&lt;ToolMessage /&gt; &gt; ToolStatusIndicator rendering &gt; shows paused spinner for Executing status when streamingState is Idle" time="0.003165622">
        </testcase>
        <testcase classname="src/ui/components/messages/ToolMessage.test.tsx" name="&lt;ToolMessage /&gt; &gt; ToolStatusIndicator rendering &gt; shows paused spinner for Executing status when streamingState is WaitingForConfirmation" time="0.003086666">
        </testcase>
        <testcase classname="src/ui/components/messages/ToolMessage.test.tsx" name="&lt;ToolMessage /&gt; &gt; ToolStatusIndicator rendering &gt; shows MockRespondingSpinner for Executing status when streamingState is Responding" time="0.004290962">
        </testcase>
        <testcase classname="src/ui/components/messages/ToolMessage.test.tsx" name="&lt;ToolMessage /&gt; &gt; renders DiffRenderer for diff results" time="0.004096803">
        </testcase>
        <testcase classname="src/ui/components/messages/ToolMessage.test.tsx" name="&lt;ToolMessage /&gt; &gt; renders emphasis correctly" time="0.007111426">
        </testcase>
        <testcase classname="src/ui/components/messages/ToolMessage.test.tsx" name="&lt;ToolMessage /&gt; &gt; shows subagent execution display for task tool with proper result display" time="0.007896838">
        </testcase>
    </testsuite>
</testsuites>
