<?xml version="1.0" encoding="UTF-8" ?>
<testsuites name="vitest tests" tests="165" failures="0" errors="0" time="0.641858608">
    <testsuite name="src/config/config.test.ts" timestamp="2026-02-11T01:14:22.670Z" hostname="uby" tests="128" failures="0" errors="0" skipped="1" time="0.241329122">
        <testcase classname="src/config/config.test.ts" name="parseArguments &gt; should throw an error when both --prompt and --prompt-interactive are used together" time="0.015877765">
        </testcase>
        <testcase classname="src/config/config.test.ts" name="parseArguments &gt; should throw an error when using short flags -p and -i together" time="0.007251385">
        </testcase>
        <testcase classname="src/config/config.test.ts" name="parseArguments &gt; should allow --prompt without --prompt-interactive" time="0.00259312">
        </testcase>
        <testcase classname="src/config/config.test.ts" name="parseArguments &gt; should allow --prompt-interactive without --prompt" time="0.001456968">
        </testcase>
        <testcase classname="src/config/config.test.ts" name="parseArguments &gt; should allow -i flag as alias for --prompt-interactive" time="0.001597959">
        </testcase>
        <testcase classname="src/config/config.test.ts" name="parseArguments &gt; should throw an error when both --yolo and --approval-mode are used together" time="0.005583497">
        </testcase>
        <testcase classname="src/config/config.test.ts" name="parseArguments &gt; should throw an error when using short flags -y and --approval-mode together" time="0.005273302">
        </testcase>
        <testcase classname="src/config/config.test.ts" name="parseArguments &gt; should allow --approval-mode without --yolo" time="0.001353526">
        </testcase>
        <testcase classname="src/config/config.test.ts" name="parseArguments &gt; should allow --yolo without --approval-mode" time="0.001184452">
        </testcase>
        <testcase classname="src/config/config.test.ts" name="parseArguments &gt; should reject invalid --approval-mode values" time="0.005559373">
        </testcase>
        <testcase classname="src/config/config.test.ts" name="loadCliConfig &gt; should set showMemoryUsage to true when --show-memory-usage flag is present" time="0.014288443">
        </testcase>
        <testcase classname="src/config/config.test.ts" name="loadCliConfig &gt; should set showMemoryUsage to false when --memory flag is not present" time="0.001921808">
        </testcase>
        <testcase classname="src/config/config.test.ts" name="loadCliConfig &gt; should set showMemoryUsage to false by default from settings if CLI flag is not present" time="0.001435317">
        </testcase>
        <testcase classname="src/config/config.test.ts" name="loadCliConfig &gt; should prioritize CLI flag over settings for showMemoryUsage (CLI true, settings false)" time="0.001382429">
        </testcase>
        <testcase classname="src/config/config.test.ts" name="loadCliConfig &gt; Checkpointing configuration &gt; should default checkpointing to true when not specified in CLI or settings" time="0.001351151">
        </testcase>
        <testcase classname="src/config/config.test.ts" name="loadCliConfig &gt; Checkpointing configuration &gt; should respect settings when checkpointing is disabled" time="0.001376158">
        </testcase>
        <testcase classname="src/config/config.test.ts" name="loadCliConfig &gt; Checkpointing configuration &gt; should allow CLI to explicitly disable checkpointing" time="0.001534691">
        </testcase>
        <testcase classname="src/config/config.test.ts" name="loadCliConfig &gt; Proxy configuration &gt; should leave proxy to empty by default" time="0.001718973">
        </testcase>
        <testcase classname="src/config/config.test.ts" name="loadCliConfig &gt; Proxy configuration &gt; should set proxy to http://localhost:7890 according to environment variable [https_proxy]" time="0.00158799">
        </testcase>
        <testcase classname="src/config/config.test.ts" name="loadCliConfig &gt; Proxy configuration &gt; should set proxy to http://localhost:7890 according to environment variable [http_proxy]" time="0.001297152">
        </testcase>
        <testcase classname="src/config/config.test.ts" name="loadCliConfig &gt; Proxy configuration &gt; should set proxy to http://localhost:7890 according to environment variable [HTTPS_PROXY]" time="0.001268068">
        </testcase>
        <testcase classname="src/config/config.test.ts" name="loadCliConfig &gt; Proxy configuration &gt; should set proxy to http://localhost:7890 according to environment variable [HTTP_PROXY]" time="0.001359647">
        </testcase>
        <testcase classname="src/config/config.test.ts" name="loadCliConfig &gt; Proxy configuration &gt; should set proxy when --proxy flag is present" time="0.001375697">
        </testcase>
        <testcase classname="src/config/config.test.ts" name="loadCliConfig &gt; Proxy configuration &gt; should prioritize CLI flag over environment variable for proxy (CLI http://localhost:7890, environment variable http://localhost:7891)" time="0.001360398">
        </testcase>
        <testcase classname="src/config/config.test.ts" name="loadCliConfig telemetry &gt; should set telemetry to false by default when no flag or setting is present" time="0.001426922">
        </testcase>
        <testcase classname="src/config/config.test.ts" name="loadCliConfig telemetry &gt; should set telemetry to true when --telemetry flag is present" time="0.009046879">
        </testcase>
        <testcase classname="src/config/config.test.ts" name="loadCliConfig telemetry &gt; should set telemetry to false when --no-telemetry flag is present" time="0.001680291">
        </testcase>
        <testcase classname="src/config/config.test.ts" name="loadCliConfig telemetry &gt; should use telemetry value from settings if CLI flag is not present (settings true)" time="0.001448903">
        </testcase>
        <testcase classname="src/config/config.test.ts" name="loadCliConfig telemetry &gt; should use telemetry value from settings if CLI flag is not present (settings false)" time="0.001389823">
        </testcase>
        <testcase classname="src/config/config.test.ts" name="loadCliConfig telemetry &gt; should prioritize --telemetry CLI flag (true) over settings (false)" time="0.001437391">
        </testcase>
        <testcase classname="src/config/config.test.ts" name="loadCliConfig telemetry &gt; should prioritize --no-telemetry CLI flag (false) over settings (true)" time="0.001364436">
        </testcase>
        <testcase classname="src/config/config.test.ts" name="loadCliConfig telemetry &gt; should use telemetry OTLP endpoint from settings if CLI flag is not present" time="0.001786037">
        </testcase>
        <testcase classname="src/config/config.test.ts" name="loadCliConfig telemetry &gt; should prioritize --telemetry-otlp-endpoint CLI flag over settings" time="0.00150699">
        </testcase>
        <testcase classname="src/config/config.test.ts" name="loadCliConfig telemetry &gt; should use default endpoint if no OTLP endpoint is provided via CLI or settings" time="0.001352834">
        </testcase>
        <testcase classname="src/config/config.test.ts" name="loadCliConfig telemetry &gt; should use telemetry target from settings if CLI flag is not present" time="0.001424657">
        </testcase>
        <testcase classname="src/config/config.test.ts" name="loadCliConfig telemetry &gt; should prioritize --telemetry-target CLI flag over settings" time="0.006457105">
        </testcase>
        <testcase classname="src/config/config.test.ts" name="loadCliConfig telemetry &gt; should use default target if no target is provided via CLI or settings" time="0.001681814">
        </testcase>
        <testcase classname="src/config/config.test.ts" name="loadCliConfig telemetry &gt; should use telemetry log prompts from settings if CLI flag is not present" time="0.001408568">
        </testcase>
        <testcase classname="src/config/config.test.ts" name="loadCliConfig telemetry &gt; should prioritize --telemetry-log-prompts CLI flag (true) over settings (false)" time="0.001395774">
        </testcase>
        <testcase classname="src/config/config.test.ts" name="loadCliConfig telemetry &gt; should prioritize --no-telemetry-log-prompts CLI flag (false) over settings (true)" time="0.001597668">
        </testcase>
        <testcase classname="src/config/config.test.ts" name="loadCliConfig telemetry &gt; should use default log prompts (true) if no value is provided via CLI or settings" time="0.001202557">
        </testcase>
        <testcase classname="src/config/config.test.ts" name="loadCliConfig telemetry &gt; should use telemetry OTLP protocol from settings if CLI flag is not present" time="0.001154317">
        </testcase>
        <testcase classname="src/config/config.test.ts" name="loadCliConfig telemetry &gt; should prioritize --telemetry-otlp-protocol CLI flag over settings" time="0.001321256">
        </testcase>
        <testcase classname="src/config/config.test.ts" name="loadCliConfig telemetry &gt; should use default protocol if no OTLP protocol is provided via CLI or settings" time="0.001132106">
        </testcase>
        <testcase classname="src/config/config.test.ts" name="loadCliConfig telemetry &gt; should reject invalid --telemetry-otlp-protocol values" time="0.00460748">
        </testcase>
        <testcase classname="src/config/config.test.ts" name="Hierarchical Memory Loading (config.ts) - Placeholder Suite &gt; should pass extension context file paths to loadServerHierarchicalMemory" time="0.001884138">
        </testcase>
        <testcase classname="src/config/config.test.ts" name="Hierarchical Memory Loading (config.ts) - Placeholder Suite &gt; should correctly use mocked homedir for global path" time="0">
            <skipped/>
        </testcase>
        <testcase classname="src/config/config.test.ts" name="mergeMcpServers &gt; should not modify the original settings object" time="0.001359607">
        </testcase>
        <testcase classname="src/config/config.test.ts" name="loadCliConfig systemPromptMappings &gt; should use default systemPromptMappings when not provided in settings" time="0.000400491">
        </testcase>
        <testcase classname="src/config/config.test.ts" name="loadCliConfig systemPromptMappings &gt; should use custom systemPromptMappings when provided in settings" time="0.000301428">
        </testcase>
        <testcase classname="src/config/config.test.ts" name="mergeExcludeTools &gt; should merge excludeTools from settings and extensions" time="0.001668489">
        </testcase>
        <testcase classname="src/config/config.test.ts" name="mergeExcludeTools &gt; should handle overlapping excludeTools between settings and extensions" time="0.001206764">
        </testcase>
        <testcase classname="src/config/config.test.ts" name="mergeExcludeTools &gt; should handle overlapping excludeTools between extensions" time="0.001244624">
        </testcase>
        <testcase classname="src/config/config.test.ts" name="mergeExcludeTools &gt; should return an empty array when no excludeTools are specified and it is interactive" time="0.001087373">
        </testcase>
        <testcase classname="src/config/config.test.ts" name="mergeExcludeTools &gt; should return default excludes when no excludeTools are specified and it is not interactive" time="0.001473638">
        </testcase>
        <testcase classname="src/config/config.test.ts" name="mergeExcludeTools &gt; should handle settings with excludeTools but no extensions" time="0.001644034">
        </testcase>
        <testcase classname="src/config/config.test.ts" name="mergeExcludeTools &gt; should handle extensions with excludeTools but no settings" time="0.001254823">
        </testcase>
        <testcase classname="src/config/config.test.ts" name="mergeExcludeTools &gt; should not modify the original settings object" time="0.00111219">
        </testcase>
        <testcase classname="src/config/config.test.ts" name="Approval mode tool exclusion logic &gt; should exclude all interactive tools in non-interactive mode with default approval mode" time="0.001443482">
        </testcase>
        <testcase classname="src/config/config.test.ts" name="Approval mode tool exclusion logic &gt; should exclude all interactive tools in non-interactive mode with plan approval mode" time="0.001279258">
        </testcase>
        <testcase classname="src/config/config.test.ts" name="Approval mode tool exclusion logic &gt; should exclude all interactive tools in non-interactive mode with explicit default approval mode" time="0.001304736">
        </testcase>
        <testcase classname="src/config/config.test.ts" name="Approval mode tool exclusion logic &gt; should exclude only shell tools in non-interactive mode with auto-edit approval mode" time="0.001337326">
        </testcase>
        <testcase classname="src/config/config.test.ts" name="Approval mode tool exclusion logic &gt; should exclude no interactive tools in non-interactive mode with yolo approval mode" time="0.001208307">
        </testcase>
        <testcase classname="src/config/config.test.ts" name="Approval mode tool exclusion logic &gt; should exclude no interactive tools in non-interactive mode with legacy yolo flag" time="0.001255104">
        </testcase>
        <testcase classname="src/config/config.test.ts" name="Approval mode tool exclusion logic &gt; should not exclude interactive tools in interactive mode regardless of approval mode" time="0.009185496">
        </testcase>
        <testcase classname="src/config/config.test.ts" name="Approval mode tool exclusion logic &gt; should merge approval mode exclusions with settings exclusions in auto-edit mode" time="0.002032773">
        </testcase>
        <testcase classname="src/config/config.test.ts" name="Approval mode tool exclusion logic &gt; should throw an error for invalid approval mode values in loadCliConfig" time="0.000383711">
        </testcase>
        <testcase classname="src/config/config.test.ts" name="loadCliConfig with allowed-mcp-server-names &gt; should allow all MCP servers if the flag is not provided" time="0.00141546">
        </testcase>
        <testcase classname="src/config/config.test.ts" name="loadCliConfig with allowed-mcp-server-names &gt; should allow only the specified MCP server" time="0.001482034">
        </testcase>
        <testcase classname="src/config/config.test.ts" name="loadCliConfig with allowed-mcp-server-names &gt; should allow multiple specified MCP servers" time="0.001189142">
        </testcase>
        <testcase classname="src/config/config.test.ts" name="loadCliConfig with allowed-mcp-server-names &gt; should handle server names that do not exist" time="0.00133939">
        </testcase>
        <testcase classname="src/config/config.test.ts" name="loadCliConfig with allowed-mcp-server-names &gt; should allow no MCP servers if the flag is provided but empty" time="0.001266655">
        </testcase>
        <testcase classname="src/config/config.test.ts" name="loadCliConfig with allowed-mcp-server-names &gt; should read allowMCPServers from settings" time="0.001117829">
        </testcase>
        <testcase classname="src/config/config.test.ts" name="loadCliConfig with allowed-mcp-server-names &gt; should read excludeMCPServers from settings" time="0.00143671">
        </testcase>
        <testcase classname="src/config/config.test.ts" name="loadCliConfig with allowed-mcp-server-names &gt; should override allowMCPServers with excludeMCPServers if overlapping" time="0.001142725">
        </testcase>
        <testcase classname="src/config/config.test.ts" name="loadCliConfig with allowed-mcp-server-names &gt; should prioritize mcp server flag if set" time="0.001192097">
        </testcase>
        <testcase classname="src/config/config.test.ts" name="loadCliConfig with allowed-mcp-server-names &gt; should prioritize CLI flag over both allowed and excluded settings" time="0.001181517">
        </testcase>
        <testcase classname="src/config/config.test.ts" name="loadCliConfig extensions &gt; should not filter extensions if --extensions flag is not used" time="0.001089287">
        </testcase>
        <testcase classname="src/config/config.test.ts" name="loadCliConfig extensions &gt; should filter extensions if --extensions flag is used" time="0.001173122">
        </testcase>
        <testcase classname="src/config/config.test.ts" name="loadCliConfig model selection &gt; selects a model from settings.json if provided" time="0.001129862">
        </testcase>
        <testcase classname="src/config/config.test.ts" name="loadCliConfig model selection &gt; uses the default gemini model if nothing is set" time="0.001066324">
        </testcase>
        <testcase classname="src/config/config.test.ts" name="loadCliConfig model selection &gt; always prefers model from argvs" time="0.001109083">
        </testcase>
        <testcase classname="src/config/config.test.ts" name="loadCliConfig model selection &gt; selects the model from argvs if provided" time="0.001279969">
        </testcase>
        <testcase classname="src/config/config.test.ts" name="loadCliConfig folderTrustFeature &gt; should be false by default" time="0.001357814">
        </testcase>
        <testcase classname="src/config/config.test.ts" name="loadCliConfig folderTrustFeature &gt; should be true when settings.folderTrustFeature is true" time="0.001349198">
        </testcase>
        <testcase classname="src/config/config.test.ts" name="loadCliConfig folderTrust &gt; should be false if folderTrustFeature is false and folderTrust is false" time="0.001325143">
        </testcase>
        <testcase classname="src/config/config.test.ts" name="loadCliConfig folderTrust &gt; should be false if folderTrustFeature is true and folderTrust is false" time="0.001333037">
        </testcase>
        <testcase classname="src/config/config.test.ts" name="loadCliConfig folderTrust &gt; should be false if folderTrustFeature is false and folderTrust is true" time="0.001244354">
        </testcase>
        <testcase classname="src/config/config.test.ts" name="loadCliConfig folderTrust &gt; should be true when folderTrustFeature is true and folderTrust is true" time="0.001231731">
        </testcase>
        <testcase classname="src/config/config.test.ts" name="loadCliConfig with includeDirectories &gt; should combine and resolve paths from settings and CLI arguments" time="0.001827473">
        </testcase>
        <testcase classname="src/config/config.test.ts" name="loadCliConfig chatCompression &gt; should pass chatCompression settings to the core config" time="0.001332506">
        </testcase>
        <testcase classname="src/config/config.test.ts" name="loadCliConfig chatCompression &gt; should have undefined chatCompression if not in settings" time="0.001251587">
        </testcase>
        <testcase classname="src/config/config.test.ts" name="loadCliConfig useRipgrep &gt; should be false by default when useRipgrep is not set in settings" time="0.003837284">
        </testcase>
        <testcase classname="src/config/config.test.ts" name="loadCliConfig useRipgrep &gt; should be true when useRipgrep is set to true in settings" time="0.001103933">
        </testcase>
        <testcase classname="src/config/config.test.ts" name="loadCliConfig useRipgrep &gt; should be false when useRipgrep is explicitly set to false in settings" time="0.001094156">
        </testcase>
        <testcase classname="src/config/config.test.ts" name="loadCliConfig tool exclusions &gt; should not exclude interactive tools in interactive mode without YOLO" time="0.001762232">
        </testcase>
        <testcase classname="src/config/config.test.ts" name="loadCliConfig tool exclusions &gt; should not exclude interactive tools in interactive mode with YOLO" time="0.001441268">
        </testcase>
        <testcase classname="src/config/config.test.ts" name="loadCliConfig tool exclusions &gt; should exclude interactive tools in non-interactive mode without YOLO" time="0.001234184">
        </testcase>
        <testcase classname="src/config/config.test.ts" name="loadCliConfig tool exclusions &gt; should not exclude interactive tools in non-interactive mode with YOLO" time="0.00125897">
        </testcase>
        <testcase classname="src/config/config.test.ts" name="loadCliConfig interactive &gt; should be interactive if isTTY and no prompt" time="0.001194862">
        </testcase>
        <testcase classname="src/config/config.test.ts" name="loadCliConfig interactive &gt; should be interactive if prompt-interactive is set" time="0.001188811">
        </testcase>
        <testcase classname="src/config/config.test.ts" name="loadCliConfig interactive &gt; should not be interactive if not isTTY and no prompt" time="0.001171038">
        </testcase>
        <testcase classname="src/config/config.test.ts" name="loadCliConfig interactive &gt; should not be interactive if prompt is set" time="0.00131833">
        </testcase>
        <testcase classname="src/config/config.test.ts" name="loadCliConfig approval mode &gt; should default to DEFAULT approval mode when no flags are set" time="0.001129772">
        </testcase>
        <testcase classname="src/config/config.test.ts" name="loadCliConfig approval mode &gt; should set PLAN approval mode when --approval-mode=plan" time="0.001107751">
        </testcase>
        <testcase classname="src/config/config.test.ts" name="loadCliConfig approval mode &gt; should set YOLO approval mode when --yolo flag is used" time="0.001125574">
        </testcase>
        <testcase classname="src/config/config.test.ts" name="loadCliConfig approval mode &gt; should set YOLO approval mode when -y flag is used" time="0.00115609">
        </testcase>
        <testcase classname="src/config/config.test.ts" name="loadCliConfig approval mode &gt; should set DEFAULT approval mode when --approval-mode=default" time="0.001107801">
        </testcase>
        <testcase classname="src/config/config.test.ts" name="loadCliConfig approval mode &gt; should set AUTO_EDIT approval mode when --approval-mode=auto-edit" time="0.001106689">
        </testcase>
        <testcase classname="src/config/config.test.ts" name="loadCliConfig approval mode &gt; should set YOLO approval mode when --approval-mode=yolo" time="0.001134811">
        </testcase>
        <testcase classname="src/config/config.test.ts" name="loadCliConfig approval mode &gt; should use approval mode from settings when CLI flags are not provided" time="0.00109126">
        </testcase>
        <testcase classname="src/config/config.test.ts" name="loadCliConfig approval mode &gt; should normalize approval mode values from settings" time="0.001153947">
        </testcase>
        <testcase classname="src/config/config.test.ts" name="loadCliConfig approval mode &gt; should throw when approval mode in settings is invalid" time="0.001092052">
        </testcase>
        <testcase classname="src/config/config.test.ts" name="loadCliConfig approval mode &gt; should prioritize --approval-mode over --yolo when both would be valid (but validation prevents this)" time="0.001143056">
        </testcase>
        <testcase classname="src/config/config.test.ts" name="loadCliConfig approval mode &gt; should fall back to --yolo behavior when --approval-mode is not set" time="0.001120003">
        </testcase>
        <testcase classname="src/config/config.test.ts" name="loadCliConfig approval mode &gt; when folder is NOT trusted &gt; should override --approval-mode=yolo to DEFAULT" time="0.001969306">
            <system-err>
[WARN] Approval mode overridden to &quot;default&quot; because the current folder is not trusted.

            </system-err>
        </testcase>
        <testcase classname="src/config/config.test.ts" name="loadCliConfig approval mode &gt; when folder is NOT trusted &gt; should override --approval-mode=auto-edit to DEFAULT" time="0.00131271">
            <system-err>
[WARN] Approval mode overridden to &quot;default&quot; because the current folder is not trusted.

            </system-err>
        </testcase>
        <testcase classname="src/config/config.test.ts" name="loadCliConfig approval mode &gt; when folder is NOT trusted &gt; should override --yolo flag to DEFAULT" time="0.001213066">
            <system-err>
[WARN] Approval mode overridden to &quot;default&quot; because the current folder is not trusted.

            </system-err>
        </testcase>
        <testcase classname="src/config/config.test.ts" name="loadCliConfig approval mode &gt; when folder is NOT trusted &gt; should remain DEFAULT when --approval-mode=default" time="0.001186216">
        </testcase>
        <testcase classname="src/config/config.test.ts" name="loadCliConfig approval mode &gt; when folder is NOT trusted &gt; should allow PLAN approval mode in untrusted folders" time="0.001195803">
        </testcase>
        <testcase classname="src/config/config.test.ts" name="loadCliConfig trustedFolder &gt; should be correct for: feature disabled, folderTrust true, workspace trusted -&gt; behave as trusted" time="0.001321737">
        </testcase>
        <testcase classname="src/config/config.test.ts" name="loadCliConfig trustedFolder &gt; should be correct for: feature disabled, folderTrust true, workspace not trusted -&gt; behave as trusted" time="0.001137897">
        </testcase>
        <testcase classname="src/config/config.test.ts" name="loadCliConfig trustedFolder &gt; should be correct for: feature disabled, folderTrust false, workspace trusted -&gt; behave as trusted" time="0.001175346">
        </testcase>
        <testcase classname="src/config/config.test.ts" name="loadCliConfig trustedFolder &gt; should be correct for: feature on, folderTrust false, workspace trusted -&gt; behave as trusted" time="0.001148757">
        </testcase>
        <testcase classname="src/config/config.test.ts" name="loadCliConfig trustedFolder &gt; should be correct for: feature on, folderTrust false, workspace not trusted -&gt; behave as trusted" time="0.001126426">
        </testcase>
        <testcase classname="src/config/config.test.ts" name="loadCliConfig trustedFolder &gt; should be correct for: feature on, folderTrust on, workspace trusted -&gt; is trusted" time="0.001091481">
        </testcase>
        <testcase classname="src/config/config.test.ts" name="loadCliConfig trustedFolder &gt; should be correct for: feature on, folderTrust on, workspace NOT trusted -&gt; is NOT trusted" time="0.001066123">
        </testcase>
        <testcase classname="src/config/config.test.ts" name="loadCliConfig trustedFolder &gt; should be correct for: feature on, folderTrust on, workspace trust unknown -&gt; is unknown" time="0.001042831">
        </testcase>
    </testsuite>
    <testsuite name="src/ui/hooks/useGeminiStream.test.tsx" timestamp="2026-02-11T01:14:22.676Z" hostname="uby" tests="37" failures="0" errors="0" skipped="0" time="0.400529486">
        <testcase classname="src/ui/hooks/useGeminiStream.test.tsx" name="useGeminiStream &gt; should not submit tool responses if not all tool calls are completed" time="0.010629639">
        </testcase>
        <testcase classname="src/ui/hooks/useGeminiStream.test.tsx" name="useGeminiStream &gt; should submit tool responses when all tool calls are completed and ready" time="0.007687883">
        </testcase>
        <testcase classname="src/ui/hooks/useGeminiStream.test.tsx" name="useGeminiStream &gt; should handle all tool calls being cancelled" time="0.00298674">
        </testcase>
        <testcase classname="src/ui/hooks/useGeminiStream.test.tsx" name="useGeminiStream &gt; should group multiple cancelled tool call responses into a single history entry" time="0.00330537">
        </testcase>
        <testcase classname="src/ui/hooks/useGeminiStream.test.tsx" name="useGeminiStream &gt; should not flicker streaming state to Idle between tool completion and submission" time="0.004184968">
        </testcase>
        <testcase classname="src/ui/hooks/useGeminiStream.test.tsx" name="useGeminiStream &gt; User Cancellation &gt; should cancel an in-progress stream when escape is pressed" time="0.005294823">
        </testcase>
        <testcase classname="src/ui/hooks/useGeminiStream.test.tsx" name="useGeminiStream &gt; User Cancellation &gt; should call onCancelSubmit handler when escape is pressed" time="0.001907481">
        </testcase>
        <testcase classname="src/ui/hooks/useGeminiStream.test.tsx" name="useGeminiStream &gt; User Cancellation &gt; should not do anything if escape is pressed when not responding" time="0.001422754">
        </testcase>
        <testcase classname="src/ui/hooks/useGeminiStream.test.tsx" name="useGeminiStream &gt; User Cancellation &gt; should prevent further processing after cancellation" time="0.053877425">
            <system-err>
An update to TestComponent inside a test was not wrapped in act(...).

When testing, code that causes React state updates should be wrapped into act(...):

act(() =&gt; {
  /* fire events that update state */
});
/* assert on the output */

This ensures that you&apos;re testing the behavior the user would see in the browser. Learn more at https://react.dev/link/wrap-tests-with-act

            </system-err>
        </testcase>
        <testcase classname="src/ui/hooks/useGeminiStream.test.tsx" name="useGeminiStream &gt; User Cancellation &gt; should not cancel if a tool call is in progress (not just responding)" time="0.002049024">
        </testcase>
        <testcase classname="src/ui/hooks/useGeminiStream.test.tsx" name="useGeminiStream &gt; Slash Command Handling &gt; should schedule a tool call when the command processor returns a schedule_tool action" time="0.003266297">
        </testcase>
        <testcase classname="src/ui/hooks/useGeminiStream.test.tsx" name="useGeminiStream &gt; Slash Command Handling &gt; should stop processing and not call Gemini when a command is handled without a tool call" time="0.003462992">
        </testcase>
        <testcase classname="src/ui/hooks/useGeminiStream.test.tsx" name="useGeminiStream &gt; Slash Command Handling &gt; should call Gemini with prompt content when slash command returns a `submit_prompt` action" time="0.003200135">
        </testcase>
        <testcase classname="src/ui/hooks/useGeminiStream.test.tsx" name="useGeminiStream &gt; Slash Command Handling &gt; should correctly handle a submit_prompt action with empty content" time="0.002834778">
        </testcase>
        <testcase classname="src/ui/hooks/useGeminiStream.test.tsx" name="useGeminiStream &gt; Slash Command Handling &gt; should not call handleSlashCommand for line comments" time="0.002881234">
        </testcase>
        <testcase classname="src/ui/hooks/useGeminiStream.test.tsx" name="useGeminiStream &gt; Slash Command Handling &gt; should not call handleSlashCommand for block comments" time="0.002643133">
        </testcase>
        <testcase classname="src/ui/hooks/useGeminiStream.test.tsx" name="useGeminiStream &gt; Memory Refresh on save_memory &gt; should call performMemoryRefresh when a save_memory tool call completes successfully" time="0.002717822">
        </testcase>
        <testcase classname="src/ui/hooks/useGeminiStream.test.tsx" name="useGeminiStream &gt; Error Handling &gt; should call parseAndFormatApiError with the correct authType on stream initialization failure" time="0.00300329">
        </testcase>
        <testcase classname="src/ui/hooks/useGeminiStream.test.tsx" name="useGeminiStream &gt; handleFinishedEvent &gt; should add info message for MAX_TOKENS finish reason" time="0.00281962">
        </testcase>
        <testcase classname="src/ui/hooks/useGeminiStream.test.tsx" name="useGeminiStream &gt; handleFinishedEvent &gt; should not add message for STOP finish reason" time="0.103548643">
        </testcase>
        <testcase classname="src/ui/hooks/useGeminiStream.test.tsx" name="useGeminiStream &gt; handleFinishedEvent &gt; should not add message for FINISH_REASON_UNSPECIFIED" time="0.102756306">
        </testcase>
        <testcase classname="src/ui/hooks/useGeminiStream.test.tsx" name="useGeminiStream &gt; handleFinishedEvent &gt; should add appropriate messages for other finish reasons" time="0.0212871">
        </testcase>
        <testcase classname="src/ui/hooks/useGeminiStream.test.tsx" name="useGeminiStream &gt; should process @include commands, adding user turn after processing to prevent race conditions" time="0.002572883">
        </testcase>
        <testcase classname="src/ui/hooks/useGeminiStream.test.tsx" name="useGeminiStream &gt; Thought Reset &gt; should reset thought to null when starting a new prompt" time="0.004677259">
        </testcase>
        <testcase classname="src/ui/hooks/useGeminiStream.test.tsx" name="useGeminiStream &gt; Thought Reset &gt; should reset thought to null when user cancels" time="0.003383214">
        </testcase>
        <testcase classname="src/ui/hooks/useGeminiStream.test.tsx" name="useGeminiStream &gt; Thought Reset &gt; should reset thought to null when there is an error" time="0.003180498">
        </testcase>
        <testcase classname="src/ui/hooks/useGeminiStream.test.tsx" name="useGeminiStream &gt; Concurrent Execution Prevention &gt; should prevent concurrent submitQuery calls" time="0.012831215">
            <system-err>
You called act(async () =&gt; ...) without await. This could lead to unexpected testing behaviour, interleaving multiple act calls and mixing their scopes. You should - await act(async () =&gt; ...);

            </system-err>
        </testcase>
        <testcase classname="src/ui/hooks/useGeminiStream.test.tsx" name="useGeminiStream &gt; Concurrent Execution Prevention &gt; should allow subsequent calls after first call completes" time="0.00248976">
        </testcase>
        <testcase classname="src/ui/hooks/useGeminiStream.test.tsx" name="useGeminiStream &gt; Concurrent Execution Prevention &gt; should reset execution flag even when query preparation fails" time="0.002030399">
        </testcase>
        <testcase classname="src/ui/hooks/useGeminiStream.test.tsx" name="useGeminiStream &gt; Vision Auto Switch Integration &gt; should call handleVisionSwitch and proceed to send when allowed" time="0.003070144">
        </testcase>
        <testcase classname="src/ui/hooks/useGeminiStream.test.tsx" name="useGeminiStream &gt; Vision Auto Switch Integration &gt; should gate submission when handleVisionSwitch returns shouldProceed=false" time="0.003113374">
        </testcase>
        <testcase classname="src/ui/hooks/useGeminiStream.test.tsx" name="useGeminiStream &gt; Turn-end checkpointing &gt; saves a checkpoint only after idle with a model response in the current turn" time="0.002904287">
            <system-out>
[Checkpoint] Saved checkpoint undefined with 4 messages

            </system-out>
        </testcase>
        <testcase classname="src/ui/hooks/useGeminiStream.test.tsx" name="useGeminiStream &gt; Turn-end checkpointing &gt; does not save checkpoint for user-only history and waits for model output" time="0.002388542">
            <system-out>
[Checkpoint] Saved checkpoint undefined with 2 messages

            </system-out>
        </testcase>
        <testcase classname="src/ui/hooks/useGeminiStream.test.tsx" name="useGeminiStream &gt; Turn-end checkpointing &gt; does not save checkpoint when checkpointing is disabled" time="0.001554268">
        </testcase>
        <testcase classname="src/ui/hooks/useGeminiStream.test.tsx" name="useGeminiStream &gt; Turn-end checkpointing &gt; saves checkpoint for tool-only turn output once idle" time="0.001782149">
            <system-out>
[Checkpoint] Saved checkpoint undefined with 1 messages

            </system-out>
        </testcase>
        <testcase classname="src/ui/hooks/useGeminiStream.test.tsx" name="useGeminiStream &gt; Model restore on completion and errors &gt; should restore model after successful stream completion" time="0.002509025">
        </testcase>
        <testcase classname="src/ui/hooks/useGeminiStream.test.tsx" name="useGeminiStream &gt; Model restore on completion and errors &gt; should restore model when an error occurs during streaming" time="0.002537447">
        </testcase>
    </testsuite>
</testsuites>
