<?xml version="1.0" encoding="UTF-8" ?>
<testsuites name="vitest tests" tests="16" failures="0" errors="0" time="0.049532013">
    <testsuite name="src/team/manifest-loader.test.ts" timestamp="2026-02-19T19:58:25.537Z" hostname="uby" tests="6" failures="0" errors="0" skipped="0" time="0.016631288">
        <testcase classname="src/team/manifest-loader.test.ts" name="manifest-loader &gt; parses a valid team manifest" time="0.007442124">
        </testcase>
        <testcase classname="src/team/manifest-loader.test.ts" name="manifest-loader &gt; rejects agent role orchestrator" time="0.000765544">
        </testcase>
        <testcase classname="src/team/manifest-loader.test.ts" name="manifest-loader &gt; rejects restricted channels with missing members" time="0.000499303">
        </testcase>
        <testcase classname="src/team/manifest-loader.test.ts" name="manifest-loader &gt; parses restricted channels with valid members" time="0.000767939">
        </testcase>
        <testcase classname="src/team/manifest-loader.test.ts" name="manifest-loader &gt; rejects unknown channel members" time="0.004686992">
        </testcase>
        <testcase classname="src/team/manifest-loader.test.ts" name="manifest-loader &gt; loads manifest from file" time="0.001663545">
        </testcase>
    </testsuite>
    <testsuite name="src/orchestrator/policies/team-coordinator.test.ts" timestamp="2026-02-19T19:58:25.537Z" hostname="uby" tests="5" failures="0" errors="0" skipped="0" time="0.021252027">
        <testcase classname="src/orchestrator/policies/team-coordinator.test.ts" name="team-coordinator policy &gt; consumes delegated task mailbox results and updates team state" time="0.009240548">
        </testcase>
        <testcase classname="src/orchestrator/policies/team-coordinator.test.ts" name="team-coordinator policy &gt; proactively delegates from planning phase to idle agents" time="0.006144556">
        </testcase>
        <testcase classname="src/orchestrator/policies/team-coordinator.test.ts" name="team-coordinator policy &gt; restarts missing agent sessions and rebinds persistent team_agent" time="0.001586472">
        </testcase>
        <testcase classname="src/orchestrator/policies/team-coordinator.test.ts" name="team-coordinator policy &gt; delegates only immediate-start agents in deterministic fallback mode" time="0.002074214">
        </testcase>
        <testcase classname="src/orchestrator/policies/team-coordinator.test.ts" name="team-coordinator policy &gt; fails long-running delegations when timeout_minutes is exceeded" time="0.001372737">
        </testcase>
    </testsuite>
    <testsuite name="src/orchestrator/policies/team-planner.test.ts" timestamp="2026-02-19T19:58:25.538Z" hostname="uby" tests="5" failures="0" errors="0" skipped="0" time="0.011648698">
        <testcase classname="src/orchestrator/policies/team-planner.test.ts" name="team-planner policy &gt; returns disabled hints in deterministic mode" time="0.006062835">
        </testcase>
        <testcase classname="src/orchestrator/policies/team-planner.test.ts" name="team-planner policy &gt; builds heuristic delegation hints in assisted mode" time="0.001408313">
        </testcase>
        <testcase classname="src/orchestrator/policies/team-planner.test.ts" name="team-planner policy &gt; uses a valid assisted plan file when provided" time="0.001176714">
        </testcase>
        <testcase classname="src/orchestrator/policies/team-planner.test.ts" name="team-planner policy &gt; falls back to heuristic plan when file plan is invalid" time="0.001003305">
        </testcase>
        <testcase classname="src/orchestrator/policies/team-planner.test.ts" name="team-planner policy &gt; resolves planner settings from config and env with env precedence" time="0.001181653">
        </testcase>
    </testsuite>
</testsuites>
