<?xml version="1.0" encoding="UTF-8" ?>
<testsuites name="vitest tests" tests="3" failures="0" errors="0" time="0.025887182">
    <testsuite name="src/orchestrator/policies/team-coordinator.test.ts" timestamp="2026-02-19T11:14:06.414Z" hostname="uby" tests="3" failures="0" errors="0" skipped="0" time="0.025887182">
        <testcase classname="src/orchestrator/policies/team-coordinator.test.ts" name="team-coordinator policy &gt; consumes delegated task mailbox results and updates team state" time="0.009801304">
        </testcase>
        <testcase classname="src/orchestrator/policies/team-coordinator.test.ts" name="team-coordinator policy &gt; proactively delegates from planning phase to idle agents" time="0.005563338">
        </testcase>
        <testcase classname="src/orchestrator/policies/team-coordinator.test.ts" name="team-coordinator policy &gt; restarts missing agent sessions and rebinds persistent team_agent" time="0.00980963">
        </testcase>
    </testsuite>
</testsuites>
