<?xml version="1.0" encoding="UTF-8" ?>
<testsuites name="vitest tests" tests="639" failures="77" errors="0" time="2.356606883">
    <testsuite name="src/gemini.test.tsx" timestamp="2025-10-08T23:26:46.187Z" hostname="uby" tests="1" failures="1" errors="0" skipped="0" time="0">
        <testcase classname="src/gemini.test.tsx" name="src/gemini.test.tsx" time="0">
            <failure message="Failed to resolve entry for package &quot;@qwen-code/qwen-code-core&quot;. The package may have incorrect main/module/exports specified in its package.json." type="Error">
Error: Failed to resolve entry for package &quot;@qwen-code/qwen-code-core&quot;. The package may have incorrect main/module/exports specified in its package.json.
  Plugin: vite:import-analysis
  File: /home/atmandk/LowCal-dev/packages/cli/src/gemini.test.tsx:18:0
  62 |  const __vi_import_1__ = await import(&quot;./config/settings.js&quot;);
  63 |  const __vi_import_2__ = await import(&quot;./utils/events.js&quot;);
  64 |  const __vi_import_3__ = await import(&quot;@qwen-code/qwen-code-core&quot;);
     |                                       ^
  65 |  /**
  66 |   * @license
 ❯ packageEntryFailure ../../node_modules/vite/dist/node/chunks/dep-Bsx9IwL8.js:12218:32
 ❯ resolvePackageEntry ../../node_modules/vite/dist/node/chunks/dep-Bsx9IwL8.js:12215:2
 ❯ tryNodeResolve ../../node_modules/vite/dist/node/chunks/dep-Bsx9IwL8.js:12116:17
 ❯ ResolveIdContext.resolveId ../../node_modules/vite/dist/node/chunks/dep-Bsx9IwL8.js:11955:15
 ❯ EnvironmentPluginContainer.resolveId ../../node_modules/vite/dist/node/chunks/dep-Bsx9IwL8.js:31194:56
 ❯ TransformPluginContext.resolve ../../node_modules/vite/dist/node/chunks/dep-Bsx9IwL8.js:31376:13
 ❯ normalizeUrl ../../node_modules/vite/dist/node/chunks/dep-Bsx9IwL8.js:29984:22
 ❯ ../../node_modules/vite/dist/node/chunks/dep-Bsx9IwL8.js:30050:32
            </failure>
        </testcase>
    </testsuite>
    <testsuite name="src/nonInteractiveCli.test.ts" timestamp="2025-10-08T23:26:46.188Z" hostname="uby" tests="1" failures="1" errors="0" skipped="0" time="0">
        <testcase classname="src/nonInteractiveCli.test.ts" name="src/nonInteractiveCli.test.ts" time="0">
            <failure message="Failed to resolve entry for package &quot;@qwen-code/qwen-code-core&quot;. The package may have incorrect main/module/exports specified in its package.json." type="Error">
Error: Failed to resolve entry for package &quot;@qwen-code/qwen-code-core&quot;. The package may have incorrect main/module/exports specified in its package.json.
  Plugin: vite:import-analysis
  File: /home/atmandk/LowCal-dev/packages/cli/src/nonInteractiveCli.test.ts:7:0
  9  |    };
  10 |  });
  11 |  const __vi_import_0__ = await import(&quot;@qwen-code/qwen-code-core&quot;);
     |                                       ^
  12 |  const __vi_import_1__ = await import(&quot;@google/genai&quot;);
  13 |  const __vi_import_2__ = await import(&quot;./nonInteractiveCli.js&quot;);
 ❯ packageEntryFailure ../../node_modules/vite/dist/node/chunks/dep-Bsx9IwL8.js:12218:32
 ❯ resolvePackageEntry ../../node_modules/vite/dist/node/chunks/dep-Bsx9IwL8.js:12215:2
 ❯ tryNodeResolve ../../node_modules/vite/dist/node/chunks/dep-Bsx9IwL8.js:12116:17
 ❯ ResolveIdContext.resolveId ../../node_modules/vite/dist/node/chunks/dep-Bsx9IwL8.js:11955:15
 ❯ EnvironmentPluginContainer.resolveId ../../node_modules/vite/dist/node/chunks/dep-Bsx9IwL8.js:31194:56
 ❯ TransformPluginContext.resolve ../../node_modules/vite/dist/node/chunks/dep-Bsx9IwL8.js:31376:13
 ❯ normalizeUrl ../../node_modules/vite/dist/node/chunks/dep-Bsx9IwL8.js:29984:22
 ❯ ../../node_modules/vite/dist/node/chunks/dep-Bsx9IwL8.js:30050:32
            </failure>
        </testcase>
    </testsuite>
    <testsuite name="src/validateNonInterActiveAuth.test.ts" timestamp="2025-10-08T23:26:46.189Z" hostname="uby" tests="1" failures="1" errors="0" skipped="0" time="0">
        <testcase classname="src/validateNonInterActiveAuth.test.ts" name="src/validateNonInterActiveAuth.test.ts" time="0">
            <failure message="Failed to resolve entry for package &quot;@qwen-code/qwen-code-core&quot;. The package may have incorrect main/module/exports specified in its package.json." type="Error">
Error: Failed to resolve entry for package &quot;@qwen-code/qwen-code-core&quot;. The package may have incorrect main/module/exports specified in its package.json.
  Plugin: vite:import-analysis
  File: /home/atmandk/LowCal-dev/packages/cli/src/validateNonInterActiveAuth.test.ts:18:25
  13 |  } from &quot;vitest&quot;;
  14 |  import { validateNonInteractiveAuth } from &quot;./validateNonInterActiveAuth.js&quot;;
  15 |  import { AuthType } from &quot;@qwen-code/qwen-code-core&quot;;
     |                            ^
  16 |  import * as auth from &quot;./config/auth.js&quot;;
  17 |  describe(&quot;validateNonInterActiveAuth&quot;, () =&gt; {
 ❯ packageEntryFailure ../../node_modules/vite/dist/node/chunks/dep-Bsx9IwL8.js:12218:32
 ❯ resolvePackageEntry ../../node_modules/vite/dist/node/chunks/dep-Bsx9IwL8.js:12215:2
 ❯ tryNodeResolve ../../node_modules/vite/dist/node/chunks/dep-Bsx9IwL8.js:12116:17
 ❯ ResolveIdContext.resolveId ../../node_modules/vite/dist/node/chunks/dep-Bsx9IwL8.js:11955:15
 ❯ EnvironmentPluginContainer.resolveId ../../node_modules/vite/dist/node/chunks/dep-Bsx9IwL8.js:31194:56
 ❯ TransformPluginContext.resolve ../../node_modules/vite/dist/node/chunks/dep-Bsx9IwL8.js:31376:13
 ❯ normalizeUrl ../../node_modules/vite/dist/node/chunks/dep-Bsx9IwL8.js:29984:22
 ❯ ../../node_modules/vite/dist/node/chunks/dep-Bsx9IwL8.js:30050:32
            </failure>
        </testcase>
    </testsuite>
    <testsuite name="src/commands/mcp.test.ts" timestamp="2025-10-08T23:26:46.189Z" hostname="uby" tests="1" failures="1" errors="0" skipped="0" time="0">
        <testcase classname="src/commands/mcp.test.ts" name="src/commands/mcp.test.ts" time="0">
            <failure message="Failed to resolve entry for package &quot;@qwen-code/qwen-code-core&quot;. The package may have incorrect main/module/exports specified in its package.json." type="Error">
Error: Failed to resolve entry for package &quot;@qwen-code/qwen-code-core&quot;. The package may have incorrect main/module/exports specified in its package.json.
  Plugin: vite:import-analysis
  File: /home/atmandk/LowCal-dev/packages/cli/src/config/settings.ts:15:7
  12 |    getErrorMessage,
  13 |    Storage
  14 |  } from &quot;@qwen-code/qwen-code-core&quot;;
     |          ^
  15 |  import stripJsonComments from &quot;strip-json-comments&quot;;
  16 |  import { DefaultLight } from &quot;../ui/themes/default-light.js&quot;;
 ❯ packageEntryFailure ../../node_modules/vite/dist/node/chunks/dep-Bsx9IwL8.js:12218:32
 ❯ resolvePackageEntry ../../node_modules/vite/dist/node/chunks/dep-Bsx9IwL8.js:12215:2
 ❯ tryNodeResolve ../../node_modules/vite/dist/node/chunks/dep-Bsx9IwL8.js:12116:17
 ❯ ResolveIdContext.resolveId ../../node_modules/vite/dist/node/chunks/dep-Bsx9IwL8.js:11955:15
 ❯ EnvironmentPluginContainer.resolveId ../../node_modules/vite/dist/node/chunks/dep-Bsx9IwL8.js:31194:56
 ❯ TransformPluginContext.resolve ../../node_modules/vite/dist/node/chunks/dep-Bsx9IwL8.js:31376:13
 ❯ normalizeUrl ../../node_modules/vite/dist/node/chunks/dep-Bsx9IwL8.js:29984:22
 ❯ ../../node_modules/vite/dist/node/chunks/dep-Bsx9IwL8.js:30050:32
            </failure>
        </testcase>
    </testsuite>
    <testsuite name="src/config/auth.test.ts" timestamp="2025-10-08T23:26:46.189Z" hostname="uby" tests="1" failures="1" errors="0" skipped="0" time="0">
        <testcase classname="src/config/auth.test.ts" name="src/config/auth.test.ts" time="0">
            <failure message="Failed to resolve entry for package &quot;@qwen-code/qwen-code-core&quot;. The package may have incorrect main/module/exports specified in its package.json." type="Error">
Error: Failed to resolve entry for package &quot;@qwen-code/qwen-code-core&quot;. The package may have incorrect main/module/exports specified in its package.json.
  Plugin: vite:import-analysis
  File: /home/atmandk/LowCal-dev/packages/cli/src/config/auth.test.ts:7:0
  2  |    loadEnvironment: vi.fn()
  3  |  }));
  4  |  const __vi_import_0__ = await import(&quot;@qwen-code/qwen-code-core&quot;);
     |                                       ^
  5  |  const __vi_import_1__ = await import(&quot;./auth.js&quot;);
  6  |  /**
 ❯ packageEntryFailure ../../node_modules/vite/dist/node/chunks/dep-Bsx9IwL8.js:12218:32
 ❯ resolvePackageEntry ../../node_modules/vite/dist/node/chunks/dep-Bsx9IwL8.js:12215:2
 ❯ tryNodeResolve ../../node_modules/vite/dist/node/chunks/dep-Bsx9IwL8.js:12116:17
 ❯ ResolveIdContext.resolveId ../../node_modules/vite/dist/node/chunks/dep-Bsx9IwL8.js:11955:15
 ❯ EnvironmentPluginContainer.resolveId ../../node_modules/vite/dist/node/chunks/dep-Bsx9IwL8.js:31194:56
 ❯ TransformPluginContext.resolve ../../node_modules/vite/dist/node/chunks/dep-Bsx9IwL8.js:31376:13
 ❯ normalizeUrl ../../node_modules/vite/dist/node/chunks/dep-Bsx9IwL8.js:29984:22
 ❯ ../../node_modules/vite/dist/node/chunks/dep-Bsx9IwL8.js:30050:32
            </failure>
        </testcase>
    </testsuite>
    <testsuite name="src/config/config.integration.test.ts" timestamp="2025-10-08T23:26:46.189Z" hostname="uby" tests="1" failures="1" errors="0" skipped="0" time="0">
        <testcase classname="src/config/config.integration.test.ts" name="src/config/config.integration.test.ts" time="0">
            <failure message="Failed to resolve entry for package &quot;@qwen-code/qwen-code-core&quot;. The package may have incorrect main/module/exports specified in its package.json." type="Error">
Error: Failed to resolve entry for package &quot;@qwen-code/qwen-code-core&quot;. The package may have incorrect main/module/exports specified in its package.json.
  Plugin: vite:import-analysis
  File: /home/atmandk/LowCal-dev/packages/cli/src/config/config.integration.test.ts:15:0
  12 |  const __vi_import_1__ = await import(&quot;node:path&quot;);
  13 |  const __vi_import_2__ = await import(&quot;node:os&quot;);
  14 |  const __vi_import_3__ = await import(&quot;@qwen-code/qwen-code-core&quot;);
     |                                       ^
  15 |  const __vi_import_4__ = await import(&quot;msw&quot;);
  16 |  const __vi_import_5__ = await import(&quot;msw/node&quot;);
 ❯ packageEntryFailure ../../node_modules/vite/dist/node/chunks/dep-Bsx9IwL8.js:12218:32
 ❯ resolvePackageEntry ../../node_modules/vite/dist/node/chunks/dep-Bsx9IwL8.js:12215:2
 ❯ tryNodeResolve ../../node_modules/vite/dist/node/chunks/dep-Bsx9IwL8.js:12116:17
 ❯ ResolveIdContext.resolveId ../../node_modules/vite/dist/node/chunks/dep-Bsx9IwL8.js:11955:15
 ❯ EnvironmentPluginContainer.resolveId ../../node_modules/vite/dist/node/chunks/dep-Bsx9IwL8.js:31194:56
 ❯ TransformPluginContext.resolve ../../node_modules/vite/dist/node/chunks/dep-Bsx9IwL8.js:31376:13
 ❯ normalizeUrl ../../node_modules/vite/dist/node/chunks/dep-Bsx9IwL8.js:29984:22
 ❯ ../../node_modules/vite/dist/node/chunks/dep-Bsx9IwL8.js:30050:32
            </failure>
        </testcase>
    </testsuite>
    <testsuite name="src/config/config.test.ts" timestamp="2025-10-08T23:26:46.190Z" hostname="uby" tests="1" failures="1" errors="0" skipped="0" time="0">
        <testcase classname="src/config/config.test.ts" name="src/config/config.test.ts" time="0">
            <failure message="Failed to resolve entry for package &quot;@qwen-code/qwen-code-core&quot;. The package may have incorrect main/module/exports specified in its package.json." type="Error">
Error: Failed to resolve entry for package &quot;@qwen-code/qwen-code-core&quot;. The package may have incorrect main/module/exports specified in its package.json.
  Plugin: vite:import-analysis
  File: /home/atmandk/LowCal-dev/packages/cli/src/config/config.test.ts:18:0
  79 |  const __vi_import_0__ = await import(&quot;node:os&quot;);
  80 |  const __vi_import_1__ = await import(&quot;node:path&quot;);
  81 |  const __vi_import_2__ = await import(&quot;@qwen-code/qwen-code-core&quot;);
     |                                       ^
  82 |  const __vi_import_3__ = await import(&quot;./config.js&quot;);
  83 |  const __vi_import_4__ = await import(&quot;@qwen-code/qwen-code-core&quot;);
 ❯ packageEntryFailure ../../node_modules/vite/dist/node/chunks/dep-Bsx9IwL8.js:12218:32
 ❯ resolvePackageEntry ../../node_modules/vite/dist/node/chunks/dep-Bsx9IwL8.js:12215:2
 ❯ tryNodeResolve ../../node_modules/vite/dist/node/chunks/dep-Bsx9IwL8.js:12116:17
 ❯ ResolveIdContext.resolveId ../../node_modules/vite/dist/node/chunks/dep-Bsx9IwL8.js:11955:15
 ❯ EnvironmentPluginContainer.resolveId ../../node_modules/vite/dist/node/chunks/dep-Bsx9IwL8.js:31194:56
 ❯ TransformPluginContext.resolve ../../node_modules/vite/dist/node/chunks/dep-Bsx9IwL8.js:31376:13
 ❯ normalizeUrl ../../node_modules/vite/dist/node/chunks/dep-Bsx9IwL8.js:29984:22
 ❯ ../../node_modules/vite/dist/node/chunks/dep-Bsx9IwL8.js:30050:32
            </failure>
        </testcase>
    </testsuite>
    <testsuite name="src/config/extension.test.ts" timestamp="2025-10-08T23:26:46.192Z" hostname="uby" tests="1" failures="1" errors="0" skipped="0" time="0">
        <testcase classname="src/config/extension.test.ts" name="src/config/extension.test.ts" time="0">
            <failure message="Failed to resolve entry for package &quot;@qwen-code/qwen-code-core&quot;. The package may have incorrect main/module/exports specified in its package.json." type="Error">
Error: Failed to resolve entry for package &quot;@qwen-code/qwen-code-core&quot;. The package may have incorrect main/module/exports specified in its package.json.
  Plugin: vite:import-analysis
  File: /home/atmandk/LowCal-dev/packages/cli/src/config/extension.test.ts:24:0
  20 |  const __vi_import_2__ = await import(&quot;node:path&quot;);
  21 |  const __vi_import_3__ = await import(&quot;./extension.js&quot;);
  22 |  const __vi_import_4__ = await import(&quot;@qwen-code/qwen-code-core&quot;);
     |                                       ^
  23 |  const __vi_import_5__ = await import(&quot;node:child_process&quot;);
  24 |  const __vi_import_6__ = await import(&quot;./settings.js&quot;);
 ❯ packageEntryFailure ../../node_modules/vite/dist/node/chunks/dep-Bsx9IwL8.js:12218:32
 ❯ resolvePackageEntry ../../node_modules/vite/dist/node/chunks/dep-Bsx9IwL8.js:12215:2
 ❯ tryNodeResolve ../../node_modules/vite/dist/node/chunks/dep-Bsx9IwL8.js:12116:17
 ❯ ResolveIdContext.resolveId ../../node_modules/vite/dist/node/chunks/dep-Bsx9IwL8.js:11955:15
 ❯ EnvironmentPluginContainer.resolveId ../../node_modules/vite/dist/node/chunks/dep-Bsx9IwL8.js:31194:56
 ❯ TransformPluginContext.resolve ../../node_modules/vite/dist/node/chunks/dep-Bsx9IwL8.js:31376:13
 ❯ normalizeUrl ../../node_modules/vite/dist/node/chunks/dep-Bsx9IwL8.js:29984:22
 ❯ ../../node_modules/vite/dist/node/chunks/dep-Bsx9IwL8.js:30050:32
            </failure>
        </testcase>
    </testsuite>
    <testsuite name="src/config/keyBindings.test.ts" timestamp="2025-10-08T23:26:46.192Z" hostname="uby" tests="3" failures="0" errors="0" skipped="0" time="0.008731378">
        <testcase classname="src/config/keyBindings.test.ts" name="keyBindings config &gt; defaultKeyBindings &gt; should have bindings for all commands" time="0.003447873">
        </testcase>
        <testcase classname="src/config/keyBindings.test.ts" name="keyBindings config &gt; defaultKeyBindings &gt; should have valid key binding structures" time="0.003588262">
        </testcase>
        <testcase classname="src/config/keyBindings.test.ts" name="keyBindings config &gt; defaultKeyBindings &gt; should export all required types" time="0.000209457">
        </testcase>
    </testsuite>
    <testsuite name="src/config/settings.test.ts" timestamp="2025-10-08T23:26:46.192Z" hostname="uby" tests="1" failures="1" errors="0" skipped="0" time="0">
        <testcase classname="src/config/settings.test.ts" name="src/config/settings.test.ts" time="0">
            <failure message="[vitest] There was an error when mocking a module. If you are using &quot;vi.mock&quot; factory, make sure there are no top level variables inside, since this call is hoisted to top of the file. Read more: https://vitest.dev/api/vi.html#vi-mock" type="Error">
Error: [vitest] There was an error when mocking a module. If you are using &quot;vi.mock&quot; factory, make sure there are no top level variables inside, since this call is hoisted to top of the file. Read more: https://vitest.dev/api/vi.html#vi-mock
 ❯ src/config/settings.test.ts:53:1

Caused by: Caused by: Error: Failed to resolve entry for package &quot;@qwen-code/qwen-code-core&quot;. The package may have incorrect main/module/exports specified in its package.json.
  Plugin: vite:import-analysis
  File: /home/atmandk/LowCal-dev/packages/cli/src/config/settings.ts:15:7
  12 |    getErrorMessage,
  13 |    Storage
  14 |  } from &quot;@qwen-code/qwen-code-core&quot;;
     |          ^
  15 |  import stripJsonComments from &quot;strip-json-comments&quot;;
  16 |  import { DefaultLight } from &quot;../ui/themes/default-light.js&quot;;
 ❯ packageEntryFailure ../../node_modules/vite/dist/node/chunks/dep-Bsx9IwL8.js:12218:32
 ❯ resolvePackageEntry ../../node_modules/vite/dist/node/chunks/dep-Bsx9IwL8.js:12215:2
 ❯ tryNodeResolve ../../node_modules/vite/dist/node/chunks/dep-Bsx9IwL8.js:12116:17
 ❯ ResolveIdContext.resolveId ../../node_modules/vite/dist/node/chunks/dep-Bsx9IwL8.js:11955:15
 ❯ EnvironmentPluginContainer.resolveId ../../node_modules/vite/dist/node/chunks/dep-Bsx9IwL8.js:31194:56
 ❯ TransformPluginContext.resolve ../../node_modules/vite/dist/node/chunks/dep-Bsx9IwL8.js:31376:13
 ❯ normalizeUrl ../../node_modules/vite/dist/node/chunks/dep-Bsx9IwL8.js:29984:22
 ❯ ../../node_modules/vite/dist/node/chunks/dep-Bsx9IwL8.js:30050:32
            </failure>
        </testcase>
    </testsuite>
    <testsuite name="src/config/settingsSchema.test.ts" timestamp="2025-10-08T23:26:46.193Z" hostname="uby" tests="14" failures="0" errors="0" skipped="0" time="0.014347068">
        <testcase classname="src/config/settingsSchema.test.ts" name="SettingsSchema &gt; SETTINGS_SCHEMA &gt; should contain all expected top-level settings" time="0.001830593">
        </testcase>
        <testcase classname="src/config/settingsSchema.test.ts" name="SettingsSchema &gt; SETTINGS_SCHEMA &gt; should have correct structure for each setting" time="0.002534515">
        </testcase>
        <testcase classname="src/config/settingsSchema.test.ts" name="SettingsSchema &gt; SETTINGS_SCHEMA &gt; should have correct nested setting structure" time="0.000362309">
        </testcase>
        <testcase classname="src/config/settingsSchema.test.ts" name="SettingsSchema &gt; SETTINGS_SCHEMA &gt; should have accessibility nested properties" time="0.000475469">
        </testcase>
        <testcase classname="src/config/settingsSchema.test.ts" name="SettingsSchema &gt; SETTINGS_SCHEMA &gt; should have checkpointing nested properties" time="0.000107038">
        </testcase>
        <testcase classname="src/config/settingsSchema.test.ts" name="SettingsSchema &gt; SETTINGS_SCHEMA &gt; should have fileFiltering nested properties" time="0.000139127">
        </testcase>
        <testcase classname="src/config/settingsSchema.test.ts" name="SettingsSchema &gt; SETTINGS_SCHEMA &gt; should have unique categories" time="0.002683019">
        </testcase>
        <testcase classname="src/config/settingsSchema.test.ts" name="SettingsSchema &gt; SETTINGS_SCHEMA &gt; should have consistent default values for boolean settings" time="0.001603894">
        </testcase>
        <testcase classname="src/config/settingsSchema.test.ts" name="SettingsSchema &gt; SETTINGS_SCHEMA &gt; should have showInDialog property configured" time="0.000749174">
        </testcase>
        <testcase classname="src/config/settingsSchema.test.ts" name="SettingsSchema &gt; SETTINGS_SCHEMA &gt; should infer Settings type correctly" time="0.001306866">
        </testcase>
        <testcase classname="src/config/settingsSchema.test.ts" name="SettingsSchema &gt; SETTINGS_SCHEMA &gt; should have includeDirectories setting in schema" time="0.000203156">
        </testcase>
        <testcase classname="src/config/settingsSchema.test.ts" name="SettingsSchema &gt; SETTINGS_SCHEMA &gt; should have loadMemoryFromIncludeDirectories setting in schema" time="0.000132204">
        </testcase>
        <testcase classname="src/config/settingsSchema.test.ts" name="SettingsSchema &gt; SETTINGS_SCHEMA &gt; should have folderTrustFeature setting in schema" time="0.000143766">
        </testcase>
        <testcase classname="src/config/settingsSchema.test.ts" name="SettingsSchema &gt; SETTINGS_SCHEMA &gt; should have debugKeystrokeLogging setting in schema" time="0.000183189">
        </testcase>
    </testsuite>
    <testsuite name="src/config/trustedFolders.test.ts" timestamp="2025-10-08T23:26:46.193Z" hostname="uby" tests="1" failures="1" errors="0" skipped="0" time="0">
        <testcase classname="src/config/trustedFolders.test.ts" name="src/config/trustedFolders.test.ts" time="0">
            <failure message="Failed to resolve entry for package &quot;@qwen-code/qwen-code-core&quot;. The package may have incorrect main/module/exports specified in its package.json." type="Error">
Error: Failed to resolve entry for package &quot;@qwen-code/qwen-code-core&quot;. The package may have incorrect main/module/exports specified in its package.json.
  Plugin: vite:import-analysis
  File: /home/atmandk/LowCal-dev/packages/cli/src/config/trustedFolders.ts:10:46
  7  |  import * as path from &quot;node:path&quot;;
  8  |  import { homedir } from &quot;node:os&quot;;
  9  |  import { getErrorMessage, isWithinRoot } from &quot;@qwen-code/qwen-code-core&quot;;
     |                                                 ^
  10 |  import stripJsonComments from &quot;strip-json-comments&quot;;
  11 |  export const TRUSTED_FOLDERS_FILENAME = &quot;trustedFolders.json&quot;;
 ❯ packageEntryFailure ../../node_modules/vite/dist/node/chunks/dep-Bsx9IwL8.js:12218:32
 ❯ resolvePackageEntry ../../node_modules/vite/dist/node/chunks/dep-Bsx9IwL8.js:12215:2
 ❯ tryNodeResolve ../../node_modules/vite/dist/node/chunks/dep-Bsx9IwL8.js:12116:17
 ❯ ResolveIdContext.resolveId ../../node_modules/vite/dist/node/chunks/dep-Bsx9IwL8.js:11955:15
 ❯ EnvironmentPluginContainer.resolveId ../../node_modules/vite/dist/node/chunks/dep-Bsx9IwL8.js:31194:56
 ❯ TransformPluginContext.resolve ../../node_modules/vite/dist/node/chunks/dep-Bsx9IwL8.js:31376:13
 ❯ normalizeUrl ../../node_modules/vite/dist/node/chunks/dep-Bsx9IwL8.js:29984:22
 ❯ ../../node_modules/vite/dist/node/chunks/dep-Bsx9IwL8.js:30050:32
            </failure>
        </testcase>
    </testsuite>
    <testsuite name="src/services/BuiltinCommandLoader.test.ts" timestamp="2025-10-08T23:26:46.193Z" hostname="uby" tests="1" failures="1" errors="0" skipped="0" time="0">
        <testcase classname="src/services/BuiltinCommandLoader.test.ts" name="src/services/BuiltinCommandLoader.test.ts" time="0">
            <failure message="Failed to resolve entry for package &quot;@qwen-code/qwen-code-core&quot;. The package may have incorrect main/module/exports specified in its package.json." type="Error">
Error: Failed to resolve entry for package &quot;@qwen-code/qwen-code-core&quot;. The package may have incorrect main/module/exports specified in its package.json.
  Plugin: vite:import-analysis
  File: /home/atmandk/LowCal-dev/packages/cli/src/ui/commands/directoryCommand.tsx:12:45
  8  |  import * as os from &quot;node:os&quot;;
  9  |  import * as path from &quot;node:path&quot;;
  10 |  import { loadServerHierarchicalMemory } from &quot;@qwen-code/qwen-code-core&quot;;
     |                                                ^
  11 |  export function expandHomeDir(p) {
  12 |    if (!p) {
 ❯ packageEntryFailure ../../node_modules/vite/dist/node/chunks/dep-Bsx9IwL8.js:12218:32
 ❯ resolvePackageEntry ../../node_modules/vite/dist/node/chunks/dep-Bsx9IwL8.js:12215:2
 ❯ tryNodeResolve ../../node_modules/vite/dist/node/chunks/dep-Bsx9IwL8.js:12116:17
 ❯ ResolveIdContext.resolveId ../../node_modules/vite/dist/node/chunks/dep-Bsx9IwL8.js:11955:15
 ❯ EnvironmentPluginContainer.resolveId ../../node_modules/vite/dist/node/chunks/dep-Bsx9IwL8.js:31194:56
 ❯ TransformPluginContext.resolve ../../node_modules/vite/dist/node/chunks/dep-Bsx9IwL8.js:31376:13
 ❯ normalizeUrl ../../node_modules/vite/dist/node/chunks/dep-Bsx9IwL8.js:29984:22
 ❯ ../../node_modules/vite/dist/node/chunks/dep-Bsx9IwL8.js:30050:32
            </failure>
        </testcase>
    </testsuite>
    <testsuite name="src/services/CommandService.test.ts" timestamp="2025-10-08T23:26:46.194Z" hostname="uby" tests="11" failures="0" errors="0" skipped="0" time="0.02138747">
        <testcase classname="src/services/CommandService.test.ts" name="CommandService &gt; should load commands from a single loader" time="0.003897554">
        </testcase>
        <testcase classname="src/services/CommandService.test.ts" name="CommandService &gt; should aggregate commands from multiple loaders" time="0.00202339">
        </testcase>
        <testcase classname="src/services/CommandService.test.ts" name="CommandService &gt; should override commands from earlier loaders with those from later loaders" time="0.002603352">
        </testcase>
        <testcase classname="src/services/CommandService.test.ts" name="CommandService &gt; should handle loaders that return an empty array of commands gracefully" time="0.000538425">
        </testcase>
        <testcase classname="src/services/CommandService.test.ts" name="CommandService &gt; should load commands from successful loaders even if one fails" time="0.003185237">
        </testcase>
        <testcase classname="src/services/CommandService.test.ts" name="CommandService &gt; getCommands should return a readonly array that cannot be mutated" time="0.001355996">
        </testcase>
        <testcase classname="src/services/CommandService.test.ts" name="CommandService &gt; should pass the abort signal to all loaders" time="0.003015944">
        </testcase>
        <testcase classname="src/services/CommandService.test.ts" name="CommandService &gt; should rename extension commands when they conflict" time="0.000992665">
        </testcase>
        <testcase classname="src/services/CommandService.test.ts" name="CommandService &gt; should handle user/project command override correctly" time="0.001013072">
        </testcase>
        <testcase classname="src/services/CommandService.test.ts" name="CommandService &gt; should handle secondary conflicts when renaming extension commands" time="0.000602303">
        </testcase>
        <testcase classname="src/services/CommandService.test.ts" name="CommandService &gt; should handle multiple secondary conflicts with incrementing suffixes" time="0.000470119">
        </testcase>
    </testsuite>
    <testsuite name="src/services/FileCommandLoader.test.ts" timestamp="2025-10-08T23:26:46.194Z" hostname="uby" tests="1" failures="1" errors="0" skipped="0" time="0">
        <testcase classname="src/services/FileCommandLoader.test.ts" name="src/services/FileCommandLoader.test.ts" time="0">
            <failure message="Failed to resolve entry for package &quot;@qwen-code/qwen-code-core&quot;. The package may have incorrect main/module/exports specified in its package.json." type="Error">
Error: Failed to resolve entry for package &quot;@qwen-code/qwen-code-core&quot;. The package may have incorrect main/module/exports specified in its package.json.
  Plugin: vite:import-analysis
  File: /home/atmandk/LowCal-dev/packages/cli/src/services/FileCommandLoader.test.ts:9:0
  36 |  });
  37 |  const __vi_import_0__ = await import(&quot;node:path&quot;);
  38 |  const __vi_import_1__ = await import(&quot;@qwen-code/qwen-code-core&quot;);
     |                                       ^
  39 |  const __vi_import_2__ = await import(&quot;mock-fs&quot;);
  40 |  const __vi_import_3__ = await import(&quot;./FileCommandLoader.js&quot;);
 ❯ packageEntryFailure ../../node_modules/vite/dist/node/chunks/dep-Bsx9IwL8.js:12218:32
 ❯ resolvePackageEntry ../../node_modules/vite/dist/node/chunks/dep-Bsx9IwL8.js:12215:2
 ❯ tryNodeResolve ../../node_modules/vite/dist/node/chunks/dep-Bsx9IwL8.js:12116:17
 ❯ ResolveIdContext.resolveId ../../node_modules/vite/dist/node/chunks/dep-Bsx9IwL8.js:11955:15
 ❯ EnvironmentPluginContainer.resolveId ../../node_modules/vite/dist/node/chunks/dep-Bsx9IwL8.js:31194:56
 ❯ TransformPluginContext.resolve ../../node_modules/vite/dist/node/chunks/dep-Bsx9IwL8.js:31376:13
 ❯ normalizeUrl ../../node_modules/vite/dist/node/chunks/dep-Bsx9IwL8.js:29984:22
 ❯ ../../node_modules/vite/dist/node/chunks/dep-Bsx9IwL8.js:30050:32
            </failure>
        </testcase>
    </testsuite>
    <testsuite name="src/services/McpPromptLoader.test.ts" timestamp="2025-10-08T23:26:46.194Z" hostname="uby" tests="1" failures="1" errors="0" skipped="0" time="0">
        <testcase classname="src/services/McpPromptLoader.test.ts" name="src/services/McpPromptLoader.test.ts" time="0">
            <failure message="Failed to resolve entry for package &quot;@qwen-code/qwen-code-core&quot;. The package may have incorrect main/module/exports specified in its package.json." type="Error">
Error: Failed to resolve entry for package &quot;@qwen-code/qwen-code-core&quot;. The package may have incorrect main/module/exports specified in its package.json.
  Plugin: vite:import-analysis
  File: /home/atmandk/LowCal-dev/packages/cli/src/services/McpPromptLoader.ts:11:7
  7  |    getErrorMessage,
  8  |    getMCPServerPrompts
  9  |  } from &quot;@qwen-code/qwen-code-core&quot;;
     |          ^
  10 |  import { CommandKind } from &quot;../ui/commands/types.js&quot;;
  11 |  export class McpPromptLoader {
 ❯ packageEntryFailure ../../node_modules/vite/dist/node/chunks/dep-Bsx9IwL8.js:12218:32
 ❯ resolvePackageEntry ../../node_modules/vite/dist/node/chunks/dep-Bsx9IwL8.js:12215:2
 ❯ tryNodeResolve ../../node_modules/vite/dist/node/chunks/dep-Bsx9IwL8.js:12116:17
 ❯ ResolveIdContext.resolveId ../../node_modules/vite/dist/node/chunks/dep-Bsx9IwL8.js:11955:15
 ❯ EnvironmentPluginContainer.resolveId ../../node_modules/vite/dist/node/chunks/dep-Bsx9IwL8.js:31194:56
 ❯ TransformPluginContext.resolve ../../node_modules/vite/dist/node/chunks/dep-Bsx9IwL8.js:31376:13
 ❯ normalizeUrl ../../node_modules/vite/dist/node/chunks/dep-Bsx9IwL8.js:29984:22
 ❯ ../../node_modules/vite/dist/node/chunks/dep-Bsx9IwL8.js:30050:32
            </failure>
        </testcase>
    </testsuite>
    <testsuite name="src/test-utils/mockCommandContext.test.ts" timestamp="2025-10-08T23:26:46.195Z" hostname="uby" tests="3" failures="0" errors="0" skipped="0" time="0.006806951">
        <testcase classname="src/test-utils/mockCommandContext.test.ts" name="createMockCommandContext &gt; should return a valid CommandContext object with default mocks" time="0.003385007">
        </testcase>
        <testcase classname="src/test-utils/mockCommandContext.test.ts" name="createMockCommandContext &gt; should apply top-level overrides correctly" time="0.001036075">
        </testcase>
        <testcase classname="src/test-utils/mockCommandContext.test.ts" name="createMockCommandContext &gt; should apply deeply nested overrides correctly" time="0.00095761">
        </testcase>
    </testsuite>
    <testsuite name="src/ui/App.test.tsx" timestamp="2025-10-08T23:26:46.195Z" hostname="uby" tests="1" failures="1" errors="0" skipped="0" time="0">
        <testcase classname="src/ui/App.test.tsx" name="src/ui/App.test.tsx" time="0">
            <failure message="Failed to resolve entry for package &quot;@qwen-code/qwen-code-core&quot;. The package may have incorrect main/module/exports specified in its package.json." type="Error">
Error: Failed to resolve entry for package &quot;@qwen-code/qwen-code-core&quot;. The package may have incorrect main/module/exports specified in its package.json.
  Plugin: vite:import-analysis
  File: /home/atmandk/LowCal-dev/packages/cli/src/ui/App.test.tsx:15:0
  155|  vi.mock(&quot;node:child_process&quot;);
  156|  const __vi_import_0__ = await import(&quot;react/jsx-dev-runtime&quot;);
  157|  const __vi_import_1__ = await import(&quot;@qwen-code/qwen-code-core&quot;);
     |                                       ^
  158|  const __vi_import_2__ = await import(&quot;@testing-library/react&quot;);
  159|  const __vi_import_3__ = await import(&quot;node:events&quot;);
 ❯ packageEntryFailure ../../node_modules/vite/dist/node/chunks/dep-Bsx9IwL8.js:12218:32
 ❯ resolvePackageEntry ../../node_modules/vite/dist/node/chunks/dep-Bsx9IwL8.js:12215:2
 ❯ tryNodeResolve ../../node_modules/vite/dist/node/chunks/dep-Bsx9IwL8.js:12116:17
 ❯ ResolveIdContext.resolveId ../../node_modules/vite/dist/node/chunks/dep-Bsx9IwL8.js:11955:15
 ❯ EnvironmentPluginContainer.resolveId ../../node_modules/vite/dist/node/chunks/dep-Bsx9IwL8.js:31194:56
 ❯ TransformPluginContext.resolve ../../node_modules/vite/dist/node/chunks/dep-Bsx9IwL8.js:31376:13
 ❯ normalizeUrl ../../node_modules/vite/dist/node/chunks/dep-Bsx9IwL8.js:29984:22
 ❯ ../../node_modules/vite/dist/node/chunks/dep-Bsx9IwL8.js:30050:32
            </failure>
        </testcase>
    </testsuite>
    <testsuite name="src/ui/keyMatchers.test.ts" timestamp="2025-10-08T23:26:46.195Z" hostname="uby" tests="33" failures="0" errors="0" skipped="0" time="0.008798082">
        <testcase classname="src/ui/keyMatchers.test.ts" name="keyMatchers &gt; Data-driven key binding matches original logic &gt; should match return correctly" time="0.001588045">
        </testcase>
        <testcase classname="src/ui/keyMatchers.test.ts" name="keyMatchers &gt; Data-driven key binding matches original logic &gt; should match escape correctly" time="0.000277533">
        </testcase>
        <testcase classname="src/ui/keyMatchers.test.ts" name="keyMatchers &gt; Data-driven key binding matches original logic &gt; should match home correctly" time="0.000255302">
        </testcase>
        <testcase classname="src/ui/keyMatchers.test.ts" name="keyMatchers &gt; Data-driven key binding matches original logic &gt; should match end correctly" time="0.000502879">
        </testcase>
        <testcase classname="src/ui/keyMatchers.test.ts" name="keyMatchers &gt; Data-driven key binding matches original logic &gt; should match killLineRight correctly" time="0.00016798">
        </testcase>
        <testcase classname="src/ui/keyMatchers.test.ts" name="keyMatchers &gt; Data-driven key binding matches original logic &gt; should match killLineLeft correctly" time="0.000174553">
        </testcase>
        <testcase classname="src/ui/keyMatchers.test.ts" name="keyMatchers &gt; Data-driven key binding matches original logic &gt; should match clearInput correctly" time="0.000132285">
        </testcase>
        <testcase classname="src/ui/keyMatchers.test.ts" name="keyMatchers &gt; Data-driven key binding matches original logic &gt; should match clearScreen correctly" time="0.000085869">
        </testcase>
        <testcase classname="src/ui/keyMatchers.test.ts" name="keyMatchers &gt; Data-driven key binding matches original logic &gt; should match historyUp correctly" time="0.00009208">
        </testcase>
        <testcase classname="src/ui/keyMatchers.test.ts" name="keyMatchers &gt; Data-driven key binding matches original logic &gt; should match historyDown correctly" time="0.000078505">
        </testcase>
        <testcase classname="src/ui/keyMatchers.test.ts" name="keyMatchers &gt; Data-driven key binding matches original logic &gt; should match navigationUp correctly" time="0.000120292">
        </testcase>
        <testcase classname="src/ui/keyMatchers.test.ts" name="keyMatchers &gt; Data-driven key binding matches original logic &gt; should match navigationDown correctly" time="0.000158383">
        </testcase>
        <testcase classname="src/ui/keyMatchers.test.ts" name="keyMatchers &gt; Data-driven key binding matches original logic &gt; should match acceptSuggestion correctly" time="0.000147683">
        </testcase>
        <testcase classname="src/ui/keyMatchers.test.ts" name="keyMatchers &gt; Data-driven key binding matches original logic &gt; should match completionUp correctly" time="0.000139868">
        </testcase>
        <testcase classname="src/ui/keyMatchers.test.ts" name="keyMatchers &gt; Data-driven key binding matches original logic &gt; should match completionDown correctly" time="0.000164283">
        </testcase>
        <testcase classname="src/ui/keyMatchers.test.ts" name="keyMatchers &gt; Data-driven key binding matches original logic &gt; should match submit correctly" time="0.000173711">
        </testcase>
        <testcase classname="src/ui/keyMatchers.test.ts" name="keyMatchers &gt; Data-driven key binding matches original logic &gt; should match newline correctly" time="0.000204908">
        </testcase>
        <testcase classname="src/ui/keyMatchers.test.ts" name="keyMatchers &gt; Data-driven key binding matches original logic &gt; should match openExternalEditor correctly" time="0.000136883">
        </testcase>
        <testcase classname="src/ui/keyMatchers.test.ts" name="keyMatchers &gt; Data-driven key binding matches original logic &gt; should match pasteClipboardImage correctly" time="0.000116224">
        </testcase>
        <testcase classname="src/ui/keyMatchers.test.ts" name="keyMatchers &gt; Data-driven key binding matches original logic &gt; should match showErrorDetails correctly" time="0.000111015">
        </testcase>
        <testcase classname="src/ui/keyMatchers.test.ts" name="keyMatchers &gt; Data-driven key binding matches original logic &gt; should match toggleToolDescriptions correctly" time="0.000119371">
        </testcase>
        <testcase classname="src/ui/keyMatchers.test.ts" name="keyMatchers &gt; Data-driven key binding matches original logic &gt; should match toggleIDEContextDetail correctly" time="0.000128908">
        </testcase>
        <testcase classname="src/ui/keyMatchers.test.ts" name="keyMatchers &gt; Data-driven key binding matches original logic &gt; should match quit correctly" time="0.000129669">
        </testcase>
        <testcase classname="src/ui/keyMatchers.test.ts" name="keyMatchers &gt; Data-driven key binding matches original logic &gt; should match exit correctly" time="0.000150408">
        </testcase>
        <testcase classname="src/ui/keyMatchers.test.ts" name="keyMatchers &gt; Data-driven key binding matches original logic &gt; should match showMoreLines correctly" time="0.00015168">
        </testcase>
        <testcase classname="src/ui/keyMatchers.test.ts" name="keyMatchers &gt; Data-driven key binding matches original logic &gt; should match toggleYoloMode correctly" time="0.000082232">
        </testcase>
        <testcase classname="src/ui/keyMatchers.test.ts" name="keyMatchers &gt; Data-driven key binding matches original logic &gt; should match reverseSearch correctly" time="0.000106557">
        </testcase>
        <testcase classname="src/ui/keyMatchers.test.ts" name="keyMatchers &gt; Data-driven key binding matches original logic &gt; should match submitReverseSearch correctly" time="0.0001031">
        </testcase>
        <testcase classname="src/ui/keyMatchers.test.ts" name="keyMatchers &gt; Data-driven key binding matches original logic &gt; should match acceptSuggestionReverseSearch correctly" time="0.000154045">
        </testcase>
        <testcase classname="src/ui/keyMatchers.test.ts" name="keyMatchers &gt; Data-driven key binding matches original logic &gt; should properly handle ACCEPT_SUGGESTION_REVERSE_SEARCH cases" time="0.000098402">
        </testcase>
        <testcase classname="src/ui/keyMatchers.test.ts" name="keyMatchers &gt; Custom key bindings &gt; should work with custom configuration" time="0.000185904">
        </testcase>
        <testcase classname="src/ui/keyMatchers.test.ts" name="keyMatchers &gt; Custom key bindings &gt; should support multiple key bindings for same command" time="0.000721794">
        </testcase>
        <testcase classname="src/ui/keyMatchers.test.ts" name="keyMatchers &gt; Edge Cases &gt; should handle empty binding arrays" time="0.000127315">
        </testcase>
    </testsuite>
    <testsuite name="src/utils/cleanup.test.ts" timestamp="2025-10-08T23:26:46.196Z" hostname="uby" tests="1" failures="1" errors="0" skipped="0" time="0">
        <testcase classname="src/utils/cleanup.test.ts" name="src/utils/cleanup.test.ts" time="0">
            <failure message="Failed to resolve entry for package &quot;@qwen-code/qwen-code-core&quot;. The package may have incorrect main/module/exports specified in its package.json." type="Error">
Error: Failed to resolve entry for package &quot;@qwen-code/qwen-code-core&quot;. The package may have incorrect main/module/exports specified in its package.json.
  Plugin: vite:import-analysis
  File: /home/atmandk/LowCal-dev/packages/cli/src/utils/cleanup.ts:9:24
  6  |  import { promises as fs } from &quot;node:fs&quot;;
  7  |  import { join } from &quot;node:path&quot;;
  8  |  import { Storage } from &quot;@qwen-code/qwen-code-core&quot;;
     |                           ^
  9  |  const cleanupFunctions = [];
  10 |  export function registerCleanup(fn) {
 ❯ packageEntryFailure ../../node_modules/vite/dist/node/chunks/dep-Bsx9IwL8.js:12218:32
 ❯ resolvePackageEntry ../../node_modules/vite/dist/node/chunks/dep-Bsx9IwL8.js:12215:2
 ❯ tryNodeResolve ../../node_modules/vite/dist/node/chunks/dep-Bsx9IwL8.js:12116:17
 ❯ ResolveIdContext.resolveId ../../node_modules/vite/dist/node/chunks/dep-Bsx9IwL8.js:11955:15
 ❯ EnvironmentPluginContainer.resolveId ../../node_modules/vite/dist/node/chunks/dep-Bsx9IwL8.js:31194:56
 ❯ TransformPluginContext.resolve ../../node_modules/vite/dist/node/chunks/dep-Bsx9IwL8.js:31376:13
 ❯ normalizeUrl ../../node_modules/vite/dist/node/chunks/dep-Bsx9IwL8.js:29984:22
 ❯ ../../node_modules/vite/dist/node/chunks/dep-Bsx9IwL8.js:30050:32
            </failure>
        </testcase>
    </testsuite>
    <testsuite name="src/utils/gitUtils.test.ts" timestamp="2025-10-08T23:26:46.196Z" hostname="uby" tests="12" failures="0" errors="0" skipped="0" time="0.020984115">
        <testcase classname="src/utils/gitUtils.test.ts" name="isGitHubRepository &gt; returns false if the git command fails" time="0.0106749">
            <system-out>
Failed to get git remote: Error: oops
    at [90m/home/atmandk/LowCal-dev/packages/cli/[39msrc/utils/gitUtils.test.ts:29:13
    at mockCall (file:///home/atmandk/LowCal-dev/node_modules/[4m@vitest/spy[24m/dist/index.js:96:15)
    at execSync (file:///home/atmandk/LowCal-dev/node_modules/[4mtinyspy[24m/dist/index.js:47:103)
    at Module.isGitHubRepository [90m(/home/atmandk/LowCal-dev/packages/cli/[39msrc/utils/gitUtils.ts:17:7[90m)[39m
    at [90m/home/atmandk/LowCal-dev/packages/cli/[39msrc/utils/gitUtils.test.ts:31:12
    at file:///home/atmandk/LowCal-dev/node_modules/[4m@vitest/runner[24m/dist/chunk-hooks.js:155:11
    at file:///home/atmandk/LowCal-dev/node_modules/[4m@vitest/runner[24m/dist/chunk-hooks.js:752:26
    at file:///home/atmandk/LowCal-dev/node_modules/[4m@vitest/runner[24m/dist/chunk-hooks.js:1897:20
    at new Promise (&lt;anonymous&gt;)
    at runWithTimeout (file:///home/atmandk/LowCal-dev/node_modules/[4m@vitest/runner[24m/dist/chunk-hooks.js:1863:10)

            </system-out>
        </testcase>
        <testcase classname="src/utils/gitUtils.test.ts" name="isGitHubRepository &gt; returns false if the remote is not github.com" time="0.000678044">
        </testcase>
        <testcase classname="src/utils/gitUtils.test.ts" name="isGitHubRepository &gt; returns true if the remote is github.com" time="0.000312537">
        </testcase>
        <testcase classname="src/utils/gitUtils.test.ts" name="getGitHubRepoInfo &gt; throws an error if github repo info cannot be determined" time="0.000908629">
        </testcase>
        <testcase classname="src/utils/gitUtils.test.ts" name="getGitHubRepoInfo &gt; throws an error if owner/repo could not be determined" time="0.000554986">
        </testcase>
        <testcase classname="src/utils/gitUtils.test.ts" name="getGitHubRepoInfo &gt; returns the owner and repo" time="0.001344224">
        </testcase>
        <testcase classname="src/utils/gitUtils.test.ts" name="getGitRepoRoot &gt; throws an error if git root cannot be determined" time="0.000334598">
        </testcase>
        <testcase classname="src/utils/gitUtils.test.ts" name="getGitRepoRoot &gt; throws an error if git root is empty" time="0.00019486">
        </testcase>
        <testcase classname="src/utils/gitUtils.test.ts" name="getGitRepoRoot &gt; returns the root" time="0.000314031">
        </testcase>
        <testcase classname="src/utils/gitUtils.test.ts" name="getLatestRelease &gt; throws an error if the fetch fails" time="0.002127582">
            <system-out>
Failed to determine latest run-gemini-cli release: nope

            </system-out>
        </testcase>
        <testcase classname="src/utils/gitUtils.test.ts" name="getLatestRelease &gt; throws an error if the fetch does not return a json body" time="0.001172958">
            <system-out>
Failed to determine latest run-gemini-cli release: Error: Response did not include tag_name field
    at Module.getLatestGitHubRelease [90m(/home/atmandk/LowCal-dev/packages/cli/[39msrc/utils/gitUtils.ts:82:13[90m)[39m
[90m    at processTicksAndRejections (node:internal/process/task_queues:105:5)[39m
    at [90m/home/atmandk/LowCal-dev/packages/cli/[39msrc/utils/gitUtils.test.ts:135:5
    at file:///home/atmandk/LowCal-dev/node_modules/[4m@vitest/runner[24m/dist/chunk-hooks.js:752:20

            </system-out>
        </testcase>
        <testcase classname="src/utils/gitUtils.test.ts" name="getLatestRelease &gt; returns the release version" time="0.000602634">
        </testcase>
    </testsuite>
    <testsuite name="src/utils/handleAutoUpdate.test.ts" timestamp="2025-10-08T23:26:46.197Z" hostname="uby" tests="1" failures="1" errors="0" skipped="0" time="0">
        <testcase classname="src/utils/handleAutoUpdate.test.ts" name="src/utils/handleAutoUpdate.test.ts" time="0">
            <failure message="[vitest] There was an error when mocking a module. If you are using &quot;vi.mock&quot; factory, make sure there are no top level variables inside, since this call is hoisted to top of the file. Read more: https://vitest.dev/api/vi.html#vi-mock" type="Error">
Error: [vitest] There was an error when mocking a module. If you are using &quot;vi.mock&quot; factory, make sure there are no top level variables inside, since this call is hoisted to top of the file. Read more: https://vitest.dev/api/vi.html#vi-mock
 ❯ src/utils/handleAutoUpdate.test.ts:9:1

Caused by: Caused by: Error: Failed to resolve entry for package &quot;@qwen-code/qwen-code-core&quot;. The package may have incorrect main/module/exports specified in its package.json.
  Plugin: vite:import-analysis
  File: /home/atmandk/LowCal-dev/packages/cli/src/utils/installationInfo.ts:7:32
  4  |   * SPDX-License-Identifier: Apache-2.0
  5  |   */
  6  |  import { isGitRepository } from &quot;@qwen-code/qwen-code-core&quot;;
     |                                   ^
  7  |  import * as fs from &quot;node:fs&quot;;
  8  |  import * as path from &quot;node:path&quot;;
 ❯ packageEntryFailure ../../node_modules/vite/dist/node/chunks/dep-Bsx9IwL8.js:12218:32
 ❯ resolvePackageEntry ../../node_modules/vite/dist/node/chunks/dep-Bsx9IwL8.js:12215:2
 ❯ tryNodeResolve ../../node_modules/vite/dist/node/chunks/dep-Bsx9IwL8.js:12116:17
 ❯ ResolveIdContext.resolveId ../../node_modules/vite/dist/node/chunks/dep-Bsx9IwL8.js:11955:15
 ❯ EnvironmentPluginContainer.resolveId ../../node_modules/vite/dist/node/chunks/dep-Bsx9IwL8.js:31194:56
 ❯ TransformPluginContext.resolve ../../node_modules/vite/dist/node/chunks/dep-Bsx9IwL8.js:31376:13
 ❯ normalizeUrl ../../node_modules/vite/dist/node/chunks/dep-Bsx9IwL8.js:29984:22
 ❯ ../../node_modules/vite/dist/node/chunks/dep-Bsx9IwL8.js:30050:32
            </failure>
        </testcase>
    </testsuite>
    <testsuite name="src/utils/installationInfo.test.ts" timestamp="2025-10-08T23:26:46.197Z" hostname="uby" tests="1" failures="1" errors="0" skipped="0" time="0">
        <testcase classname="src/utils/installationInfo.test.ts" name="src/utils/installationInfo.test.ts" time="0">
            <failure message="Failed to resolve entry for package &quot;@qwen-code/qwen-code-core&quot;. The package may have incorrect main/module/exports specified in its package.json." type="Error">
Error: Failed to resolve entry for package &quot;@qwen-code/qwen-code-core&quot;. The package may have incorrect main/module/exports specified in its package.json.
  Plugin: vite:import-analysis
  File: /home/atmandk/LowCal-dev/packages/cli/src/utils/installationInfo.test.ts:12:0
  21 |  const __vi_import_2__ = await import(&quot;node:path&quot;);
  22 |  const __vi_import_3__ = await import(&quot;node:child_process&quot;);
  23 |  const __vi_import_4__ = await import(&quot;@qwen-code/qwen-code-core&quot;);
     |                                       ^
  24 |  /**
  25 |   * @license
 ❯ packageEntryFailure ../../node_modules/vite/dist/node/chunks/dep-Bsx9IwL8.js:12218:32
 ❯ resolvePackageEntry ../../node_modules/vite/dist/node/chunks/dep-Bsx9IwL8.js:12215:2
 ❯ tryNodeResolve ../../node_modules/vite/dist/node/chunks/dep-Bsx9IwL8.js:12116:17
 ❯ ResolveIdContext.resolveId ../../node_modules/vite/dist/node/chunks/dep-Bsx9IwL8.js:11955:15
 ❯ EnvironmentPluginContainer.resolveId ../../node_modules/vite/dist/node/chunks/dep-Bsx9IwL8.js:31194:56
 ❯ TransformPluginContext.resolve ../../node_modules/vite/dist/node/chunks/dep-Bsx9IwL8.js:31376:13
 ❯ normalizeUrl ../../node_modules/vite/dist/node/chunks/dep-Bsx9IwL8.js:29984:22
 ❯ ../../node_modules/vite/dist/node/chunks/dep-Bsx9IwL8.js:30050:32
            </failure>
        </testcase>
    </testsuite>
    <testsuite name="src/utils/readStdin.test.ts" timestamp="2025-10-08T23:26:46.197Z" hostname="uby" tests="4" failures="0" errors="0" skipped="0" time="0.023426689">
        <testcase classname="src/utils/readStdin.test.ts" name="readStdin &gt; should read and accumulate data from stdin" time="0.009146646">
        </testcase>
        <testcase classname="src/utils/readStdin.test.ts" name="readStdin &gt; should handle empty stdin input" time="0.002012159">
        </testcase>
        <testcase classname="src/utils/readStdin.test.ts" name="readStdin &gt; should timeout and resolve with empty string when no input is available" time="0.006537734">
        </testcase>
        <testcase classname="src/utils/readStdin.test.ts" name="readStdin &gt; should clear timeout once when data is received and resolve with data" time="0.001177827">
        </testcase>
    </testsuite>
    <testsuite name="src/utils/settingsUtils.test.ts" timestamp="2025-10-08T23:26:46.197Z" hostname="uby" tests="68" failures="0" errors="0" skipped="0" time="0.013957547">
        <testcase classname="src/utils/settingsUtils.test.ts" name="SettingsUtils &gt; Schema Utilities &gt; getSettingsByCategory &gt; should group settings by category" time="0.001381123">
        </testcase>
        <testcase classname="src/utils/settingsUtils.test.ts" name="SettingsUtils &gt; Schema Utilities &gt; getSettingsByCategory &gt; should include key property in grouped settings" time="0.001291387">
        </testcase>
        <testcase classname="src/utils/settingsUtils.test.ts" name="SettingsUtils &gt; Schema Utilities &gt; getSettingDefinition &gt; should return definition for valid setting" time="0.000180283">
        </testcase>
        <testcase classname="src/utils/settingsUtils.test.ts" name="SettingsUtils &gt; Schema Utilities &gt; getSettingDefinition &gt; should return undefined for invalid setting" time="0.000065992">
        </testcase>
        <testcase classname="src/utils/settingsUtils.test.ts" name="SettingsUtils &gt; Schema Utilities &gt; requiresRestart &gt; should return true for settings that require restart" time="0.000090016">
        </testcase>
        <testcase classname="src/utils/settingsUtils.test.ts" name="SettingsUtils &gt; Schema Utilities &gt; requiresRestart &gt; should return false for settings that do not require restart" time="0.00008146">
        </testcase>
        <testcase classname="src/utils/settingsUtils.test.ts" name="SettingsUtils &gt; Schema Utilities &gt; requiresRestart &gt; should return false for invalid settings" time="0.00005955">
        </testcase>
        <testcase classname="src/utils/settingsUtils.test.ts" name="SettingsUtils &gt; Schema Utilities &gt; getDefaultValue &gt; should return correct default values" time="0.000136272">
        </testcase>
        <testcase classname="src/utils/settingsUtils.test.ts" name="SettingsUtils &gt; Schema Utilities &gt; getDefaultValue &gt; should return undefined for invalid settings" time="0.000078064">
        </testcase>
        <testcase classname="src/utils/settingsUtils.test.ts" name="SettingsUtils &gt; Schema Utilities &gt; getRestartRequiredSettings &gt; should return all settings that require restart" time="0.001209606">
        </testcase>
        <testcase classname="src/utils/settingsUtils.test.ts" name="SettingsUtils &gt; Schema Utilities &gt; getEffectiveValue &gt; should return value from settings when set" time="0.000219956">
        </testcase>
        <testcase classname="src/utils/settingsUtils.test.ts" name="SettingsUtils &gt; Schema Utilities &gt; getEffectiveValue &gt; should return value from merged settings when not set in current scope" time="0.000092931">
        </testcase>
        <testcase classname="src/utils/settingsUtils.test.ts" name="SettingsUtils &gt; Schema Utilities &gt; getEffectiveValue &gt; should return default value when not set anywhere" time="0.000063137">
        </testcase>
        <testcase classname="src/utils/settingsUtils.test.ts" name="SettingsUtils &gt; Schema Utilities &gt; getEffectiveValue &gt; should handle nested settings correctly" time="0.000073887">
        </testcase>
        <testcase classname="src/utils/settingsUtils.test.ts" name="SettingsUtils &gt; Schema Utilities &gt; getEffectiveValue &gt; should return undefined for invalid settings" time="0.000054952">
        </testcase>
        <testcase classname="src/utils/settingsUtils.test.ts" name="SettingsUtils &gt; Schema Utilities &gt; getAllSettingKeys &gt; should return all setting keys" time="0.000172468">
        </testcase>
        <testcase classname="src/utils/settingsUtils.test.ts" name="SettingsUtils &gt; Schema Utilities &gt; getSettingsByType &gt; should return only boolean settings" time="0.000417361">
        </testcase>
        <testcase classname="src/utils/settingsUtils.test.ts" name="SettingsUtils &gt; Schema Utilities &gt; getSettingsRequiringRestart &gt; should return only settings that require restart" time="0.000483273">
        </testcase>
        <testcase classname="src/utils/settingsUtils.test.ts" name="SettingsUtils &gt; Schema Utilities &gt; isValidSettingKey &gt; should return true for valid setting keys" time="0.000096258">
        </testcase>
        <testcase classname="src/utils/settingsUtils.test.ts" name="SettingsUtils &gt; Schema Utilities &gt; isValidSettingKey &gt; should return false for invalid setting keys" time="0.000042869">
        </testcase>
        <testcase classname="src/utils/settingsUtils.test.ts" name="SettingsUtils &gt; Schema Utilities &gt; getSettingCategory &gt; should return correct category for valid settings" time="0.000052336">
        </testcase>
        <testcase classname="src/utils/settingsUtils.test.ts" name="SettingsUtils &gt; Schema Utilities &gt; getSettingCategory &gt; should return undefined for invalid settings" time="0.000030317">
        </testcase>
        <testcase classname="src/utils/settingsUtils.test.ts" name="SettingsUtils &gt; Schema Utilities &gt; shouldShowInDialog &gt; should return true for settings marked to show in dialog" time="0.000069117">
        </testcase>
        <testcase classname="src/utils/settingsUtils.test.ts" name="SettingsUtils &gt; Schema Utilities &gt; shouldShowInDialog &gt; should return false for settings marked to hide from dialog" time="0.000061684">
        </testcase>
        <testcase classname="src/utils/settingsUtils.test.ts" name="SettingsUtils &gt; Schema Utilities &gt; shouldShowInDialog &gt; should return true for invalid settings (default behavior)" time="0.0000266">
        </testcase>
        <testcase classname="src/utils/settingsUtils.test.ts" name="SettingsUtils &gt; Schema Utilities &gt; getDialogSettingsByCategory &gt; should only return settings marked for dialog display" time="0.000364534">
        </testcase>
        <testcase classname="src/utils/settingsUtils.test.ts" name="SettingsUtils &gt; Schema Utilities &gt; getDialogSettingsByCategory &gt; should not include Advanced category settings" time="0.000097541">
        </testcase>
        <testcase classname="src/utils/settingsUtils.test.ts" name="SettingsUtils &gt; Schema Utilities &gt; getDialogSettingsByCategory &gt; should include settings with showInDialog=true" time="0.000279086">
        </testcase>
        <testcase classname="src/utils/settingsUtils.test.ts" name="SettingsUtils &gt; Schema Utilities &gt; getDialogSettingsByType &gt; should return only boolean dialog settings" time="0.000329058">
        </testcase>
        <testcase classname="src/utils/settingsUtils.test.ts" name="SettingsUtils &gt; Schema Utilities &gt; getDialogSettingsByType &gt; should return only string dialog settings" time="0.000204498">
        </testcase>
        <testcase classname="src/utils/settingsUtils.test.ts" name="SettingsUtils &gt; Schema Utilities &gt; getDialogSettingKeys &gt; should return only settings marked for dialog display" time="0.000567869">
        </testcase>
        <testcase classname="src/utils/settingsUtils.test.ts" name="SettingsUtils &gt; Schema Utilities &gt; getDialogSettingKeys &gt; should return fewer keys than getAllSettingKeys" time="0.000149657">
        </testcase>
        <testcase classname="src/utils/settingsUtils.test.ts" name="SettingsUtils &gt; Schema Utilities &gt; getDialogSettingKeys &gt; should handle nested settings display correctly" time="0.000339247">
        </testcase>
        <testcase classname="src/utils/settingsUtils.test.ts" name="SettingsUtils &gt; Business Logic Utilities &gt; getSettingValue &gt; should return value from settings when set" time="0.000069809">
        </testcase>
        <testcase classname="src/utils/settingsUtils.test.ts" name="SettingsUtils &gt; Business Logic Utilities &gt; getSettingValue &gt; should return value from merged settings when not set in current scope" time="0.000035035">
        </testcase>
        <testcase classname="src/utils/settingsUtils.test.ts" name="SettingsUtils &gt; Business Logic Utilities &gt; getSettingValue &gt; should return default value for invalid setting" time="0.000039103">
        </testcase>
        <testcase classname="src/utils/settingsUtils.test.ts" name="SettingsUtils &gt; Business Logic Utilities &gt; isSettingModified &gt; should return true when value differs from default" time="0.000103993">
        </testcase>
        <testcase classname="src/utils/settingsUtils.test.ts" name="SettingsUtils &gt; Business Logic Utilities &gt; isSettingModified &gt; should return false when value matches default" time="0.000088534">
        </testcase>
        <testcase classname="src/utils/settingsUtils.test.ts" name="SettingsUtils &gt; Business Logic Utilities &gt; settingExistsInScope &gt; should return true for top-level settings that exist" time="0.000079817">
        </testcase>
        <testcase classname="src/utils/settingsUtils.test.ts" name="SettingsUtils &gt; Business Logic Utilities &gt; settingExistsInScope &gt; should return false for top-level settings that do not exist" time="0.000055662">
        </testcase>
        <testcase classname="src/utils/settingsUtils.test.ts" name="SettingsUtils &gt; Business Logic Utilities &gt; settingExistsInScope &gt; should return true for nested settings that exist" time="0.000042919">
        </testcase>
        <testcase classname="src/utils/settingsUtils.test.ts" name="SettingsUtils &gt; Business Logic Utilities &gt; settingExistsInScope &gt; should return false for nested settings that do not exist" time="0.000028643">
        </testcase>
        <testcase classname="src/utils/settingsUtils.test.ts" name="SettingsUtils &gt; Business Logic Utilities &gt; settingExistsInScope &gt; should return false when parent exists but child does not" time="0.000030466">
        </testcase>
        <testcase classname="src/utils/settingsUtils.test.ts" name="SettingsUtils &gt; Business Logic Utilities &gt; setPendingSettingValue &gt; should set top-level setting value" time="0.00006505">
        </testcase>
        <testcase classname="src/utils/settingsUtils.test.ts" name="SettingsUtils &gt; Business Logic Utilities &gt; setPendingSettingValue &gt; should set nested setting value" time="0.000062646">
        </testcase>
        <testcase classname="src/utils/settingsUtils.test.ts" name="SettingsUtils &gt; Business Logic Utilities &gt; setPendingSettingValue &gt; should preserve existing nested settings" time="0.000090387">
        </testcase>
        <testcase classname="src/utils/settingsUtils.test.ts" name="SettingsUtils &gt; Business Logic Utilities &gt; setPendingSettingValue &gt; should not mutate original settings" time="0.000684104">
        </testcase>
        <testcase classname="src/utils/settingsUtils.test.ts" name="SettingsUtils &gt; Business Logic Utilities &gt; hasRestartRequiredSettings &gt; should return true when modified settings require restart" time="0.000128447">
        </testcase>
        <testcase classname="src/utils/settingsUtils.test.ts" name="SettingsUtils &gt; Business Logic Utilities &gt; hasRestartRequiredSettings &gt; should return false when no modified settings require restart" time="0.000064739">
        </testcase>
        <testcase classname="src/utils/settingsUtils.test.ts" name="SettingsUtils &gt; Business Logic Utilities &gt; hasRestartRequiredSettings &gt; should return false for empty set" time="0.000055192">
        </testcase>
        <testcase classname="src/utils/settingsUtils.test.ts" name="SettingsUtils &gt; Business Logic Utilities &gt; getRestartRequiredFromModified &gt; should return only settings that require restart" time="0.000380083">
        </testcase>
        <testcase classname="src/utils/settingsUtils.test.ts" name="SettingsUtils &gt; Business Logic Utilities &gt; getRestartRequiredFromModified &gt; should return empty array when no settings require restart" time="0.000096539">
        </testcase>
        <testcase classname="src/utils/settingsUtils.test.ts" name="SettingsUtils &gt; Business Logic Utilities &gt; getDisplayValue &gt; should show value without * when setting matches default" time="0.000063107">
        </testcase>
        <testcase classname="src/utils/settingsUtils.test.ts" name="SettingsUtils &gt; Business Logic Utilities &gt; getDisplayValue &gt; should show default value when setting is not in scope" time="0.000040014">
        </testcase>
        <testcase classname="src/utils/settingsUtils.test.ts" name="SettingsUtils &gt; Business Logic Utilities &gt; getDisplayValue &gt; should show value with * when changed from default" time="0.00004865">
        </testcase>
        <testcase classname="src/utils/settingsUtils.test.ts" name="SettingsUtils &gt; Business Logic Utilities &gt; getDisplayValue &gt; should show default value without * when setting does not exist in scope" time="0.000064189">
        </testcase>
        <testcase classname="src/utils/settingsUtils.test.ts" name="SettingsUtils &gt; Business Logic Utilities &gt; getDisplayValue &gt; should show value with * when user changes from default" time="0.000082923">
        </testcase>
        <testcase classname="src/utils/settingsUtils.test.ts" name="SettingsUtils &gt; Business Logic Utilities &gt; isDefaultValue &gt; should return true when setting does not exist in scope" time="0.000101217">
        </testcase>
        <testcase classname="src/utils/settingsUtils.test.ts" name="SettingsUtils &gt; Business Logic Utilities &gt; isDefaultValue &gt; should return false when setting exists in scope" time="0.000060662">
        </testcase>
        <testcase classname="src/utils/settingsUtils.test.ts" name="SettingsUtils &gt; Business Logic Utilities &gt; isDefaultValue &gt; should return true when nested setting does not exist in scope" time="0.000034574">
        </testcase>
        <testcase classname="src/utils/settingsUtils.test.ts" name="SettingsUtils &gt; Business Logic Utilities &gt; isDefaultValue &gt; should return false when nested setting exists in scope" time="0.000040565">
        </testcase>
        <testcase classname="src/utils/settingsUtils.test.ts" name="SettingsUtils &gt; Business Logic Utilities &gt; isValueInherited &gt; should return false for top-level settings that exist in scope" time="0.000096829">
        </testcase>
        <testcase classname="src/utils/settingsUtils.test.ts" name="SettingsUtils &gt; Business Logic Utilities &gt; isValueInherited &gt; should return true for top-level settings that do not exist in scope" time="0.000072544">
        </testcase>
        <testcase classname="src/utils/settingsUtils.test.ts" name="SettingsUtils &gt; Business Logic Utilities &gt; isValueInherited &gt; should return false for nested settings that exist in scope" time="0.000042529">
        </testcase>
        <testcase classname="src/utils/settingsUtils.test.ts" name="SettingsUtils &gt; Business Logic Utilities &gt; isValueInherited &gt; should return true for nested settings that do not exist in scope" time="0.000030486">
        </testcase>
        <testcase classname="src/utils/settingsUtils.test.ts" name="SettingsUtils &gt; Business Logic Utilities &gt; getEffectiveDisplayValue &gt; should return value from settings when available" time="0.000046757">
        </testcase>
        <testcase classname="src/utils/settingsUtils.test.ts" name="SettingsUtils &gt; Business Logic Utilities &gt; getEffectiveDisplayValue &gt; should return value from merged settings when not in scope" time="0.000030076">
        </testcase>
        <testcase classname="src/utils/settingsUtils.test.ts" name="SettingsUtils &gt; Business Logic Utilities &gt; getEffectiveDisplayValue &gt; should return default value for undefined values" time="0.000027531">
        </testcase>
    </testsuite>
    <testsuite name="src/utils/startupWarnings.test.ts" timestamp="2025-10-08T23:26:46.199Z" hostname="uby" tests="1" failures="1" errors="0" skipped="0" time="0">
        <testcase classname="src/utils/startupWarnings.test.ts" name="src/utils/startupWarnings.test.ts" time="0">
            <failure message="Failed to resolve entry for package &quot;@qwen-code/qwen-code-core&quot;. The package may have incorrect main/module/exports specified in its package.json." type="Error">
Error: Failed to resolve entry for package &quot;@qwen-code/qwen-code-core&quot;. The package may have incorrect main/module/exports specified in its package.json.
  Plugin: vite:import-analysis
  File: /home/atmandk/LowCal-dev/packages/cli/src/utils/startupWarnings.test.ts:10:0
  9  |  const __vi_import_0__ = await import(&quot;./startupWarnings.js&quot;);
  10 |  const __vi_import_1__ = await import(&quot;node:fs/promises&quot;);
  11 |  const __vi_import_2__ = await import(&quot;@qwen-code/qwen-code-core&quot;);
     |                                       ^
  12 |  /**
  13 |   * @license
 ❯ packageEntryFailure ../../node_modules/vite/dist/node/chunks/dep-Bsx9IwL8.js:12218:32
 ❯ resolvePackageEntry ../../node_modules/vite/dist/node/chunks/dep-Bsx9IwL8.js:12215:2
 ❯ tryNodeResolve ../../node_modules/vite/dist/node/chunks/dep-Bsx9IwL8.js:12116:17
 ❯ ResolveIdContext.resolveId ../../node_modules/vite/dist/node/chunks/dep-Bsx9IwL8.js:11955:15
 ❯ EnvironmentPluginContainer.resolveId ../../node_modules/vite/dist/node/chunks/dep-Bsx9IwL8.js:31194:56
 ❯ TransformPluginContext.resolve ../../node_modules/vite/dist/node/chunks/dep-Bsx9IwL8.js:31376:13
 ❯ normalizeUrl ../../node_modules/vite/dist/node/chunks/dep-Bsx9IwL8.js:29984:22
 ❯ ../../node_modules/vite/dist/node/chunks/dep-Bsx9IwL8.js:30050:32
            </failure>
        </testcase>
    </testsuite>
    <testsuite name="src/utils/userStartupWarnings.test.ts" timestamp="2025-10-08T23:26:46.200Z" hostname="uby" tests="5" failures="0" errors="0" skipped="0" time="0.015866216">
        <testcase classname="src/utils/userStartupWarnings.test.ts" name="getUserStartupWarnings &gt; home directory check &gt; should return a warning when running in home directory" time="0.008260518">
        </testcase>
        <testcase classname="src/utils/userStartupWarnings.test.ts" name="getUserStartupWarnings &gt; home directory check &gt; should not return a warning when running in a project directory" time="0.00276487">
        </testcase>
        <testcase classname="src/utils/userStartupWarnings.test.ts" name="getUserStartupWarnings &gt; root directory check &gt; should return a warning when running in a root directory" time="0.000879235">
        </testcase>
        <testcase classname="src/utils/userStartupWarnings.test.ts" name="getUserStartupWarnings &gt; root directory check &gt; should not return a warning when running in a non-root directory" time="0.000846053">
        </testcase>
        <testcase classname="src/utils/userStartupWarnings.test.ts" name="getUserStartupWarnings &gt; error handling &gt; should handle errors when checking directory" time="0.001437336">
        </testcase>
    </testsuite>
    <testsuite name="src/commands/extensions/install.test.ts" timestamp="2025-10-08T23:26:46.200Z" hostname="uby" tests="1" failures="1" errors="0" skipped="0" time="0">
        <testcase classname="src/commands/extensions/install.test.ts" name="src/commands/extensions/install.test.ts" time="0">
            <failure message="Failed to resolve entry for package &quot;@qwen-code/qwen-code-core&quot;. The package may have incorrect main/module/exports specified in its package.json." type="Error">
Error: Failed to resolve entry for package &quot;@qwen-code/qwen-code-core&quot;. The package may have incorrect main/module/exports specified in its package.json.
  Plugin: vite:import-analysis
  File: /home/atmandk/LowCal-dev/packages/cli/src/config/extension.ts:11:24
  4  |   * SPDX-License-Identifier: Apache-2.0
  5  |   */
  6  |  import { Storage } from &quot;@qwen-code/qwen-code-core&quot;;
     |                           ^
  7  |  import * as fs from &quot;node:fs&quot;;
  8  |  import * as path from &quot;node:path&quot;;
 ❯ packageEntryFailure ../../node_modules/vite/dist/node/chunks/dep-Bsx9IwL8.js:12218:32
 ❯ resolvePackageEntry ../../node_modules/vite/dist/node/chunks/dep-Bsx9IwL8.js:12215:2
 ❯ tryNodeResolve ../../node_modules/vite/dist/node/chunks/dep-Bsx9IwL8.js:12116:17
 ❯ ResolveIdContext.resolveId ../../node_modules/vite/dist/node/chunks/dep-Bsx9IwL8.js:11955:15
 ❯ EnvironmentPluginContainer.resolveId ../../node_modules/vite/dist/node/chunks/dep-Bsx9IwL8.js:31194:56
 ❯ TransformPluginContext.resolve ../../node_modules/vite/dist/node/chunks/dep-Bsx9IwL8.js:31376:13
 ❯ normalizeUrl ../../node_modules/vite/dist/node/chunks/dep-Bsx9IwL8.js:29984:22
 ❯ ../../node_modules/vite/dist/node/chunks/dep-Bsx9IwL8.js:30050:32
            </failure>
        </testcase>
    </testsuite>
    <testsuite name="src/commands/extensions/uninstall.test.ts" timestamp="2025-10-08T23:26:46.200Z" hostname="uby" tests="1" failures="1" errors="0" skipped="0" time="0">
        <testcase classname="src/commands/extensions/uninstall.test.ts" name="src/commands/extensions/uninstall.test.ts" time="0">
            <failure message="Failed to resolve entry for package &quot;@qwen-code/qwen-code-core&quot;. The package may have incorrect main/module/exports specified in its package.json." type="Error">
Error: Failed to resolve entry for package &quot;@qwen-code/qwen-code-core&quot;. The package may have incorrect main/module/exports specified in its package.json.
  Plugin: vite:import-analysis
  File: /home/atmandk/LowCal-dev/packages/cli/src/config/extension.ts:11:24
  4  |   * SPDX-License-Identifier: Apache-2.0
  5  |   */
  6  |  import { Storage } from &quot;@qwen-code/qwen-code-core&quot;;
     |                           ^
  7  |  import * as fs from &quot;node:fs&quot;;
  8  |  import * as path from &quot;node:path&quot;;
 ❯ packageEntryFailure ../../node_modules/vite/dist/node/chunks/dep-Bsx9IwL8.js:12218:32
 ❯ resolvePackageEntry ../../node_modules/vite/dist/node/chunks/dep-Bsx9IwL8.js:12215:2
 ❯ tryNodeResolve ../../node_modules/vite/dist/node/chunks/dep-Bsx9IwL8.js:12116:17
 ❯ ResolveIdContext.resolveId ../../node_modules/vite/dist/node/chunks/dep-Bsx9IwL8.js:11955:15
 ❯ EnvironmentPluginContainer.resolveId ../../node_modules/vite/dist/node/chunks/dep-Bsx9IwL8.js:31194:56
 ❯ TransformPluginContext.resolve ../../node_modules/vite/dist/node/chunks/dep-Bsx9IwL8.js:31376:13
 ❯ normalizeUrl ../../node_modules/vite/dist/node/chunks/dep-Bsx9IwL8.js:29984:22
 ❯ ../../node_modules/vite/dist/node/chunks/dep-Bsx9IwL8.js:30050:32
            </failure>
        </testcase>
    </testsuite>
    <testsuite name="src/commands/mcp/add.test.ts" timestamp="2025-10-08T23:26:46.200Z" hostname="uby" tests="1" failures="1" errors="0" skipped="0" time="0">
        <testcase classname="src/commands/mcp/add.test.ts" name="src/commands/mcp/add.test.ts" time="0">
            <failure message="[vitest] There was an error when mocking a module. If you are using &quot;vi.mock&quot; factory, make sure there are no top level variables inside, since this call is hoisted to top of the file. Read more: https://vitest.dev/api/vi.html#vi-mock" type="Error">
Error: [vitest] There was an error when mocking a module. If you are using &quot;vi.mock&quot; factory, make sure there are no top level variables inside, since this call is hoisted to top of the file. Read more: https://vitest.dev/api/vi.html#vi-mock
 ❯ src/commands/mcp/add.ts:9:1

Caused by: Caused by: Error: Failed to resolve entry for package &quot;@qwen-code/qwen-code-core&quot;. The package may have incorrect main/module/exports specified in its package.json.
  Plugin: vite:import-analysis
  File: /home/atmandk/LowCal-dev/packages/cli/src/config/settings.ts:15:7
  12 |    getErrorMessage,
  13 |    Storage
  14 |  } from &quot;@qwen-code/qwen-code-core&quot;;
     |          ^
  15 |  import stripJsonComments from &quot;strip-json-comments&quot;;
  16 |  import { DefaultLight } from &quot;../ui/themes/default-light.js&quot;;
 ❯ packageEntryFailure ../../node_modules/vite/dist/node/chunks/dep-Bsx9IwL8.js:12218:32
 ❯ resolvePackageEntry ../../node_modules/vite/dist/node/chunks/dep-Bsx9IwL8.js:12215:2
 ❯ tryNodeResolve ../../node_modules/vite/dist/node/chunks/dep-Bsx9IwL8.js:12116:17
 ❯ ResolveIdContext.resolveId ../../node_modules/vite/dist/node/chunks/dep-Bsx9IwL8.js:11955:15
 ❯ EnvironmentPluginContainer.resolveId ../../node_modules/vite/dist/node/chunks/dep-Bsx9IwL8.js:31194:56
 ❯ TransformPluginContext.resolve ../../node_modules/vite/dist/node/chunks/dep-Bsx9IwL8.js:31376:13
 ❯ normalizeUrl ../../node_modules/vite/dist/node/chunks/dep-Bsx9IwL8.js:29984:22
 ❯ ../../node_modules/vite/dist/node/chunks/dep-Bsx9IwL8.js:30050:32
            </failure>
        </testcase>
    </testsuite>
    <testsuite name="src/commands/mcp/list.test.ts" timestamp="2025-10-08T23:26:46.201Z" hostname="uby" tests="1" failures="1" errors="0" skipped="0" time="0">
        <testcase classname="src/commands/mcp/list.test.ts" name="src/commands/mcp/list.test.ts" time="0">
            <failure message="Failed to resolve entry for package &quot;@qwen-code/qwen-code-core&quot;. The package may have incorrect main/module/exports specified in its package.json." type="Error">
Error: Failed to resolve entry for package &quot;@qwen-code/qwen-code-core&quot;. The package may have incorrect main/module/exports specified in its package.json.
  Plugin: vite:import-analysis
  File: /home/atmandk/LowCal-dev/packages/cli/src/commands/mcp/list.test.ts:11:0
  24 |  const __vi_import_1__ = await import(&quot;../../config/settings.js&quot;);
  25 |  const __vi_import_2__ = await import(&quot;../../config/extension.js&quot;);
  26 |  const __vi_import_3__ = await import(&quot;@qwen-code/qwen-code-core&quot;);
     |                                       ^
  27 |  const __vi_import_4__ = await import(&quot;@modelcontextprotocol/sdk/client/index.js&quot;);
  28 |  /**
 ❯ packageEntryFailure ../../node_modules/vite/dist/node/chunks/dep-Bsx9IwL8.js:12218:32
 ❯ resolvePackageEntry ../../node_modules/vite/dist/node/chunks/dep-Bsx9IwL8.js:12215:2
 ❯ tryNodeResolve ../../node_modules/vite/dist/node/chunks/dep-Bsx9IwL8.js:12116:17
 ❯ ResolveIdContext.resolveId ../../node_modules/vite/dist/node/chunks/dep-Bsx9IwL8.js:11955:15
 ❯ EnvironmentPluginContainer.resolveId ../../node_modules/vite/dist/node/chunks/dep-Bsx9IwL8.js:31194:56
 ❯ TransformPluginContext.resolve ../../node_modules/vite/dist/node/chunks/dep-Bsx9IwL8.js:31376:13
 ❯ normalizeUrl ../../node_modules/vite/dist/node/chunks/dep-Bsx9IwL8.js:29984:22
 ❯ ../../node_modules/vite/dist/node/chunks/dep-Bsx9IwL8.js:30050:32
            </failure>
        </testcase>
    </testsuite>
    <testsuite name="src/commands/mcp/remove.test.ts" timestamp="2025-10-08T23:26:46.201Z" hostname="uby" tests="1" failures="1" errors="0" skipped="0" time="0">
        <testcase classname="src/commands/mcp/remove.test.ts" name="src/commands/mcp/remove.test.ts" time="0">
            <failure message="[vitest] There was an error when mocking a module. If you are using &quot;vi.mock&quot; factory, make sure there are no top level variables inside, since this call is hoisted to top of the file. Read more: https://vitest.dev/api/vi.html#vi-mock" type="Error">
Error: [vitest] There was an error when mocking a module. If you are using &quot;vi.mock&quot; factory, make sure there are no top level variables inside, since this call is hoisted to top of the file. Read more: https://vitest.dev/api/vi.html#vi-mock
 ❯ src/commands/mcp/remove.test.ts:9:1

Caused by: Caused by: Error: Failed to resolve entry for package &quot;@qwen-code/qwen-code-core&quot;. The package may have incorrect main/module/exports specified in its package.json.
  Plugin: vite:import-analysis
  File: /home/atmandk/LowCal-dev/packages/cli/src/config/settings.ts:15:7
  12 |    getErrorMessage,
  13 |    Storage
  14 |  } from &quot;@qwen-code/qwen-code-core&quot;;
     |          ^
  15 |  import stripJsonComments from &quot;strip-json-comments&quot;;
  16 |  import { DefaultLight } from &quot;../ui/themes/default-light.js&quot;;
 ❯ packageEntryFailure ../../node_modules/vite/dist/node/chunks/dep-Bsx9IwL8.js:12218:32
 ❯ resolvePackageEntry ../../node_modules/vite/dist/node/chunks/dep-Bsx9IwL8.js:12215:2
 ❯ tryNodeResolve ../../node_modules/vite/dist/node/chunks/dep-Bsx9IwL8.js:12116:17
 ❯ ResolveIdContext.resolveId ../../node_modules/vite/dist/node/chunks/dep-Bsx9IwL8.js:11955:15
 ❯ EnvironmentPluginContainer.resolveId ../../node_modules/vite/dist/node/chunks/dep-Bsx9IwL8.js:31194:56
 ❯ TransformPluginContext.resolve ../../node_modules/vite/dist/node/chunks/dep-Bsx9IwL8.js:31376:13
 ❯ normalizeUrl ../../node_modules/vite/dist/node/chunks/dep-Bsx9IwL8.js:29984:22
 ❯ ../../node_modules/vite/dist/node/chunks/dep-Bsx9IwL8.js:30050:32
            </failure>
[...]
        </testcase>
        <testcase classname="src/ui/components/messages/DiffRenderer.test.tsx" name="&lt;OverflowProvider&gt;&lt;DiffRenderer /&gt;&lt;/OverflowProvider&gt; &gt; should correctly render a diff with multiple hunks and a gap indicator &gt; with terminalWidth 80 and height undefined" time="0.018444711">
        </testcase>
        <testcase classname="src/ui/components/messages/DiffRenderer.test.tsx" name="&lt;OverflowProvider&gt;&lt;DiffRenderer /&gt;&lt;/OverflowProvider&gt; &gt; should correctly render a diff with multiple hunks and a gap indicator &gt; with terminalWidth 80 and height 6" time="0.013825243">
        </testcase>
        <testcase classname="src/ui/components/messages/DiffRenderer.test.tsx" name="&lt;OverflowProvider&gt;&lt;DiffRenderer /&gt;&lt;/OverflowProvider&gt; &gt; should correctly render a diff with multiple hunks and a gap indicator &gt; with terminalWidth 30 and height 6" time="0.009939211">
        </testcase>
        <testcase classname="src/ui/components/messages/DiffRenderer.test.tsx" name="&lt;OverflowProvider&gt;&lt;DiffRenderer /&gt;&lt;/OverflowProvider&gt; &gt; should correctly render a diff with a SVN diff format" time="0.02169585">
        </testcase>
        <testcase classname="src/ui/components/messages/DiffRenderer.test.tsx" name="&lt;OverflowProvider&gt;&lt;DiffRenderer /&gt;&lt;/OverflowProvider&gt; &gt; should correctly render a new file with no file extension correctly" time="0.008877698">
        </testcase>
    </testsuite>
    <testsuite name="src/ui/components/messages/ToolConfirmationMessage.test.tsx" timestamp="2025-10-08T23:26:46.225Z" hostname="uby" tests="1" failures="1" errors="0" skipped="0" time="0">
        <testcase classname="src/ui/components/messages/ToolConfirmationMessage.test.tsx" name="src/ui/components/messages/ToolConfirmationMessage.test.tsx" time="0">
            <failure message="Failed to resolve entry for package &quot;@qwen-code/qwen-code-core&quot;. The package may have incorrect main/module/exports specified in its package.json." type="Error">
Error: Failed to resolve entry for package &quot;@qwen-code/qwen-code-core&quot;. The package may have incorrect main/module/exports specified in its package.json.
  Plugin: vite:import-analysis
  File: /home/atmandk/LowCal-dev/packages/cli/src/ui/components/messages/ToolConfirmationMessage.tsx:19:40
  10 |  import { RenderInline } from &quot;../../utils/InlineMarkdownRenderer.js&quot;;
  11 |  import { MarkdownDisplay } from &quot;../../utils/MarkdownDisplay.js&quot;;
  12 |  import { ToolConfirmationOutcome } from &quot;@qwen-code/qwen-code-core&quot;;
     |                                           ^
  13 |  import { RadioButtonSelect } from &quot;../shared/RadioButtonSelect.js&quot;;
  14 |  import { MaxSizedBox } from &quot;../shared/MaxSizedBox.js&quot;;
 ❯ packageEntryFailure ../../node_modules/vite/dist/node/chunks/dep-Bsx9IwL8.js:12218:32
 ❯ resolvePackageEntry ../../node_modules/vite/dist/node/chunks/dep-Bsx9IwL8.js:12215:2
 ❯ tryNodeResolve ../../node_modules/vite/dist/node/chunks/dep-Bsx9IwL8.js:12116:17
 ❯ ResolveIdContext.resolveId ../../node_modules/vite/dist/node/chunks/dep-Bsx9IwL8.js:11955:15
 ❯ EnvironmentPluginContainer.resolveId ../../node_modules/vite/dist/node/chunks/dep-Bsx9IwL8.js:31194:56
 ❯ TransformPluginContext.resolve ../../node_modules/vite/dist/node/chunks/dep-Bsx9IwL8.js:31376:13
 ❯ normalizeUrl ../../node_modules/vite/dist/node/chunks/dep-Bsx9IwL8.js:29984:22
 ❯ ../../node_modules/vite/dist/node/chunks/dep-Bsx9IwL8.js:30050:32
            </failure>
        </testcase>
    </testsuite>
    <testsuite name="src/ui/components/messages/ToolGroupMessage.test.tsx" timestamp="2025-10-08T23:26:46.225Z" hostname="uby" tests="14" failures="0" errors="0" skipped="0" time="0.148313537">
        <testcase classname="src/ui/components/messages/ToolGroupMessage.test.tsx" name="&lt;ToolGroupMessage /&gt; &gt; Golden Snapshots &gt; renders single successful tool call" time="0.038839797">
        </testcase>
        <testcase classname="src/ui/components/messages/ToolGroupMessage.test.tsx" name="&lt;ToolGroupMessage /&gt; &gt; Golden Snapshots &gt; renders multiple tool calls with different statuses" time="0.009106671">
        </testcase>
        <testcase classname="src/ui/components/messages/ToolGroupMessage.test.tsx" name="&lt;ToolGroupMessage /&gt; &gt; Golden Snapshots &gt; renders tool call awaiting confirmation" time="0.01255779">
        </testcase>
        <testcase classname="src/ui/components/messages/ToolGroupMessage.test.tsx" name="&lt;ToolGroupMessage /&gt; &gt; Golden Snapshots &gt; renders shell command with yellow border" time="0.005774412">
        </testcase>
        <testcase classname="src/ui/components/messages/ToolGroupMessage.test.tsx" name="&lt;ToolGroupMessage /&gt; &gt; Golden Snapshots &gt; renders mixed tool calls including shell command" time="0.007674434">
        </testcase>
        <testcase classname="src/ui/components/messages/ToolGroupMessage.test.tsx" name="&lt;ToolGroupMessage /&gt; &gt; Golden Snapshots &gt; renders with limited terminal height" time="0.006050493">
        </testcase>
        <testcase classname="src/ui/components/messages/ToolGroupMessage.test.tsx" name="&lt;ToolGroupMessage /&gt; &gt; Golden Snapshots &gt; renders when not focused" time="0.006693973">
        </testcase>
        <testcase classname="src/ui/components/messages/ToolGroupMessage.test.tsx" name="&lt;ToolGroupMessage /&gt; &gt; Golden Snapshots &gt; renders with narrow terminal width" time="0.020019682">
        </testcase>
        <testcase classname="src/ui/components/messages/ToolGroupMessage.test.tsx" name="&lt;ToolGroupMessage /&gt; &gt; Golden Snapshots &gt; renders empty tool calls array" time="0.005180255">
        </testcase>
        <testcase classname="src/ui/components/messages/ToolGroupMessage.test.tsx" name="&lt;ToolGroupMessage /&gt; &gt; Border Color Logic &gt; uses yellow border when tools are pending" time="0.003651158">
        </testcase>
        <testcase classname="src/ui/components/messages/ToolGroupMessage.test.tsx" name="&lt;ToolGroupMessage /&gt; &gt; Border Color Logic &gt; uses yellow border for shell commands even when successful" time="0.0073039">
        </testcase>
        <testcase classname="src/ui/components/messages/ToolGroupMessage.test.tsx" name="&lt;ToolGroupMessage /&gt; &gt; Border Color Logic &gt; uses gray border when all tools are successful and no shell commands" time="0.010646668">
        </testcase>
        <testcase classname="src/ui/components/messages/ToolGroupMessage.test.tsx" name="&lt;ToolGroupMessage /&gt; &gt; Height Calculation &gt; calculates available height correctly with multiple tools with results" time="0.006478574">
        </testcase>
        <testcase classname="src/ui/components/messages/ToolGroupMessage.test.tsx" name="&lt;ToolGroupMessage /&gt; &gt; Confirmation Handling &gt; shows confirmation dialog for first confirming tool only" time="0.005781025">
        </testcase>
    </testsuite>
    <testsuite name="src/ui/components/messages/ToolMessage.test.tsx" timestamp="2025-10-08T23:26:46.226Z" hostname="uby" tests="12" failures="0" errors="0" skipped="0" time="0.071230715">
        <testcase classname="src/ui/components/messages/ToolMessage.test.tsx" name="&lt;ToolMessage /&gt; &gt; renders basic tool information" time="0.023780032">
        </testcase>
        <testcase classname="src/ui/components/messages/ToolMessage.test.tsx" name="&lt;ToolMessage /&gt; &gt; ToolStatusIndicator rendering &gt; shows ✓ for Success status" time="0.005133679">
        </testcase>
        <testcase classname="src/ui/components/messages/ToolMessage.test.tsx" name="&lt;ToolMessage /&gt; &gt; ToolStatusIndicator rendering &gt; shows o for Pending status" time="0.003750512">
        </testcase>
        <testcase classname="src/ui/components/messages/ToolMessage.test.tsx" name="&lt;ToolMessage /&gt; &gt; ToolStatusIndicator rendering &gt; shows ? for Confirming status" time="0.004395594">
        </testcase>
        <testcase classname="src/ui/components/messages/ToolMessage.test.tsx" name="&lt;ToolMessage /&gt; &gt; ToolStatusIndicator rendering &gt; shows - for Canceled status" time="0.003252622">
        </testcase>
        <testcase classname="src/ui/components/messages/ToolMessage.test.tsx" name="&lt;ToolMessage /&gt; &gt; ToolStatusIndicator rendering &gt; shows x for Error status" time="0.002565823">
        </testcase>
        <testcase classname="src/ui/components/messages/ToolMessage.test.tsx" name="&lt;ToolMessage /&gt; &gt; ToolStatusIndicator rendering &gt; shows paused spinner for Executing status when streamingState is Idle" time="0.002172385">
        </testcase>
        <testcase classname="src/ui/components/messages/ToolMessage.test.tsx" name="&lt;ToolMessage /&gt; &gt; ToolStatusIndicator rendering &gt; shows paused spinner for Executing status when streamingState is WaitingForConfirmation" time="0.002297377">
        </testcase>
        <testcase classname="src/ui/components/messages/ToolMessage.test.tsx" name="&lt;ToolMessage /&gt; &gt; ToolStatusIndicator rendering &gt; shows MockRespondingSpinner for Executing status when streamingState is Responding" time="0.005601323">
        </testcase>
        <testcase classname="src/ui/components/messages/ToolMessage.test.tsx" name="&lt;ToolMessage /&gt; &gt; renders DiffRenderer for diff results" time="0.005165969">
        </testcase>
        <testcase classname="src/ui/components/messages/ToolMessage.test.tsx" name="&lt;ToolMessage /&gt; &gt; renders emphasis correctly" time="0.007371695">
        </testcase>
        <testcase classname="src/ui/components/messages/ToolMessage.test.tsx" name="&lt;ToolMessage /&gt; &gt; shows subagent execution display for task tool with proper result display" time="0.003431543">
        </testcase>
    </testsuite>
    <testsuite name="src/ui/components/shared/MaxSizedBox.test.tsx" timestamp="2025-10-08T23:26:46.226Z" hostname="uby" tests="21" failures="0" errors="0" skipped="0" time="0.112333796">
        <testcase classname="src/ui/components/shared/MaxSizedBox.test.tsx" name="&lt;MaxSizedBox /&gt; &gt; renders children without truncation when they fit" time="0.027618908">
        </testcase>
        <testcase classname="src/ui/components/shared/MaxSizedBox.test.tsx" name="&lt;MaxSizedBox /&gt; &gt; hides lines when content exceeds maxHeight" time="0.005966288">
        </testcase>
        <testcase classname="src/ui/components/shared/MaxSizedBox.test.tsx" name="&lt;MaxSizedBox /&gt; &gt; hides lines at the end when content exceeds maxHeight and overflowDirection is bottom" time="0.002146408">
        </testcase>
        <testcase classname="src/ui/components/shared/MaxSizedBox.test.tsx" name="&lt;MaxSizedBox /&gt; &gt; wraps text that exceeds maxWidth" time="0.004150151">
        </testcase>
        <testcase classname="src/ui/components/shared/MaxSizedBox.test.tsx" name="&lt;MaxSizedBox /&gt; &gt; handles mixed wrapping and non-wrapping segments" time="0.017225658">
        </testcase>
        <testcase classname="src/ui/components/shared/MaxSizedBox.test.tsx" name="&lt;MaxSizedBox /&gt; &gt; handles words longer than maxWidth by splitting them" time="0.004989532">
        </testcase>
        <testcase classname="src/ui/components/shared/MaxSizedBox.test.tsx" name="&lt;MaxSizedBox /&gt; &gt; does not truncate when maxHeight is undefined" time="0.002044399">
        </testcase>
        <testcase classname="src/ui/components/shared/MaxSizedBox.test.tsx" name="&lt;MaxSizedBox /&gt; &gt; shows plural &quot;lines&quot; when more than one line is hidden" time="0.002016898">
        </testcase>
        <testcase classname="src/ui/components/shared/MaxSizedBox.test.tsx" name="&lt;MaxSizedBox /&gt; &gt; shows plural &quot;lines&quot; when more than one line is hidden and overflowDirection is bottom" time="0.00196378">
        </testcase>
        <testcase classname="src/ui/components/shared/MaxSizedBox.test.tsx" name="&lt;MaxSizedBox /&gt; &gt; renders an empty box for empty children" time="0.000810017">
        </testcase>
        <testcase classname="src/ui/components/shared/MaxSizedBox.test.tsx" name="&lt;MaxSizedBox /&gt; &gt; wraps text with multi-byte unicode characters correctly" time="0.00160115">
        </testcase>
        <testcase classname="src/ui/components/shared/MaxSizedBox.test.tsx" name="&lt;MaxSizedBox /&gt; &gt; wraps text with multi-byte emoji characters correctly" time="0.001621607">
        </testcase>
        <testcase classname="src/ui/components/shared/MaxSizedBox.test.tsx" name="&lt;MaxSizedBox /&gt; &gt; falls back to an ellipsis when width is extremely small" time="0.001445872">
        </testcase>
        <testcase classname="src/ui/components/shared/MaxSizedBox.test.tsx" name="&lt;MaxSizedBox /&gt; &gt; truncates long non-wrapping text with ellipsis" time="0.001421818">
        </testcase>
        <testcase classname="src/ui/components/shared/MaxSizedBox.test.tsx" name="&lt;MaxSizedBox /&gt; &gt; truncates non-wrapping text containing line breaks" time="0.002330227">
        </testcase>
        <testcase classname="src/ui/components/shared/MaxSizedBox.test.tsx" name="&lt;MaxSizedBox /&gt; &gt; truncates emoji characters correctly with ellipsis" time="0.002387172">
        </testcase>
        <testcase classname="src/ui/components/shared/MaxSizedBox.test.tsx" name="&lt;MaxSizedBox /&gt; &gt; shows ellipsis for multiple rows with long non-wrapping text" time="0.003126399">
        </testcase>
        <testcase classname="src/ui/components/shared/MaxSizedBox.test.tsx" name="&lt;MaxSizedBox /&gt; &gt; accounts for additionalHiddenLinesCount" time="0.002797821">
        </testcase>
        <testcase classname="src/ui/components/shared/MaxSizedBox.test.tsx" name="&lt;MaxSizedBox /&gt; &gt; handles React.Fragment as a child" time="0.004020791">
        </testcase>
        <testcase classname="src/ui/components/shared/MaxSizedBox.test.tsx" name="&lt;MaxSizedBox /&gt; &gt; clips a long single text child from the top" time="0.011968892">
        </testcase>
        <testcase classname="src/ui/components/shared/MaxSizedBox.test.tsx" name="&lt;MaxSizedBox /&gt; &gt; clips a long single text child from the bottom" time="0.006918928">
        </testcase>
    </testsuite>
    <testsuite name="src/ui/components/shared/RadioButtonSelect.test.tsx" timestamp="2025-10-08T23:26:46.227Z" hostname="uby" tests="1" failures="1" errors="0" skipped="0" time="0">
        <testcase classname="src/ui/components/shared/RadioButtonSelect.test.tsx" name="src/ui/components/shared/RadioButtonSelect.test.tsx" time="0">
            <failure message="Failed to resolve entry for package &quot;@qwen-code/qwen-code-core&quot;. The package may have incorrect main/module/exports specified in its package.json." type="Error">
Error: Failed to resolve entry for package &quot;@qwen-code/qwen-code-core&quot;. The package may have incorrect main/module/exports specified in its package.json.
  Plugin: vite:import-analysis
  File: /home/atmandk/LowCal-dev/packages/cli/src/ui/contexts/KeypressContext.tsx:11:7
  8  |    KittySequenceOverflowEvent,
  9  |    logKittySequenceOverflow
  10 |  } from &quot;@qwen-code/qwen-code-core&quot;;
     |          ^
  11 |  import { useStdin } from &quot;ink&quot;;
  12 |  import {
 ❯ packageEntryFailure ../../node_modules/vite/dist/node/chunks/dep-Bsx9IwL8.js:12218:32
 ❯ resolvePackageEntry ../../node_modules/vite/dist/node/chunks/dep-Bsx9IwL8.js:12215:2
 ❯ tryNodeResolve ../../node_modules/vite/dist/node/chunks/dep-Bsx9IwL8.js:12116:17
 ❯ ResolveIdContext.resolveId ../../node_modules/vite/dist/node/chunks/dep-Bsx9IwL8.js:11955:15
 ❯ EnvironmentPluginContainer.resolveId ../../node_modules/vite/dist/node/chunks/dep-Bsx9IwL8.js:31194:56
 ❯ TransformPluginContext.resolve ../../node_modules/vite/dist/node/chunks/dep-Bsx9IwL8.js:31376:13
 ❯ normalizeUrl ../../node_modules/vite/dist/node/chunks/dep-Bsx9IwL8.js:29984:22
 ❯ ../../node_modules/vite/dist/node/chunks/dep-Bsx9IwL8.js:30050:32
            </failure>
        </testcase>
    </testsuite>
    <testsuite name="src/ui/components/shared/text-buffer.test.ts" timestamp="2025-10-08T23:26:46.227Z" hostname="uby" tests="1" failures="1" errors="0" skipped="0" time="0">
        <testcase classname="src/ui/components/shared/text-buffer.test.ts" name="src/ui/components/shared/text-buffer.test.ts" time="0">
            <failure message="Failed to resolve entry for package &quot;@qwen-code/qwen-code-core&quot;. The package may have incorrect main/module/exports specified in its package.json." type="Error">
Error: Failed to resolve entry for package &quot;@qwen-code/qwen-code-core&quot;. The package may have incorrect main/module/exports specified in its package.json.
  Plugin: vite:import-analysis
  File: /home/atmandk/LowCal-dev/packages/cli/src/ui/components/shared/text-buffer.ts:13:29
  10 |  import { useState, useCallback, useEffect, useMemo, useReducer } from &quot;react&quot;;
  11 |  import stringWidth from &quot;string-width&quot;;
  12 |  import { unescapePath } from &quot;@qwen-code/qwen-code-core&quot;;
     |                                ^
  13 |  import {
  14 |    toCodePoints,
 ❯ packageEntryFailure ../../node_modules/vite/dist/node/chunks/dep-Bsx9IwL8.js:12218:32
 ❯ resolvePackageEntry ../../node_modules/vite/dist/node/chunks/dep-Bsx9IwL8.js:12215:2
 ❯ tryNodeResolve ../../node_modules/vite/dist/node/chunks/dep-Bsx9IwL8.js:12116:17
 ❯ ResolveIdContext.resolveId ../../node_modules/vite/dist/node/chunks/dep-Bsx9IwL8.js:11955:15
 ❯ EnvironmentPluginContainer.resolveId ../../node_modules/vite/dist/node/chunks/dep-Bsx9IwL8.js:31194:56
 ❯ TransformPluginContext.resolve ../../node_modules/vite/dist/node/chunks/dep-Bsx9IwL8.js:31376:13
 ❯ normalizeUrl ../../node_modules/vite/dist/node/chunks/dep-Bsx9IwL8.js:29984:22
 ❯ ../../node_modules/vite/dist/node/chunks/dep-Bsx9IwL8.js:30050:32
            </failure>
        </testcase>
    </testsuite>
    <testsuite name="src/ui/components/shared/vim-buffer-actions.test.ts" timestamp="2025-10-08T23:26:46.227Z" hostname="uby" tests="1" failures="1" errors="0" skipped="0" time="0">
        <testcase classname="src/ui/components/shared/vim-buffer-actions.test.ts" name="src/ui/components/shared/vim-buffer-actions.test.ts" time="0">
            <failure message="Failed to resolve entry for package &quot;@qwen-code/qwen-code-core&quot;. The package may have incorrect main/module/exports specified in its package.json." type="Error">
Error: Failed to resolve entry for package &quot;@qwen-code/qwen-code-core&quot;. The package may have incorrect main/module/exports specified in its package.json.
  Plugin: vite:import-analysis
  File: /home/atmandk/LowCal-dev/packages/cli/src/ui/components/shared/text-buffer.ts:13:29
  10 |  import { useState, useCallback, useEffect, useMemo, useReducer } from &quot;react&quot;;
  11 |  import stringWidth from &quot;string-width&quot;;
  12 |  import { unescapePath } from &quot;@qwen-code/qwen-code-core&quot;;
     |                                ^
  13 |  import {
  14 |    toCodePoints,
 ❯ packageEntryFailure ../../node_modules/vite/dist/node/chunks/dep-Bsx9IwL8.js:12218:32
 ❯ resolvePackageEntry ../../node_modules/vite/dist/node/chunks/dep-Bsx9IwL8.js:12215:2
 ❯ tryNodeResolve ../../node_modules/vite/dist/node/chunks/dep-Bsx9IwL8.js:12116:17
 ❯ ResolveIdContext.resolveId ../../node_modules/vite/dist/node/chunks/dep-Bsx9IwL8.js:11955:15
 ❯ EnvironmentPluginContainer.resolveId ../../node_modules/vite/dist/node/chunks/dep-Bsx9IwL8.js:31194:56
 ❯ TransformPluginContext.resolve ../../node_modules/vite/dist/node/chunks/dep-Bsx9IwL8.js:31376:13
 ❯ normalizeUrl ../../node_modules/vite/dist/node/chunks/dep-Bsx9IwL8.js:29984:22
 ❯ ../../node_modules/vite/dist/node/chunks/dep-Bsx9IwL8.js:30050:32
            </failure>
        </testcase>
    </testsuite>
</testsuites>
