<?xml version="1.0" encoding="UTF-8" ?>
<testsuites name="vitest tests" tests="2" failures="0" errors="0" time="0.001460191">
    <testsuite name="src/ui/commands/promptCommand.test.ts" timestamp="2025-10-22T10:18:24.211Z" hostname="uby" tests="2" failures="0" errors="0" skipped="0" time="0.001460191">
        <testcase classname="src/ui/commands/promptCommand.test.ts" name="promptCommand &gt; should have the correct name and description" time="0.000712428">
        </testcase>
        <testcase classname="src/ui/commands/promptCommand.test.ts" name="promptCommand &gt; should have an action function" time="0.000092221">
        </testcase>
    </testsuite>
</testsuites>
