<?xml version="1.0" encoding="UTF-8" ?>
<testsuites name="vitest tests" tests="646" failures="79" errors="0" time="2.418012065">
    <testsuite name="src/gemini.test.tsx" timestamp="2025-10-09T15:50:07.818Z" hostname="uby" tests="1" failures="1" errors="0" skipped="0" time="0">
        <testcase classname="src/gemini.test.tsx" name="src/gemini.test.tsx" time="0">
            <failure message="Failed to resolve entry for package &quot;@qwen-code/qwen-code-core&quot;. The package may have incorrect main/module/exports specified in its package.json." type="Error">
Error: Failed to resolve entry for package &quot;@qwen-code/qwen-code-core&quot;. The package may have incorrect main/module/exports specified in its package.json.
  Plugin: vite:import-analysis
  File: /home/atmandk/LowCal-dev/packages/cli/src/gemini.test.tsx:18:0
  62 |  const __vi_import_1__ = await import(&quot;./config/settings.js&quot;);
  63 |  const __vi_import_2__ = await import(&quot;./utils/events.js&quot;);
  64 |  const __vi_import_3__ = await import(&quot;@qwen-code/qwen-code-core&quot;);
     |                                       ^
  65 |  /**
  66 |   * @license
 ❯ packageEntryFailure ../../node_modules/vite/dist/node/chunks/dep-Bsx9IwL8.js:12218:32
 ❯ resolvePackageEntry ../../node_modules/vite/dist/node/chunks/dep-Bsx9IwL8.js:12215:2
 ❯ tryNodeResolve ../../node_modules/vite/dist/node/chunks/dep-Bsx9IwL8.js:12116:17
 ❯ ResolveIdContext.resolveId ../../node_modules/vite/dist/node/chunks/dep-Bsx9IwL8.js:11955:15
 ❯ EnvironmentPluginContainer.resolveId ../../node_modules/vite/dist/node/chunks/dep-Bsx9IwL8.js:31194:56
 ❯ TransformPluginContext.resolve ../../node_modules/vite/dist/node/chunks/dep-Bsx9IwL8.js:31376:13
 ❯ normalizeUrl ../../node_modules/vite/dist/node/chunks/dep-Bsx9IwL8.js:29984:22
 ❯ ../../node_modules/vite/dist/node/chunks/dep-Bsx9IwL8.js:30050:32
            </failure>
        </testcase>
    </testsuite>
    <testsuite name="src/nonInteractiveCli.test.ts" timestamp="2025-10-09T15:50:07.821Z" hostname="uby" tests="1" failures="1" errors="0" skipped="0" time="0">
        <testcase classname="src/nonInteractiveCli.test.ts" name="src/nonInteractiveCli.test.ts" time="0">
            <failure message="Failed to resolve entry for package &quot;@qwen-code/qwen-code-core&quot;. The package may have incorrect main/module/exports specified in its package.json." type="Error">
Error: Failed to resolve entry for package &quot;@qwen-code/qwen-code-core&quot;. The package may have incorrect main/module/exports specified in its package.json.
  Plugin: vite:import-analysis
  File: /home/atmandk/LowCal-dev/packages/cli/src/nonInteractiveCli.test.ts:7:0
  9  |    };
  10 |  });
  11 |  const __vi_import_0__ = await import(&quot;@qwen-code/qwen-code-core&quot;);
     |                                       ^
  12 |  const __vi_import_1__ = await import(&quot;@google/genai&quot;);
  13 |  const __vi_import_2__ = await import(&quot;./nonInteractiveCli.js&quot;);
 ❯ packageEntryFailure ../../node_modules/vite/dist/node/chunks/dep-Bsx9IwL8.js:12218:32
 ❯ resolvePackageEntry ../../node_modules/vite/dist/node/chunks/dep-Bsx9IwL8.js:12215:2
 ❯ tryNodeResolve ../../node_modules/vite/dist/node/chunks/dep-Bsx9IwL8.js:12116:17
 ❯ ResolveIdContext.resolveId ../../node_modules/vite/dist/node/chunks/dep-Bsx9IwL8.js:11955:15
 ❯ EnvironmentPluginContainer.resolveId ../../node_modules/vite/dist/node/chunks/dep-Bsx9IwL8.js:31194:56
 ❯ TransformPluginContext.resolve ../../node_modules/vite/dist/node/chunks/dep-Bsx9IwL8.js:31376:13
 ❯ normalizeUrl ../../node_modules/vite/dist/node/chunks/dep-Bsx9IwL8.js:29984:22
 ❯ ../../node_modules/vite/dist/node/chunks/dep-Bsx9IwL8.js:30050:32
            </failure>
        </testcase>
    </testsuite>
    <testsuite name="src/validateNonInterActiveAuth.test.ts" timestamp="2025-10-09T15:50:07.821Z" hostname="uby" tests="1" failures="1" errors="0" skipped="0" time="0">
        <testcase classname="src/validateNonInterActiveAuth.test.ts" name="src/validateNonInterActiveAuth.test.ts" time="0">
            <failure message="Failed to resolve entry for package &quot;@qwen-code/qwen-code-core&quot;. The package may have incorrect main/module/exports specified in its package.json." type="Error">
Error: Failed to resolve entry for package &quot;@qwen-code/qwen-code-core&quot;. The package may have incorrect main/module/exports specified in its package.json.
  Plugin: vite:import-analysis
  File: /home/atmandk/LowCal-dev/packages/cli/src/validateNonInterActiveAuth.test.ts:18:25
  13 |  } from &quot;vitest&quot;;
  14 |  import { validateNonInteractiveAuth } from &quot;./validateNonInterActiveAuth.js&quot;;
  15 |  import { AuthType } from &quot;@qwen-code/qwen-code-core&quot;;
     |                            ^
  16 |  import * as auth from &quot;./config/auth.js&quot;;
  17 |  describe(&quot;validateNonInterActiveAuth&quot;, () =&gt; {
 ❯ packageEntryFailure ../../node_modules/vite/dist/node/chunks/dep-Bsx9IwL8.js:12218:32
 ❯ resolvePackageEntry ../../node_modules/vite/dist/node/chunks/dep-Bsx9IwL8.js:12215:2
 ❯ tryNodeResolve ../../node_modules/vite/dist/node/chunks/dep-Bsx9IwL8.js:12116:17
 ❯ ResolveIdContext.resolveId ../../node_modules/vite/dist/node/chunks/dep-Bsx9IwL8.js:11955:15
 ❯ EnvironmentPluginContainer.resolveId ../../node_modules/vite/dist/node/chunks/dep-Bsx9IwL8.js:31194:56
 ❯ TransformPluginContext.resolve ../../node_modules/vite/dist/node/chunks/dep-Bsx9IwL8.js:31376:13
 ❯ normalizeUrl ../../node_modules/vite/dist/node/chunks/dep-Bsx9IwL8.js:29984:22
 ❯ ../../node_modules/vite/dist/node/chunks/dep-Bsx9IwL8.js:30050:32
            </failure>
        </testcase>
    </testsuite>
    <testsuite name="src/commands/mcp.test.ts" timestamp="2025-10-09T15:50:07.822Z" hostname="uby" tests="1" failures="1" errors="0" skipped="0" time="0">
        <testcase classname="src/commands/mcp.test.ts" name="src/commands/mcp.test.ts" time="0">
            <failure message="Failed to resolve entry for package &quot;@qwen-code/qwen-code-core&quot;. The package may have incorrect main/module/exports specified in its package.json." type="Error">
Error: Failed to resolve entry for package &quot;@qwen-code/qwen-code-core&quot;. The package may have incorrect main/module/exports specified in its package.json.
  Plugin: vite:import-analysis
  File: /home/atmandk/LowCal-dev/packages/cli/src/config/settings.ts:15:7
  12 |    getErrorMessage,
  13 |    Storage
  14 |  } from &quot;@qwen-code/qwen-code-core&quot;;
     |          ^
  15 |  import stripJsonComments from &quot;strip-json-comments&quot;;
  16 |  import { DefaultLight } from &quot;../ui/themes/default-light.js&quot;;
 ❯ packageEntryFailure ../../node_modules/vite/dist/node/chunks/dep-Bsx9IwL8.js:12218:32
 ❯ resolvePackageEntry ../../node_modules/vite/dist/node/chunks/dep-Bsx9IwL8.js:12215:2
 ❯ tryNodeResolve ../../node_modules/vite/dist/node/chunks/dep-Bsx9IwL8.js:12116:17
 ❯ ResolveIdContext.resolveId ../../node_modules/vite/dist/node/chunks/dep-Bsx9IwL8.js:11955:15
 ❯ EnvironmentPluginContainer.resolveId ../../node_modules/vite/dist/node/chunks/dep-Bsx9IwL8.js:31194:56
 ❯ TransformPluginContext.resolve ../../node_modules/vite/dist/node/chunks/dep-Bsx9IwL8.js:31376:13
 ❯ normalizeUrl ../../node_modules/vite/dist/node/chunks/dep-Bsx9IwL8.js:29984:22
 ❯ ../../node_modules/vite/dist/node/chunks/dep-Bsx9IwL8.js:30050:32
            </failure>
        </testcase>
    </testsuite>
    <testsuite name="src/config/auth.test.ts" timestamp="2025-10-09T15:50:07.823Z" hostname="uby" tests="1" failures="1" errors="0" skipped="0" time="0">
        <testcase classname="src/config/auth.test.ts" name="src/config/auth.test.ts" time="0">
            <failure message="Failed to resolve entry for package &quot;@qwen-code/qwen-code-core&quot;. The package may have incorrect main/module/exports specified in its package.json." type="Error">
Error: Failed to resolve entry for package &quot;@qwen-code/qwen-code-core&quot;. The package may have incorrect main/module/exports specified in its package.json.
  Plugin: vite:import-analysis
  File: /home/atmandk/LowCal-dev/packages/cli/src/config/auth.test.ts:7:0
  2  |    loadEnvironment: vi.fn()
  3  |  }));
  4  |  const __vi_import_0__ = await import(&quot;@qwen-code/qwen-code-core&quot;);
     |                                       ^
  5  |  const __vi_import_1__ = await import(&quot;./auth.js&quot;);
  6  |  /**
 ❯ packageEntryFailure ../../node_modules/vite/dist/node/chunks/dep-Bsx9IwL8.js:12218:32
 ❯ resolvePackageEntry ../../node_modules/vite/dist/node/chunks/dep-Bsx9IwL8.js:12215:2
 ❯ tryNodeResolve ../../node_modules/vite/dist/node/chunks/dep-Bsx9IwL8.js:12116:17
 ❯ ResolveIdContext.resolveId ../../node_modules/vite/dist/node/chunks/dep-Bsx9IwL8.js:11955:15
 ❯ EnvironmentPluginContainer.resolveId ../../node_modules/vite/dist/node/chunks/dep-Bsx9IwL8.js:31194:56
 ❯ TransformPluginContext.resolve ../../node_modules/vite/dist/node/chunks/dep-Bsx9IwL8.js:31376:13
 ❯ normalizeUrl ../../node_modules/vite/dist/node/chunks/dep-Bsx9IwL8.js:29984:22
 ❯ ../../node_modules/vite/dist/node/chunks/dep-Bsx9IwL8.js:30050:32
            </failure>
        </testcase>
    </testsuite>
    <testsuite name="src/config/config.integration.test.ts" timestamp="2025-10-09T15:50:07.823Z" hostname="uby" tests="1" failures="1" errors="0" skipped="0" time="0">
        <testcase classname="src/config/config.integration.test.ts" name="src/config/config.integration.test.ts" time="0">
            <failure message="Failed to resolve entry for package &quot;@qwen-code/qwen-code-core&quot;. The package may have incorrect main/module/exports specified in its package.json." type="Error">
Error: Failed to resolve entry for package &quot;@qwen-code/qwen-code-core&quot;. The package may have incorrect main/module/exports specified in its package.json.
  Plugin: vite:import-analysis
  File: /home/atmandk/LowCal-dev/packages/cli/src/config/config.integration.test.ts:15:0
  12 |  const __vi_import_1__ = await import(&quot;node:path&quot;);
  13 |  const __vi_import_2__ = await import(&quot;node:os&quot;);
  14 |  const __vi_import_3__ = await import(&quot;@qwen-code/qwen-code-core&quot;);
     |                                       ^
  15 |  const __vi_import_4__ = await import(&quot;msw&quot;);
  16 |  const __vi_import_5__ = await import(&quot;msw/node&quot;);
 ❯ packageEntryFailure ../../node_modules/vite/dist/node/chunks/dep-Bsx9IwL8.js:12218:32
 ❯ resolvePackageEntry ../../node_modules/vite/dist/node/chunks/dep-Bsx9IwL8.js:12215:2
 ❯ tryNodeResolve ../../node_modules/vite/dist/node/chunks/dep-Bsx9IwL8.js:12116:17
 ❯ ResolveIdContext.resolveId ../../node_modules/vite/dist/node/chunks/dep-Bsx9IwL8.js:11955:15
 ❯ EnvironmentPluginContainer.resolveId ../../node_modules/vite/dist/node/chunks/dep-Bsx9IwL8.js:31194:56
 ❯ TransformPluginContext.resolve ../../node_modules/vite/dist/node/chunks/dep-Bsx9IwL8.js:31376:13
 ❯ normalizeUrl ../../node_modules/vite/dist/node/chunks/dep-Bsx9IwL8.js:29984:22
 ❯ ../../node_modules/vite/dist/node/chunks/dep-Bsx9IwL8.js:30050:32
            </failure>
        </testcase>
    </testsuite>
    <testsuite name="src/config/config.test.ts" timestamp="2025-10-09T15:50:07.824Z" hostname="uby" tests="1" failures="1" errors="0" skipped="0" time="0">
        <testcase classname="src/config/config.test.ts" name="src/config/config.test.ts" time="0">
            <failure message="Failed to resolve entry for package &quot;@qwen-code/qwen-code-core&quot;. The package may have incorrect main/module/exports specified in its package.json." type="Error">
Error: Failed to resolve entry for package &quot;@qwen-code/qwen-code-core&quot;. The package may have incorrect main/module/exports specified in its package.json.
  Plugin: vite:import-analysis
  File: /home/atmandk/LowCal-dev/packages/cli/src/config/config.test.ts:18:0
  79 |  const __vi_import_0__ = await import(&quot;node:os&quot;);
  80 |  const __vi_import_1__ = await import(&quot;node:path&quot;);
  81 |  const __vi_import_2__ = await import(&quot;@qwen-code/qwen-code-core&quot;);
     |                                       ^
  82 |  const __vi_import_3__ = await import(&quot;./config.js&quot;);
  83 |  const __vi_import_4__ = await import(&quot;@qwen-code/qwen-code-core&quot;);
 ❯ packageEntryFailure ../../node_modules/vite/dist/node/chunks/dep-Bsx9IwL8.js:12218:32
 ❯ resolvePackageEntry ../../node_modules/vite/dist/node/chunks/dep-Bsx9IwL8.js:12215:2
 ❯ tryNodeResolve ../../node_modules/vite/dist/node/chunks/dep-Bsx9IwL8.js:12116:17
 ❯ ResolveIdContext.resolveId ../../node_modules/vite/dist/node/chunks/dep-Bsx9IwL8.js:11955:15
 ❯ EnvironmentPluginContainer.resolveId ../../node_modules/vite/dist/node/chunks/dep-Bsx9IwL8.js:31194:56
 ❯ TransformPluginContext.resolve ../../node_modules/vite/dist/node/chunks/dep-Bsx9IwL8.js:31376:13
 ❯ normalizeUrl ../../node_modules/vite/dist/node/chunks/dep-Bsx9IwL8.js:29984:22
 ❯ ../../node_modules/vite/dist/node/chunks/dep-Bsx9IwL8.js:30050:32
            </failure>
        </testcase>
    </testsuite>
    <testsuite name="src/config/extension.test.ts" timestamp="2025-10-09T15:50:07.824Z" hostname="uby" tests="1" failures="1" errors="0" skipped="0" time="0">
        <testcase classname="src/config/extension.test.ts" name="src/config/extension.test.ts" time="0">
            <failure message="Failed to resolve entry for package &quot;@qwen-code/qwen-code-core&quot;. The package may have incorrect main/module/exports specified in its package.json." type="Error">
Error: Failed to resolve entry for package &quot;@qwen-code/qwen-code-core&quot;. The package may have incorrect main/module/exports specified in its package.json.
  Plugin: vite:import-analysis
  File: /home/atmandk/LowCal-dev/packages/cli/src/config/extension.test.ts:24:0
  20 |  const __vi_import_2__ = await import(&quot;node:path&quot;);
  21 |  const __vi_import_3__ = await import(&quot;./extension.js&quot;);
  22 |  const __vi_import_4__ = await import(&quot;@qwen-code/qwen-code-core&quot;);
     |                                       ^
  23 |  const __vi_import_5__ = await import(&quot;node:child_process&quot;);
  24 |  const __vi_import_6__ = await import(&quot;./settings.js&quot;);
 ❯ packageEntryFailure ../../node_modules/vite/dist/node/chunks/dep-Bsx9IwL8.js:12218:32
 ❯ resolvePackageEntry ../../node_modules/vite/dist/node/chunks/dep-Bsx9IwL8.js:12215:2
 ❯ tryNodeResolve ../../node_modules/vite/dist/node/chunks/dep-Bsx9IwL8.js:12116:17
 ❯ ResolveIdContext.resolveId ../../node_modules/vite/dist/node/chunks/dep-Bsx9IwL8.js:11955:15
 ❯ EnvironmentPluginContainer.resolveId ../../node_modules/vite/dist/node/chunks/dep-Bsx9IwL8.js:31194:56
 ❯ TransformPluginContext.resolve ../../node_modules/vite/dist/node/chunks/dep-Bsx9IwL8.js:31376:13
 ❯ normalizeUrl ../../node_modules/vite/dist/node/chunks/dep-Bsx9IwL8.js:29984:22
 ❯ ../../node_modules/vite/dist/node/chunks/dep-Bsx9IwL8.js:30050:32
            </failure>
        </testcase>
    </testsuite>
    <testsuite name="src/config/keyBindings.test.ts" timestamp="2025-10-09T15:50:07.825Z" hostname="uby" tests="3" failures="0" errors="0" skipped="0" time="0.005680839">
        <testcase classname="src/config/keyBindings.test.ts" name="keyBindings config &gt; defaultKeyBindings &gt; should have bindings for all commands" time="0.002327272">
        </testcase>
        <testcase classname="src/config/keyBindings.test.ts" name="keyBindings config &gt; defaultKeyBindings &gt; should have valid key binding structures" time="0.001875807">
        </testcase>
        <testcase classname="src/config/keyBindings.test.ts" name="keyBindings config &gt; defaultKeyBindings &gt; should export all required types" time="0.000196153">
        </testcase>
    </testsuite>
    <testsuite name="src/config/settings.test.ts" timestamp="2025-10-09T15:50:07.825Z" hostname="uby" tests="1" failures="1" errors="0" skipped="0" time="0">
        <testcase classname="src/config/settings.test.ts" name="src/config/settings.test.ts" time="0">
            <failure message="[vitest] There was an error when mocking a module. If you are using &quot;vi.mock&quot; factory, make sure there are no top level variables inside, since this call is hoisted to top of the file. Read more: https://vitest.dev/api/vi.html#vi-mock" type="Error">
Error: [vitest] There was an error when mocking a module. If you are using &quot;vi.mock&quot; factory, make sure there are no top level variables inside, since this call is hoisted to top of the file. Read more: https://vitest.dev/api/vi.html#vi-mock
 ❯ src/config/settings.test.ts:53:1

Caused by: Caused by: Error: Failed to resolve entry for package &quot;@qwen-code/qwen-code-core&quot;. The package may have incorrect main/module/exports specified in its package.json.
  Plugin: vite:import-analysis
  File: /home/atmandk/LowCal-dev/packages/cli/src/config/settings.ts:15:7
  12 |    getErrorMessage,
  13 |    Storage
  14 |  } from &quot;@qwen-code/qwen-code-core&quot;;
     |          ^
  15 |  import stripJsonComments from &quot;strip-json-comments&quot;;
  16 |  import { DefaultLight } from &quot;../ui/themes/default-light.js&quot;;
 ❯ packageEntryFailure ../../node_modules/vite/dist/node/chunks/dep-Bsx9IwL8.js:12218:32
 ❯ resolvePackageEntry ../../node_modules/vite/dist/node/chunks/dep-Bsx9IwL8.js:12215:2
 ❯ tryNodeResolve ../../node_modules/vite/dist/node/chunks/dep-Bsx9IwL8.js:12116:17
 ❯ ResolveIdContext.resolveId ../../node_modules/vite/dist/node/chunks/dep-Bsx9IwL8.js:11955:15
 ❯ EnvironmentPluginContainer.resolveId ../../node_modules/vite/dist/node/chunks/dep-Bsx9IwL8.js:31194:56
 ❯ TransformPluginContext.resolve ../../node_modules/vite/dist/node/chunks/dep-Bsx9IwL8.js:31376:13
 ❯ normalizeUrl ../../node_modules/vite/dist/node/chunks/dep-Bsx9IwL8.js:29984:22
 ❯ ../../node_modules/vite/dist/node/chunks/dep-Bsx9IwL8.js:30050:32
            </failure>
        </testcase>
    </testsuite>
    <testsuite name="src/config/settingsSchema.test.ts" timestamp="2025-10-09T15:50:07.825Z" hostname="uby" tests="14" failures="0" errors="0" skipped="0" time="0.017202303">
        <testcase classname="src/config/settingsSchema.test.ts" name="SettingsSchema &gt; SETTINGS_SCHEMA &gt; should contain all expected top-level settings" time="0.002200647">
        </testcase>
        <testcase classname="src/config/settingsSchema.test.ts" name="SettingsSchema &gt; SETTINGS_SCHEMA &gt; should have correct structure for each setting" time="0.004808027">
        </testcase>
        <testcase classname="src/config/settingsSchema.test.ts" name="SettingsSchema &gt; SETTINGS_SCHEMA &gt; should have correct nested setting structure" time="0.000907017">
        </testcase>
        <testcase classname="src/config/settingsSchema.test.ts" name="SettingsSchema &gt; SETTINGS_SCHEMA &gt; should have accessibility nested properties" time="0.000219356">
        </testcase>
        <testcase classname="src/config/settingsSchema.test.ts" name="SettingsSchema &gt; SETTINGS_SCHEMA &gt; should have checkpointing nested properties" time="0.000098212">
        </testcase>
        <testcase classname="src/config/settingsSchema.test.ts" name="SettingsSchema &gt; SETTINGS_SCHEMA &gt; should have fileFiltering nested properties" time="0.00013487">
        </testcase>
        <testcase classname="src/config/settingsSchema.test.ts" name="SettingsSchema &gt; SETTINGS_SCHEMA &gt; should have unique categories" time="0.002211087">
        </testcase>
        <testcase classname="src/config/settingsSchema.test.ts" name="SettingsSchema &gt; SETTINGS_SCHEMA &gt; should have consistent default values for boolean settings" time="0.001525089">
        </testcase>
        <testcase classname="src/config/settingsSchema.test.ts" name="SettingsSchema &gt; SETTINGS_SCHEMA &gt; should have showInDialog property configured" time="0.000612071">
        </testcase>
        <testcase classname="src/config/settingsSchema.test.ts" name="SettingsSchema &gt; SETTINGS_SCHEMA &gt; should infer Settings type correctly" time="0.000805068">
        </testcase>
        <testcase classname="src/config/settingsSchema.test.ts" name="SettingsSchema &gt; SETTINGS_SCHEMA &gt; should have includeDirectories setting in schema" time="0.000157071">
        </testcase>
        <testcase classname="src/config/settingsSchema.test.ts" name="SettingsSchema &gt; SETTINGS_SCHEMA &gt; should have loadMemoryFromIncludeDirectories setting in schema" time="0.000099524">
        </testcase>
        <testcase classname="src/config/settingsSchema.test.ts" name="SettingsSchema &gt; SETTINGS_SCHEMA &gt; should have folderTrustFeature setting in schema" time="0.00010845">
        </testcase>
        <testcase classname="src/config/settingsSchema.test.ts" name="SettingsSchema &gt; SETTINGS_SCHEMA &gt; should have debugKeystrokeLogging setting in schema" time="0.000135761">
        </testcase>
    </testsuite>
    <testsuite name="src/config/trustedFolders.test.ts" timestamp="2025-10-09T15:50:07.826Z" hostname="uby" tests="1" failures="1" errors="0" skipped="0" time="0">
        <testcase classname="src/config/trustedFolders.test.ts" name="src/config/trustedFolders.test.ts" time="0">
            <failure message="Failed to resolve entry for package &quot;@qwen-code/qwen-code-core&quot;. The package may have incorrect main/module/exports specified in its package.json." type="Error">
Error: Failed to resolve entry for package &quot;@qwen-code/qwen-code-core&quot;. The package may have incorrect main/module/exports specified in its package.json.
  Plugin: vite:import-analysis
  File: /home/atmandk/LowCal-dev/packages/cli/src/config/trustedFolders.ts:10:46
  7  |  import * as path from &quot;node:path&quot;;
  8  |  import { homedir } from &quot;node:os&quot;;
  9  |  import { getErrorMessage, isWithinRoot } from &quot;@qwen-code/qwen-code-core&quot;;
     |                                                 ^
  10 |  import stripJsonComments from &quot;strip-json-comments&quot;;
  11 |  export const TRUSTED_FOLDERS_FILENAME = &quot;trustedFolders.json&quot;;
 ❯ packageEntryFailure ../../node_modules/vite/dist/node/chunks/dep-Bsx9IwL8.js:12218:32
 ❯ resolvePackageEntry ../../node_modules/vite/dist/node/chunks/dep-Bsx9IwL8.js:12215:2
 ❯ tryNodeResolve ../../node_modules/vite/dist/node/chunks/dep-Bsx9IwL8.js:12116:17
 ❯ ResolveIdContext.resolveId ../../node_modules/vite/dist/node/chunks/dep-Bsx9IwL8.js:11955:15
 ❯ EnvironmentPluginContainer.resolveId ../../node_modules/vite/dist/node/chunks/dep-Bsx9IwL8.js:31194:56
 ❯ TransformPluginContext.resolve ../../node_modules/vite/dist/node/chunks/dep-Bsx9IwL8.js:31376:13
 ❯ normalizeUrl ../../node_modules/vite/dist/node/chunks/dep-Bsx9IwL8.js:29984:22
 ❯ ../../node_modules/vite/dist/node/chunks/dep-Bsx9IwL8.js:30050:32
            </failure>
        </testcase>
    </testsuite>
    <testsuite name="src/services/BuiltinCommandLoader.test.ts" timestamp="2025-10-09T15:50:07.826Z" hostname="uby" tests="1" failures="1" errors="0" skipped="0" time="0">
        <testcase classname="src/services/BuiltinCommandLoader.test.ts" name="src/services/BuiltinCommandLoader.test.ts" time="0">
            <failure message="Failed to resolve entry for package &quot;@qwen-code/qwen-code-core&quot;. The package may have incorrect main/module/exports specified in its package.json." type="Error">
Error: Failed to resolve entry for package &quot;@qwen-code/qwen-code-core&quot;. The package may have incorrect main/module/exports specified in its package.json.
  Plugin: vite:import-analysis
  File: /home/atmandk/LowCal-dev/packages/cli/src/ui/commands/directoryCommand.tsx:12:45
  8  |  import * as os from &quot;node:os&quot;;
  9  |  import * as path from &quot;node:path&quot;;
  10 |  import { loadServerHierarchicalMemory } from &quot;@qwen-code/qwen-code-core&quot;;
     |                                                ^
  11 |  export function expandHomeDir(p) {
  12 |    if (!p) {
 ❯ packageEntryFailure ../../node_modules/vite/dist/node/chunks/dep-Bsx9IwL8.js:12218:32
 ❯ resolvePackageEntry ../../node_modules/vite/dist/node/chunks/dep-Bsx9IwL8.js:12215:2
 ❯ tryNodeResolve ../../node_modules/vite/dist/node/chunks/dep-Bsx9IwL8.js:12116:17
 ❯ ResolveIdContext.resolveId ../../node_modules/vite/dist/node/chunks/dep-Bsx9IwL8.js:11955:15
 ❯ EnvironmentPluginContainer.resolveId ../../node_modules/vite/dist/node/chunks/dep-Bsx9IwL8.js:31194:56
 ❯ TransformPluginContext.resolve ../../node_modules/vite/dist/node/chunks/dep-Bsx9IwL8.js:31376:13
 ❯ normalizeUrl ../../node_modules/vite/dist/node/chunks/dep-Bsx9IwL8.js:29984:22
 ❯ ../../node_modules/vite/dist/node/chunks/dep-Bsx9IwL8.js:30050:32
            </failure>
        </testcase>
    </testsuite>
    <testsuite name="src/services/CommandService.test.ts" timestamp="2025-10-09T15:50:07.827Z" hostname="uby" tests="11" failures="0" errors="0" skipped="0" time="0.019048887">
        <testcase classname="src/services/CommandService.test.ts" name="CommandService &gt; should load commands from a single loader" time="0.003524745">
        </testcase>
        <testcase classname="src/services/CommandService.test.ts" name="CommandService &gt; should aggregate commands from multiple loaders" time="0.000584941">
        </testcase>
        <testcase classname="src/services/CommandService.test.ts" name="CommandService &gt; should override commands from earlier loaders with those from later loaders" time="0.001248868">
        </testcase>
        <testcase classname="src/services/CommandService.test.ts" name="CommandService &gt; should handle loaders that return an empty array of commands gracefully" time="0.002484131">
        </testcase>
        <testcase classname="src/services/CommandService.test.ts" name="CommandService &gt; should load commands from successful loaders even if one fails" time="0.001717384">
        </testcase>
        <testcase classname="src/services/CommandService.test.ts" name="CommandService &gt; getCommands should return a readonly array that cannot be mutated" time="0.001200659">
        </testcase>
        <testcase classname="src/services/CommandService.test.ts" name="CommandService &gt; should pass the abort signal to all loaders" time="0.004540622">
        </testcase>
        <testcase classname="src/services/CommandService.test.ts" name="CommandService &gt; should rename extension commands when they conflict" time="0.00099568">
        </testcase>
        <testcase classname="src/services/CommandService.test.ts" name="CommandService &gt; should handle user/project command override correctly" time="0.000528277">
        </testcase>
        <testcase classname="src/services/CommandService.test.ts" name="CommandService &gt; should handle secondary conflicts when renaming extension commands" time="0.000479166">
        </testcase>
        <testcase classname="src/services/CommandService.test.ts" name="CommandService &gt; should handle multiple secondary conflicts with incrementing suffixes" time="0.000458207">
        </testcase>
    </testsuite>
    <testsuite name="src/services/FileCommandLoader.test.ts" timestamp="2025-10-09T15:50:07.827Z" hostname="uby" tests="1" failures="1" errors="0" skipped="0" time="0">
        <testcase classname="src/services/FileCommandLoader.test.ts" name="src/services/FileCommandLoader.test.ts" time="0">
            <failure message="Failed to resolve entry for package &quot;@qwen-code/qwen-code-core&quot;. The package may have incorrect main/module/exports specified in its package.json." type="Error">
Error: Failed to resolve entry for package &quot;@qwen-code/qwen-code-core&quot;. The package may have incorrect main/module/exports specified in its package.json.
  Plugin: vite:import-analysis
  File: /home/atmandk/LowCal-dev/packages/cli/src/services/FileCommandLoader.test.ts:9:0
  36 |  });
  37 |  const __vi_import_0__ = await import(&quot;node:path&quot;);
  38 |  const __vi_import_1__ = await import(&quot;@qwen-code/qwen-code-core&quot;);
     |                                       ^
  39 |  const __vi_import_2__ = await import(&quot;mock-fs&quot;);
  40 |  const __vi_import_3__ = await import(&quot;./FileCommandLoader.js&quot;);
 ❯ packageEntryFailure ../../node_modules/vite/dist/node/chunks/dep-Bsx9IwL8.js:12218:32
 ❯ resolvePackageEntry ../../node_modules/vite/dist/node/chunks/dep-Bsx9IwL8.js:12215:2
 ❯ tryNodeResolve ../../node_modules/vite/dist/node/chunks/dep-Bsx9IwL8.js:12116:17
 ❯ ResolveIdContext.resolveId ../../node_modules/vite/dist/node/chunks/dep-Bsx9IwL8.js:11955:15
 ❯ EnvironmentPluginContainer.resolveId ../../node_modules/vite/dist/node/chunks/dep-Bsx9IwL8.js:31194:56
 ❯ TransformPluginContext.resolve ../../node_modules/vite/dist/node/chunks/dep-Bsx9IwL8.js:31376:13
 ❯ normalizeUrl ../../node_modules/vite/dist/node/chunks/dep-Bsx9IwL8.js:29984:22
 ❯ ../../node_modules/vite/dist/node/chunks/dep-Bsx9IwL8.js:30050:32
            </failure>
        </testcase>
    </testsuite>
    <testsuite name="src/services/McpPromptLoader.test.ts" timestamp="2025-10-09T15:50:07.828Z" hostname="uby" tests="1" failures="1" errors="0" skipped="0" time="0">
        <testcase classname="src/services/McpPromptLoader.test.ts" name="src/services/McpPromptLoader.test.ts" time="0">
            <failure message="Failed to resolve entry for package &quot;@qwen-code/qwen-code-core&quot;. The package may have incorrect main/module/exports specified in its package.json." type="Error">
Error: Failed to resolve entry for package &quot;@qwen-code/qwen-code-core&quot;. The package may have incorrect main/module/exports specified in its package.json.
  Plugin: vite:import-analysis
  File: /home/atmandk/LowCal-dev/packages/cli/src/services/McpPromptLoader.ts:11:7
  7  |    getErrorMessage,
  8  |    getMCPServerPrompts
  9  |  } from &quot;@qwen-code/qwen-code-core&quot;;
     |          ^
  10 |  import { CommandKind } from &quot;../ui/commands/types.js&quot;;
  11 |  export class McpPromptLoader {
 ❯ packageEntryFailure ../../node_modules/vite/dist/node/chunks/dep-Bsx9IwL8.js:12218:32
 ❯ resolvePackageEntry ../../node_modules/vite/dist/node/chunks/dep-Bsx9IwL8.js:12215:2
 ❯ tryNodeResolve ../../node_modules/vite/dist/node/chunks/dep-Bsx9IwL8.js:12116:17
 ❯ ResolveIdContext.resolveId ../../node_modules/vite/dist/node/chunks/dep-Bsx9IwL8.js:11955:15
 ❯ EnvironmentPluginContainer.resolveId ../../node_modules/vite/dist/node/chunks/dep-Bsx9IwL8.js:31194:56
 ❯ TransformPluginContext.resolve ../../node_modules/vite/dist/node/chunks/dep-Bsx9IwL8.js:31376:13
 ❯ normalizeUrl ../../node_modules/vite/dist/node/chunks/dep-Bsx9IwL8.js:29984:22
 ❯ ../../node_modules/vite/dist/node/chunks/dep-Bsx9IwL8.js:30050:32
            </failure>
        </testcase>
    </testsuite>
    <testsuite name="src/test-utils/mockCommandContext.test.ts" timestamp="2025-10-09T15:50:07.828Z" hostname="uby" tests="3" failures="0" errors="0" skipped="0" time="0.00680668">
        <testcase classname="src/test-utils/mockCommandContext.test.ts" name="createMockCommandContext &gt; should return a valid CommandContext object with default mocks" time="0.003840639">
        </testcase>
        <testcase classname="src/test-utils/mockCommandContext.test.ts" name="createMockCommandContext &gt; should apply top-level overrides correctly" time="0.000879325">
        </testcase>
        <testcase classname="src/test-utils/mockCommandContext.test.ts" name="createMockCommandContext &gt; should apply deeply nested overrides correctly" time="0.000784339">
        </testcase>
    </testsuite>
    <testsuite name="src/ui/App.test.tsx" timestamp="2025-10-09T15:50:07.828Z" hostname="uby" tests="1" failures="1" errors="0" skipped="0" time="0">
        <testcase classname="src/ui/App.test.tsx" name="src/ui/App.test.tsx" time="0">
            <failure message="Failed to resolve entry for package &quot;@qwen-code/qwen-code-core&quot;. The package may have incorrect main/module/exports specified in its package.json." type="Error">
Error: Failed to resolve entry for package &quot;@qwen-code/qwen-code-core&quot;. The package may have incorrect main/module/exports specified in its package.json.
  Plugin: vite:import-analysis
  File: /home/atmandk/LowCal-dev/packages/cli/src/ui/App.test.tsx:15:0
  155|  vi.mock(&quot;node:child_process&quot;);
  156|  const __vi_import_0__ = await import(&quot;react/jsx-dev-runtime&quot;);
  157|  const __vi_import_1__ = await import(&quot;@qwen-code/qwen-code-core&quot;);
     |                                       ^
  158|  const __vi_import_2__ = await import(&quot;@testing-library/react&quot;);
  159|  const __vi_import_3__ = await import(&quot;node:events&quot;);
 ❯ packageEntryFailure ../../node_modules/vite/dist/node/chunks/dep-Bsx9IwL8.js:12218:32
 ❯ resolvePackageEntry ../../node_modules/vite/dist/node/chunks/dep-Bsx9IwL8.js:12215:2
 ❯ tryNodeResolve ../../node_modules/vite/dist/node/chunks/dep-Bsx9IwL8.js:12116:17
 ❯ ResolveIdContext.resolveId ../../node_modules/vite/dist/node/chunks/dep-Bsx9IwL8.js:11955:15
 ❯ EnvironmentPluginContainer.resolveId ../../node_modules/vite/dist/node/chunks/dep-Bsx9IwL8.js:31194:56
 ❯ TransformPluginContext.resolve ../../node_modules/vite/dist/node/chunks/dep-Bsx9IwL8.js:31376:13
 ❯ normalizeUrl ../../node_modules/vite/dist/node/chunks/dep-Bsx9IwL8.js:29984:22
 ❯ ../../node_modules/vite/dist/node/chunks/dep-Bsx9IwL8.js:30050:32
            </failure>
        </testcase>
    </testsuite>
    <testsuite name="src/ui/keyMatchers.test.ts" timestamp="2025-10-09T15:50:07.828Z" hostname="uby" tests="33" failures="0" errors="0" skipped="0" time="0.011558934">
        <testcase classname="src/ui/keyMatchers.test.ts" name="keyMatchers &gt; Data-driven key binding matches original logic &gt; should match return correctly" time="0.003016535">
        </testcase>
        <testcase classname="src/ui/keyMatchers.test.ts" name="keyMatchers &gt; Data-driven key binding matches original logic &gt; should match escape correctly" time="0.000341451">
        </testcase>
        <testcase classname="src/ui/keyMatchers.test.ts" name="keyMatchers &gt; Data-driven key binding matches original logic &gt; should match home correctly" time="0.000210178">
        </testcase>
        <testcase classname="src/ui/keyMatchers.test.ts" name="keyMatchers &gt; Data-driven key binding matches original logic &gt; should match end correctly" time="0.001273113">
        </testcase>
        <testcase classname="src/ui/keyMatchers.test.ts" name="keyMatchers &gt; Data-driven key binding matches original logic &gt; should match killLineRight correctly" time="0.000185773">
        </testcase>
        <testcase classname="src/ui/keyMatchers.test.ts" name="keyMatchers &gt; Data-driven key binding matches original logic &gt; should match killLineLeft correctly" time="0.000142424">
        </testcase>
        <testcase classname="src/ui/keyMatchers.test.ts" name="keyMatchers &gt; Data-driven key binding matches original logic &gt; should match clearInput correctly" time="0.000130562">
        </testcase>
        <testcase classname="src/ui/keyMatchers.test.ts" name="keyMatchers &gt; Data-driven key binding matches original logic &gt; should match clearScreen correctly" time="0.000132224">
        </testcase>
        <testcase classname="src/ui/keyMatchers.test.ts" name="keyMatchers &gt; Data-driven key binding matches original logic &gt; should match historyUp correctly" time="0.00014059">
        </testcase>
        <testcase classname="src/ui/keyMatchers.test.ts" name="keyMatchers &gt; Data-driven key binding matches original logic &gt; should match historyDown correctly" time="0.000130512">
        </testcase>
        <testcase classname="src/ui/keyMatchers.test.ts" name="keyMatchers &gt; Data-driven key binding matches original logic &gt; should match navigationUp correctly" time="0.000148234">
        </testcase>
        <testcase classname="src/ui/keyMatchers.test.ts" name="keyMatchers &gt; Data-driven key binding matches original logic &gt; should match navigationDown correctly" time="0.000145829">
        </testcase>
        <testcase classname="src/ui/keyMatchers.test.ts" name="keyMatchers &gt; Data-driven key binding matches original logic &gt; should match acceptSuggestion correctly" time="0.000158433">
        </testcase>
        <testcase classname="src/ui/keyMatchers.test.ts" name="keyMatchers &gt; Data-driven key binding matches original logic &gt; should match completionUp correctly" time="0.000152812">
        </testcase>
        <testcase classname="src/ui/keyMatchers.test.ts" name="keyMatchers &gt; Data-driven key binding matches original logic &gt; should match completionDown correctly" time="0.000162491">
        </testcase>
        <testcase classname="src/ui/keyMatchers.test.ts" name="keyMatchers &gt; Data-driven key binding matches original logic &gt; should match submit correctly" time="0.000159295">
        </testcase>
        <testcase classname="src/ui/keyMatchers.test.ts" name="keyMatchers &gt; Data-driven key binding matches original logic &gt; should match newline correctly" time="0.000182588">
        </testcase>
        <testcase classname="src/ui/keyMatchers.test.ts" name="keyMatchers &gt; Data-driven key binding matches original logic &gt; should match openExternalEditor correctly" time="0.000145309">
        </testcase>
        <testcase classname="src/ui/keyMatchers.test.ts" name="keyMatchers &gt; Data-driven key binding matches original logic &gt; should match pasteClipboardImage correctly" time="0.000117156">
        </testcase>
        <testcase classname="src/ui/keyMatchers.test.ts" name="keyMatchers &gt; Data-driven key binding matches original logic &gt; should match showErrorDetails correctly" time="0.000109252">
        </testcase>
        <testcase classname="src/ui/keyMatchers.test.ts" name="keyMatchers &gt; Data-driven key binding matches original logic &gt; should match toggleToolDescriptions correctly" time="0.000107058">
        </testcase>
        <testcase classname="src/ui/keyMatchers.test.ts" name="keyMatchers &gt; Data-driven key binding matches original logic &gt; should match toggleIDEContextDetail correctly" time="0.00011343">
        </testcase>
        <testcase classname="src/ui/keyMatchers.test.ts" name="keyMatchers &gt; Data-driven key binding matches original logic &gt; should match quit correctly" time="0.000123348">
        </testcase>
        <testcase classname="src/ui/keyMatchers.test.ts" name="keyMatchers &gt; Data-driven key binding matches original logic &gt; should match exit correctly" time="0.000150168">
        </testcase>
        <testcase classname="src/ui/keyMatchers.test.ts" name="keyMatchers &gt; Data-driven key binding matches original logic &gt; should match showMoreLines correctly" time="0.000133347">
        </testcase>
        <testcase classname="src/ui/keyMatchers.test.ts" name="keyMatchers &gt; Data-driven key binding matches original logic &gt; should match toggleYoloMode correctly" time="0.000126945">
        </testcase>
        <testcase classname="src/ui/keyMatchers.test.ts" name="keyMatchers &gt; Data-driven key binding matches original logic &gt; should match reverseSearch correctly" time="0.001008213">
        </testcase>
        <testcase classname="src/ui/keyMatchers.test.ts" name="keyMatchers &gt; Data-driven key binding matches original logic &gt; should match submitReverseSearch correctly" time="0.000159175">
        </testcase>
        <testcase classname="src/ui/keyMatchers.test.ts" name="keyMatchers &gt; Data-driven key binding matches original logic &gt; should match acceptSuggestionReverseSearch correctly" time="0.000159816">
        </testcase>
        <testcase classname="src/ui/keyMatchers.test.ts" name="keyMatchers &gt; Data-driven key binding matches original logic &gt; should properly handle ACCEPT_SUGGESTION_REVERSE_SEARCH cases" time="0.000153714">
        </testcase>
        <testcase classname="src/ui/keyMatchers.test.ts" name="keyMatchers &gt; Custom key bindings &gt; should work with custom configuration" time="0.000197906">
        </testcase>
        <testcase classname="src/ui/keyMatchers.test.ts" name="keyMatchers &gt; Custom key bindings &gt; should support multiple key bindings for same command" time="0.000157802">
        </testcase>
        <testcase classname="src/ui/keyMatchers.test.ts" name="keyMatchers &gt; Edge Cases &gt; should handle empty binding arrays" time="0.000095967">
        </testcase>
    </testsuite>
    <testsuite name="src/utils/cleanup.test.ts" timestamp="2025-10-09T15:50:07.830Z" hostname="uby" tests="1" failures="1" errors="0" skipped="0" time="0">
        <testcase classname="src/utils/cleanup.test.ts" name="src/utils/cleanup.test.ts" time="0">
            <failure message="Failed to resolve entry for package &quot;@qwen-code/qwen-code-core&quot;. The package may have incorrect main/module/exports specified in its package.json." type="Error">
Error: Failed to resolve entry for package &quot;@qwen-code/qwen-code-core&quot;. The package may have incorrect main/module/exports specified in its package.json.
  Plugin: vite:import-analysis
  File: /home/atmandk/LowCal-dev/packages/cli/src/utils/cleanup.ts:9:24
  6  |  import { promises as fs } from &quot;node:fs&quot;;
  7  |  import { join } from &quot;node:path&quot;;
  8  |  import { Storage } from &quot;@qwen-code/qwen-code-core&quot;;
     |                           ^
  9  |  const cleanupFunctions = [];
  10 |  export function registerCleanup(fn) {
 ❯ packageEntryFailure ../../node_modules/vite/dist/node/chunks/dep-Bsx9IwL8.js:12218:32
 ❯ resolvePackageEntry ../../node_modules/vite/dist/node/chunks/dep-Bsx9IwL8.js:12215:2
 ❯ tryNodeResolve ../../node_modules/vite/dist/node/chunks/dep-Bsx9IwL8.js:12116:17
 ❯ ResolveIdContext.resolveId ../../node_modules/vite/dist/node/chunks/dep-Bsx9IwL8.js:11955:15
 ❯ EnvironmentPluginContainer.resolveId ../../node_modules/vite/dist/node/chunks/dep-Bsx9IwL8.js:31194:56
 ❯ TransformPluginContext.resolve ../../node_modules/vite/dist/node/chunks/dep-Bsx9IwL8.js:31376:13
 ❯ normalizeUrl ../../node_modules/vite/dist/node/chunks/dep-Bsx9IwL8.js:29984:22
 ❯ ../../node_modules/vite/dist/node/chunks/dep-Bsx9IwL8.js:30050:32
            </failure>
        </testcase>
    </testsuite>
    <testsuite name="src/utils/gitUtils.test.ts" timestamp="2025-10-09T15:50:07.830Z" hostname="uby" tests="12" failures="0" errors="0" skipped="0" time="0.027570556">
        <testcase classname="src/utils/gitUtils.test.ts" name="isGitHubRepository &gt; returns false if the git command fails" time="0.015260906">
            <system-out>
Failed to get git remote: Error: oops
    at [90m/home/atmandk/LowCal-dev/packages/cli/[39msrc/utils/gitUtils.test.ts:29:13
    at mockCall (file:///home/atmandk/LowCal-dev/node_modules/[4m@vitest/spy[24m/dist/index.js:96:15)
    at execSync (file:///home/atmandk/LowCal-dev/node_modules/[4mtinyspy[24m/dist/index.js:47:103)
    at Module.isGitHubRepository [90m(/home/atmandk/LowCal-dev/packages/cli/[39msrc/utils/gitUtils.ts:17:7[90m)[39m
    at [90m/home/atmandk/LowCal-dev/packages/cli/[39msrc/utils/gitUtils.test.ts:31:12
    at file:///home/atmandk/LowCal-dev/node_modules/[4m@vitest/runner[24m/dist/chunk-hooks.js:155:11
    at file:///home/atmandk/LowCal-dev/node_modules/[4m@vitest/runner[24m/dist/chunk-hooks.js:752:26
    at file:///home/atmandk/LowCal-dev/node_modules/[4m@vitest/runner[24m/dist/chunk-hooks.js:1897:20
    at new Promise (&lt;anonymous&gt;)
    at runWithTimeout (file:///home/atmandk/LowCal-dev/node_modules/[4m@vitest/runner[24m/dist/chunk-hooks.js:1863:10)

            </system-out>
        </testcase>
        <testcase classname="src/utils/gitUtils.test.ts" name="isGitHubRepository &gt; returns false if the remote is not github.com" time="0.001418902">
        </testcase>
        <testcase classname="src/utils/gitUtils.test.ts" name="isGitHubRepository &gt; returns true if the remote is github.com" time="0.000216159">
        </testcase>
        <testcase classname="src/utils/gitUtils.test.ts" name="getGitHubRepoInfo &gt; throws an error if github repo info cannot be determined" time="0.001656291">
        </testcase>
        <testcase classname="src/utils/gitUtils.test.ts" name="getGitHubRepoInfo &gt; throws an error if owner/repo could not be determined" time="0.000779962">
        </testcase>
        <testcase classname="src/utils/gitUtils.test.ts" name="getGitHubRepoInfo &gt; returns the owner and repo" time="0.001362178">
        </testcase>
        <testcase classname="src/utils/gitUtils.test.ts" name="getGitRepoRoot &gt; throws an error if git root cannot be determined" time="0.00029751">
        </testcase>
        <testcase classname="src/utils/gitUtils.test.ts" name="getGitRepoRoot &gt; throws an error if git root is empty" time="0.000152922">
        </testcase>
        <testcase classname="src/utils/gitUtils.test.ts" name="getGitRepoRoot &gt; returns the root" time="0.000288403">
        </testcase>
        <testcase classname="src/utils/gitUtils.test.ts" name="getLatestRelease &gt; throws an error if the fetch fails" time="0.002108076">
            <system-out>
Failed to determine latest run-gemini-cli release: nope

            </system-out>
        </testcase>
        <testcase classname="src/utils/gitUtils.test.ts" name="getLatestRelease &gt; throws an error if the fetch does not return a json body" time="0.000993696">
            <system-out>
Failed to determine latest run-gemini-cli release: Error: Response did not include tag_name field
    at Module.getLatestGitHubRelease [90m(/home/atmandk/LowCal-dev/packages/cli/[39msrc/utils/gitUtils.ts:82:13[90m)[39m
[90m    at processTicksAndRejections (node:internal/process/task_queues:105:5)[39m
    at [90m/home/atmandk/LowCal-dev/packages/cli/[39msrc/utils/gitUtils.test.ts:135:5
    at file:///home/atmandk/LowCal-dev/node_modules/[4m@vitest/runner[24m/dist/chunk-hooks.js:752:20

            </system-out>
        </testcase>
        <testcase classname="src/utils/gitUtils.test.ts" name="getLatestRelease &gt; returns the release version" time="0.000556468">
        </testcase>
    </testsuite>
    <testsuite name="src/utils/handleAutoUpdate.test.ts" timestamp="2025-10-09T15:50:07.831Z" hostname="uby" tests="1" failures="1" errors="0" skipped="0" time="0">
        <testcase classname="src/utils/handleAutoUpdate.test.ts" name="src/utils/handleAutoUpdate.test.ts" time="0">
            <failure message="[vitest] There was an error when mocking a module. If you are using &quot;vi.mock&quot; factory, make sure there are no top level variables inside, since this call is hoisted to top of the file. Read more: https://vitest.dev/api/vi.html#vi-mock" type="Error">
Error: [vitest] There was an error when mocking a module. If you are using &quot;vi.mock&quot; factory, make sure there are no top level variables inside, since this call is hoisted to top of the file. Read more: https://vitest.dev/api/vi.html#vi-mock
 ❯ src/utils/handleAutoUpdate.test.ts:9:1

Caused by: Caused by: Error: Failed to resolve entry for package &quot;@qwen-code/qwen-code-core&quot;. The package may have incorrect main/module/exports specified in its package.json.
  Plugin: vite:import-analysis
  File: /home/atmandk/LowCal-dev/packages/cli/src/utils/installationInfo.ts:7:32
  4  |   * SPDX-License-Identifier: Apache-2.0
  5  |   */
  6  |  import { isGitRepository } from &quot;@qwen-code/qwen-code-core&quot;;
     |                                   ^
  7  |  import * as fs from &quot;node:fs&quot;;
  8  |  import * as path from &quot;node:path&quot;;
 ❯ packageEntryFailure ../../node_modules/vite/dist/node/chunks/dep-Bsx9IwL8.js:12218:32
 ❯ resolvePackageEntry ../../node_modules/vite/dist/node/chunks/dep-Bsx9IwL8.js:12215:2
 ❯ tryNodeResolve ../../node_modules/vite/dist/node/chunks/dep-Bsx9IwL8.js:12116:17
 ❯ ResolveIdContext.resolveId ../../node_modules/vite/dist/node/chunks/dep-Bsx9IwL8.js:11955:15
 ❯ EnvironmentPluginContainer.resolveId ../../node_modules/vite/dist/node/chunks/dep-Bsx9IwL8.js:31194:56
 ❯ TransformPluginContext.resolve ../../node_modules/vite/dist/node/chunks/dep-Bsx9IwL8.js:31376:13
 ❯ normalizeUrl ../../node_modules/vite/dist/node/chunks/dep-Bsx9IwL8.js:29984:22
 ❯ ../../node_modules/vite/dist/node/chunks/dep-Bsx9IwL8.js:30050:32
            </failure>
        </testcase>
    </testsuite>
    <testsuite name="src/utils/installationInfo.test.ts" timestamp="2025-10-09T15:50:07.831Z" hostname="uby" tests="1" failures="1" errors="0" skipped="0" time="0">
        <testcase classname="src/utils/installationInfo.test.ts" name="src/utils/installationInfo.test.ts" time="0">
            <failure message="Failed to resolve entry for package &quot;@qwen-code/qwen-code-core&quot;. The package may have incorrect main/module/exports specified in its package.json." type="Error">
Error: Failed to resolve entry for package &quot;@qwen-code/qwen-code-core&quot;. The package may have incorrect main/module/exports specified in its package.json.
  Plugin: vite:import-analysis
  File: /home/atmandk/LowCal-dev/packages/cli/src/utils/installationInfo.test.ts:12:0
  21 |  const __vi_import_2__ = await import(&quot;node:path&quot;);
  22 |  const __vi_import_3__ = await import(&quot;node:child_process&quot;);
  23 |  const __vi_import_4__ = await import(&quot;@qwen-code/qwen-code-core&quot;);
     |                                       ^
  24 |  /**
  25 |   * @license
 ❯ packageEntryFailure ../../node_modules/vite/dist/node/chunks/dep-Bsx9IwL8.js:12218:32
 ❯ resolvePackageEntry ../../node_modules/vite/dist/node/chunks/dep-Bsx9IwL8.js:12215:2
 ❯ tryNodeResolve ../../node_modules/vite/dist/node/chunks/dep-Bsx9IwL8.js:12116:17
 ❯ ResolveIdContext.resolveId ../../node_modules/vite/dist/node/chunks/dep-Bsx9IwL8.js:11955:15
 ❯ EnvironmentPluginContainer.resolveId ../../node_modules/vite/dist/node/chunks/dep-Bsx9IwL8.js:31194:56
 ❯ TransformPluginContext.resolve ../../node_modules/vite/dist/node/chunks/dep-Bsx9IwL8.js:31376:13
 ❯ normalizeUrl ../../node_modules/vite/dist/node/chunks/dep-Bsx9IwL8.js:29984:22
 ❯ ../../node_modules/vite/dist/node/chunks/dep-Bsx9IwL8.js:30050:32
            </failure>
        </testcase>
    </testsuite>
    <testsuite name="src/utils/readStdin.test.ts" timestamp="2025-10-09T15:50:07.831Z" hostname="uby" tests="4" failures="0" errors="0" skipped="0" time="0.009455525">
        <testcase classname="src/utils/readStdin.test.ts" name="readStdin &gt; should read and accumulate data from stdin" time="0.00456117">
        </testcase>
        <testcase classname="src/utils/readStdin.test.ts" name="readStdin &gt; should handle empty stdin input" time="0.00040552">
        </testcase>
        <testcase classname="src/utils/readStdin.test.ts" name="readStdin &gt; should timeout and resolve with empty string when no input is available" time="0.002489231">
        </testcase>
        <testcase classname="src/utils/readStdin.test.ts" name="readStdin &gt; should clear timeout once when data is received and resolve with data" time="0.000780613">
        </testcase>
    </testsuite>
    <testsuite name="src/utils/settingsUtils.test.ts" timestamp="2025-10-09T15:50:07.832Z" hostname="uby" tests="68" failures="0" errors="0" skipped="0" time="0.017255071">
        <testcase classname="src/utils/settingsUtils.test.ts" name="SettingsUtils &gt; Schema Utilities &gt; getSettingsByCategory &gt; should group settings by category" time="0.001594237">
        </testcase>
        <testcase classname="src/utils/settingsUtils.test.ts" name="SettingsUtils &gt; Schema Utilities &gt; getSettingsByCategory &gt; should include key property in grouped settings" time="0.001684243">
        </testcase>
        <testcase classname="src/utils/settingsUtils.test.ts" name="SettingsUtils &gt; Schema Utilities &gt; getSettingDefinition &gt; should return definition for valid setting" time="0.000247378">
        </testcase>
        <testcase classname="src/utils/settingsUtils.test.ts" name="SettingsUtils &gt; Schema Utilities &gt; getSettingDefinition &gt; should return undefined for invalid setting" time="0.000122506">
        </testcase>
        <testcase classname="src/utils/settingsUtils.test.ts" name="SettingsUtils &gt; Schema Utilities &gt; requiresRestart &gt; should return true for settings that require restart" time="0.000161138">
        </testcase>
        <testcase classname="src/utils/settingsUtils.test.ts" name="SettingsUtils &gt; Schema Utilities &gt; requiresRestart &gt; should return false for settings that do not require restart" time="0.000105205">
        </testcase>
        <testcase classname="src/utils/settingsUtils.test.ts" name="SettingsUtils &gt; Schema Utilities &gt; requiresRestart &gt; should return false for invalid settings" time="0.000082682">
        </testcase>
        <testcase classname="src/utils/settingsUtils.test.ts" name="SettingsUtils &gt; Schema Utilities &gt; getDefaultValue &gt; should return correct default values" time="0.000126894">
        </testcase>
        <testcase classname="src/utils/settingsUtils.test.ts" name="SettingsUtils &gt; Schema Utilities &gt; getDefaultValue &gt; should return undefined for invalid settings" time="0.000087081">
        </testcase>
        <testcase classname="src/utils/settingsUtils.test.ts" name="SettingsUtils &gt; Schema Utilities &gt; getRestartRequiredSettings &gt; should return all settings that require restart" time="0.001358201">
        </testcase>
        <testcase classname="src/utils/settingsUtils.test.ts" name="SettingsUtils &gt; Schema Utilities &gt; getEffectiveValue &gt; should return value from settings when set" time="0.000241957">
        </testcase>
        <testcase classname="src/utils/settingsUtils.test.ts" name="SettingsUtils &gt; Schema Utilities &gt; getEffectiveValue &gt; should return value from merged settings when not set in current scope" time="0.00011354">
        </testcase>
        <testcase classname="src/utils/settingsUtils.test.ts" name="SettingsUtils &gt; Schema Utilities &gt; getEffectiveValue &gt; should return default value when not set anywhere" time="0.000083174">
        </testcase>
        <testcase classname="src/utils/settingsUtils.test.ts" name="SettingsUtils &gt; Schema Utilities &gt; getEffectiveValue &gt; should handle nested settings correctly" time="0.000092471">
        </testcase>
        <testcase classname="src/utils/settingsUtils.test.ts" name="SettingsUtils &gt; Schema Utilities &gt; getEffectiveValue &gt; should return undefined for invalid settings" time="0.000074137">
        </testcase>
        <testcase classname="src/utils/settingsUtils.test.ts" name="SettingsUtils &gt; Schema Utilities &gt; getAllSettingKeys &gt; should return all setting keys" time="0.000236527">
        </testcase>
        <testcase classname="src/utils/settingsUtils.test.ts" name="SettingsUtils &gt; Schema Utilities &gt; getSettingsByType &gt; should return only boolean settings" time="0.000733706">
        </testcase>
        <testcase classname="src/utils/settingsUtils.test.ts" name="SettingsUtils &gt; Schema Utilities &gt; getSettingsRequiringRestart &gt; should return only settings that require restart" time="0.000962299">
        </testcase>
        <testcase classname="src/utils/settingsUtils.test.ts" name="SettingsUtils &gt; Schema Utilities &gt; isValidSettingKey &gt; should return true for valid setting keys" time="0.000814455">
        </testcase>
        <testcase classname="src/utils/settingsUtils.test.ts" name="SettingsUtils &gt; Schema Utilities &gt; isValidSettingKey &gt; should return false for invalid setting keys" time="0.000187115">
        </testcase>
        <testcase classname="src/utils/settingsUtils.test.ts" name="SettingsUtils &gt; Schema Utilities &gt; getSettingCategory &gt; should return correct category for valid settings" time="0.000111716">
        </testcase>
        <testcase classname="src/utils/settingsUtils.test.ts" name="SettingsUtils &gt; Schema Utilities &gt; getSettingCategory &gt; should return undefined for invalid settings" time="0.000052507">
        </testcase>
        <testcase classname="src/utils/settingsUtils.test.ts" name="SettingsUtils &gt; Schema Utilities &gt; shouldShowInDialog &gt; should return true for settings marked to show in dialog" time="0.000122517">
        </testcase>
        <testcase classname="src/utils/settingsUtils.test.ts" name="SettingsUtils &gt; Schema Utilities &gt; shouldShowInDialog &gt; should return false for settings marked to hide from dialog" time="0.000109182">
        </testcase>
        <testcase classname="src/utils/settingsUtils.test.ts" name="SettingsUtils &gt; Schema Utilities &gt; shouldShowInDialog &gt; should return true for invalid settings (default behavior)" time="0.000047287">
        </testcase>
        <testcase classname="src/utils/settingsUtils.test.ts" name="SettingsUtils &gt; Schema Utilities &gt; getDialogSettingsByCategory &gt; should only return settings marked for dialog display" time="0.000407723">
        </testcase>
        <testcase classname="src/utils/settingsUtils.test.ts" name="SettingsUtils &gt; Schema Utilities &gt; getDialogSettingsByCategory &gt; should not include Advanced category settings" time="0.000098602">
        </testcase>
        <testcase classname="src/utils/settingsUtils.test.ts" name="SettingsUtils &gt; Schema Utilities &gt; getDialogSettingsByCategory &gt; should include settings with showInDialog=true" time="0.000358012">
        </testcase>
        <testcase classname="src/utils/settingsUtils.test.ts" name="SettingsUtils &gt; Schema Utilities &gt; getDialogSettingsByType &gt; should return only boolean dialog settings" time="0.000281421">
        </testcase>
        <testcase classname="src/utils/settingsUtils.test.ts" name="SettingsUtils &gt; Schema Utilities &gt; getDialogSettingsByType &gt; should return only string dialog settings" time="0.0002058">
        </testcase>
        <testcase classname="src/utils/settingsUtils.test.ts" name="SettingsUtils &gt; Schema Utilities &gt; getDialogSettingKeys &gt; should return only settings marked for dialog display" time="0.000574853">
        </testcase>
        <testcase classname="src/utils/settingsUtils.test.ts" name="SettingsUtils &gt; Schema Utilities &gt; getDialogSettingKeys &gt; should return fewer keys than getAllSettingKeys" time="0.000159454">
        </testcase>
        <testcase classname="src/utils/settingsUtils.test.ts" name="SettingsUtils &gt; Schema Utilities &gt; getDialogSettingKeys &gt; should handle nested settings display correctly" time="0.00025423">
        </testcase>
        <testcase classname="src/utils/settingsUtils.test.ts" name="SettingsUtils &gt; Business Logic Utilities &gt; getSettingValue &gt; should return value from settings when set" time="0.000057205">
        </testcase>
        <testcase classname="src/utils/settingsUtils.test.ts" name="SettingsUtils &gt; Business Logic Utilities &gt; getSettingValue &gt; should return value from merged settings when not set in current scope" time="0.000034624">
        </testcase>
        <testcase classname="src/utils/settingsUtils.test.ts" name="SettingsUtils &gt; Business Logic Utilities &gt; getSettingValue &gt; should return default value for invalid setting" time="0.000190012">
        </testcase>
        <testcase classname="src/utils/settingsUtils.test.ts" name="SettingsUtils &gt; Business Logic Utilities &gt; isSettingModified &gt; should return true when value differs from default" time="0.000131974">
        </testcase>
        <testcase classname="src/utils/settingsUtils.test.ts" name="SettingsUtils &gt; Business Logic Utilities &gt; isSettingModified &gt; should return false when value matches default" time="0.000072895">
        </testcase>
        <testcase classname="src/utils/settingsUtils.test.ts" name="SettingsUtils &gt; Business Logic Utilities &gt; settingExistsInScope &gt; should return true for top-level settings that exist" time="0.000069639">
        </testcase>
        <testcase classname="src/utils/settingsUtils.test.ts" name="SettingsUtils &gt; Business Logic Utilities &gt; settingExistsInScope &gt; should return false for top-level settings that do not exist" time="0.000052998">
        </testcase>
        <testcase classname="src/utils/settingsUtils.test.ts" name="SettingsUtils &gt; Business Logic Utilities &gt; settingExistsInScope &gt; should return true for nested settings that exist" time="0.000052577">
        </testcase>
        <testcase classname="src/utils/settingsUtils.test.ts" name="SettingsUtils &gt; Business Logic Utilities &gt; settingExistsInScope &gt; should return false for nested settings that do not exist" time="0.00004885">
        </testcase>
        <testcase classname="src/utils/settingsUtils.test.ts" name="SettingsUtils &gt; Business Logic Utilities &gt; settingExistsInScope &gt; should return false when parent exists but child does not" time="0.000052718">
        </testcase>
        <testcase classname="src/utils/settingsUtils.test.ts" name="SettingsUtils &gt; Business Logic Utilities &gt; setPendingSettingValue &gt; should set top-level setting value" time="0.000078445">
        </testcase>
        <testcase classname="src/utils/settingsUtils.test.ts" name="SettingsUtils &gt; Business Logic Utilities &gt; setPendingSettingValue &gt; should set nested setting value" time="0.000066132">
        </testcase>
        <testcase classname="src/utils/settingsUtils.test.ts" name="SettingsUtils &gt; Business Logic Utilities &gt; setPendingSettingValue &gt; should preserve existing nested settings" time="0.000078626">
        </testcase>
        <testcase classname="src/utils/settingsUtils.test.ts" name="SettingsUtils &gt; Business Logic Utilities &gt; setPendingSettingValue &gt; should not mutate original settings" time="0.000569383">
        </testcase>
        <testcase classname="src/utils/settingsUtils.test.ts" name="SettingsUtils &gt; Business Logic Utilities &gt; hasRestartRequiredSettings &gt; should return true when modified settings require restart" time="0.000231157">
        </testcase>
        <testcase classname="src/utils/settingsUtils.test.ts" name="SettingsUtils &gt; Business Logic Utilities &gt; hasRestartRequiredSettings &gt; should return false when no modified settings require restart" time="0.000061554">
        </testcase>
        <testcase classname="src/utils/settingsUtils.test.ts" name="SettingsUtils &gt; Business Logic Utilities &gt; hasRestartRequiredSettings &gt; should return false for empty set" time="0.000044061">
        </testcase>
        <testcase classname="src/utils/settingsUtils.test.ts" name="SettingsUtils &gt; Business Logic Utilities &gt; getRestartRequiredFromModified &gt; should return only settings that require restart" time="0.000205059">
        </testcase>
        <testcase classname="src/utils/settingsUtils.test.ts" name="SettingsUtils &gt; Business Logic Utilities &gt; getRestartRequiredFromModified &gt; should return empty array when no settings require restart" time="0.000099144">
        </testcase>
        <testcase classname="src/utils/settingsUtils.test.ts" name="SettingsUtils &gt; Business Logic Utilities &gt; getDisplayValue &gt; should show value without * when setting matches default" time="0.000069859">
        </testcase>
        <testcase classname="src/utils/settingsUtils.test.ts" name="SettingsUtils &gt; Business Logic Utilities &gt; getDisplayValue &gt; should show default value when setting is not in scope" time="0.000049181">
        </testcase>
        <testcase classname="src/utils/settingsUtils.test.ts" name="SettingsUtils &gt; Business Logic Utilities &gt; getDisplayValue &gt; should show value with * when changed from default" time="0.000048199">
        </testcase>
        <testcase classname="src/utils/settingsUtils.test.ts" name="SettingsUtils &gt; Business Logic Utilities &gt; getDisplayValue &gt; should show default value without * when setting does not exist in scope" time="0.000042799">
        </testcase>
        <testcase classname="src/utils/settingsUtils.test.ts" name="SettingsUtils &gt; Business Logic Utilities &gt; getDisplayValue &gt; should show value with * when user changes from default" time="0.000051064">
        </testcase>
        <testcase classname="src/utils/settingsUtils.test.ts" name="SettingsUtils &gt; Business Logic Utilities &gt; isDefaultValue &gt; should return true when setting does not exist in scope" time="0.000062366">
        </testcase>
        <testcase classname="src/utils/settingsUtils.test.ts" name="SettingsUtils &gt; Business Logic Utilities &gt; isDefaultValue &gt; should return false when setting exists in scope" time="0.00004313">
        </testcase>
        <testcase classname="src/utils/settingsUtils.test.ts" name="SettingsUtils &gt; Business Logic Utilities &gt; isDefaultValue &gt; should return true when nested setting does not exist in scope" time="0.000041627">
        </testcase>
        <testcase classname="src/utils/settingsUtils.test.ts" name="SettingsUtils &gt; Business Logic Utilities &gt; isDefaultValue &gt; should return false when nested setting exists in scope" time="0.000040635">
        </testcase>
        <testcase classname="src/utils/settingsUtils.test.ts" name="SettingsUtils &gt; Business Logic Utilities &gt; isValueInherited &gt; should return false for top-level settings that exist in scope" time="0.00005934">
        </testcase>
        <testcase classname="src/utils/settingsUtils.test.ts" name="SettingsUtils &gt; Business Logic Utilities &gt; isValueInherited &gt; should return true for top-level settings that do not exist in scope" time="0.000044602">
        </testcase>
        <testcase classname="src/utils/settingsUtils.test.ts" name="SettingsUtils &gt; Business Logic Utilities &gt; isValueInherited &gt; should return false for nested settings that exist in scope" time="0.000047558">
        </testcase>
        <testcase classname="src/utils/settingsUtils.test.ts" name="SettingsUtils &gt; Business Logic Utilities &gt; isValueInherited &gt; should return true for nested settings that do not exist in scope" time="0.000032139">
        </testcase>
        <testcase classname="src/utils/settingsUtils.test.ts" name="SettingsUtils &gt; Business Logic Utilities &gt; getEffectiveDisplayValue &gt; should return value from settings when available" time="0.000044893">
        </testcase>
        <testcase classname="src/utils/settingsUtils.test.ts" name="SettingsUtils &gt; Business Logic Utilities &gt; getEffectiveDisplayValue &gt; should return value from merged settings when not in scope" time="0.000038842">
        </testcase>
        <testcase classname="src/utils/settingsUtils.test.ts" name="SettingsUtils &gt; Business Logic Utilities &gt; getEffectiveDisplayValue &gt; should return default value for undefined values" time="0.000027672">
        </testcase>
    </testsuite>
    <testsuite name="src/utils/startupWarnings.test.ts" timestamp="2025-10-09T15:50:07.834Z" hostname="uby" tests="1" failures="1" errors="0" skipped="0" time="0">
        <testcase classname="src/utils/startupWarnings.test.ts" name="src/utils/startupWarnings.test.ts" time="0">
            <failure message="Failed to resolve entry for package &quot;@qwen-code/qwen-code-core&quot;. The package may have incorrect main/module/exports specified in its package.json." type="Error">
Error: Failed to resolve entry for package &quot;@qwen-code/qwen-code-core&quot;. The package may have incorrect main/module/exports specified in its package.json.
  Plugin: vite:import-analysis
  File: /home/atmandk/LowCal-dev/packages/cli/src/utils/startupWarnings.test.ts:10:0
  9  |  const __vi_import_0__ = await import(&quot;./startupWarnings.js&quot;);
  10 |  const __vi_import_1__ = await import(&quot;node:fs/promises&quot;);
  11 |  const __vi_import_2__ = await import(&quot;@qwen-code/qwen-code-core&quot;);
     |                                       ^
  12 |  /**
  13 |   * @license
 ❯ packageEntryFailure ../../node_modules/vite/dist/node/chunks/dep-Bsx9IwL8.js:12218:32
 ❯ resolvePackageEntry ../../node_modules/vite/dist/node/chunks/dep-Bsx9IwL8.js:12215:2
 ❯ tryNodeResolve ../../node_modules/vite/dist/node/chunks/dep-Bsx9IwL8.js:12116:17
 ❯ ResolveIdContext.resolveId ../../node_modules/vite/dist/node/chunks/dep-Bsx9IwL8.js:11955:15
 ❯ EnvironmentPluginContainer.resolveId ../../node_modules/vite/dist/node/chunks/dep-Bsx9IwL8.js:31194:56
 ❯ TransformPluginContext.resolve ../../node_modules/vite/dist/node/chunks/dep-Bsx9IwL8.js:31376:13
 ❯ normalizeUrl ../../node_modules/vite/dist/node/chunks/dep-Bsx9IwL8.js:29984:22
 ❯ ../../node_modules/vite/dist/node/chunks/dep-Bsx9IwL8.js:30050:32
            </failure>
        </testcase>
    </testsuite>
    <testsuite name="src/utils/userStartupWarnings.test.ts" timestamp="2025-10-09T15:50:07.835Z" hostname="uby" tests="5" failures="0" errors="0" skipped="0" time="0.018679994">
        <testcase classname="src/utils/userStartupWarnings.test.ts" name="getUserStartupWarnings &gt; home directory check &gt; should return a warning when running in home directory" time="0.011149456">
        </testcase>
        <testcase classname="src/utils/userStartupWarnings.test.ts" name="getUserStartupWarnings &gt; home directory check &gt; should not return a warning when running in a project directory" time="0.001965723">
        </testcase>
        <testcase classname="src/utils/userStartupWarnings.test.ts" name="getUserStartupWarnings &gt; root directory check &gt; should return a warning when running in a root directory" time="0.00099066">
        </testcase>
        <testcase classname="src/utils/userStartupWarnings.test.ts" name="getUserStartupWarnings &gt; root directory check &gt; should not return a warning when running in a non-root directory" time="0.000801822">
        </testcase>
        <testcase classname="src/utils/userStartupWarnings.test.ts" name="getUserStartupWarnings &gt; error handling &gt; should handle errors when checking directory" time="0.002338662">
        </testcase>
    </testsuite>
    <testsuite name="src/commands/mcp/add.test.ts" timestamp="2025-10-09T15:50:07.835Z" hostname="uby" tests="1" failures="1" errors="0" skipped="0" time="0">
        <testcase classname="src/commands/mcp/add.test.ts" name="src/commands/mcp/add.test.ts" time="0">
            <failure message="[vitest] There was an error when mocking a module. If you are using &quot;vi.mock&quot; factory, make sure there are no top level variables inside, since this call is hoisted to top of the file. Read more: https://vitest.dev/api/vi.html#vi-mock" type="Error">
Error: [vitest] There was an error when mocking a module. If you are using &quot;vi.mock&quot; factory, make sure there are no top level variables inside, since this call is hoisted to top of the file. Read more: https://vitest.dev/api/vi.html#vi-mock
 ❯ src/commands/mcp/add.ts:9:1

Caused by: Caused by: Error: Failed to resolve entry for package &quot;@qwen-code/qwen-code-core&quot;. The package may have incorrect main/module/exports specified in its package.json.
  Plugin: vite:import-analysis
  File: /home/atmandk/LowCal-dev/packages/cli/src/config/settings.ts:15:7
  12 |    getErrorMessage,
  13 |    Storage
  14 |  } from &quot;@qwen-code/qwen-code-core&quot;;
     |          ^
  15 |  import stripJsonComments from &quot;strip-json-comments&quot;;
  16 |  import { DefaultLight } from &quot;../ui/themes/default-light.js&quot;;
 ❯ packageEntryFailure ../../node_modules/vite/dist/node/chunks/dep-Bsx9IwL8.js:12218:32
 ❯ resolvePackageEntry ../../node_modules/vite/dist/node/chunks/dep-Bsx9IwL8.js:12215:2
 ❯ tryNodeResolve ../../node_modules/vite/dist/node/chunks/dep-Bsx9IwL8.js:12116:17
 ❯ ResolveIdContext.resolveId ../../node_modules/vite/dist/node/chunks/dep-Bsx9IwL8.js:11955:15
 ❯ EnvironmentPluginContainer.resolveId ../../node_modules/vite/dist/node/chunks/dep-Bsx9IwL8.js:31194:56
 ❯ TransformPluginContext.resolve ../../node_modules/vite/dist/node/chunks/dep-Bsx9IwL8.js:31376:13
 ❯ normalizeUrl ../../node_modules/vite/dist/node/chunks/dep-Bsx9IwL8.js:29984:22
 ❯ ../../node_modules/vite/dist/node/chunks/dep-Bsx9IwL8.js:30050:32
            </failure>
        </testcase>
    </testsuite>
    <testsuite name="src/commands/mcp/list.test.ts" timestamp="2025-10-09T15:50:07.835Z" hostname="uby" tests="1" failures="1" errors="0" skipped="0" time="0">
        <testcase classname="src/commands/mcp/list.test.ts" name="src/commands/mcp/list.test.ts" time="0">
            <failure message="Failed to resolve entry for package &quot;@qwen-code/qwen-code-core&quot;. The package may have incorrect main/module/exports specified in its package.json." type="Error">
Error: Failed to resolve entry for package &quot;@qwen-code/qwen-code-core&quot;. The package may have incorrect main/module/exports specified in its package.json.
  Plugin: vite:import-analysis
  File: /home/atmandk/LowCal-dev/packages/cli/src/commands/mcp/list.test.ts:11:0
  24 |  const __vi_import_1__ = await import(&quot;../../config/settings.js&quot;);
  25 |  const __vi_import_2__ = await import(&quot;../../config/extension.js&quot;);
  26 |  const __vi_import_3__ = await import(&quot;@qwen-code/qwen-code-core&quot;);
     |                                       ^
  27 |  const __vi_import_4__ = await import(&quot;@modelcontextprotocol/sdk/client/index.js&quot;);
  28 |  /**
 ❯ packageEntryFailure ../../node_modules/vite/dist/node/chunks/dep-Bsx9IwL8.js:12218:32
 ❯ resolvePackageEntry ../../node_modules/vite/dist/node/chunks/dep-Bsx9IwL8.js:12215:2
 ❯ tryNodeResolve ../../node_modules/vite/dist/node/chunks/dep-Bsx9IwL8.js:12116:17
 ❯ ResolveIdContext.resolveId ../../node_modules/vite/dist/node/chunks/dep-Bsx9IwL8.js:11955:15
 ❯ EnvironmentPluginContainer.resolveId ../../node_modules/vite/dist/node/chunks/dep-Bsx9IwL8.js:31194:56
 ❯ TransformPluginContext.resolve ../../node_modules/vite/dist/node/chunks/dep-Bsx9IwL8.js:31376:13
 ❯ normalizeUrl ../../node_modules/vite/dist/node/chunks/dep-Bsx9IwL8.js:29984:22
 ❯ ../../node_modules/vite/dist/node/chunks/dep-Bsx9IwL8.js:30050:32
            </failure>
        </testcase>
    </testsuite>
    <testsuite name="src/commands/mcp/remove.test.ts" timestamp="2025-10-09T15:50:07.835Z" hostname="uby" tests="1" failures="1" errors="0" skipped="0" time="0">
        <testcase classname="src/commands/mcp/remove.test.ts" name="src/commands/mcp/remove.test.ts" time="0">
            <failure message="[vitest] There was an error when mocking a module. If you are using &quot;vi.mock&quot; factory, make sure there are no top level variables inside, since this call is hoisted to top of the file. Read more: https://vitest.dev/api/vi.html#vi-mock" type="Error">
Error: [vitest] There was an error when mocking a module. If you are using &quot;vi.mock&quot; factory, make sure there are no top level variables inside, since this call is hoisted to top of the file. Read more: https://vitest.dev/api/vi.html#vi-mock
 ❯ src/commands/mcp/remove.test.ts:9:1

Caused by: Caused by: Error: Failed to resolve entry for package &quot;@qwen-code/qwen-code-core&quot;. The package may have incorrect main/module/exports specified in its package.json.
  Plugin: vite:import-analysis
  File: /home/atmandk/LowCal-dev/packages/cli/src/config/settings.ts:15:7
  12 |    getErrorMessage,
  13 |    Storage
  14 |  } from &quot;@qwen-code/qwen-code-core&quot;;
     |          ^
  15 |  import stripJsonComments from &quot;strip-json-comments&quot;;
  16 |  import { DefaultLight } from &quot;../ui/themes/default-light.js&quot;;
 ❯ packageEntryFailure ../../node_modules/vite/dist/node/chunks/dep-Bsx9IwL8.js:12218:32
 ❯ resolvePackageEntry ../../node_modules/vite/dist/node/chunks/dep-Bsx9IwL8.js:12215:2
 ❯ tryNodeResolve ../../node_modules/vite/dist/node/chunks/dep-Bsx9IwL8.js:12116:17
 ❯ ResolveIdContext.resolveId ../../node_modules/vite/dist/node/chunks/dep-Bsx9IwL8.js:11955:15
 ❯ EnvironmentPluginContainer.resolveId ../../node_modules/vite/dist/node/chunks/dep-Bsx9IwL8.js:31194:56
 ❯ TransformPluginContext.resolve ../../node_modules/vite/dist/node/chunks/dep-Bsx9IwL8.js:31376:13
 ❯ normalizeUrl ../../node_modules/vite/dist/node/chunks/dep-Bsx9IwL8.js:29984:22
 ❯ ../../node_modules/vite/dist/node/chunks/dep-Bsx9IwL8.js:30050:32
            </failure>
        </testcase>
    </testsuite>
    <testsuite name="src/config/__tests__/env-persist.test.ts" timestamp="2025-10-09T15:50:07.836Z" hostname="uby" tests="1" failures="1" errors="0" skipped="0" time="0">
        <testcase classname="src/config/__tests__/env-persist.test.ts" name="src/config/__tests__/env-persist.test.ts" time="0">
            <failure message="Failed to resolve entry for package &quot;@qwen-code/qwen-code-core&quot;. The package may have incorrect main/module/exports specified in its package.json." type="Error">
Error: Failed to resolve entry for package &quot;@qwen-code/qwen-code-core&quot;. The package may have incorrect main/module/exports specified in its package.json.
  Plugin: vite:import-analysis
  File: /home/atmandk/LowCal-dev/packages/cli/src/config/auth.ts:7:25
  4  |   * SPDX-License-Identifier: Apache-2.0
  5  |   */
  6  |  import { AuthType } from &quot;@qwen-code/qwen-code-core&quot;;
     |                            ^
  7  |  import { loadEnvironment } from &quot;./settings.js&quot;;
  8  |  export function normalizeAuthType(authMethod) {
 ❯ packageEntryFailure ../../node_modules/vite/dist/node/chunks/dep-Bsx9IwL8.js:12218:32
 ❯ resolvePackageEntry ../../node_modules/vite/dist/node/chunks/dep-Bsx9IwL8.js:12215:2
 ❯ tryNodeResolve ../../node_modules/vite/dist/node/chunks/dep-Bsx9IwL8.js:12116:17
 ❯ ResolveIdContext.resolveId ../../node_modules/vite/dist/node/chunks/dep-Bsx9IwL8.js:11955:15
 ❯ EnvironmentPluginContainer.resolveId ../../node_modules/vite/dist/node/chunks/dep-Bsx9IwL8.js:31194:56
 ❯ TransformPluginContext.resolve ../../node_modules/vite/dist/node/chunks/dep-Bsx9IwL8.js:31376:13
 ❯ normalizeUrl ../../node_modules/vite/dist/node/chunks/dep-Bsx9IwL8.js:29984:22
 ❯ ../../node_modules/vite/dist/node/chunks/dep-Bsx9IwL8.js:30050:32
            </failure>
        </testcase>
    </testsuite>
    <testsuite name="src/commands/extensions/install.test.ts" timestamp="2025-10-09T15:50:07.836Z" hostname="uby" tests="1" failures="1" errors="0" skipped="0" time="0">
        <testcase classname="src/commands/extensions/install.test.ts" name="src/commands/extensions/install.test.ts" time="0">
            <failure message="Failed to resolve entry for package &quot;@qwen-code/qwen-code-core&quot;. The package may have incorrect main/module/exports specified in its package.json." type="Error">
Error: Failed to resolve entry for package &quot;@qwen-code/qwen-code-core&quot;. The package may have incorrect main/module/exports specified in its package.json.
  Plugin: vite:import-analysis
  File: /home/atmandk/LowCal-dev/packages/cli/src/config/extension.ts:11:24
  4  |   * SPDX-License-Identifier: Apache-2.0
  5  |   */
  6  |  import { Storage } from &quot;@qwen-code/qwen-code-core&quot;;
     |                           ^
  7  |  import * as fs from &quot;node:fs&quot;;
  8  |  import * as path from &quot;node:path&quot;;
 ❯ packageEntryFailure ../../node_modules/vite/dist/node/chunks/dep-Bsx9IwL8.js:12218:32
 ❯ resolvePackageEntry ../../node_modules/vite/dist/node/chunks/dep-Bsx9IwL8.js:12215:2
 ❯ tryNodeResolve ../../node_modules/vite/dist/node/chunks/dep-Bsx9IwL8.js:12116:17
 ❯ ResolveIdContext.resolveId ../../node_modules/vite/dist/node/chunks/dep-Bsx9IwL8.js:11955:15
 ❯ EnvironmentPluginContainer.resolveId ../../node_modules/vite/dist/node/chunks/dep-Bsx9IwL8.js:31194:56
 ❯ TransformPluginContext.resolve ../../node_modules/vite/dist/node/chunks/dep-Bsx9IwL8.js:31376:13
 ❯ normalizeUrl ../../node_modules/vite/dist/node/chunks/dep-Bsx9IwL8.js:29984:22
 ❯ ../../node_modules/vite/dist/node/chunks/dep-Bsx9IwL8.js:30050:32
[...]
        </testcase>
        <testcase classname="src/ui/components/shared/MaxSizedBox.test.tsx" name="&lt;MaxSizedBox /&gt; &gt; wraps text with multi-byte emoji characters correctly" time="0.002798632">
        </testcase>
        <testcase classname="src/ui/components/shared/MaxSizedBox.test.tsx" name="&lt;MaxSizedBox /&gt; &gt; falls back to an ellipsis when width is extremely small" time="0.002099731">
        </testcase>
        <testcase classname="src/ui/components/shared/MaxSizedBox.test.tsx" name="&lt;MaxSizedBox /&gt; &gt; truncates long non-wrapping text with ellipsis" time="0.002452482">
        </testcase>
        <testcase classname="src/ui/components/shared/MaxSizedBox.test.tsx" name="&lt;MaxSizedBox /&gt; &gt; truncates non-wrapping text containing line breaks" time="0.002323485">
        </testcase>
        <testcase classname="src/ui/components/shared/MaxSizedBox.test.tsx" name="&lt;MaxSizedBox /&gt; &gt; truncates emoji characters correctly with ellipsis" time="0.002041052">
        </testcase>
        <testcase classname="src/ui/components/shared/MaxSizedBox.test.tsx" name="&lt;MaxSizedBox /&gt; &gt; shows ellipsis for multiple rows with long non-wrapping text" time="0.004000644">
        </testcase>
        <testcase classname="src/ui/components/shared/MaxSizedBox.test.tsx" name="&lt;MaxSizedBox /&gt; &gt; accounts for additionalHiddenLinesCount" time="0.002176803">
        </testcase>
        <testcase classname="src/ui/components/shared/MaxSizedBox.test.tsx" name="&lt;MaxSizedBox /&gt; &gt; handles React.Fragment as a child" time="0.003141977">
        </testcase>
        <testcase classname="src/ui/components/shared/MaxSizedBox.test.tsx" name="&lt;MaxSizedBox /&gt; &gt; clips a long single text child from the top" time="0.008504669">
        </testcase>
        <testcase classname="src/ui/components/shared/MaxSizedBox.test.tsx" name="&lt;MaxSizedBox /&gt; &gt; clips a long single text child from the bottom" time="0.005354486">
        </testcase>
    </testsuite>
    <testsuite name="src/ui/components/shared/RadioButtonSelect.test.tsx" timestamp="2025-10-09T15:50:07.868Z" hostname="uby" tests="1" failures="1" errors="0" skipped="0" time="0">
        <testcase classname="src/ui/components/shared/RadioButtonSelect.test.tsx" name="src/ui/components/shared/RadioButtonSelect.test.tsx" time="0">
            <failure message="Failed to resolve entry for package &quot;@qwen-code/qwen-code-core&quot;. The package may have incorrect main/module/exports specified in its package.json." type="Error">
Error: Failed to resolve entry for package &quot;@qwen-code/qwen-code-core&quot;. The package may have incorrect main/module/exports specified in its package.json.
  Plugin: vite:import-analysis
  File: /home/atmandk/LowCal-dev/packages/cli/src/ui/contexts/KeypressContext.tsx:11:7
  8  |    KittySequenceOverflowEvent,
  9  |    logKittySequenceOverflow
  10 |  } from &quot;@qwen-code/qwen-code-core&quot;;
     |          ^
  11 |  import { useStdin } from &quot;ink&quot;;
  12 |  import {
 ❯ packageEntryFailure ../../node_modules/vite/dist/node/chunks/dep-Bsx9IwL8.js:12218:32
 ❯ resolvePackageEntry ../../node_modules/vite/dist/node/chunks/dep-Bsx9IwL8.js:12215:2
 ❯ tryNodeResolve ../../node_modules/vite/dist/node/chunks/dep-Bsx9IwL8.js:12116:17
 ❯ ResolveIdContext.resolveId ../../node_modules/vite/dist/node/chunks/dep-Bsx9IwL8.js:11955:15
 ❯ EnvironmentPluginContainer.resolveId ../../node_modules/vite/dist/node/chunks/dep-Bsx9IwL8.js:31194:56
 ❯ TransformPluginContext.resolve ../../node_modules/vite/dist/node/chunks/dep-Bsx9IwL8.js:31376:13
 ❯ normalizeUrl ../../node_modules/vite/dist/node/chunks/dep-Bsx9IwL8.js:29984:22
 ❯ ../../node_modules/vite/dist/node/chunks/dep-Bsx9IwL8.js:30050:32
            </failure>
        </testcase>
    </testsuite>
    <testsuite name="src/ui/components/shared/text-buffer.test.ts" timestamp="2025-10-09T15:50:07.868Z" hostname="uby" tests="1" failures="1" errors="0" skipped="0" time="0">
        <testcase classname="src/ui/components/shared/text-buffer.test.ts" name="src/ui/components/shared/text-buffer.test.ts" time="0">
            <failure message="Failed to resolve entry for package &quot;@qwen-code/qwen-code-core&quot;. The package may have incorrect main/module/exports specified in its package.json." type="Error">
Error: Failed to resolve entry for package &quot;@qwen-code/qwen-code-core&quot;. The package may have incorrect main/module/exports specified in its package.json.
  Plugin: vite:import-analysis
  File: /home/atmandk/LowCal-dev/packages/cli/src/ui/components/shared/text-buffer.ts:13:29
  10 |  import { useState, useCallback, useEffect, useMemo, useReducer } from &quot;react&quot;;
  11 |  import stringWidth from &quot;string-width&quot;;
  12 |  import { unescapePath } from &quot;@qwen-code/qwen-code-core&quot;;
     |                                ^
  13 |  import {
  14 |    toCodePoints,
 ❯ packageEntryFailure ../../node_modules/vite/dist/node/chunks/dep-Bsx9IwL8.js:12218:32
 ❯ resolvePackageEntry ../../node_modules/vite/dist/node/chunks/dep-Bsx9IwL8.js:12215:2
 ❯ tryNodeResolve ../../node_modules/vite/dist/node/chunks/dep-Bsx9IwL8.js:12116:17
 ❯ ResolveIdContext.resolveId ../../node_modules/vite/dist/node/chunks/dep-Bsx9IwL8.js:11955:15
 ❯ EnvironmentPluginContainer.resolveId ../../node_modules/vite/dist/node/chunks/dep-Bsx9IwL8.js:31194:56
 ❯ TransformPluginContext.resolve ../../node_modules/vite/dist/node/chunks/dep-Bsx9IwL8.js:31376:13
 ❯ normalizeUrl ../../node_modules/vite/dist/node/chunks/dep-Bsx9IwL8.js:29984:22
 ❯ ../../node_modules/vite/dist/node/chunks/dep-Bsx9IwL8.js:30050:32
            </failure>
        </testcase>
    </testsuite>
    <testsuite name="src/ui/components/shared/vim-buffer-actions.test.ts" timestamp="2025-10-09T15:50:07.868Z" hostname="uby" tests="1" failures="1" errors="0" skipped="0" time="0">
        <testcase classname="src/ui/components/shared/vim-buffer-actions.test.ts" name="src/ui/components/shared/vim-buffer-actions.test.ts" time="0">
            <failure message="Failed to resolve entry for package &quot;@qwen-code/qwen-code-core&quot;. The package may have incorrect main/module/exports specified in its package.json." type="Error">
Error: Failed to resolve entry for package &quot;@qwen-code/qwen-code-core&quot;. The package may have incorrect main/module/exports specified in its package.json.
  Plugin: vite:import-analysis
  File: /home/atmandk/LowCal-dev/packages/cli/src/ui/components/shared/text-buffer.ts:13:29
  10 |  import { useState, useCallback, useEffect, useMemo, useReducer } from &quot;react&quot;;
  11 |  import stringWidth from &quot;string-width&quot;;
  12 |  import { unescapePath } from &quot;@qwen-code/qwen-code-core&quot;;
     |                                ^
  13 |  import {
  14 |    toCodePoints,
 ❯ packageEntryFailure ../../node_modules/vite/dist/node/chunks/dep-Bsx9IwL8.js:12218:32
 ❯ resolvePackageEntry ../../node_modules/vite/dist/node/chunks/dep-Bsx9IwL8.js:12215:2
 ❯ tryNodeResolve ../../node_modules/vite/dist/node/chunks/dep-Bsx9IwL8.js:12116:17
 ❯ ResolveIdContext.resolveId ../../node_modules/vite/dist/node/chunks/dep-Bsx9IwL8.js:11955:15
 ❯ EnvironmentPluginContainer.resolveId ../../node_modules/vite/dist/node/chunks/dep-Bsx9IwL8.js:31194:56
 ❯ TransformPluginContext.resolve ../../node_modules/vite/dist/node/chunks/dep-Bsx9IwL8.js:31376:13
 ❯ normalizeUrl ../../node_modules/vite/dist/node/chunks/dep-Bsx9IwL8.js:29984:22
 ❯ ../../node_modules/vite/dist/node/chunks/dep-Bsx9IwL8.js:30050:32
            </failure>
        </testcase>
    </testsuite>
    <testsuite name="src/ui/components/messages/DiffRenderer.test.tsx" timestamp="2025-10-09T15:50:07.868Z" hostname="uby" tests="13" failures="0" errors="0" skipped="0" time="0.318761174">
        <testcase classname="src/ui/components/messages/DiffRenderer.test.tsx" name="&lt;OverflowProvider&gt;&lt;DiffRenderer /&gt;&lt;/OverflowProvider&gt; &gt; should call colorizeCode with correct language for new file with known extension" time="0.037804711">
        </testcase>
        <testcase classname="src/ui/components/messages/DiffRenderer.test.tsx" name="&lt;OverflowProvider&gt;&lt;DiffRenderer /&gt;&lt;/OverflowProvider&gt; &gt; should call colorizeCode with null language for new file with unknown extension" time="0.12757828">
        </testcase>
        <testcase classname="src/ui/components/messages/DiffRenderer.test.tsx" name="&lt;OverflowProvider&gt;&lt;DiffRenderer /&gt;&lt;/OverflowProvider&gt; &gt; should call colorizeCode with null language for new file if no filename is provided" time="0.014707993">
        </testcase>
        <testcase classname="src/ui/components/messages/DiffRenderer.test.tsx" name="&lt;OverflowProvider&gt;&lt;DiffRenderer /&gt;&lt;/OverflowProvider&gt; &gt; should render diff content for existing file (not calling colorizeCode directly for the whole block)" time="0.007865948">
        </testcase>
        <testcase classname="src/ui/components/messages/DiffRenderer.test.tsx" name="&lt;OverflowProvider&gt;&lt;DiffRenderer /&gt;&lt;/OverflowProvider&gt; &gt; should handle diff with only header and no changes" time="0.008908625">
        </testcase>
        <testcase classname="src/ui/components/messages/DiffRenderer.test.tsx" name="&lt;OverflowProvider&gt;&lt;DiffRenderer /&gt;&lt;/OverflowProvider&gt; &gt; should handle empty diff content" time="0.003118463">
        </testcase>
        <testcase classname="src/ui/components/messages/DiffRenderer.test.tsx" name="&lt;OverflowProvider&gt;&lt;DiffRenderer /&gt;&lt;/OverflowProvider&gt; &gt; should render a gap indicator for skipped lines" time="0.026378773">
        </testcase>
        <testcase classname="src/ui/components/messages/DiffRenderer.test.tsx" name="&lt;OverflowProvider&gt;&lt;DiffRenderer /&gt;&lt;/OverflowProvider&gt; &gt; should not render a gap indicator for small gaps (&lt;= MAX_CONTEXT_LINES_WITHOUT_GAP)" time="0.011954103">
        </testcase>
        <testcase classname="src/ui/components/messages/DiffRenderer.test.tsx" name="&lt;OverflowProvider&gt;&lt;DiffRenderer /&gt;&lt;/OverflowProvider&gt; &gt; should correctly render a diff with multiple hunks and a gap indicator &gt; with terminalWidth 80 and height undefined" time="0.021292412">
        </testcase>
        <testcase classname="src/ui/components/messages/DiffRenderer.test.tsx" name="&lt;OverflowProvider&gt;&lt;DiffRenderer /&gt;&lt;/OverflowProvider&gt; &gt; should correctly render a diff with multiple hunks and a gap indicator &gt; with terminalWidth 80 and height 6" time="0.015099567">
        </testcase>
        <testcase classname="src/ui/components/messages/DiffRenderer.test.tsx" name="&lt;OverflowProvider&gt;&lt;DiffRenderer /&gt;&lt;/OverflowProvider&gt; &gt; should correctly render a diff with multiple hunks and a gap indicator &gt; with terminalWidth 30 and height 6" time="0.010413776">
        </testcase>
        <testcase classname="src/ui/components/messages/DiffRenderer.test.tsx" name="&lt;OverflowProvider&gt;&lt;DiffRenderer /&gt;&lt;/OverflowProvider&gt; &gt; should correctly render a diff with a SVN diff format" time="0.020489018">
        </testcase>
        <testcase classname="src/ui/components/messages/DiffRenderer.test.tsx" name="&lt;OverflowProvider&gt;&lt;DiffRenderer /&gt;&lt;/OverflowProvider&gt; &gt; should correctly render a new file with no file extension correctly" time="0.010585394">
        </testcase>
    </testsuite>
    <testsuite name="src/ui/components/messages/ToolConfirmationMessage.test.tsx" timestamp="2025-10-09T15:50:07.869Z" hostname="uby" tests="1" failures="1" errors="0" skipped="0" time="0">
        <testcase classname="src/ui/components/messages/ToolConfirmationMessage.test.tsx" name="src/ui/components/messages/ToolConfirmationMessage.test.tsx" time="0">
            <failure message="Failed to resolve entry for package &quot;@qwen-code/qwen-code-core&quot;. The package may have incorrect main/module/exports specified in its package.json." type="Error">
Error: Failed to resolve entry for package &quot;@qwen-code/qwen-code-core&quot;. The package may have incorrect main/module/exports specified in its package.json.
  Plugin: vite:import-analysis
  File: /home/atmandk/LowCal-dev/packages/cli/src/ui/components/messages/ToolConfirmationMessage.tsx:19:40
  10 |  import { RenderInline } from &quot;../../utils/InlineMarkdownRenderer.js&quot;;
  11 |  import { MarkdownDisplay } from &quot;../../utils/MarkdownDisplay.js&quot;;
  12 |  import { ToolConfirmationOutcome } from &quot;@qwen-code/qwen-code-core&quot;;
     |                                           ^
  13 |  import { RadioButtonSelect } from &quot;../shared/RadioButtonSelect.js&quot;;
  14 |  import { MaxSizedBox } from &quot;../shared/MaxSizedBox.js&quot;;
 ❯ packageEntryFailure ../../node_modules/vite/dist/node/chunks/dep-Bsx9IwL8.js:12218:32
 ❯ resolvePackageEntry ../../node_modules/vite/dist/node/chunks/dep-Bsx9IwL8.js:12215:2
 ❯ tryNodeResolve ../../node_modules/vite/dist/node/chunks/dep-Bsx9IwL8.js:12116:17
 ❯ ResolveIdContext.resolveId ../../node_modules/vite/dist/node/chunks/dep-Bsx9IwL8.js:11955:15
 ❯ EnvironmentPluginContainer.resolveId ../../node_modules/vite/dist/node/chunks/dep-Bsx9IwL8.js:31194:56
 ❯ TransformPluginContext.resolve ../../node_modules/vite/dist/node/chunks/dep-Bsx9IwL8.js:31376:13
 ❯ normalizeUrl ../../node_modules/vite/dist/node/chunks/dep-Bsx9IwL8.js:29984:22
 ❯ ../../node_modules/vite/dist/node/chunks/dep-Bsx9IwL8.js:30050:32
            </failure>
        </testcase>
    </testsuite>
    <testsuite name="src/ui/components/messages/ToolGroupMessage.test.tsx" timestamp="2025-10-09T15:50:07.869Z" hostname="uby" tests="14" failures="0" errors="0" skipped="0" time="0.112068084">
        <testcase classname="src/ui/components/messages/ToolGroupMessage.test.tsx" name="&lt;ToolGroupMessage /&gt; &gt; Golden Snapshots &gt; renders single successful tool call" time="0.027231089">
        </testcase>
        <testcase classname="src/ui/components/messages/ToolGroupMessage.test.tsx" name="&lt;ToolGroupMessage /&gt; &gt; Golden Snapshots &gt; renders multiple tool calls with different statuses" time="0.011480509">
        </testcase>
        <testcase classname="src/ui/components/messages/ToolGroupMessage.test.tsx" name="&lt;ToolGroupMessage /&gt; &gt; Golden Snapshots &gt; renders tool call awaiting confirmation" time="0.007256973">
        </testcase>
        <testcase classname="src/ui/components/messages/ToolGroupMessage.test.tsx" name="&lt;ToolGroupMessage /&gt; &gt; Golden Snapshots &gt; renders shell command with yellow border" time="0.005122657">
        </testcase>
        <testcase classname="src/ui/components/messages/ToolGroupMessage.test.tsx" name="&lt;ToolGroupMessage /&gt; &gt; Golden Snapshots &gt; renders mixed tool calls including shell command" time="0.007610306">
        </testcase>
        <testcase classname="src/ui/components/messages/ToolGroupMessage.test.tsx" name="&lt;ToolGroupMessage /&gt; &gt; Golden Snapshots &gt; renders with limited terminal height" time="0.00515076">
        </testcase>
        <testcase classname="src/ui/components/messages/ToolGroupMessage.test.tsx" name="&lt;ToolGroupMessage /&gt; &gt; Golden Snapshots &gt; renders when not focused" time="0.004172731">
        </testcase>
        <testcase classname="src/ui/components/messages/ToolGroupMessage.test.tsx" name="&lt;ToolGroupMessage /&gt; &gt; Golden Snapshots &gt; renders with narrow terminal width" time="0.00937108">
        </testcase>
        <testcase classname="src/ui/components/messages/ToolGroupMessage.test.tsx" name="&lt;ToolGroupMessage /&gt; &gt; Golden Snapshots &gt; renders empty tool calls array" time="0.005223424">
        </testcase>
        <testcase classname="src/ui/components/messages/ToolGroupMessage.test.tsx" name="&lt;ToolGroupMessage /&gt; &gt; Border Color Logic &gt; uses yellow border when tools are pending" time="0.003837282">
        </testcase>
        <testcase classname="src/ui/components/messages/ToolGroupMessage.test.tsx" name="&lt;ToolGroupMessage /&gt; &gt; Border Color Logic &gt; uses yellow border for shell commands even when successful" time="0.00436682">
        </testcase>
        <testcase classname="src/ui/components/messages/ToolGroupMessage.test.tsx" name="&lt;ToolGroupMessage /&gt; &gt; Border Color Logic &gt; uses gray border when all tools are successful and no shell commands" time="0.005923939">
        </testcase>
        <testcase classname="src/ui/components/messages/ToolGroupMessage.test.tsx" name="&lt;ToolGroupMessage /&gt; &gt; Height Calculation &gt; calculates available height correctly with multiple tools with results" time="0.006635975">
        </testcase>
        <testcase classname="src/ui/components/messages/ToolGroupMessage.test.tsx" name="&lt;ToolGroupMessage /&gt; &gt; Confirmation Handling &gt; shows confirmation dialog for first confirming tool only" time="0.006139046">
        </testcase>
    </testsuite>
    <testsuite name="src/ui/components/messages/ToolMessage.test.tsx" timestamp="2025-10-09T15:50:07.870Z" hostname="uby" tests="12" failures="0" errors="0" skipped="0" time="0.086525697">
        <testcase classname="src/ui/components/messages/ToolMessage.test.tsx" name="&lt;ToolMessage /&gt; &gt; renders basic tool information" time="0.026591867">
        </testcase>
        <testcase classname="src/ui/components/messages/ToolMessage.test.tsx" name="&lt;ToolMessage /&gt; &gt; ToolStatusIndicator rendering &gt; shows ✓ for Success status" time="0.003213089">
        </testcase>
        <testcase classname="src/ui/components/messages/ToolMessage.test.tsx" name="&lt;ToolMessage /&gt; &gt; ToolStatusIndicator rendering &gt; shows o for Pending status" time="0.003493216">
        </testcase>
        <testcase classname="src/ui/components/messages/ToolMessage.test.tsx" name="&lt;ToolMessage /&gt; &gt; ToolStatusIndicator rendering &gt; shows ? for Confirming status" time="0.005444082">
        </testcase>
        <testcase classname="src/ui/components/messages/ToolMessage.test.tsx" name="&lt;ToolMessage /&gt; &gt; ToolStatusIndicator rendering &gt; shows - for Canceled status" time="0.008223899">
        </testcase>
        <testcase classname="src/ui/components/messages/ToolMessage.test.tsx" name="&lt;ToolMessage /&gt; &gt; ToolStatusIndicator rendering &gt; shows x for Error status" time="0.003928431">
        </testcase>
        <testcase classname="src/ui/components/messages/ToolMessage.test.tsx" name="&lt;ToolMessage /&gt; &gt; ToolStatusIndicator rendering &gt; shows paused spinner for Executing status when streamingState is Idle" time="0.004124694">
        </testcase>
        <testcase classname="src/ui/components/messages/ToolMessage.test.tsx" name="&lt;ToolMessage /&gt; &gt; ToolStatusIndicator rendering &gt; shows paused spinner for Executing status when streamingState is WaitingForConfirmation" time="0.002512183">
        </testcase>
        <testcase classname="src/ui/components/messages/ToolMessage.test.tsx" name="&lt;ToolMessage /&gt; &gt; ToolStatusIndicator rendering &gt; shows MockRespondingSpinner for Executing status when streamingState is Responding" time="0.010805511">
        </testcase>
        <testcase classname="src/ui/components/messages/ToolMessage.test.tsx" name="&lt;ToolMessage /&gt; &gt; renders DiffRenderer for diff results" time="0.004866745">
        </testcase>
        <testcase classname="src/ui/components/messages/ToolMessage.test.tsx" name="&lt;ToolMessage /&gt; &gt; renders emphasis correctly" time="0.007665257">
        </testcase>
        <testcase classname="src/ui/components/messages/ToolMessage.test.tsx" name="&lt;ToolMessage /&gt; &gt; shows subagent execution display for task tool with proper result display" time="0.003871916">
        </testcase>
    </testsuite>
</testsuites>
